# JRE version: OpenJDK Runtime Environment (17.0.7) (build 17.0.7+0-b2043.56-10550314)
# Java VM: OpenJDK 64-Bit Server VM (17.0.7+0-b2043.56-10550314, mixed mode, tiered, compressed oops, compressed class ptrs, g1 gc, windows-amd64)
GC Precious Log:
 CPUs: 8 total, 8 available
 Memory: 7973M
 Large Page Support: Disabled
 NUMA Support: Disabled
 Compressed Oops: Enabled (32-bit)
 Heap Region Size: 1M
 Heap Min Capacity: 8M
 Heap Initial Capacity: 126M
 Heap Max Capacity: 2G
 Pre-touch: Disabled
 Parallel Workers: 8
 Concurrent Workers: 2
 Concurrent Refinement Workers: 8
 Periodic GC: Disabled
Heap:
 garbage-first heap   total 466944K, used 241376K [0x0000000080000000, 0x0000000100000000)
  region size 1024K, 30 young (30720K), 2 survivors (2048K)
 Metaspace       used 146454K, committed 147456K, reserved 1179648K
  class space    used 19164K, committed 19648K, reserved 1048576K
GC Heap History (20 events):
Event: 632.200 GC heap before
{Heap before GC invocations=82 (full 0):
 garbage-first heap   total 466944K, used 212378K [0x0000000080000000, 0x0000000100000000)
  region size 1024K, 39 young (39936K), 38 survivors (38912K)
 Metaspace       used 123526K, committed 124992K, reserved 1179648K
  class space    used 16152K, committed 16832K, reserved 1048576K
}
Event: 632.224 GC heap after
{Heap after GC invocations=83 (full 0):
 garbage-first heap   total 466944K, used 199303K [0x0000000080000000, 0x0000000100000000)
  region size 1024K, 3 young (3072K), 3 survivors (3072K)
 Metaspace       used 123526K, committed 124992K, reserved 1179648K
  class space    used 16152K, committed 16832K, reserved 1048576K
}
Event: 637.621 GC heap before
{Heap before GC invocations=83 (full 0):
 garbage-first heap   total 466944K, used 361095K [0x0000000080000000, 0x0000000100000000)
  region size 1024K, 161 young (164864K), 3 survivors (3072K)
 Metaspace       used 123528K, committed 124992K, reserved 1179648K
  class space    used 16152K, committed 16832K, reserved 1048576K
}
Event: 637.633 GC heap after
{Heap after GC invocations=84 (full 0):
 garbage-first heap   total 466944K, used 204882K [0x0000000080000000, 0x0000000100000000)
  region size 1024K, 8 young (8192K), 8 survivors (8192K)
 Metaspace       used 123528K, committed 124992K, reserved 1179648K
  class space    used 16152K, committed 16832K, reserved 1048576K
}
Event: 640.822 GC heap before
{Heap before GC invocations=85 (full 0):
 garbage-first heap   total 466944K, used 385106K [0x0000000080000000, 0x0000000100000000)
  region size 1024K, 167 young (171008K), 8 survivors (8192K)
 Metaspace       used 130193K, committed 131584K, reserved 1179648K
  class space    used 16891K, committed 17536K, reserved 1048576K
}
Event: 640.848 GC heap after
{Heap after GC invocations=86 (full 0):
 garbage-first heap   total 466944K, used 220865K [0x0000000080000000, 0x0000000100000000)
  region size 1024K, 21 young (21504K), 21 survivors (21504K)
 Metaspace       used 130193K, committed 131584K, reserved 1179648K
  class space    used 16891K, committed 17536K, reserved 1048576K
}
Event: 640.873 GC heap before
{Heap before GC invocations=86 (full 0):
 garbage-first heap   total 466944K, used 221889K [0x0000000080000000, 0x0000000100000000)
  region size 1024K, 22 young (22528K), 21 survivors (21504K)
 Metaspace       used 130323K, committed 131776K, reserved 1179648K
  class space    used 16909K, committed 17600K, reserved 1048576K
}
Event: 640.890 GC heap after
{Heap after GC invocations=87 (full 0):
 garbage-first heap   total 466944K, used 219139K [0x0000000080000000, 0x0000000100000000)
  region size 1024K, 3 young (3072K), 3 survivors (3072K)
 Metaspace       used 130323K, committed 131776K, reserved 1179648K
  class space    used 16909K, committed 17600K, reserved 1048576K
}
Event: 664.901 GC heap before
{Heap before GC invocations=87 (full 0):
 garbage-first heap   total 466944K, used 368643K [0x0000000080000000, 0x0000000100000000)
  region size 1024K, 150 young (153600K), 3 survivors (3072K)
 Metaspace       used 133785K, committed 135360K, reserved 1179648K
  class space    used 17361K, committed 18112K, reserved 1048576K
}
Event: 664.915 GC heap after
{Heap after GC invocations=88 (full 0):
 garbage-first heap   total 466944K, used 229419K [0x0000000080000000, 0x0000000100000000)
  region size 1024K, 13 young (13312K), 13 survivors (13312K)
 Metaspace       used 133785K, committed 135360K, reserved 1179648K
  class space    used 17361K, committed 18112K, reserved 1048576K
}
Event: 684.265 GC heap before
{Heap before GC invocations=89 (full 0):
 garbage-first heap   total 466944K, used 371755K [0x0000000080000000, 0x0000000100000000)
  region size 1024K, 153 young (156672K), 13 survivors (13312K)
 Metaspace       used 134202K, committed 135808K, reserved 1179648K
  class space    used 17377K, committed 18112K, reserved 1048576K
}
Event: 684.281 GC heap after
{Heap after GC invocations=90 (full 0):
 garbage-first heap   total 466944K, used 232964K [0x0000000080000000, 0x0000000100000000)
  region size 1024K, 12 young (12288K), 12 survivors (12288K)
 Metaspace       used 134202K, committed 135808K, reserved 1179648K
  class space    used 17377K, committed 18112K, reserved 1048576K
}
Event: 684.400 GC heap before
{Heap before GC invocations=90 (full 0):
 garbage-first heap   total 466944K, used 243204K [0x0000000080000000, 0x0000000100000000)
  region size 1024K, 22 young (22528K), 12 survivors (12288K)
 Metaspace       used 134218K, committed 135808K, reserved 1179648K
  class space    used 17377K, committed 18112K, reserved 1048576K
}
Event: 684.416 GC heap after
{Heap after GC invocations=91 (full 0):
 garbage-first heap   total 466944K, used 227960K [0x0000000080000000, 0x0000000100000000)
  region size 1024K, 2 young (2048K), 2 survivors (2048K)
 Metaspace       used 134218K, committed 135808K, reserved 1179648K
  class space    used 17377K, committed 18112K, reserved 1048576K
}
Event: 8429.987 GC heap before
{Heap before GC invocations=91 (full 0):
 garbage-first heap   total 466944K, used 375416K [0x0000000080000000, 0x0000000100000000)
  region size 1024K, 146 young (149504K), 2 survivors (2048K)
 Metaspace       used 134351K, committed 135936K, reserved 1179648K
  class space    used 17377K, committed 18112K, reserved 1048576K
}
Event: 8430.013 GC heap after
{Heap after GC invocations=92 (full 0):
 garbage-first heap   total 466944K, used 226949K [0x0000000080000000, 0x0000000100000000)
  region size 1024K, 1 young (1024K), 1 survivors (1024K)
 Metaspace       used 134351K, committed 135936K, reserved 1179648K
  class space    used 17377K, committed 18112K, reserved 1048576K
}
Event: 8959.953 GC heap before
{Heap before GC invocations=93 (full 0):
 garbage-first heap   total 466944K, used 389765K [0x0000000080000000, 0x0000000100000000)
  region size 1024K, 154 young (157696K), 1 survivors (1024K)
 Metaspace       used 143069K, committed 144064K, reserved 1179648K
  class space    used 18711K, committed 19200K, reserved 1048576K
}
Event: 8959.998 GC heap after
{Heap after GC invocations=94 (full 0):
 garbage-first heap   total 466944K, used 241501K [0x0000000080000000, 0x0000000100000000)
  region size 1024K, 11 young (11264K), 11 survivors (11264K)
 Metaspace       used 143069K, committed 144064K, reserved 1179648K
  class space    used 18711K, committed 19200K, reserved 1048576K
}
Event: 8960.178 GC heap before
{Heap before GC invocations=94 (full 0):
 garbage-first heap   total 466944K, used 251741K [0x0000000080000000, 0x0000000100000000)
  region size 1024K, 22 young (22528K), 11 survivors (11264K)
 Metaspace       used 144100K, committed 145088K, reserved 1179648K
  class space    used 18855K, committed 19328K, reserved 1048576K
}
Event: 8960.319 GC heap after
{Heap after GC invocations=95 (full 0):
 garbage-first heap   total 466944K, used 213728K [0x0000000080000000, 0x0000000100000000)
  region size 1024K, 2 young (2048K), 2 survivors (2048K)
 Metaspace       used 144100K, committed 145088K, reserved 1179648K
  class space    used 18855K, committed 19328K, reserved 1048576K
}

