# JRE version: OpenJDK Runtime Environment (17.0.9) (build 17.0.9+0--11185874)
# Java VM: OpenJDK 64-Bit Server VM (17.0.9+0--11185874, mixed mode, tiered, compressed oops, compressed class ptrs, g1 gc, windows-amd64)
GC Precious Log:
 CPUs: 8 total, 8 available
 Memory: 7973M
 Large Page Support: Disabled
 NUMA Support: Disabled
 Compressed Oops: Enabled (32-bit)
 Heap Region Size: 1M
 Heap Min Capacity: 8M
 Heap Initial Capacity: 126M
 Heap Max Capacity: 2G
 Pre-touch: Disabled
 Parallel Workers: 8
 Concurrent Workers: 2
 Concurrent Refinement Workers: 8
 Periodic GC: Disabled
Heap:
 garbage-first heap   total 291840K, used 130886K [0x0000000080000000, 0x0000000100000000)
  region size 1024K, 4 young (4096K), 4 survivors (4096K)
 Metaspace       used 135039K, committed 135936K, reserved 1179648K
  class space    used 18436K, committed 18880K, reserved 1048576K
GC Heap History (20 events):
Event: 85.182 GC heap after
{Heap after GC invocations=47 (full 0):
 garbage-first heap   total 249856K, used 141032K [0x0000000080000000, 0x0000000100000000)
  region size 1024K, 10 young (10240K), 10 survivors (10240K)
 Metaspace       used 133647K, committed 134528K, reserved 1179648K
  class space    used 18402K, committed 18816K, reserved 1048576K
}
Event: 85.426 GC heap before
{Heap before GC invocations=47 (full 0):
 garbage-first heap   total 249856K, used 154344K [0x0000000080000000, 0x0000000100000000)
  region size 1024K, 24 young (24576K), 10 survivors (10240K)
 Metaspace       used 133886K, committed 134720K, reserved 1179648K
  class space    used 18405K, committed 18816K, reserved 1048576K
}
Event: 85.434 GC heap after
{Heap after GC invocations=48 (full 0):
 garbage-first heap   total 249856K, used 142566K [0x0000000080000000, 0x0000000100000000)
  region size 1024K, 2 young (2048K), 2 survivors (2048K)
 Metaspace       used 133886K, committed 134720K, reserved 1179648K
  class space    used 18405K, committed 18816K, reserved 1048576K
}
Event: 226.426 GC heap before
{Heap before GC invocations=49 (full 0):
 garbage-first heap   total 291840K, used 232678K [0x0000000080000000, 0x0000000100000000)
  region size 1024K, 63 young (64512K), 2 survivors (2048K)
 Metaspace       used 134244K, committed 135104K, reserved 1179648K
  class space    used 18410K, committed 18880K, reserved 1048576K
}
Event: 226.434 GC heap after
{Heap after GC invocations=50 (full 0):
 garbage-first heap   total 291840K, used 148111K [0x0000000080000000, 0x0000000100000000)
  region size 1024K, 8 young (8192K), 8 survivors (8192K)
 Metaspace       used 134244K, committed 135104K, reserved 1179648K
  class space    used 18410K, committed 18880K, reserved 1048576K
}
Event: 226.508 GC heap before
{Heap before GC invocations=50 (full 0):
 garbage-first heap   total 291840K, used 154255K [0x0000000080000000, 0x0000000100000000)
  region size 1024K, 14 young (14336K), 8 survivors (8192K)
 Metaspace       used 134251K, committed 135168K, reserved 1179648K
  class space    used 18410K, committed 18880K, reserved 1048576K
}
Event: 226.531 GC heap after
{Heap after GC invocations=51 (full 0):
 garbage-first heap   total 291840K, used 142469K [0x0000000080000000, 0x0000000100000000)
  region size 1024K, 2 young (2048K), 2 survivors (2048K)
 Metaspace       used 134251K, committed 135168K, reserved 1179648K
  class space    used 18410K, committed 18880K, reserved 1048576K
}
Event: 226.953 GC heap before
{Heap before GC invocations=51 (full 0):
 garbage-first heap   total 291840K, used 177285K [0x0000000080000000, 0x0000000100000000)
  region size 1024K, 38 young (38912K), 2 survivors (2048K)
 Metaspace       used 134382K, committed 135232K, reserved 1179648K
  class space    used 18414K, committed 18880K, reserved 1048576K
}
Event: 226.959 GC heap after
{Heap after GC invocations=52 (full 0):
 garbage-first heap   total 291840K, used 146738K [0x0000000080000000, 0x0000000100000000)
  region size 1024K, 7 young (7168K), 7 survivors (7168K)
 Metaspace       used 134382K, committed 135232K, reserved 1179648K
  class space    used 18414K, committed 18880K, reserved 1048576K
}
Event: 227.897 GC heap before
{Heap before GC invocations=53 (full 0):
 garbage-first heap   total 291840K, used 235826K [0x0000000080000000, 0x0000000100000000)
  region size 1024K, 95 young (97280K), 7 survivors (7168K)
 Metaspace       used 134758K, committed 135680K, reserved 1179648K
  class space    used 18428K, committed 18880K, reserved 1048576K
}
Event: 227.901 GC heap after
{Heap after GC invocations=54 (full 0):
 garbage-first heap   total 291840K, used 147357K [0x0000000080000000, 0x0000000100000000)
  region size 1024K, 7 young (7168K), 7 survivors (7168K)
 Metaspace       used 134758K, committed 135680K, reserved 1179648K
  class space    used 18428K, committed 18880K, reserved 1048576K
}
Event: 227.993 GC heap before
{Heap before GC invocations=54 (full 0):
 garbage-first heap   total 291840K, used 154525K [0x0000000080000000, 0x0000000100000000)
  region size 1024K, 14 young (14336K), 7 survivors (7168K)
 Metaspace       used 134841K, committed 135744K, reserved 1179648K
  class space    used 18428K, committed 18880K, reserved 1048576K
}
Event: 227.999 GC heap after
{Heap after GC invocations=55 (full 0):
 garbage-first heap   total 291840K, used 120947K [0x0000000080000000, 0x0000000100000000)
  region size 1024K, 1 young (1024K), 1 survivors (1024K)
 Metaspace       used 134841K, committed 135744K, reserved 1179648K
  class space    used 18428K, committed 18880K, reserved 1048576K
}
Event: 228.015 GC heap before
{Heap before GC invocations=55 (full 0):
 garbage-first heap   total 291840K, used 121971K [0x0000000080000000, 0x0000000100000000)
  region size 1024K, 3 young (3072K), 1 survivors (1024K)
 Metaspace       used 134854K, committed 135744K, reserved 1179648K
  class space    used 18428K, committed 18880K, reserved 1048576K
}
Event: 228.017 GC heap after
{Heap after GC invocations=56 (full 0):
 garbage-first heap   total 291840K, used 120713K [0x0000000080000000, 0x0000000100000000)
  region size 1024K, 1 young (1024K), 1 survivors (1024K)
 Metaspace       used 134854K, committed 135744K, reserved 1179648K
  class space    used 18428K, committed 18880K, reserved 1048576K
}
Event: 305.665 GC heap before
{Heap before GC invocations=57 (full 0):
 garbage-first heap   total 291840K, used 238473K [0x0000000080000000, 0x0000000100000000)
  region size 1024K, 89 young (91136K), 1 survivors (1024K)
 Metaspace       used 135010K, committed 135936K, reserved 1179648K
  class space    used 18435K, committed 18880K, reserved 1048576K
}
Event: 305.676 GC heap after
{Heap after GC invocations=58 (full 0):
 garbage-first heap   total 291840K, used 129742K [0x0000000080000000, 0x0000000100000000)
  region size 1024K, 10 young (10240K), 10 survivors (10240K)
 Metaspace       used 135010K, committed 135936K, reserved 1179648K
  class space    used 18435K, committed 18880K, reserved 1048576K
}
Event: 305.695 GC heap before
{Heap before GC invocations=58 (full 0):
 garbage-first heap   total 291840K, used 133838K [0x0000000080000000, 0x0000000100000000)
  region size 1024K, 14 young (14336K), 10 survivors (10240K)
 Metaspace       used 135013K, committed 135936K, reserved 1179648K
  class space    used 18435K, committed 18880K, reserved 1048576K
}
Event: 305.709 GC heap after
{Heap after GC invocations=59 (full 0):
 garbage-first heap   total 291840K, used 129670K [0x0000000080000000, 0x0000000100000000)
  region size 1024K, 2 young (2048K), 2 survivors (2048K)
 Metaspace       used 135013K, committed 135936K, reserved 1179648K
  class space    used 18435K, committed 18880K, reserved 1048576K
}
Event: 305.872 GC heap before
{Heap before GC invocations=59 (full 0):
 garbage-first heap   total 291840K, used 139910K [0x0000000080000000, 0x0000000100000000)
  region size 1024K, 13 young (13312K), 2 survivors (2048K)
 Metaspace       used 135039K, committed 135936K, reserved 1179648K
  class space    used 18436K, committed 18880K, reserved 1048576K
}

