# JRE version: OpenJDK Runtime Environment (17.0.7) (build 17.0.7+0-b2043.56-10550314)
# Java VM: OpenJDK 64-Bit Server VM (17.0.7+0-b2043.56-10550314, mixed mode, tiered, compressed oops, compressed class ptrs, g1 gc, windows-amd64)
GC Precious Log:
 CPUs: 8 total, 8 available
 Memory: 7973M
 Large Page Support: Disabled
 NUMA Support: Disabled
 Compressed Oops: Enabled (32-bit)
 Heap Region Size: 1M
 Heap Min Capacity: 8M
 Heap Initial Capacity: 126M
 Heap Max Capacity: 2G
 Pre-touch: Disabled
 Parallel Workers: 8
 Concurrent Workers: 2
 Concurrent Refinement Workers: 8
 Periodic GC: Disabled
Heap:
 garbage-first heap   total 445440K, used 217629K [0x0000000080000000, 0x0000000100000000)
  region size 1024K, 3 young (3072K), 3 survivors (3072K)
 Metaspace       used 137667K, committed 138688K, reserved 1179648K
  class space    used 18184K, committed 18688K, reserved 1048576K
GC Heap History (20 events):
Event: 52.875 GC heap after
{Heap after GC invocations=69 (full 0):
 garbage-first heap   total 445440K, used 323951K [0x0000000080000000, 0x0000000100000000)
  region size 1024K, 9 young (9216K), 9 survivors (9216K)
 Metaspace       used 137162K, committed 138048K, reserved 1179648K
  class space    used 18178K, committed 18624K, reserved 1048576K
}
Event: 53.040 GC heap before
{Heap before GC invocations=69 (full 0):
 garbage-first heap   total 445440K, used 376175K [0x0000000080000000, 0x0000000100000000)
  region size 1024K, 51 young (52224K), 9 survivors (9216K)
 Metaspace       used 137189K, committed 138112K, reserved 1179648K
  class space    used 18179K, committed 18624K, reserved 1048576K
}
Event: 53.055 GC heap after
{Heap after GC invocations=70 (full 0):
 garbage-first heap   total 445440K, used 328704K [0x0000000080000000, 0x0000000100000000)
  region size 1024K, 7 young (7168K), 7 survivors (7168K)
 Metaspace       used 137189K, committed 138112K, reserved 1179648K
  class space    used 18179K, committed 18624K, reserved 1048576K
}
Event: 53.245 GC heap before
{Heap before GC invocations=70 (full 0):
 garbage-first heap   total 445440K, used 371712K [0x0000000080000000, 0x0000000100000000)
  region size 1024K, 49 young (50176K), 7 survivors (7168K)
 Metaspace       used 137227K, committed 138112K, reserved 1179648K
  class space    used 18179K, committed 18624K, reserved 1048576K
}
Event: 53.249 GC heap after
{Heap after GC invocations=71 (full 0):
 garbage-first heap   total 445440K, used 330605K [0x0000000080000000, 0x0000000100000000)
  region size 1024K, 4 young (4096K), 4 survivors (4096K)
 Metaspace       used 137227K, committed 138112K, reserved 1179648K
  class space    used 18179K, committed 18624K, reserved 1048576K
}
Event: 53.485 GC heap before
{Heap before GC invocations=71 (full 0):
 garbage-first heap   total 445440K, used 374637K [0x0000000080000000, 0x0000000100000000)
  region size 1024K, 47 young (48128K), 4 survivors (4096K)
 Metaspace       used 137303K, committed 138240K, reserved 1179648K
  class space    used 18181K, committed 18688K, reserved 1048576K
}
Event: 53.494 GC heap after
{Heap after GC invocations=72 (full 0):
 garbage-first heap   total 445440K, used 337920K [0x0000000080000000, 0x0000000100000000)
  region size 1024K, 6 young (6144K), 6 survivors (6144K)
 Metaspace       used 137303K, committed 138240K, reserved 1179648K
  class space    used 18181K, committed 18688K, reserved 1048576K
}
Event: 53.886 GC heap before
{Heap before GC invocations=72 (full 0):
 garbage-first heap   total 445440K, used 376832K [0x0000000080000000, 0x0000000100000000)
  region size 1024K, 45 young (46080K), 6 survivors (6144K)
 Metaspace       used 137489K, committed 138432K, reserved 1179648K
  class space    used 18181K, committed 18688K, reserved 1048576K
}
Event: 53.894 GC heap after
{Heap after GC invocations=73 (full 0):
 garbage-first heap   total 445440K, used 336522K [0x0000000080000000, 0x0000000100000000)
  region size 1024K, 1 young (1024K), 1 survivors (1024K)
 Metaspace       used 137489K, committed 138432K, reserved 1179648K
  class space    used 18181K, committed 18688K, reserved 1048576K
}
Event: 54.334 GC heap before
{Heap before GC invocations=73 (full 0):
 garbage-first heap   total 445440K, used 383626K [0x0000000080000000, 0x0000000100000000)
  region size 1024K, 44 young (45056K), 1 survivors (1024K)
 Metaspace       used 137572K, committed 138496K, reserved 1179648K
  class space    used 18184K, committed 18688K, reserved 1048576K
}
Event: 54.339 GC heap after
{Heap after GC invocations=74 (full 0):
 garbage-first heap   total 445440K, used 346385K [0x0000000080000000, 0x0000000100000000)
  region size 1024K, 6 young (6144K), 6 survivors (6144K)
 Metaspace       used 137572K, committed 138496K, reserved 1179648K
  class space    used 18184K, committed 18688K, reserved 1048576K
}
Event: 54.426 GC heap before
{Heap before GC invocations=74 (full 0):
 garbage-first heap   total 445440K, used 368913K [0x0000000080000000, 0x0000000100000000)
  region size 1024K, 18 young (18432K), 6 survivors (6144K)
 Metaspace       used 137592K, committed 138560K, reserved 1179648K
  class space    used 18184K, committed 18688K, reserved 1048576K
}
Event: 54.434 GC heap after
{Heap after GC invocations=75 (full 0):
 garbage-first heap   total 445440K, used 359830K [0x0000000080000000, 0x0000000100000000)
  region size 1024K, 5 young (5120K), 5 survivors (5120K)
 Metaspace       used 137592K, committed 138560K, reserved 1179648K
  class space    used 18184K, committed 18688K, reserved 1048576K
}
Event: 54.496 GC heap before
{Heap before GC invocations=75 (full 0):
 garbage-first heap   total 445440K, used 407958K [0x0000000080000000, 0x0000000100000000)
  region size 1024K, 29 young (29696K), 5 survivors (5120K)
 Metaspace       used 137604K, committed 138624K, reserved 1179648K
  class space    used 18184K, committed 18688K, reserved 1048576K
}
Event: 54.504 GC heap after
{Heap after GC invocations=76 (full 0):
 garbage-first heap   total 445440K, used 376803K [0x0000000080000000, 0x0000000100000000)
  region size 1024K, 4 young (4096K), 4 survivors (4096K)
 Metaspace       used 137604K, committed 138624K, reserved 1179648K
  class space    used 18184K, committed 18688K, reserved 1048576K
}
Event: 54.577 GC heap before
{Heap before GC invocations=76 (full 0):
 garbage-first heap   total 445440K, used 393187K [0x0000000080000000, 0x0000000100000000)
  region size 1024K, 21 young (21504K), 4 survivors (4096K)
 Metaspace       used 137620K, committed 138624K, reserved 1179648K
  class space    used 18184K, committed 18688K, reserved 1048576K
}
Event: 54.589 GC heap after
{Heap after GC invocations=77 (full 0):
 garbage-first heap   total 445440K, used 382715K [0x0000000080000000, 0x0000000100000000)
  region size 1024K, 3 young (3072K), 3 survivors (3072K)
 Metaspace       used 137620K, committed 138624K, reserved 1179648K
  class space    used 18184K, committed 18688K, reserved 1048576K
}
Event: 54.719 GC heap before
{Heap before GC invocations=78 (full 0):
 garbage-first heap   total 445440K, used 267003K [0x0000000080000000, 0x0000000100000000)
  region size 1024K, 21 young (21504K), 3 survivors (3072K)
 Metaspace       used 137631K, committed 138624K, reserved 1179648K
  class space    used 18184K, committed 18688K, reserved 1048576K
}
Event: 54.730 GC heap after
{Heap after GC invocations=79 (full 0):
 garbage-first heap   total 445440K, used 255954K [0x0000000080000000, 0x0000000100000000)
  region size 1024K, 3 young (3072K), 3 survivors (3072K)
 Metaspace       used 137631K, committed 138624K, reserved 1179648K
  class space    used 18184K, committed 18688K, reserved 1048576K
}
Event: 54.786 GC heap before
{Heap before GC invocations=79 (full 0):
 garbage-first heap   total 445440K, used 274386K [0x0000000080000000, 0x0000000100000000)
  region size 1024K, 21 young (21504K), 3 survivors (3072K)
 Metaspace       used 137667K, committed 138688K, reserved 1179648K
  class space    used 18184K, committed 18688K, reserved 1048576K
}

