# JRE version: OpenJDK Runtime Environment (17.0.7) (build 17.0.7+0-b2043.56-10550314)
# Java VM: OpenJDK 64-Bit Server VM (17.0.7+0-b2043.56-10550314, mixed mode, tiered, compressed oops, compressed class ptrs, g1 gc, windows-amd64)
GC Precious Log:
 CPUs: 8 total, 8 available
 Memory: 7973M
 Large Page Support: Disabled
 NUMA Support: Disabled
 Compressed Oops: Enabled (32-bit)
 Heap Region Size: 1M
 Heap Min Capacity: 8M
 Heap Initial Capacity: 126M
 Heap Max Capacity: 2G
 Pre-touch: Disabled
 Parallel Workers: 8
 Concurrent Workers: 2
 Concurrent Refinement Workers: 8
 Periodic GC: Disabled
Heap:
 garbage-first heap   total 409600K, used 262562K [0x0000000080000000, 0x0000000100000000)
  region size 1024K, 3 young (3072K), 3 survivors (3072K)
 Metaspace       used 122189K, committed 123008K, reserved 1179648K
  class space    used 16481K, committed 16896K, reserved 1048576K
GC Heap History (20 events):
Event: 29.057 GC heap after
{Heap after GC invocations=54 (full 0):
 garbage-first heap   total 270336K, used 161688K [0x0000000080000000, 0x0000000100000000)
  region size 1024K, 7 young (7168K), 7 survivors (7168K)
 Metaspace       used 113251K, committed 114176K, reserved 1179648K
  class space    used 15021K, committed 15488K, reserved 1048576K
}
Event: 29.434 GC heap before
{Heap before GC invocations=54 (full 0):
 garbage-first heap   total 270336K, used 236440K [0x0000000080000000, 0x0000000100000000)
  region size 1024K, 68 young (69632K), 7 survivors (7168K)
 Metaspace       used 114533K, committed 115392K, reserved 1179648K
  class space    used 15184K, committed 15616K, reserved 1048576K
}
Event: 29.446 GC heap after
{Heap after GC invocations=55 (full 0):
 garbage-first heap   total 270336K, used 186368K [0x0000000080000000, 0x0000000100000000)
  region size 1024K, 9 young (9216K), 9 survivors (9216K)
 Metaspace       used 114533K, committed 115392K, reserved 1179648K
  class space    used 15184K, committed 15616K, reserved 1048576K
}
Event: 29.877 GC heap before
{Heap before GC invocations=55 (full 0):
 garbage-first heap   total 270336K, used 227328K [0x0000000080000000, 0x0000000100000000)
  region size 1024K, 49 young (50176K), 9 survivors (9216K)
 Metaspace       used 116265K, committed 117056K, reserved 1179648K
  class space    used 15466K, committed 15872K, reserved 1048576K
}
Event: 29.886 GC heap after
{Heap after GC invocations=56 (full 0):
 garbage-first heap   total 270336K, used 190926K [0x0000000080000000, 0x0000000100000000)
  region size 1024K, 5 young (5120K), 5 survivors (5120K)
 Metaspace       used 116265K, committed 117056K, reserved 1179648K
  class space    used 15466K, committed 15872K, reserved 1048576K
}
Event: 30.302 GC heap before
{Heap before GC invocations=56 (full 0):
 garbage-first heap   total 270336K, used 227790K [0x0000000080000000, 0x0000000100000000)
  region size 1024K, 42 young (43008K), 5 survivors (5120K)
 Metaspace       used 117393K, committed 118208K, reserved 1179648K
  class space    used 15610K, committed 16000K, reserved 1048576K
}
Event: 30.313 GC heap after
{Heap after GC invocations=57 (full 0):
 garbage-first heap   total 270336K, used 191900K [0x0000000080000000, 0x0000000100000000)
  region size 1024K, 1 young (1024K), 1 survivors (1024K)
 Metaspace       used 117393K, committed 118208K, reserved 1179648K
  class space    used 15610K, committed 16000K, reserved 1048576K
}
Event: 30.613 GC heap before
{Heap before GC invocations=57 (full 0):
 garbage-first heap   total 270336K, used 219548K [0x0000000080000000, 0x0000000100000000)
  region size 1024K, 15 young (15360K), 1 survivors (1024K)
 Metaspace       used 117938K, committed 118784K, reserved 1179648K
  class space    used 15693K, committed 16128K, reserved 1048576K
}
Event: 30.618 GC heap after
{Heap after GC invocations=58 (full 0):
 garbage-first heap   total 324608K, used 200282K [0x0000000080000000, 0x0000000100000000)
  region size 1024K, 3 young (3072K), 3 survivors (3072K)
 Metaspace       used 117938K, committed 118784K, reserved 1179648K
  class space    used 15693K, committed 16128K, reserved 1048576K
}
Event: 31.946 GC heap before
{Heap before GC invocations=58 (full 0):
 garbage-first heap   total 324608K, used 294490K [0x0000000080000000, 0x0000000100000000)
  region size 1024K, 73 young (74752K), 3 survivors (3072K)
 Metaspace       used 118475K, committed 119360K, reserved 1179648K
  class space    used 15774K, committed 16192K, reserved 1048576K
}
Event: 31.966 GC heap after
{Heap after GC invocations=59 (full 0):
 garbage-first heap   total 324608K, used 232527K [0x0000000080000000, 0x0000000100000000)
  region size 1024K, 10 young (10240K), 10 survivors (10240K)
 Metaspace       used 118475K, committed 119360K, reserved 1179648K
  class space    used 15774K, committed 16192K, reserved 1048576K
}
Event: 32.460 GC heap before
{Heap before GC invocations=59 (full 0):
 garbage-first heap   total 324608K, used 270415K [0x0000000080000000, 0x0000000100000000)
  region size 1024K, 47 young (48128K), 10 survivors (10240K)
 Metaspace       used 121065K, committed 121920K, reserved 1179648K
  class space    used 16332K, committed 16768K, reserved 1048576K
}
Event: 32.482 GC heap after
{Heap after GC invocations=60 (full 0):
 garbage-first heap   total 324608K, used 243877K [0x0000000080000000, 0x0000000100000000)
  region size 1024K, 6 young (6144K), 6 survivors (6144K)
 Metaspace       used 121065K, committed 121920K, reserved 1179648K
  class space    used 16332K, committed 16768K, reserved 1048576K
}
Event: 32.665 GC heap before
{Heap before GC invocations=60 (full 0):
 garbage-first heap   total 324608K, used 272549K [0x0000000080000000, 0x0000000100000000)
  region size 1024K, 34 young (34816K), 6 survivors (6144K)
 Metaspace       used 121215K, committed 122048K, reserved 1179648K
  class space    used 16332K, committed 16768K, reserved 1048576K
}
Event: 32.687 GC heap after
{Heap after GC invocations=61 (full 0):
 garbage-first heap   total 324608K, used 259072K [0x0000000080000000, 0x0000000100000000)
  region size 1024K, 5 young (5120K), 5 survivors (5120K)
 Metaspace       used 121215K, committed 122048K, reserved 1179648K
  class space    used 16332K, committed 16768K, reserved 1048576K
}
Event: 32.829 GC heap before
{Heap before GC invocations=61 (full 0):
 garbage-first heap   total 409600K, used 260096K [0x0000000080000000, 0x0000000100000000)
  region size 1024K, 21 young (21504K), 5 survivors (5120K)
 Metaspace       used 121217K, committed 122048K, reserved 1179648K
  class space    used 16332K, committed 16768K, reserved 1048576K
}
Event: 32.844 GC heap after
{Heap after GC invocations=62 (full 0):
 garbage-first heap   total 409600K, used 252615K [0x0000000080000000, 0x0000000100000000)
  region size 1024K, 3 young (3072K), 3 survivors (3072K)
 Metaspace       used 121217K, committed 122048K, reserved 1179648K
  class space    used 16332K, committed 16768K, reserved 1048576K
}
Event: 33.159 GC heap before
{Heap before GC invocations=63 (full 0):
 garbage-first heap   total 409600K, used 318151K [0x0000000080000000, 0x0000000100000000)
  region size 1024K, 68 young (69632K), 3 survivors (3072K)
 Metaspace       used 121217K, committed 122048K, reserved 1179648K
  class space    used 16332K, committed 16768K, reserved 1048576K
}
Event: 33.196 GC heap after
{Heap after GC invocations=64 (full 0):
 garbage-first heap   total 409600K, used 286519K [0x0000000080000000, 0x0000000100000000)
  region size 1024K, 9 young (9216K), 9 survivors (9216K)
 Metaspace       used 121217K, committed 122048K, reserved 1179648K
  class space    used 16332K, committed 16768K, reserved 1048576K
}
Event: 33.492 GC heap before
{Heap before GC invocations=64 (full 0):
 garbage-first heap   total 409600K, used 296759K [0x0000000080000000, 0x0000000100000000)
  region size 1024K, 20 young (20480K), 9 survivors (9216K)
 Metaspace       used 122189K, committed 123008K, reserved 1179648K
  class space    used 16481K, committed 16896K, reserved 1048576K
}

