# JRE version: OpenJDK Runtime Environment (17.0.7) (build 17.0.7+0-b2043.56-10550314)
# Java VM: OpenJDK 64-Bit Server VM (17.0.7+0-b2043.56-10550314, mixed mode, tiered, compressed oops, compressed class ptrs, g1 gc, windows-amd64)
GC Precious Log:
 CPUs: 8 total, 8 available
 Memory: 7973M
 Large Page Support: Disabled
 NUMA Support: Disabled
 Compressed Oops: Enabled (32-bit)
 Heap Region Size: 1M
 Heap Min Capacity: 8M
 Heap Initial Capacity: 126M
 Heap Max Capacity: 2G
 Pre-touch: Disabled
 Parallel Workers: 8
 Concurrent Workers: 2
 Concurrent Refinement Workers: 8
 Periodic GC: Disabled
Heap:
 garbage-first heap   total 479232K, used 155604K [0x0000000080000000, 0x0000000100000000)
  region size 1024K, 11 young (11264K), 11 survivors (11264K)
 Metaspace       used 141875K, committed 143232K, reserved 1179648K
  class space    used 18758K, committed 19392K, reserved 1048576K
GC Heap History (20 events):
Event: 633.690 GC heap after
{Heap after GC invocations=68 (full 0):
 garbage-first heap   total 479232K, used 154507K [0x0000000080000000, 0x0000000100000000)
  region size 1024K, 4 young (4096K), 4 survivors (4096K)
 Metaspace       used 138678K, committed 139648K, reserved 1179648K
  class space    used 18512K, committed 19008K, reserved 1048576K
}
Event: 634.250 GC heap before
{Heap before GC invocations=68 (full 0):
 garbage-first heap   total 479232K, used 192395K [0x0000000080000000, 0x0000000100000000)
  region size 1024K, 43 young (44032K), 4 survivors (4096K)
 Metaspace       used 139039K, committed 140096K, reserved 1179648K
  class space    used 18536K, committed 19072K, reserved 1048576K
}
Event: 634.255 GC heap after
{Heap after GC invocations=69 (full 0):
 garbage-first heap   total 479232K, used 153972K [0x0000000080000000, 0x0000000100000000)
  region size 1024K, 4 young (4096K), 4 survivors (4096K)
 Metaspace       used 139039K, committed 140096K, reserved 1179648K
  class space    used 18536K, committed 19072K, reserved 1048576K
}
Event: 927.056 GC heap before
{Heap before GC invocations=70 (full 0):
 garbage-first heap   total 479232K, used 387444K [0x0000000080000000, 0x0000000100000000)
  region size 1024K, 194 young (198656K), 4 survivors (4096K)
 Metaspace       used 139670K, committed 140736K, reserved 1179648K
  class space    used 18552K, committed 19072K, reserved 1048576K
}
Event: 927.062 GC heap after
{Heap after GC invocations=71 (full 0):
 garbage-first heap   total 479232K, used 154713K [0x0000000080000000, 0x0000000100000000)
  region size 1024K, 6 young (6144K), 6 survivors (6144K)
 Metaspace       used 139670K, committed 140736K, reserved 1179648K
  class space    used 18552K, committed 19072K, reserved 1048576K
}
Event: 927.237 GC heap before
{Heap before GC invocations=71 (full 0):
 garbage-first heap   total 479232K, used 171097K [0x0000000080000000, 0x0000000100000000)
  region size 1024K, 23 young (23552K), 6 survivors (6144K)
 Metaspace       used 139728K, committed 140736K, reserved 1179648K
  class space    used 18560K, committed 19072K, reserved 1048576K
}
Event: 927.245 GC heap after
{Heap after GC invocations=72 (full 0):
 garbage-first heap   total 479232K, used 146206K [0x0000000080000000, 0x0000000100000000)
  region size 1024K, 2 young (2048K), 2 survivors (2048K)
 Metaspace       used 139728K, committed 140736K, reserved 1179648K
  class space    used 18560K, committed 19072K, reserved 1048576K
}
Event: 928.050 GC heap before
{Heap before GC invocations=72 (full 0):
 garbage-first heap   total 479232K, used 195358K [0x0000000080000000, 0x0000000100000000)
  region size 1024K, 52 young (53248K), 2 survivors (2048K)
 Metaspace       used 139896K, committed 140928K, reserved 1179648K
  class space    used 18565K, committed 19072K, reserved 1048576K
}
Event: 928.058 GC heap after
{Heap after GC invocations=73 (full 0):
 garbage-first heap   total 479232K, used 154942K [0x0000000080000000, 0x0000000100000000)
  region size 1024K, 11 young (11264K), 11 survivors (11264K)
 Metaspace       used 139896K, committed 140928K, reserved 1179648K
  class space    used 18565K, committed 19072K, reserved 1048576K
}
Event: 1702.371 GC heap before
{Heap before GC invocations=74 (full 0):
 garbage-first heap   total 479232K, used 356670K [0x0000000080000000, 0x0000000100000000)
  region size 1024K, 196 young (200704K), 11 survivors (11264K)
 Metaspace       used 140431K, committed 141440K, reserved 1179648K
  class space    used 18568K, committed 19072K, reserved 1048576K
}
Event: 1702.392 GC heap after
{Heap after GC invocations=75 (full 0):
 garbage-first heap   total 479232K, used 159004K [0x0000000080000000, 0x0000000100000000)
  region size 1024K, 22 young (22528K), 22 survivors (22528K)
 Metaspace       used 140431K, committed 141440K, reserved 1179648K
  class space    used 18568K, committed 19072K, reserved 1048576K
}
Event: 1702.394 GC heap before
{Heap before GC invocations=75 (full 0):
 garbage-first heap   total 479232K, used 160028K [0x0000000080000000, 0x0000000100000000)
  region size 1024K, 23 young (23552K), 22 survivors (22528K)
 Metaspace       used 140431K, committed 141440K, reserved 1179648K
  class space    used 18568K, committed 19072K, reserved 1048576K
}
Event: 1702.419 GC heap after
{Heap after GC invocations=76 (full 0):
 garbage-first heap   total 479232K, used 150604K [0x0000000080000000, 0x0000000100000000)
  region size 1024K, 2 young (2048K), 2 survivors (2048K)
 Metaspace       used 140431K, committed 141440K, reserved 1179648K
  class space    used 18568K, committed 19072K, reserved 1048576K
}
Event: 1703.232 GC heap before
{Heap before GC invocations=76 (full 0):
 garbage-first heap   total 479232K, used 229452K [0x0000000080000000, 0x0000000100000000)
  region size 1024K, 80 young (81920K), 2 survivors (2048K)
 Metaspace       used 140667K, committed 141696K, reserved 1179648K
  class space    used 18568K, committed 19072K, reserved 1048576K
}
Event: 1703.242 GC heap after
{Heap after GC invocations=77 (full 0):
 garbage-first heap   total 479232K, used 159517K [0x0000000080000000, 0x0000000100000000)
  region size 1024K, 11 young (11264K), 11 survivors (11264K)
 Metaspace       used 140667K, committed 141696K, reserved 1179648K
  class space    used 18568K, committed 19072K, reserved 1048576K
}
Event: 1979.649 GC heap before
{Heap before GC invocations=78 (full 0):
 garbage-first heap   total 479232K, used 399133K [0x0000000080000000, 0x0000000100000000)
  region size 1024K, 206 young (210944K), 11 survivors (11264K)
 Metaspace       used 141746K, committed 143040K, reserved 1179648K
  class space    used 18757K, committed 19392K, reserved 1048576K
}
Event: 1979.659 GC heap after
{Heap after GC invocations=79 (full 0):
 garbage-first heap   total 479232K, used 160999K [0x0000000080000000, 0x0000000100000000)
  region size 1024K, 12 young (12288K), 12 survivors (12288K)
 Metaspace       used 141746K, committed 143040K, reserved 1179648K
  class space    used 18757K, committed 19392K, reserved 1048576K
}
Event: 1979.744 GC heap before
{Heap before GC invocations=79 (full 0):
 garbage-first heap   total 479232K, used 171239K [0x0000000080000000, 0x0000000100000000)
  region size 1024K, 23 young (23552K), 12 survivors (12288K)
 Metaspace       used 141750K, committed 143104K, reserved 1179648K
  class space    used 18758K, committed 19392K, reserved 1048576K
}
Event: 1979.760 GC heap after
{Heap after GC invocations=80 (full 0):
 garbage-first heap   total 479232K, used 147798K [0x0000000080000000, 0x0000000100000000)
  region size 1024K, 3 young (3072K), 3 survivors (3072K)
 Metaspace       used 141750K, committed 143104K, reserved 1179648K
  class space    used 18758K, committed 19392K, reserved 1048576K
}
Event: 1980.436 GC heap before
{Heap before GC invocations=80 (full 0):
 garbage-first heap   total 479232K, used 202070K [0x0000000080000000, 0x0000000100000000)
  region size 1024K, 58 young (59392K), 3 survivors (3072K)
 Metaspace       used 141875K, committed 143232K, reserved 1179648K
  class space    used 18758K, committed 19392K, reserved 1048576K
}

