# JRE version: OpenJDK Runtime Environment (17.0.7) (build 17.0.7+0-b2043.56-10550314)
# Java VM: OpenJDK 64-Bit Server VM (17.0.7+0-b2043.56-10550314, mixed mode, tiered, compressed oops, compressed class ptrs, g1 gc, windows-amd64)
GC Precious Log:
 CPUs: 8 total, 8 available
 Memory: 7973M
 Large Page Support: Disabled
 NUMA Support: Disabled
 Compressed Oops: Enabled (32-bit)
 Heap Region Size: 1M
 Heap Min Capacity: 8M
 Heap Initial Capacity: 126M
 Heap Max Capacity: 2G
 Pre-touch: Disabled
 Parallel Workers: 8
 Concurrent Workers: 2
 Concurrent Refinement Workers: 8
 Periodic GC: Disabled
Heap:
 garbage-first heap   total 138240K, used 106665K [0x0000000080000000, 0x0000000100000000)
  region size 1024K, 44 young (45056K), 2 survivors (2048K)
 Metaspace       used 84398K, committed 84992K, reserved 1179648K
  class space    used 11517K, committed 11776K, reserved 1048576K
GC Heap History (20 events):
Event: 10.583 GC heap before
{Heap before GC invocations=16 (full 0):
 garbage-first heap   total 87040K, used 66474K [0x0000000080000000, 0x0000000100000000)
  region size 1024K, 23 young (23552K), 5 survivors (5120K)
 Metaspace       used 57112K, committed 57600K, reserved 1114112K
  class space    used 7686K, committed 7936K, reserved 1048576K
}
Event: 10.585 GC heap after
{Heap after GC invocations=17 (full 0):
 garbage-first heap   total 87040K, used 49987K [0x0000000080000000, 0x0000000100000000)
  region size 1024K, 1 young (1024K), 1 survivors (1024K)
 Metaspace       used 57112K, committed 57600K, reserved 1114112K
  class space    used 7686K, committed 7936K, reserved 1048576K
}
Event: 10.854 GC heap before
{Heap before GC invocations=18 (full 0):
 garbage-first heap   total 91136K, used 67395K [0x0000000080000000, 0x0000000100000000)
  region size 1024K, 19 young (19456K), 1 survivors (1024K)
 Metaspace       used 59034K, committed 59584K, reserved 1114112K
  class space    used 7906K, committed 8192K, reserved 1048576K
}
Event: 10.856 GC heap after
{Heap after GC invocations=19 (full 0):
 garbage-first heap   total 91136K, used 50378K [0x0000000080000000, 0x0000000100000000)
  region size 1024K, 2 young (2048K), 2 survivors (2048K)
 Metaspace       used 59034K, committed 59584K, reserved 1114112K
  class space    used 7906K, committed 8192K, reserved 1048576K
}
Event: 11.201 GC heap before
{Heap before GC invocations=19 (full 0):
 garbage-first heap   total 91136K, used 71882K [0x0000000080000000, 0x0000000100000000)
  region size 1024K, 24 young (24576K), 2 survivors (2048K)
 Metaspace       used 61487K, committed 62080K, reserved 1114112K
  class space    used 8179K, committed 8448K, reserved 1048576K
}
Event: 11.205 GC heap after
{Heap after GC invocations=20 (full 0):
 garbage-first heap   total 91136K, used 51061K [0x0000000080000000, 0x0000000100000000)
  region size 1024K, 2 young (2048K), 2 survivors (2048K)
 Metaspace       used 61487K, committed 62080K, reserved 1114112K
  class space    used 8179K, committed 8448K, reserved 1048576K
}
Event: 11.704 GC heap before
{Heap before GC invocations=21 (full 0):
 garbage-first heap   total 91136K, used 74613K [0x0000000080000000, 0x0000000100000000)
  region size 1024K, 25 young (25600K), 2 survivors (2048K)
 Metaspace       used 64853K, committed 65472K, reserved 1114112K
  class space    used 8669K, committed 8960K, reserved 1048576K
}
Event: 11.709 GC heap after
{Heap after GC invocations=22 (full 0):
 garbage-first heap   total 91136K, used 52169K [0x0000000080000000, 0x0000000100000000)
  region size 1024K, 3 young (3072K), 3 survivors (3072K)
 Metaspace       used 64853K, committed 65472K, reserved 1114112K
  class space    used 8669K, committed 8960K, reserved 1048576K
}
Event: 11.850 GC heap before
{Heap before GC invocations=22 (full 0):
 garbage-first heap   total 91136K, used 58313K [0x0000000080000000, 0x0000000100000000)
  region size 1024K, 11 young (11264K), 3 survivors (3072K)
 Metaspace       used 66415K, committed 67072K, reserved 1114112K
  class space    used 8847K, committed 9152K, reserved 1048576K
}
Event: 11.861 GC heap after
{Heap after GC invocations=23 (full 0):
 garbage-first heap   total 91136K, used 53433K [0x0000000080000000, 0x0000000100000000)
  region size 1024K, 4 young (4096K), 4 survivors (4096K)
 Metaspace       used 66415K, committed 67072K, reserved 1114112K
  class space    used 8847K, committed 9152K, reserved 1048576K
}
Event: 12.130 GC heap before
{Heap before GC invocations=24 (full 0):
 garbage-first heap   total 114688K, used 79033K [0x0000000080000000, 0x0000000100000000)
  region size 1024K, 24 young (24576K), 4 survivors (4096K)
 Metaspace       used 67074K, committed 67648K, reserved 1114112K
  class space    used 8948K, committed 9216K, reserved 1048576K
}
Event: 12.135 GC heap after
{Heap after GC invocations=25 (full 0):
 garbage-first heap   total 114688K, used 55855K [0x0000000080000000, 0x0000000100000000)
  region size 1024K, 3 young (3072K), 3 survivors (3072K)
 Metaspace       used 67074K, committed 67648K, reserved 1114112K
  class space    used 8948K, committed 9216K, reserved 1048576K
}
Event: 12.750 GC heap before
{Heap before GC invocations=25 (full 0):
 garbage-first heap   total 114688K, used 85551K [0x0000000080000000, 0x0000000100000000)
  region size 1024K, 32 young (32768K), 3 survivors (3072K)
 Metaspace       used 69390K, committed 70016K, reserved 1114112K
  class space    used 9251K, committed 9536K, reserved 1048576K
}
Event: 12.755 GC heap after
{Heap after GC invocations=26 (full 0):
 garbage-first heap   total 138240K, used 57879K [0x0000000080000000, 0x0000000100000000)
  region size 1024K, 2 young (2048K), 2 survivors (2048K)
 Metaspace       used 69390K, committed 70016K, reserved 1114112K
  class space    used 9251K, committed 9536K, reserved 1048576K
}
Event: 13.821 GC heap before
{Heap before GC invocations=27 (full 0):
 garbage-first heap   total 138240K, used 101911K [0x0000000080000000, 0x0000000100000000)
  region size 1024K, 45 young (46080K), 2 survivors (2048K)
 Metaspace       used 74164K, committed 74752K, reserved 1114112K
  class space    used 9902K, committed 10176K, reserved 1048576K
}
Event: 13.826 GC heap after
{Heap after GC invocations=28 (full 0):
 garbage-first heap   total 138240K, used 59907K [0x0000000080000000, 0x0000000100000000)
  region size 1024K, 4 young (4096K), 4 survivors (4096K)
 Metaspace       used 74164K, committed 74752K, reserved 1114112K
  class space    used 9902K, committed 10176K, reserved 1048576K
}
Event: 14.680 GC heap before
{Heap before GC invocations=28 (full 0):
 garbage-first heap   total 138240K, used 104963K [0x0000000080000000, 0x0000000100000000)
  region size 1024K, 48 young (49152K), 4 survivors (4096K)
 Metaspace       used 77236K, committed 77760K, reserved 1179648K
  class space    used 10314K, committed 10560K, reserved 1048576K
}
Event: 14.687 GC heap after
{Heap after GC invocations=29 (full 0):
 garbage-first heap   total 138240K, used 63194K [0x0000000080000000, 0x0000000100000000)
  region size 1024K, 6 young (6144K), 6 survivors (6144K)
 Metaspace       used 77236K, committed 77760K, reserved 1179648K
  class space    used 10314K, committed 10560K, reserved 1048576K
}
Event: 15.723 GC heap before
{Heap before GC invocations=29 (full 0):
 garbage-first heap   total 138240K, used 106202K [0x0000000080000000, 0x0000000100000000)
  region size 1024K, 48 young (49152K), 6 survivors (6144K)
 Metaspace       used 80669K, committed 81216K, reserved 1179648K
  class space    used 10957K, committed 11200K, reserved 1048576K
}
Event: 15.732 GC heap after
{Heap after GC invocations=30 (full 0):
 garbage-first heap   total 138240K, used 64681K [0x0000000080000000, 0x0000000100000000)
  region size 1024K, 2 young (2048K), 2 survivors (2048K)
 Metaspace       used 80669K, committed 81216K, reserved 1179648K
  class space    used 10957K, committed 11200K, reserved 1048576K
}

