# JRE version: OpenJDK Runtime Environment (17.0.9) (build 17.0.9+0--11185874)
# Java VM: OpenJDK 64-Bit Server VM (17.0.9+0--11185874, mixed mode, tiered, compressed oops, compressed class ptrs, g1 gc, windows-amd64)
GC Precious Log:
 CPUs: 8 total, 8 available
 Memory: 7973M
 Large Page Support: Disabled
 NUMA Support: Disabled
 Compressed Oops: Enabled (32-bit)
 Heap Region Size: 1M
 Heap Min Capacity: 8M
 Heap Initial Capacity: 126M
 Heap Max Capacity: 2G
 Pre-touch: Disabled
 Parallel Workers: 8
 Concurrent Workers: 2
 Concurrent Refinement Workers: 8
 Periodic GC: Disabled
Heap:
 garbage-first heap   total 427008K, used 139261K [0x0000000080000000, 0x0000000100000000)
  region size 1024K, 9 young (9216K), 9 survivors (9216K)
 Metaspace       used 141923K, committed 143680K, reserved 1179648K
  class space    used 18852K, committed 19648K, reserved 1048576K
GC Heap History (20 events):
Event: 10223.564 GC heap after
{Heap after GC invocations=93 (full 0):
 garbage-first heap   total 427008K, used 125672K [0x0000000080000000, 0x0000000100000000)
  region size 1024K, 2 young (2048K), 2 survivors (2048K)
 Metaspace       used 138823K, committed 139968K, reserved 1179648K
  class space    used 18521K, committed 19072K, reserved 1048576K
}
Event: 10224.241 GC heap before
{Heap before GC invocations=93 (full 0):
 garbage-first heap   total 427008K, used 200424K [0x0000000080000000, 0x0000000100000000)
  region size 1024K, 76 young (77824K), 2 survivors (2048K)
 Metaspace       used 139296K, committed 140480K, reserved 1179648K
  class space    used 18547K, committed 19072K, reserved 1048576K
}
Event: 10224.253 GC heap after
{Heap after GC invocations=94 (full 0):
 garbage-first heap   total 427008K, used 134207K [0x0000000080000000, 0x0000000100000000)
  region size 1024K, 10 young (10240K), 10 survivors (10240K)
 Metaspace       used 139296K, committed 140480K, reserved 1179648K
  class space    used 18547K, committed 19072K, reserved 1048576K
}
Event: 11628.680 GC heap before
{Heap before GC invocations=95 (full 0):
 garbage-first heap   total 427008K, used 346175K [0x0000000080000000, 0x0000000100000000)
  region size 1024K, 194 young (198656K), 10 survivors (10240K)
 Metaspace       used 139513K, committed 140672K, reserved 1179648K
  class space    used 18548K, committed 19072K, reserved 1048576K
}
Event: 11628.698 GC heap after
{Heap after GC invocations=96 (full 0):
 garbage-first heap   total 427008K, used 145540K [0x0000000080000000, 0x0000000100000000)
  region size 1024K, 19 young (19456K), 19 survivors (19456K)
 Metaspace       used 139513K, committed 140672K, reserved 1179648K
  class space    used 18548K, committed 19072K, reserved 1048576K
}
Event: 11628.707 GC heap before
{Heap before GC invocations=96 (full 0):
 garbage-first heap   total 427008K, used 146564K [0x0000000080000000, 0x0000000100000000)
  region size 1024K, 20 young (20480K), 19 survivors (19456K)
 Metaspace       used 139514K, committed 140672K, reserved 1179648K
  class space    used 18548K, committed 19072K, reserved 1048576K
}
Event: 11628.728 GC heap after
{Heap after GC invocations=97 (full 0):
 garbage-first heap   total 427008K, used 133733K [0x0000000080000000, 0x0000000100000000)
  region size 1024K, 3 young (3072K), 3 survivors (3072K)
 Metaspace       used 139514K, committed 140672K, reserved 1179648K
  class space    used 18548K, committed 19072K, reserved 1048576K
}
Event: 11628.963 GC heap before
{Heap before GC invocations=97 (full 0):
 garbage-first heap   total 427008K, used 152165K [0x0000000080000000, 0x0000000100000000)
  region size 1024K, 23 young (23552K), 3 survivors (3072K)
 Metaspace       used 139610K, committed 140736K, reserved 1179648K
  class space    used 18548K, committed 19072K, reserved 1048576K
}
Event: 11628.966 GC heap after
{Heap after GC invocations=98 (full 0):
 garbage-first heap   total 427008K, used 132023K [0x0000000080000000, 0x0000000100000000)
  region size 1024K, 2 young (2048K), 2 survivors (2048K)
 Metaspace       used 139610K, committed 140736K, reserved 1179648K
  class space    used 18548K, committed 19072K, reserved 1048576K
}
Event: 12070.857 GC heap before
{Heap before GC invocations=99 (full 0):
 garbage-first heap   total 427008K, used 380527K [0x0000000080000000, 0x0000000100000000)
  region size 1024K, 202 young (206848K), 2 survivors (2048K)
 Metaspace       used 139784K, committed 140992K, reserved 1179648K
  class space    used 18529K, committed 19072K, reserved 1048576K
}
Event: 12070.863 GC heap after
{Heap after GC invocations=100 (full 0):
 garbage-first heap   total 427008K, used 135357K [0x0000000080000000, 0x0000000100000000)
  region size 1024K, 3 young (3072K), 3 survivors (3072K)
 Metaspace       used 139784K, committed 140992K, reserved 1179648K
  class space    used 18529K, committed 19072K, reserved 1048576K
}
Event: 12070.992 GC heap before
{Heap before GC invocations=100 (full 0):
 garbage-first heap   total 427008K, used 151741K [0x0000000080000000, 0x0000000100000000)
  region size 1024K, 20 young (20480K), 3 survivors (3072K)
 Metaspace       used 139792K, committed 140992K, reserved 1179648K
  class space    used 18529K, committed 19072K, reserved 1048576K
}
Event: 12070.998 GC heap after
{Heap after GC invocations=101 (full 0):
 garbage-first heap   total 427008K, used 113322K [0x0000000080000000, 0x0000000100000000)
  region size 1024K, 3 young (3072K), 3 survivors (3072K)
 Metaspace       used 139792K, committed 140992K, reserved 1179648K
  class space    used 18529K, committed 19072K, reserved 1048576K
}
Event: 12140.777 GC heap before
{Heap before GC invocations=101 (full 0):
 garbage-first heap   total 427008K, used 249514K [0x0000000080000000, 0x0000000100000000)
  region size 1024K, 138 young (141312K), 3 survivors (3072K)
 Metaspace       used 139989K, committed 141184K, reserved 1179648K
  class space    used 18534K, committed 19072K, reserved 1048576K
}
Event: 12140.800 GC heap after
{Heap after GC invocations=102 (full 0):
 garbage-first heap   total 427008K, used 129633K [0x0000000080000000, 0x0000000100000000)
  region size 1024K, 18 young (18432K), 18 survivors (18432K)
 Metaspace       used 139989K, committed 141184K, reserved 1179648K
  class space    used 18534K, committed 19072K, reserved 1048576K
}
Event: 12700.939 GC heap before
{Heap before GC invocations=103 (full 0):
 garbage-first heap   total 427008K, used 364129K [0x0000000080000000, 0x0000000100000000)
  region size 1024K, 223 young (228352K), 18 survivors (18432K)
 Metaspace       used 141486K, committed 143104K, reserved 1179648K
  class space    used 18814K, committed 19584K, reserved 1048576K
}
Event: 12700.960 GC heap after
{Heap after GC invocations=104 (full 0):
 garbage-first heap   total 427008K, used 142918K [0x0000000080000000, 0x0000000100000000)
  region size 1024K, 19 young (19456K), 19 survivors (19456K)
 Metaspace       used 141486K, committed 143104K, reserved 1179648K
  class space    used 18814K, committed 19584K, reserved 1048576K
}
Event: 12700.963 GC heap before
{Heap before GC invocations=104 (full 0):
 garbage-first heap   total 427008K, used 143942K [0x0000000080000000, 0x0000000100000000)
  region size 1024K, 20 young (20480K), 19 survivors (19456K)
 Metaspace       used 141486K, committed 143104K, reserved 1179648K
  class space    used 18814K, committed 19584K, reserved 1048576K
}
Event: 12700.978 GC heap after
{Heap after GC invocations=105 (full 0):
 garbage-first heap   total 427008K, used 130721K [0x0000000080000000, 0x0000000100000000)
  region size 1024K, 1 young (1024K), 1 survivors (1024K)
 Metaspace       used 141486K, committed 143104K, reserved 1179648K
  class space    used 18814K, committed 19584K, reserved 1048576K
}
Event: 12701.471 GC heap before
{Heap before GC invocations=105 (full 0):
 garbage-first heap   total 427008K, used 193185K [0x0000000080000000, 0x0000000100000000)
  region size 1024K, 64 young (65536K), 1 survivors (1024K)
 Metaspace       used 141923K, committed 143680K, reserved 1179648K
  class space    used 18852K, committed 19648K, reserved 1048576K
}

