# JRE version: OpenJDK Runtime Environment (17.0.9) (build 17.0.9+0--11185874)
# Java VM: OpenJDK 64-Bit Server VM (17.0.9+0--11185874, mixed mode, tiered, compressed oops, compressed class ptrs, g1 gc, windows-amd64)
GC Precious Log:
 CPUs: 8 total, 8 available
 Memory: 7973M
 Large Page Support: Disabled
 NUMA Support: Disabled
 Compressed Oops: Enabled (32-bit)
 Heap Region Size: 1M
 Heap Min Capacity: 8M
 Heap Initial Capacity: 126M
 Heap Max Capacity: 2G
 Pre-touch: Disabled
 Parallel Workers: 8
 Concurrent Workers: 2
 Concurrent Refinement Workers: 8
 Periodic GC: Disabled
Heap:
 garbage-first heap   total 374784K, used 302586K [0x0000000080000000, 0x0000000100000000)
  region size 1024K, 4 young (4096K), 4 survivors (4096K)
 Metaspace       used 121811K, committed 122624K, reserved 1179648K
  class space    used 16266K, committed 16704K, reserved 1048576K
GC Heap History (20 events):
Event: 115.417 GC heap after
{Heap after GC invocations=49 (full 0):
 garbage-first heap   total 249856K, used 151752K [0x0000000080000000, 0x0000000100000000)
  region size 1024K, 8 young (8192K), 8 survivors (8192K)
 Metaspace       used 113294K, committed 114112K, reserved 1179648K
  class space    used 14894K, committed 15296K, reserved 1048576K
}
Event: 115.746 GC heap before
{Heap before GC invocations=49 (full 0):
 garbage-first heap   total 249856K, used 207048K [0x0000000080000000, 0x0000000100000000)
  region size 1024K, 63 young (64512K), 8 survivors (8192K)
 Metaspace       used 113626K, committed 114432K, reserved 1179648K
  class space    used 14942K, committed 15296K, reserved 1048576K
}
Event: 115.754 GC heap after
{Heap after GC invocations=50 (full 0):
 garbage-first heap   total 249856K, used 154601K [0x0000000080000000, 0x0000000100000000)
  region size 1024K, 5 young (5120K), 5 survivors (5120K)
 Metaspace       used 113626K, committed 114432K, reserved 1179648K
  class space    used 14942K, committed 15296K, reserved 1048576K
}
Event: 116.064 GC heap before
{Heap before GC invocations=50 (full 0):
 garbage-first heap   total 249856K, used 206825K [0x0000000080000000, 0x0000000100000000)
  region size 1024K, 37 young (37888K), 5 survivors (5120K)
 Metaspace       used 114708K, committed 115520K, reserved 1179648K
  class space    used 15065K, committed 15488K, reserved 1048576K
}
Event: 116.070 GC heap after
{Heap after GC invocations=51 (full 0):
 garbage-first heap   total 249856K, used 187048K [0x0000000080000000, 0x0000000100000000)
  region size 1024K, 8 young (8192K), 8 survivors (8192K)
 Metaspace       used 114708K, committed 115520K, reserved 1179648K
  class space    used 15065K, committed 15488K, reserved 1048576K
}
Event: 116.247 GC heap before
{Heap before GC invocations=51 (full 0):
 garbage-first heap   total 312320K, used 186024K [0x0000000080000000, 0x0000000100000000)
  region size 1024K, 29 young (29696K), 8 survivors (8192K)
 Metaspace       used 115103K, committed 115968K, reserved 1179648K
  class space    used 15125K, committed 15552K, reserved 1048576K
}
Event: 116.253 GC heap after
{Heap after GC invocations=52 (full 0):
 garbage-first heap   total 312320K, used 167291K [0x0000000080000000, 0x0000000100000000)
  region size 1024K, 4 young (4096K), 4 survivors (4096K)
 Metaspace       used 115103K, committed 115968K, reserved 1179648K
  class space    used 15125K, committed 15552K, reserved 1048576K
}
Event: 116.772 GC heap before
{Heap before GC invocations=53 (full 0):
 garbage-first heap   total 312320K, used 292219K [0x0000000080000000, 0x0000000100000000)
  region size 1024K, 82 young (83968K), 4 survivors (4096K)
 Metaspace       used 118570K, committed 119424K, reserved 1179648K
  class space    used 15624K, committed 16064K, reserved 1048576K
}
Event: 116.779 GC heap after
{Heap after GC invocations=54 (full 0):
 garbage-first heap   total 312320K, used 198970K [0x0000000080000000, 0x0000000100000000)
  region size 1024K, 11 young (11264K), 11 survivors (11264K)
 Metaspace       used 118570K, committed 119424K, reserved 1179648K
  class space    used 15624K, committed 16064K, reserved 1048576K
}
Event: 116.781 GC heap before
{Heap before GC invocations=54 (full 0):
 garbage-first heap   total 312320K, used 204090K [0x0000000080000000, 0x0000000100000000)
  region size 1024K, 15 young (15360K), 11 survivors (11264K)
 Metaspace       used 118572K, committed 119424K, reserved 1179648K
  class space    used 15625K, committed 16064K, reserved 1048576K
}
Event: 116.787 GC heap after
{Heap after GC invocations=55 (full 0):
 garbage-first heap   total 312320K, used 176032K [0x0000000080000000, 0x0000000100000000)
  region size 1024K, 2 young (2048K), 2 survivors (2048K)
 Metaspace       used 118572K, committed 119424K, reserved 1179648K
  class space    used 15625K, committed 16064K, reserved 1048576K
}
Event: 117.596 GC heap before
{Heap before GC invocations=55 (full 0):
 garbage-first heap   total 312320K, used 268192K [0x0000000080000000, 0x0000000100000000)
  region size 1024K, 77 young (78848K), 2 survivors (2048K)
 Metaspace       used 118974K, committed 119872K, reserved 1179648K
  class space    used 15682K, committed 16128K, reserved 1048576K
}
Event: 117.622 GC heap after
{Heap after GC invocations=56 (full 0):
 garbage-first heap   total 374784K, used 212511K [0x0000000080000000, 0x0000000100000000)
  region size 1024K, 10 young (10240K), 10 survivors (10240K)
 Metaspace       used 118974K, committed 119872K, reserved 1179648K
  class space    used 15682K, committed 16128K, reserved 1048576K
}
Event: 118.381 GC heap before
{Heap before GC invocations=56 (full 0):
 garbage-first heap   total 374784K, used 293407K [0x0000000080000000, 0x0000000100000000)
  region size 1024K, 85 young (87040K), 10 survivors (10240K)
 Metaspace       used 121754K, committed 122624K, reserved 1179648K
  class space    used 16266K, committed 16704K, reserved 1048576K
}
Event: 118.422 GC heap after
{Heap after GC invocations=57 (full 0):
 garbage-first heap   total 374784K, used 246494K [0x0000000080000000, 0x0000000100000000)
  region size 1024K, 11 young (11264K), 11 survivors (11264K)
 Metaspace       used 121754K, committed 122624K, reserved 1179648K
  class space    used 16266K, committed 16704K, reserved 1048576K
}
Event: 118.659 GC heap before
{Heap before GC invocations=57 (full 0):
 garbage-first heap   total 374784K, used 295646K [0x0000000080000000, 0x0000000100000000)
  region size 1024K, 60 young (61440K), 11 survivors (11264K)
 Metaspace       used 121803K, committed 122624K, reserved 1179648K
  class space    used 16266K, committed 16704K, reserved 1048576K
}
Event: 118.700 GC heap after
{Heap after GC invocations=58 (full 0):
 garbage-first heap   total 374784K, used 272896K [0x0000000080000000, 0x0000000100000000)
  region size 1024K, 8 young (8192K), 8 survivors (8192K)
 Metaspace       used 121803K, committed 122624K, reserved 1179648K
  class space    used 16266K, committed 16704K, reserved 1048576K
}
Event: 118.822 GC heap before
{Heap before GC invocations=58 (full 0):
 garbage-first heap   total 374784K, used 303616K [0x0000000080000000, 0x0000000100000000)
  region size 1024K, 38 young (38912K), 8 survivors (8192K)
 Metaspace       used 121809K, committed 122624K, reserved 1179648K
  class space    used 16266K, committed 16704K, reserved 1048576K
}
Event: 118.847 GC heap after
{Heap after GC invocations=59 (full 0):
 garbage-first heap   total 374784K, used 290304K [0x0000000080000000, 0x0000000100000000)
  region size 1024K, 5 young (5120K), 5 survivors (5120K)
 Metaspace       used 121809K, committed 122624K, reserved 1179648K
  class space    used 16266K, committed 16704K, reserved 1048576K
}
Event: 118.917 GC heap before
{Heap before GC invocations=59 (full 0):
 garbage-first heap   total 374784K, used 311808K [0x0000000080000000, 0x0000000100000000)
  region size 1024K, 26 young (26624K), 5 survivors (5120K)
 Metaspace       used 121811K, committed 122624K, reserved 1179648K
  class space    used 16266K, committed 16704K, reserved 1048576K
}

