# JRE version: OpenJDK Runtime Environment (17.0.9) (build 17.0.9+0--11185874)
# Java VM: OpenJDK 64-Bit Server VM (17.0.9+0--11185874, mixed mode, tiered, compressed oops, compressed class ptrs, g1 gc, windows-amd64)
GC Precious Log:
 CPUs: 8 total, 8 available
 Memory: 7973M
 Large Page Support: Disabled
 NUMA Support: Disabled
 Compressed Oops: Enabled (32-bit)
 Heap Region Size: 1M
 Heap Min Capacity: 8M
 Heap Initial Capacity: 126M
 Heap Max Capacity: 2G
 Pre-touch: Disabled
 Parallel Workers: 8
 Concurrent Workers: 2
 Concurrent Refinement Workers: 8
 Periodic GC: Disabled
Heap:
 garbage-first heap   total 220160K, used 147744K [0x0000000080000000, 0x0000000100000000)
  region size 1024K, 3 young (3072K), 3 survivors (3072K)
 Metaspace       used 145382K, committed 146304K, reserved 1179648K
  class space    used 19903K, committed 20352K, reserved 1048576K
GC Heap History (20 events):
Event: 21.147 GC heap after
{Heap after GC invocations=43 (full 0):
 garbage-first heap   total 220160K, used 120385K [0x0000000080000000, 0x0000000100000000)
  region size 1024K, 6 young (6144K), 6 survivors (6144K)
 Metaspace       used 118733K, committed 119488K, reserved 1179648K
  class space    used 16141K, committed 16512K, reserved 1048576K
}
Event: 21.985 GC heap before
{Heap before GC invocations=44 (full 0):
 garbage-first heap   total 220160K, used 175681K [0x0000000080000000, 0x0000000100000000)
  region size 1024K, 65 young (66560K), 6 survivors (6144K)
 Metaspace       used 126537K, committed 127360K, reserved 1179648K
  class space    used 17562K, committed 17920K, reserved 1048576K
}
Event: 21.992 GC heap after
{Heap after GC invocations=45 (full 0):
 garbage-first heap   total 220160K, used 118411K [0x0000000080000000, 0x0000000100000000)
  region size 1024K, 6 young (6144K), 6 survivors (6144K)
 Metaspace       used 126537K, committed 127360K, reserved 1179648K
  class space    used 17562K, committed 17920K, reserved 1048576K
}
Event: 22.028 GC heap before
{Heap before GC invocations=45 (full 0):
 garbage-first heap   total 220160K, used 122507K [0x0000000080000000, 0x0000000100000000)
  region size 1024K, 10 young (10240K), 6 survivors (6144K)
 Metaspace       used 126732K, committed 127552K, reserved 1179648K
  class space    used 17584K, committed 17984K, reserved 1048576K
}
Event: 22.033 GC heap after
{Heap after GC invocations=46 (full 0):
 garbage-first heap   total 220160K, used 112013K [0x0000000080000000, 0x0000000100000000)
  region size 1024K, 1 young (1024K), 1 survivors (1024K)
 Metaspace       used 126732K, committed 127552K, reserved 1179648K
  class space    used 17584K, committed 17984K, reserved 1048576K
}
Event: 22.750 GC heap before
{Heap before GC invocations=46 (full 0):
 garbage-first heap   total 220160K, used 180621K [0x0000000080000000, 0x0000000100000000)
  region size 1024K, 69 young (70656K), 1 survivors (1024K)
 Metaspace       used 131189K, committed 131968K, reserved 1179648K
  class space    used 18417K, committed 18816K, reserved 1048576K
}
Event: 22.754 GC heap after
{Heap after GC invocations=47 (full 0):
 garbage-first heap   total 220160K, used 114018K [0x0000000080000000, 0x0000000100000000)
  region size 1024K, 3 young (3072K), 3 survivors (3072K)
 Metaspace       used 131189K, committed 131968K, reserved 1179648K
  class space    used 18417K, committed 18816K, reserved 1048576K
}
Event: 24.019 GC heap before
{Heap before GC invocations=48 (full 0):
 garbage-first heap   total 220160K, used 204130K [0x0000000080000000, 0x0000000100000000)
  region size 1024K, 71 young (72704K), 3 survivors (3072K)
 Metaspace       used 138469K, committed 139328K, reserved 1179648K
  class space    used 19236K, committed 19648K, reserved 1048576K
}
Event: 24.028 GC heap after
{Heap after GC invocations=49 (full 0):
 garbage-first heap   total 220160K, used 114688K [0x0000000080000000, 0x0000000100000000)
  region size 1024K, 6 young (6144K), 6 survivors (6144K)
 Metaspace       used 138469K, committed 139328K, reserved 1179648K
  class space    used 19236K, committed 19648K, reserved 1048576K
}
Event: 24.087 GC heap before
{Heap before GC invocations=49 (full 0):
 garbage-first heap   total 220160K, used 117760K [0x0000000080000000, 0x0000000100000000)
  region size 1024K, 10 young (10240K), 6 survivors (6144K)
 Metaspace       used 139004K, committed 139840K, reserved 1179648K
  class space    used 19288K, committed 19712K, reserved 1048576K
}
Event: 24.093 GC heap after
{Heap after GC invocations=50 (full 0):
 garbage-first heap   total 220160K, used 112311K [0x0000000080000000, 0x0000000100000000)
  region size 1024K, 1 young (1024K), 1 survivors (1024K)
 Metaspace       used 139004K, committed 139840K, reserved 1179648K
  class space    used 19288K, committed 19712K, reserved 1048576K
}
Event: 44.810 GC heap before
{Heap before GC invocations=50 (full 0):
 garbage-first heap   total 220160K, used 181943K [0x0000000080000000, 0x0000000100000000)
  region size 1024K, 70 young (71680K), 1 survivors (1024K)
 Metaspace       used 140027K, committed 140928K, reserved 1179648K
  class space    used 19340K, committed 19776K, reserved 1048576K
}
Event: 44.816 GC heap after
{Heap after GC invocations=51 (full 0):
 garbage-first heap   total 220160K, used 119222K [0x0000000080000000, 0x0000000100000000)
  region size 1024K, 8 young (8192K), 8 survivors (8192K)
 Metaspace       used 140027K, committed 140928K, reserved 1179648K
  class space    used 19340K, committed 19776K, reserved 1048576K
}
Event: 107.166 GC heap before
{Heap before GC invocations=51 (full 0):
 garbage-first heap   total 220160K, used 179638K [0x0000000080000000, 0x0000000100000000)
  region size 1024K, 68 young (69632K), 8 survivors (8192K)
 Metaspace       used 140469K, committed 141376K, reserved 1179648K
  class space    used 19367K, committed 19840K, reserved 1048576K
}
Event: 107.173 GC heap after
{Heap after GC invocations=52 (full 0):
 garbage-first heap   total 220160K, used 118117K [0x0000000080000000, 0x0000000100000000)
  region size 1024K, 6 young (6144K), 6 survivors (6144K)
 Metaspace       used 140469K, committed 141376K, reserved 1179648K
  class space    used 19367K, committed 19840K, reserved 1048576K
}
Event: 108.056 GC heap before
{Heap before GC invocations=52 (full 0):
 garbage-first heap   total 220160K, used 182629K [0x0000000080000000, 0x0000000100000000)
  region size 1024K, 67 young (68608K), 6 survivors (6144K)
 Metaspace       used 142450K, committed 143296K, reserved 1179648K
  class space    used 19571K, committed 19968K, reserved 1048576K
}
Event: 108.071 GC heap after
{Heap after GC invocations=53 (full 0):
 garbage-first heap   total 220160K, used 139874K [0x0000000080000000, 0x0000000100000000)
  region size 1024K, 9 young (9216K), 9 survivors (9216K)
 Metaspace       used 142450K, committed 143296K, reserved 1179648K
  class space    used 19571K, committed 19968K, reserved 1048576K
}
Event: 108.539 GC heap before
{Heap before GC invocations=53 (full 0):
 garbage-first heap   total 220160K, used 197218K [0x0000000080000000, 0x0000000100000000)
  region size 1024K, 41 young (41984K), 9 survivors (9216K)
 Metaspace       used 144022K, committed 144960K, reserved 1179648K
  class space    used 19736K, committed 20224K, reserved 1048576K
}
Event: 108.551 GC heap after
{Heap after GC invocations=54 (full 0):
 garbage-first heap   total 220160K, used 145317K [0x0000000080000000, 0x0000000100000000)
  region size 1024K, 6 young (6144K), 6 survivors (6144K)
 Metaspace       used 144022K, committed 144960K, reserved 1179648K
  class space    used 19736K, committed 20224K, reserved 1048576K
}
Event: 109.124 GC heap before
{Heap before GC invocations=54 (full 0):
 garbage-first heap   total 220160K, used 175013K [0x0000000080000000, 0x0000000100000000)
  region size 1024K, 36 young (36864K), 6 survivors (6144K)
 Metaspace       used 145382K, committed 146304K, reserved 1179648K
  class space    used 19903K, committed 20352K, reserved 1048576K
}

