# JRE version: OpenJDK Runtime Environment (17.0.7) (build 17.0.7+0-b2043.56-10550314)
# Java VM: OpenJDK 64-Bit Server VM (17.0.7+0-b2043.56-10550314, mixed mode, tiered, compressed oops, compressed class ptrs, g1 gc, windows-amd64)
GC Precious Log:
 CPUs: 8 total, 8 available
 Memory: 7973M
 Large Page Support: Disabled
 NUMA Support: Disabled
 Compressed Oops: Enabled (32-bit)
 Heap Region Size: 1M
 Heap Min Capacity: 8M
 Heap Initial Capacity: 126M
 Heap Max Capacity: 2G
 Pre-touch: Disabled
 Parallel Workers: 8
 Concurrent Workers: 2
 Concurrent Refinement Workers: 8
 Periodic GC: Disabled
Heap:
 garbage-first heap   total 141312K, used 89588K [0x0000000080000000, 0x0000000100000000)
  region size 1024K, 5 young (5120K), 5 survivors (5120K)
 Metaspace       used 101132K, committed 101824K, reserved 1179648K
  class space    used 13818K, committed 14144K, reserved 1048576K
GC Heap History (20 events):
Event: 17.360 GC heap after
{Heap after GC invocations=34 (full 0):
 garbage-first heap   total 117760K, used 65846K [0x0000000080000000, 0x0000000100000000)
  region size 1024K, 1 young (1024K), 1 survivors (1024K)
 Metaspace       used 83330K, committed 83968K, reserved 1179648K
  class space    used 11119K, committed 11456K, reserved 1048576K
}
Event: 17.371 GC heap before
{Heap before GC invocations=34 (full 0):
 garbage-first heap   total 117760K, used 65846K [0x0000000080000000, 0x0000000100000000)
  region size 1024K, 2 young (2048K), 1 survivors (1024K)
 Metaspace       used 83352K, committed 84032K, reserved 1179648K
  class space    used 11121K, committed 11456K, reserved 1048576K
}
Event: 17.372 GC heap after
{Heap after GC invocations=35 (full 0):
 garbage-first heap   total 117760K, used 65945K [0x0000000080000000, 0x0000000100000000)
  region size 1024K, 1 young (1024K), 1 survivors (1024K)
 Metaspace       used 83352K, committed 84032K, reserved 1179648K
  class space    used 11121K, committed 11456K, reserved 1048576K
}
Event: 17.756 GC heap before
{Heap before GC invocations=36 (full 0):
 garbage-first heap   total 117760K, used 92569K [0x0000000080000000, 0x0000000100000000)
  region size 1024K, 27 young (27648K), 1 survivors (1024K)
 Metaspace       used 85396K, committed 86016K, reserved 1179648K
  class space    used 11508K, committed 11840K, reserved 1048576K
}
Event: 17.759 GC heap after
{Heap after GC invocations=37 (full 0):
 garbage-first heap   total 117760K, used 66237K [0x0000000080000000, 0x0000000100000000)
  region size 1024K, 1 young (1024K), 1 survivors (1024K)
 Metaspace       used 85396K, committed 86016K, reserved 1179648K
  class space    used 11508K, committed 11840K, reserved 1048576K
}
Event: 17.818 GC heap before
{Heap before GC invocations=37 (full 0):
 garbage-first heap   total 117760K, used 70333K [0x0000000080000000, 0x0000000100000000)
  region size 1024K, 5 young (5120K), 1 survivors (1024K)
 Metaspace       used 85774K, committed 86400K, reserved 1179648K
  class space    used 11601K, committed 11904K, reserved 1048576K
}
Event: 17.823 GC heap after
{Heap after GC invocations=38 (full 0):
 garbage-first heap   total 141312K, used 65923K [0x0000000080000000, 0x0000000100000000)
  region size 1024K, 1 young (1024K), 1 survivors (1024K)
 Metaspace       used 85774K, committed 86400K, reserved 1179648K
  class space    used 11601K, committed 11904K, reserved 1048576K
}
Event: 18.595 GC heap before
{Heap before GC invocations=38 (full 0):
 garbage-first heap   total 141312K, used 107907K [0x0000000080000000, 0x0000000100000000)
  region size 1024K, 42 young (43008K), 1 survivors (1024K)
 Metaspace       used 89220K, committed 89856K, reserved 1179648K
  class space    used 12143K, committed 12416K, reserved 1048576K
}
Event: 18.600 GC heap after
{Heap after GC invocations=39 (full 0):
 garbage-first heap   total 141312K, used 68105K [0x0000000080000000, 0x0000000100000000)
  region size 1024K, 3 young (3072K), 3 survivors (3072K)
 Metaspace       used 89220K, committed 89856K, reserved 1179648K
  class space    used 12143K, committed 12416K, reserved 1048576K
}
Event: 19.511 GC heap before
{Heap before GC invocations=40 (full 0):
 garbage-first heap   total 141312K, used 111113K [0x0000000080000000, 0x0000000100000000)
  region size 1024K, 45 young (46080K), 3 survivors (3072K)
 Metaspace       used 92696K, committed 93312K, reserved 1179648K
  class space    used 12670K, committed 12992K, reserved 1048576K
}
Event: 19.518 GC heap after
{Heap after GC invocations=41 (full 0):
 garbage-first heap   total 141312K, used 70507K [0x0000000080000000, 0x0000000100000000)
  region size 1024K, 5 young (5120K), 5 survivors (5120K)
 Metaspace       used 92696K, committed 93312K, reserved 1179648K
  class space    used 12670K, committed 12992K, reserved 1048576K
}
Event: 19.551 GC heap before
{Heap before GC invocations=41 (full 0):
 garbage-first heap   total 141312K, used 71531K [0x0000000080000000, 0x0000000100000000)
  region size 1024K, 6 young (6144K), 5 survivors (5120K)
 Metaspace       used 92841K, committed 93440K, reserved 1179648K
  class space    used 12697K, committed 12992K, reserved 1048576K
}
Event: 19.556 GC heap after
{Heap after GC invocations=42 (full 0):
 garbage-first heap   total 141312K, used 70636K [0x0000000080000000, 0x0000000100000000)
  region size 1024K, 1 young (1024K), 1 survivors (1024K)
 Metaspace       used 92841K, committed 93440K, reserved 1179648K
  class space    used 12697K, committed 12992K, reserved 1048576K
}
Event: 20.707 GC heap before
{Heap before GC invocations=42 (full 0):
 garbage-first heap   total 141312K, used 113644K [0x0000000080000000, 0x0000000100000000)
  region size 1024K, 43 young (44032K), 1 survivors (1024K)
 Metaspace       used 96638K, committed 97280K, reserved 1179648K
  class space    used 13244K, committed 13568K, reserved 1048576K
}
Event: 20.712 GC heap after
{Heap after GC invocations=43 (full 0):
 garbage-first heap   total 141312K, used 73046K [0x0000000080000000, 0x0000000100000000)
  region size 1024K, 3 young (3072K), 3 survivors (3072K)
 Metaspace       used 96638K, committed 97280K, reserved 1179648K
  class space    used 13244K, committed 13568K, reserved 1048576K
}
Event: 21.533 GC heap before
{Heap before GC invocations=43 (full 0):
 garbage-first heap   total 141312K, used 115030K [0x0000000080000000, 0x0000000100000000)
  region size 1024K, 44 young (45056K), 3 survivors (3072K)
 Metaspace       used 97360K, committed 98048K, reserved 1179648K
  class space    used 13330K, committed 13696K, reserved 1048576K
}
Event: 21.543 GC heap after
{Heap after GC invocations=44 (full 0):
 garbage-first heap   total 141312K, used 79266K [0x0000000080000000, 0x0000000100000000)
  region size 1024K, 6 young (6144K), 6 survivors (6144K)
 Metaspace       used 97360K, committed 98048K, reserved 1179648K
  class space    used 13330K, committed 13696K, reserved 1048576K
}
Event: 22.461 GC heap before
{Heap before GC invocations=44 (full 0):
 garbage-first heap   total 141312K, used 118178K [0x0000000080000000, 0x0000000100000000)
  region size 1024K, 40 young (40960K), 6 survivors (6144K)
 Metaspace       used 100251K, committed 100928K, reserved 1179648K
  class space    used 13670K, committed 14016K, reserved 1048576K
}
Event: 22.473 GC heap after
{Heap after GC invocations=45 (full 0):
 garbage-first heap   total 141312K, used 84749K [0x0000000080000000, 0x0000000100000000)
  region size 1024K, 5 young (5120K), 5 survivors (5120K)
 Metaspace       used 100251K, committed 100928K, reserved 1179648K
  class space    used 13670K, committed 14016K, reserved 1048576K
}
Event: 23.703 GC heap before
{Heap before GC invocations=45 (full 0):
 garbage-first heap   total 141312K, used 114445K [0x0000000080000000, 0x0000000100000000)
  region size 1024K, 35 young (35840K), 5 survivors (5120K)
 Metaspace       used 101132K, committed 101824K, reserved 1179648K
  class space    used 13818K, committed 14144K, reserved 1048576K
}

