# JRE version: Java(TM) SE Runtime Environment (21.0.1+12) (build 21.0.1+12-LTS-29)
# Java VM: Java HotSpot(TM) 64-Bit Server VM (21.0.1+12-LTS-29, mixed mode, sharing, tiered, compressed oops, compressed class ptrs, g1 gc, windows-amd64)
GC Precious Log:
 CardTable entry size: 512
 Card Set container configuration: InlinePtr #cards 5 size 8 Array Of Cards #cards 12 size 40 Howl #buckets 4 coarsen threshold 1843 Howl Bitmap #cards 512 size 80 coarsen threshold 460 Card regions per heap region 1 cards per card region 2048
 CPUs: 8 total, 8 available
 Memory: 7973M
 Large Page Support: Disabled
 NUMA Support: Disabled
 Compressed Oops: Enabled (32-bit)
 Heap Region Size: 1M
 Heap Min Capacity: 8M
 Heap Initial Capacity: 126M
 Heap Max Capacity: 2G
 Pre-touch: Disabled
 Parallel Workers: 8
 Concurrent Workers: 2
 Concurrent Refinement Workers: 8
 Periodic GC: Disabled
Heap:
 garbage-first heap   total 186368K, used 129848K [0x0000000080000000, 0x0000000100000000)
  region size 1024K, 16 young (16384K), 5 survivors (5120K)
 Metaspace       used 118896K, committed 121152K, reserved 1179648K
  class space    used 15353K, committed 16512K, reserved 1048576K
GC Heap History (20 events):
Event: 9.811 GC heap before
{Heap before GC invocations=21 (full 0):
 garbage-first heap   total 144384K, used 127927K [0x0000000080000000, 0x0000000100000000)
  region size 1024K, 65 young (66560K), 6 survivors (6144K)
 Metaspace       used 84089K, committed 85760K, reserved 1179648K
  class space    used 11191K, committed 12032K, reserved 1048576K
}
Event: 9.818 GC heap after
{Heap after GC invocations=22 (full 0):
 garbage-first heap   total 144384K, used 72119K [0x0000000080000000, 0x0000000100000000)
  region size 1024K, 8 young (8192K), 8 survivors (8192K)
 Metaspace       used 84089K, committed 85760K, reserved 1179648K
  class space    used 11191K, committed 12032K, reserved 1048576K
}
Event: 10.444 GC heap before
{Heap before GC invocations=23 (full 0):
 garbage-first heap   total 144384K, used 126391K [0x0000000080000000, 0x0000000100000000)
  region size 1024K, 62 young (63488K), 8 survivors (8192K)
 Metaspace       used 92626K, committed 94336K, reserved 1179648K
  class space    used 12047K, committed 12864K, reserved 1048576K
}
Event: 10.449 GC heap after
{Heap after GC invocations=24 (full 0):
 garbage-first heap   total 144384K, used 73945K [0x0000000080000000, 0x0000000100000000)
  region size 1024K, 2 young (2048K), 2 survivors (2048K)
 Metaspace       used 92626K, committed 94336K, reserved 1179648K
  class space    used 12047K, committed 12864K, reserved 1048576K
}
Event: 11.022 GC heap before
{Heap before GC invocations=24 (full 0):
 garbage-first heap   total 144384K, used 131289K [0x0000000080000000, 0x0000000100000000)
  region size 1024K, 57 young (58368K), 2 survivors (2048K)
 Metaspace       used 96721K, committed 98560K, reserved 1179648K
  class space    used 12630K, committed 13568K, reserved 1048576K
}
Event: 11.029 GC heap after
{Heap after GC invocations=25 (full 0):
 garbage-first heap   total 144384K, used 81325K [0x0000000080000000, 0x0000000100000000)
  region size 1024K, 8 young (8192K), 8 survivors (8192K)
 Metaspace       used 96721K, committed 98560K, reserved 1179648K
  class space    used 12630K, committed 13568K, reserved 1048576K
}
Event: 11.370 GC heap before
{Heap before GC invocations=25 (full 0):
 garbage-first heap   total 144384K, used 126381K [0x0000000080000000, 0x0000000100000000)
  region size 1024K, 53 young (54272K), 8 survivors (8192K)
 Metaspace       used 97808K, committed 99648K, reserved 1179648K
  class space    used 12703K, committed 13632K, reserved 1048576K
}
Event: 11.377 GC heap after
{Heap after GC invocations=26 (full 0):
 garbage-first heap   total 144384K, used 87162K [0x0000000080000000, 0x0000000100000000)
  region size 1024K, 6 young (6144K), 6 survivors (6144K)
 Metaspace       used 97808K, committed 99648K, reserved 1179648K
  class space    used 12703K, committed 13632K, reserved 1048576K
}
Event: 12.056 GC heap before
{Heap before GC invocations=27 (full 0):
 garbage-first heap   total 153600K, used 129146K [0x0000000080000000, 0x0000000100000000)
  region size 1024K, 47 young (48128K), 6 survivors (6144K)
 Metaspace       used 101940K, committed 104000K, reserved 1179648K
  class space    used 13362K, committed 14400K, reserved 1048576K
}
Event: 12.064 GC heap after
{Heap after GC invocations=28 (full 0):
 garbage-first heap   total 153600K, used 91089K [0x0000000080000000, 0x0000000100000000)
  region size 1024K, 4 young (4096K), 4 survivors (4096K)
 Metaspace       used 101940K, committed 104000K, reserved 1179648K
  class space    used 13362K, committed 14400K, reserved 1048576K
}
Event: 12.315 GC heap before
{Heap before GC invocations=28 (full 0):
 garbage-first heap   total 153600K, used 139217K [0x0000000080000000, 0x0000000100000000)
  region size 1024K, 50 young (51200K), 4 survivors (4096K)
 Metaspace       used 102603K, committed 104640K, reserved 1179648K
  class space    used 13431K, committed 14464K, reserved 1048576K
}
Event: 12.323 GC heap after
{Heap after GC invocations=29 (full 0):
 garbage-first heap   total 153600K, used 96027K [0x0000000080000000, 0x0000000100000000)
  region size 1024K, 7 young (7168K), 7 survivors (7168K)
 Metaspace       used 102603K, committed 104640K, reserved 1179648K
  class space    used 13431K, committed 14464K, reserved 1048576K
}
Event: 12.666 GC heap before
{Heap before GC invocations=29 (full 0):
 garbage-first heap   total 153600K, used 138011K [0x0000000080000000, 0x0000000100000000)
  region size 1024K, 48 young (49152K), 7 survivors (7168K)
 Metaspace       used 104056K, committed 106048K, reserved 1179648K
  class space    used 13524K, committed 14528K, reserved 1048576K
}
Event: 12.675 GC heap after
{Heap after GC invocations=30 (full 0):
 garbage-first heap   total 184320K, used 102577K [0x0000000080000000, 0x0000000100000000)
  region size 1024K, 6 young (6144K), 6 survivors (6144K)
 Metaspace       used 104056K, committed 106048K, reserved 1179648K
  class space    used 13524K, committed 14528K, reserved 1048576K
}
Event: 13.723 GC heap before
{Heap before GC invocations=31 (full 0):
 garbage-first heap   total 184320K, used 168113K [0x0000000080000000, 0x0000000100000000)
  region size 1024K, 66 young (67584K), 6 survivors (6144K)
 Metaspace       used 108256K, committed 110336K, reserved 1179648K
  class space    used 14059K, committed 15104K, reserved 1048576K
}
Event: 13.731 GC heap after
{Heap after GC invocations=32 (full 0):
 garbage-first heap   total 186368K, used 117198K [0x0000000080000000, 0x0000000100000000)
  region size 1024K, 9 young (9216K), 9 survivors (9216K)
 Metaspace       used 108256K, committed 110336K, reserved 1179648K
  class space    used 14059K, committed 15104K, reserved 1048576K
}
Event: 14.270 GC heap before
{Heap before GC invocations=32 (full 0):
 garbage-first heap   total 186368K, used 165326K [0x0000000080000000, 0x0000000100000000)
  region size 1024K, 56 young (57344K), 9 survivors (9216K)
 Metaspace       used 112881K, committed 115008K, reserved 1179648K
  class space    used 14609K, committed 15680K, reserved 1048576K
}
Event: 14.279 GC heap after
{Heap after GC invocations=33 (full 0):
 garbage-first heap   total 186368K, used 111026K [0x0000000080000000, 0x0000000100000000)
  region size 1024K, 3 young (3072K), 3 survivors (3072K)
 Metaspace       used 112881K, committed 115008K, reserved 1179648K
  class space    used 14609K, committed 15680K, reserved 1048576K
}
Event: 14.904 GC heap before
{Heap before GC invocations=33 (full 0):
 garbage-first heap   total 186368K, used 159154K [0x0000000080000000, 0x0000000100000000)
  region size 1024K, 51 young (52224K), 3 survivors (3072K)
 Metaspace       used 118891K, committed 121152K, reserved 1179648K
  class space    used 15353K, committed 16512K, reserved 1048576K
}
Event: 14.908 GC heap after
{Heap after GC invocations=34 (full 0):
 garbage-first heap   total 186368K, used 113464K [0x0000000080000000, 0x0000000100000000)
  region size 1024K, 5 young (5120K), 5 survivors (5120K)
 Metaspace       used 118891K, committed 121152K, reserved 1179648K
  class space    used 15353K, committed 16512K, reserved 1048576K
}

