# JRE version: OpenJDK Runtime Environment (17.0.9) (build 17.0.9+0--11185874)
# Java VM: OpenJDK 64-Bit Server VM (17.0.9+0--11185874, mixed mode, tiered, compressed oops, compressed class ptrs, g1 gc, windows-amd64)
GC Precious Log:
 CPUs: 8 total, 8 available
 Memory: 7973M
 Large Page Support: Disabled
 NUMA Support: Disabled
 Compressed Oops: Enabled (32-bit)
 Heap Region Size: 1M
 Heap Min Capacity: 8M
 Heap Initial Capacity: 126M
 Heap Max Capacity: 2G
 Pre-touch: Disabled
 Parallel Workers: 8
 Concurrent Workers: 2
 Concurrent Refinement Workers: 8
 Periodic GC: Disabled
Heap:
 garbage-first heap   total 453632K, used 140738K [0x0000000080000000, 0x0000000100000000)
  region size 1024K, 2 young (2048K), 2 survivors (2048K)
 Metaspace       used 142445K, committed 143808K, reserved 1179648K
  class space    used 18879K, committed 19584K, reserved 1048576K
GC Heap History (20 events):
Event: 1890.079 GC heap after
{Heap after GC invocations=79 (full 0):
 garbage-first heap   total 453632K, used 133230K [0x0000000080000000, 0x0000000100000000)
  region size 1024K, 3 young (3072K), 3 survivors (3072K)
 Metaspace       used 141477K, committed 142784K, reserved 1179648K
  class space    used 18915K, committed 19520K, reserved 1048576K
}
Event: 1890.812 GC heap before
{Heap before GC invocations=79 (full 0):
 garbage-first heap   total 453632K, used 228462K [0x0000000080000000, 0x0000000100000000)
  region size 1024K, 97 young (99328K), 3 survivors (3072K)
 Metaspace       used 141899K, committed 143232K, reserved 1179648K
  class space    used 18940K, committed 19584K, reserved 1048576K
}
Event: 1890.823 GC heap after
{Heap after GC invocations=80 (full 0):
 garbage-first heap   total 453632K, used 142845K [0x0000000080000000, 0x0000000100000000)
  region size 1024K, 12 young (12288K), 12 survivors (12288K)
 Metaspace       used 141899K, committed 143232K, reserved 1179648K
  class space    used 18940K, committed 19584K, reserved 1048576K
}
Event: 10634.221 GC heap before
{Heap before GC invocations=81 (full 0):
 garbage-first heap   total 453632K, used 381437K [0x0000000080000000, 0x0000000100000000)
  region size 1024K, 224 young (229376K), 12 survivors (12288K)
 Metaspace       used 141794K, committed 143232K, reserved 1179648K
  class space    used 18916K, committed 19584K, reserved 1048576K
}
Event: 10634.240 GC heap after
{Heap after GC invocations=82 (full 0):
 garbage-first heap   total 453632K, used 148650K [0x0000000080000000, 0x0000000100000000)
  region size 1024K, 18 young (18432K), 18 survivors (18432K)
 Metaspace       used 141794K, committed 143232K, reserved 1179648K
  class space    used 18916K, committed 19584K, reserved 1048576K
}
Event: 10634.402 GC heap before
{Heap before GC invocations=82 (full 0):
 garbage-first heap   total 453632K, used 152746K [0x0000000080000000, 0x0000000100000000)
  region size 1024K, 22 young (22528K), 18 survivors (18432K)
 Metaspace       used 141794K, committed 143232K, reserved 1179648K
  class space    used 18916K, committed 19584K, reserved 1048576K
}
Event: 10634.433 GC heap after
{Heap after GC invocations=83 (full 0):
 garbage-first heap   total 453632K, used 145196K [0x0000000080000000, 0x0000000100000000)
  region size 1024K, 3 young (3072K), 3 survivors (3072K)
 Metaspace       used 141794K, committed 143232K, reserved 1179648K
  class space    used 18916K, committed 19584K, reserved 1048576K
}
Event: 11267.041 GC heap before
{Heap before GC invocations=83 (full 0):
 garbage-first heap   total 453632K, used 275244K [0x0000000080000000, 0x0000000100000000)
  region size 1024K, 132 young (135168K), 3 survivors (3072K)
 Metaspace       used 141940K, committed 143296K, reserved 1179648K
  class space    used 18917K, committed 19584K, reserved 1048576K
}
Event: 11267.059 GC heap after
{Heap after GC invocations=84 (full 0):
 garbage-first heap   total 453632K, used 156667K [0x0000000080000000, 0x0000000100000000)
  region size 1024K, 14 young (14336K), 14 survivors (14336K)
 Metaspace       used 141940K, committed 143296K, reserved 1179648K
  class space    used 18917K, committed 19584K, reserved 1048576K
}
Event: 11396.626 GC heap before
{Heap before GC invocations=85 (full 0):
 garbage-first heap   total 453632K, used 390062K [0x0000000080000000, 0x0000000100000000)
  region size 1024K, 217 young (222208K), 14 survivors (14336K)
 Metaspace       used 141857K, committed 143232K, reserved 1179648K
  class space    used 18853K, committed 19584K, reserved 1048576K
}
Event: 11396.639 GC heap after
{Heap after GC invocations=86 (full 0):
 garbage-first heap   total 453632K, used 165878K [0x0000000080000000, 0x0000000100000000)
  region size 1024K, 19 young (19456K), 19 survivors (19456K)
 Metaspace       used 141857K, committed 143232K, reserved 1179648K
  class space    used 18853K, committed 19584K, reserved 1048576K
}
Event: 11396.660 GC heap before
{Heap before GC invocations=86 (full 0):
 garbage-first heap   total 453632K, used 168950K [0x0000000080000000, 0x0000000100000000)
  region size 1024K, 22 young (22528K), 19 survivors (19456K)
 Metaspace       used 141857K, committed 143232K, reserved 1179648K
  class space    used 18853K, committed 19584K, reserved 1048576K
}
Event: 11396.690 GC heap after
{Heap after GC invocations=87 (full 0):
 garbage-first heap   total 453632K, used 134293K [0x0000000080000000, 0x0000000100000000)
  region size 1024K, 3 young (3072K), 3 survivors (3072K)
 Metaspace       used 141857K, committed 143232K, reserved 1179648K
  class space    used 18853K, committed 19584K, reserved 1048576K
}
Event: 11397.509 GC heap before
{Heap before GC invocations=87 (full 0):
 garbage-first heap   total 453632K, used 218261K [0x0000000080000000, 0x0000000100000000)
  region size 1024K, 87 young (89088K), 3 survivors (3072K)
 Metaspace       used 142194K, committed 143552K, reserved 1179648K
  class space    used 18877K, committed 19584K, reserved 1048576K
}
Event: 11397.518 GC heap after
{Heap after GC invocations=88 (full 0):
 garbage-first heap   total 453632K, used 142726K [0x0000000080000000, 0x0000000100000000)
  region size 1024K, 12 young (12288K), 12 survivors (12288K)
 Metaspace       used 142194K, committed 143552K, reserved 1179648K
  class space    used 18877K, committed 19584K, reserved 1048576K
}
Event: 13004.929 GC heap before
{Heap before GC invocations=89 (full 0):
 garbage-first heap   total 453632K, used 373126K [0x0000000080000000, 0x0000000100000000)
  region size 1024K, 214 young (219136K), 12 survivors (12288K)
 Metaspace       used 142371K, committed 143744K, reserved 1179648K
  class space    used 18877K, committed 19584K, reserved 1048576K
}
Event: 13004.947 GC heap after
{Heap after GC invocations=90 (full 0):
 garbage-first heap   total 453632K, used 155194K [0x0000000080000000, 0x0000000100000000)
  region size 1024K, 22 young (22528K), 22 survivors (22528K)
 Metaspace       used 142371K, committed 143744K, reserved 1179648K
  class space    used 18877K, committed 19584K, reserved 1048576K
}
Event: 13004.959 GC heap before
{Heap before GC invocations=90 (full 0):
 garbage-first heap   total 453632K, used 156218K [0x0000000080000000, 0x0000000100000000)
  region size 1024K, 23 young (23552K), 22 survivors (22528K)
 Metaspace       used 142378K, committed 143744K, reserved 1179648K
  class space    used 18877K, committed 19584K, reserved 1048576K
}
Event: 13004.986 GC heap after
{Heap after GC invocations=91 (full 0):
 garbage-first heap   total 453632K, used 140863K [0x0000000080000000, 0x0000000100000000)
  region size 1024K, 2 young (2048K), 2 survivors (2048K)
 Metaspace       used 142378K, committed 143744K, reserved 1179648K
  class space    used 18877K, committed 19584K, reserved 1048576K
}
Event: 13005.193 GC heap before
{Heap before GC invocations=91 (full 0):
 garbage-first heap   total 453632K, used 160319K [0x0000000080000000, 0x0000000100000000)
  region size 1024K, 23 young (23552K), 2 survivors (2048K)
 Metaspace       used 142445K, committed 143808K, reserved 1179648K
  class space    used 18879K, committed 19584K, reserved 1048576K
}

