# JRE version: OpenJDK Runtime Environment (17.0.9) (build 17.0.9+0--11185874)
# Java VM: OpenJDK 64-Bit Server VM (17.0.9+0--11185874, mixed mode, tiered, compressed oops, compressed class ptrs, g1 gc, windows-amd64)
GC Precious Log:
 CPUs: 8 total, 8 available
 Memory: 7973M
 Large Page Support: Disabled
 NUMA Support: Disabled
 Compressed Oops: Enabled (32-bit)
 Heap Region Size: 1M
 Heap Min Capacity: 8M
 Heap Initial Capacity: 126M
 Heap Max Capacity: 2G
 Pre-touch: Disabled
 Parallel Workers: 8
 Concurrent Workers: 2
 Concurrent Refinement Workers: 8
 Periodic GC: Disabled
Heap:
 garbage-first heap   total 573440K, used 458402K [0x0000000080000000, 0x0000000100000000)
  region size 1024K, 233 young (238592K), 13 survivors (13312K)
 Metaspace       used 154747K, committed 156160K, reserved 1245184K
  class space    used 20522K, committed 21184K, reserved 1048576K
GC Heap History (20 events):
Event: 681.021 GC heap before
{Heap before GC invocations=69 (full 0):
 garbage-first heap   total 374784K, used 298720K [0x0000000080000000, 0x0000000100000000)
  region size 1024K, 169 young (173056K), 11 survivors (11264K)
 Metaspace       used 145516K, committed 146496K, reserved 1179648K
  class space    used 19415K, committed 19904K, reserved 1048576K
}
Event: 681.033 GC heap after
{Heap after GC invocations=70 (full 0):
 garbage-first heap   total 374784K, used 135105K [0x0000000080000000, 0x0000000100000000)
  region size 1024K, 14 young (14336K), 14 survivors (14336K)
 Metaspace       used 145516K, committed 146496K, reserved 1179648K
  class space    used 19415K, committed 19904K, reserved 1048576K
}
Event: 681.110 GC heap before
{Heap before GC invocations=70 (full 0):
 garbage-first heap   total 374784K, used 138177K [0x0000000080000000, 0x0000000100000000)
  region size 1024K, 18 young (18432K), 14 survivors (14336K)
 Metaspace       used 145522K, committed 146496K, reserved 1179648K
  class space    used 19415K, committed 19904K, reserved 1048576K
}
Event: 681.121 GC heap after
{Heap after GC invocations=71 (full 0):
 garbage-first heap   total 374784K, used 130702K [0x0000000080000000, 0x0000000100000000)
  region size 1024K, 3 young (3072K), 3 survivors (3072K)
 Metaspace       used 145522K, committed 146496K, reserved 1179648K
  class space    used 19415K, committed 19904K, reserved 1048576K
}
Event: 681.145 GC heap before
{Heap before GC invocations=71 (full 0):
 garbage-first heap   total 374784K, used 134798K [0x0000000080000000, 0x0000000100000000)
  region size 1024K, 8 young (8192K), 3 survivors (3072K)
 Metaspace       used 145527K, committed 146496K, reserved 1179648K
  class space    used 19415K, committed 19904K, reserved 1048576K
}
Event: 681.147 GC heap after
{Heap after GC invocations=72 (full 0):
 garbage-first heap   total 374784K, used 129908K [0x0000000080000000, 0x0000000100000000)
  region size 1024K, 2 young (2048K), 2 survivors (2048K)
 Metaspace       used 145527K, committed 146496K, reserved 1179648K
  class space    used 19415K, committed 19904K, reserved 1048576K
}
Event: 764.380 GC heap before
{Heap before GC invocations=73 (full 0):
 garbage-first heap   total 374784K, used 305012K [0x0000000080000000, 0x0000000100000000)
  region size 1024K, 144 young (147456K), 2 survivors (2048K)
 Metaspace       used 145967K, committed 147008K, reserved 1179648K
  class space    used 19445K, committed 19968K, reserved 1048576K
}
Event: 764.396 GC heap after
{Heap after GC invocations=74 (full 0):
 garbage-first heap   total 374784K, used 152627K [0x0000000080000000, 0x0000000100000000)
  region size 1024K, 18 young (18432K), 18 survivors (18432K)
 Metaspace       used 145967K, committed 147008K, reserved 1179648K
  class space    used 19445K, committed 19968K, reserved 1048576K
}
Event: 764.402 GC heap before
{Heap before GC invocations=74 (full 0):
 garbage-first heap   total 374784K, used 153651K [0x0000000080000000, 0x0000000100000000)
  region size 1024K, 19 young (19456K), 18 survivors (18432K)
 Metaspace       used 145967K, committed 147008K, reserved 1179648K
  class space    used 19445K, committed 19968K, reserved 1048576K
}
Event: 764.419 GC heap after
{Heap after GC invocations=75 (full 0):
 garbage-first heap   total 374784K, used 150816K [0x0000000080000000, 0x0000000100000000)
  region size 1024K, 2 young (2048K), 2 survivors (2048K)
 Metaspace       used 145967K, committed 147008K, reserved 1179648K
  class space    used 19445K, committed 19968K, reserved 1048576K
}
Event: 765.022 GC heap before
{Heap before GC invocations=75 (full 0):
 garbage-first heap   total 374784K, used 205088K [0x0000000080000000, 0x0000000100000000)
  region size 1024K, 57 young (58368K), 2 survivors (2048K)
 Metaspace       used 146498K, committed 147520K, reserved 1179648K
  class space    used 19469K, committed 19968K, reserved 1048576K
}
Event: 765.112 GC heap after
{Heap after GC invocations=76 (full 0):
 garbage-first heap   total 983040K, used 153854K [0x0000000080000000, 0x0000000100000000)
  region size 1024K, 5 young (5120K), 5 survivors (5120K)
 Metaspace       used 146498K, committed 147520K, reserved 1179648K
  class space    used 19469K, committed 19968K, reserved 1048576K
}
Event: 765.121 GC heap before
{Heap before GC invocations=76 (full 0):
 garbage-first heap   total 983040K, used 165118K [0x0000000080000000, 0x0000000100000000)
  region size 1024K, 7 young (7168K), 5 survivors (5120K)
 Metaspace       used 146500K, committed 147520K, reserved 1179648K
  class space    used 19469K, committed 19968K, reserved 1048576K
}
Event: 765.127 GC heap after
{Heap after GC invocations=77 (full 0):
 garbage-first heap   total 983040K, used 164210K [0x0000000080000000, 0x0000000100000000)
  region size 1024K, 5 young (5120K), 5 survivors (5120K)
 Metaspace       used 146500K, committed 147520K, reserved 1179648K
  class space    used 19469K, committed 19968K, reserved 1048576K
}
Event: 1487.720 GC heap before
{Heap before GC invocations=78 (full 0):
 garbage-first heap   total 608256K, used 546162K [0x0000000080000000, 0x0000000100000000)
  region size 1024K, 320 young (327680K), 5 survivors (5120K)
 Metaspace       used 151965K, committed 153024K, reserved 1245184K
  class space    used 20143K, committed 20672K, reserved 1048576K
}
Event: 1487.729 GC heap after
{Heap after GC invocations=79 (full 0):
 garbage-first heap   total 608256K, used 151339K [0x0000000080000000, 0x0000000100000000)
  region size 1024K, 10 young (10240K), 10 survivors (10240K)
 Metaspace       used 151965K, committed 153024K, reserved 1245184K
  class space    used 20143K, committed 20672K, reserved 1048576K
}
Event: 1488.051 GC heap before
{Heap before GC invocations=79 (full 0):
 garbage-first heap   total 608256K, used 170795K [0x0000000080000000, 0x0000000100000000)
  region size 1024K, 29 young (29696K), 10 survivors (10240K)
 Metaspace       used 152083K, committed 153152K, reserved 1245184K
  class space    used 20147K, committed 20672K, reserved 1048576K
}
Event: 1488.063 GC heap after
{Heap after GC invocations=80 (full 0):
 garbage-first heap   total 608256K, used 146559K [0x0000000080000000, 0x0000000100000000)
  region size 1024K, 4 young (4096K), 4 survivors (4096K)
 Metaspace       used 152083K, committed 153152K, reserved 1245184K
  class space    used 20147K, committed 20672K, reserved 1048576K
}
Event: 1491.112 GC heap before
{Heap before GC invocations=80 (full 0):
 garbage-first heap   total 608256K, used 260223K [0x0000000080000000, 0x0000000100000000)
  region size 1024K, 117 young (119808K), 4 survivors (4096K)
 Metaspace       used 153283K, committed 154368K, reserved 1245184K
  class space    used 20280K, committed 20800K, reserved 1048576K
}
Event: 1491.125 GC heap after
{Heap after GC invocations=81 (full 0):
 garbage-first heap   total 608256K, used 155298K [0x0000000080000000, 0x0000000100000000)
  region size 1024K, 13 young (13312K), 13 survivors (13312K)
 Metaspace       used 153283K, committed 154368K, reserved 1245184K
  class space    used 20280K, committed 20800K, reserved 1048576K
}

