# JRE version: OpenJDK Runtime Environment (17.0.9) (build 17.0.9+0--11185874)
# Java VM: OpenJDK 64-Bit Server VM (17.0.9+0--11185874, mixed mode, tiered, compressed oops, compressed class ptrs, g1 gc, windows-amd64)
GC Precious Log:
 CPUs: 8 total, 8 available
 Memory: 7973M
 Large Page Support: Disabled
 NUMA Support: Disabled
 Compressed Oops: Enabled (32-bit)
 Heap Region Size: 1M
 Heap Min Capacity: 8M
 Heap Initial Capacity: 126M
 Heap Max Capacity: 2G
 Pre-touch: Disabled
 Parallel Workers: 8
 Concurrent Workers: 2
 Concurrent Refinement Workers: 8
 Periodic GC: Disabled
Heap:
 garbage-first heap   total 458752K, used 118953K [0x0000000080000000, 0x0000000100000000)
  region size 1024K, 3 young (3072K), 3 survivors (3072K)
 Metaspace       used 139441K, committed 140672K, reserved 1179648K
  class space    used 18756K, committed 19328K, reserved 1048576K
GC Heap History (20 events):
Event: 3693.171 GC heap after
{Heap after GC invocations=57 (full 0):
 garbage-first heap   total 416768K, used 120592K [0x0000000080000000, 0x0000000100000000)
  region size 1024K, 3 young (3072K), 3 survivors (3072K)
 Metaspace       used 136861K, committed 137792K, reserved 1179648K
  class space    used 18581K, committed 19008K, reserved 1048576K
}
Event: 3694.148 GC heap before
{Heap before GC invocations=57 (full 0):
 garbage-first heap   total 416768K, used 196368K [0x0000000080000000, 0x0000000100000000)
  region size 1024K, 78 young (79872K), 3 survivors (3072K)
 Metaspace       used 137477K, committed 138368K, reserved 1179648K
  class space    used 18608K, committed 19008K, reserved 1048576K
}
Event: 3694.160 GC heap after
{Heap after GC invocations=58 (full 0):
 garbage-first heap   total 416768K, used 129492K [0x0000000080000000, 0x0000000100000000)
  region size 1024K, 11 young (11264K), 11 survivors (11264K)
 Metaspace       used 137477K, committed 138368K, reserved 1179648K
  class space    used 18608K, committed 19008K, reserved 1048576K
}
Event: 3970.180 GC heap before
{Heap before GC invocations=59 (full 0):
 garbage-first heap   total 416768K, used 341460K [0x0000000080000000, 0x0000000100000000)
  region size 1024K, 196 young (200704K), 11 survivors (11264K)
 Metaspace       used 138181K, committed 139136K, reserved 1179648K
  class space    used 18627K, committed 19072K, reserved 1048576K
}
Event: 3970.198 GC heap after
{Heap after GC invocations=60 (full 0):
 garbage-first heap   total 416768K, used 141563K [0x0000000080000000, 0x0000000100000000)
  region size 1024K, 21 young (21504K), 21 survivors (21504K)
 Metaspace       used 138181K, committed 139136K, reserved 1179648K
  class space    used 18627K, committed 19072K, reserved 1048576K
}
Event: 3970.272 GC heap before
{Heap before GC invocations=60 (full 0):
 garbage-first heap   total 416768K, used 164091K [0x0000000080000000, 0x0000000100000000)
  region size 1024K, 22 young (22528K), 21 survivors (21504K)
 Metaspace       used 138197K, committed 139136K, reserved 1179648K
  class space    used 18628K, committed 19072K, reserved 1048576K
}
Event: 3970.289 GC heap after
{Heap after GC invocations=61 (full 0):
 garbage-first heap   total 416768K, used 134039K [0x0000000080000000, 0x0000000100000000)
  region size 1024K, 3 young (3072K), 3 survivors (3072K)
 Metaspace       used 138197K, committed 139136K, reserved 1179648K
  class space    used 18628K, committed 19072K, reserved 1048576K
}
Event: 6201.190 GC heap before
{Heap before GC invocations=61 (full 0):
 garbage-first heap   total 416768K, used 261015K [0x0000000080000000, 0x0000000100000000)
  region size 1024K, 129 young (132096K), 3 survivors (3072K)
 Metaspace       used 138322K, committed 139328K, reserved 1179648K
  class space    used 18630K, committed 19072K, reserved 1048576K
}
Event: 6201.205 GC heap after
{Heap after GC invocations=62 (full 0):
 garbage-first heap   total 416768K, used 142152K [0x0000000080000000, 0x0000000100000000)
  region size 1024K, 11 young (11264K), 11 survivors (11264K)
 Metaspace       used 138322K, committed 139328K, reserved 1179648K
  class space    used 18630K, committed 19072K, reserved 1048576K
}
Event: 6983.080 GC heap before
{Heap before GC invocations=63 (full 0):
 garbage-first heap   total 416768K, used 349000K [0x0000000080000000, 0x0000000100000000)
  region size 1024K, 191 young (195584K), 11 survivors (11264K)
 Metaspace       used 138626K, committed 139648K, reserved 1179648K
  class space    used 18639K, committed 19072K, reserved 1048576K
}
Event: 6983.094 GC heap after
{Heap after GC invocations=64 (full 0):
 garbage-first heap   total 416768K, used 144224K [0x0000000080000000, 0x0000000100000000)
  region size 1024K, 11 young (11264K), 11 survivors (11264K)
 Metaspace       used 138626K, committed 139648K, reserved 1179648K
  class space    used 18639K, committed 19072K, reserved 1048576K
}
Event: 6983.201 GC heap before
{Heap before GC invocations=64 (full 0):
 garbage-first heap   total 416768K, used 153440K [0x0000000080000000, 0x0000000100000000)
  region size 1024K, 20 young (20480K), 11 survivors (11264K)
 Metaspace       used 138763K, committed 139904K, reserved 1179648K
  class space    used 18678K, committed 19200K, reserved 1048576K
}
Event: 6983.220 GC heap after
{Heap after GC invocations=65 (full 0):
 garbage-first heap   total 416768K, used 117806K [0x0000000080000000, 0x0000000100000000)
  region size 1024K, 2 young (2048K), 2 survivors (2048K)
 Metaspace       used 138763K, committed 139904K, reserved 1179648K
  class space    used 18678K, committed 19200K, reserved 1048576K
}
Event: 6983.430 GC heap before
{Heap before GC invocations=65 (full 0):
 garbage-first heap   total 416768K, used 133166K [0x0000000080000000, 0x0000000100000000)
  region size 1024K, 18 young (18432K), 2 survivors (2048K)
 Metaspace       used 138828K, committed 139968K, reserved 1179648K
  class space    used 18689K, committed 19200K, reserved 1048576K
}
Event: 6983.435 GC heap after
{Heap after GC invocations=66 (full 0):
 garbage-first heap   total 416768K, used 119819K [0x0000000080000000, 0x0000000100000000)
  region size 1024K, 4 young (4096K), 4 survivors (4096K)
 Metaspace       used 138828K, committed 139968K, reserved 1179648K
  class space    used 18689K, committed 19200K, reserved 1048576K
}
Event: 7388.912 GC heap before
{Heap before GC invocations=67 (full 0):
 garbage-first heap   total 416768K, used 313355K [0x0000000080000000, 0x0000000100000000)
  region size 1024K, 175 young (179200K), 4 survivors (4096K)
 Metaspace       used 139418K, committed 140608K, reserved 1179648K
  class space    used 18756K, committed 19328K, reserved 1048576K
}
Event: 7388.922 GC heap after
{Heap after GC invocations=68 (full 0):
 garbage-first heap   total 416768K, used 125950K [0x0000000080000000, 0x0000000100000000)
  region size 1024K, 12 young (12288K), 12 survivors (12288K)
 Metaspace       used 139418K, committed 140608K, reserved 1179648K
  class space    used 18756K, committed 19328K, reserved 1048576K
}
Event: 7389.101 GC heap before
{Heap before GC invocations=68 (full 0):
 garbage-first heap   total 416768K, used 133118K [0x0000000080000000, 0x0000000100000000)
  region size 1024K, 20 young (20480K), 12 survivors (12288K)
 Metaspace       used 139425K, committed 140608K, reserved 1179648K
  class space    used 18756K, committed 19328K, reserved 1048576K
}
Event: 7389.111 GC heap after
{Heap after GC invocations=69 (full 0):
 garbage-first heap   total 416768K, used 118680K [0x0000000080000000, 0x0000000100000000)
  region size 1024K, 3 young (3072K), 3 survivors (3072K)
 Metaspace       used 139425K, committed 140608K, reserved 1179648K
  class space    used 18756K, committed 19328K, reserved 1048576K
}
Event: 7389.175 GC heap before
{Heap before GC invocations=69 (full 0):
 garbage-first heap   total 416768K, used 120728K [0x0000000080000000, 0x0000000100000000)
  region size 1024K, 6 young (6144K), 3 survivors (3072K)
 Metaspace       used 139441K, committed 140672K, reserved 1179648K
  class space    used 18756K, committed 19328K, reserved 1048576K
}

