# JRE version: OpenJDK Runtime Environment (17.0.9) (build 17.0.9+0--11185874)
# Java VM: OpenJDK 64-Bit Server VM (17.0.9+0--11185874, mixed mode, tiered, compressed oops, compressed class ptrs, g1 gc, windows-amd64)
GC Precious Log:
 CPUs: 8 total, 8 available
 Memory: 7973M
 Large Page Support: Disabled
 NUMA Support: Disabled
 Compressed Oops: Enabled (32-bit)
 Heap Region Size: 1M
 Heap Min Capacity: 8M
 Heap Initial Capacity: 126M
 Heap Max Capacity: 2G
 Pre-touch: Disabled
 Parallel Workers: 8
 Concurrent Workers: 2
 Concurrent Refinement Workers: 8
 Periodic GC: Disabled
Heap:
 garbage-first heap   total 313344K, used 120963K [0x0000000080000000, 0x0000000100000000)
  region size 1024K, 41 young (41984K), 1 survivors (1024K)
 Metaspace       used 104734K, committed 105536K, reserved 1179648K
  class space    used 14125K, committed 14528K, reserved 1048576K
GC Heap History (20 events):
Event: 13.423 GC heap before
{Heap before GC invocations=48 (full 0):
 garbage-first heap   total 138240K, used 106924K [0x0000000080000000, 0x0000000100000000)
  region size 1024K, 36 young (36864K), 2 survivors (2048K)
 Metaspace       used 90960K, committed 91712K, reserved 1179648K
  class space    used 12320K, committed 12672K, reserved 1048576K
}
Event: 13.427 GC heap after
{Heap after GC invocations=49 (full 0):
 garbage-first heap   total 138240K, used 68547K [0x0000000080000000, 0x0000000100000000)
  region size 1024K, 3 young (3072K), 3 survivors (3072K)
 Metaspace       used 90960K, committed 91712K, reserved 1179648K
  class space    used 12320K, committed 12672K, reserved 1048576K
}
Event: 24.134 GC heap before
{Heap before GC invocations=49 (full 0):
 garbage-first heap   total 138240K, used 104387K [0x0000000080000000, 0x0000000100000000)
  region size 1024K, 39 young (39936K), 3 survivors (3072K)
 Metaspace       used 93200K, committed 93888K, reserved 1179648K
  class space    used 12504K, committed 12864K, reserved 1048576K
}
Event: 24.141 GC heap after
{Heap after GC invocations=50 (full 0):
 garbage-first heap   total 138240K, used 71115K [0x0000000080000000, 0x0000000100000000)
  region size 1024K, 5 young (5120K), 5 survivors (5120K)
 Metaspace       used 93200K, committed 93888K, reserved 1179648K
  class space    used 12504K, committed 12864K, reserved 1048576K
}
Event: 24.737 GC heap before
{Heap before GC invocations=51 (full 0):
 garbage-first heap   total 138240K, used 107979K [0x0000000080000000, 0x0000000100000000)
  region size 1024K, 41 young (41984K), 5 survivors (5120K)
 Metaspace       used 94763K, committed 95488K, reserved 1179648K
  class space    used 12708K, committed 13056K, reserved 1048576K
}
Event: 24.745 GC heap after
{Heap after GC invocations=52 (full 0):
 garbage-first heap   total 138240K, used 74520K [0x0000000080000000, 0x0000000100000000)
  region size 1024K, 6 young (6144K), 6 survivors (6144K)
 Metaspace       used 94763K, committed 95488K, reserved 1179648K
  class space    used 12708K, committed 13056K, reserved 1048576K
}
Event: 24.760 GC heap before
{Heap before GC invocations=52 (full 0):
 garbage-first heap   total 138240K, used 75544K [0x0000000080000000, 0x0000000100000000)
  region size 1024K, 7 young (7168K), 6 survivors (6144K)
 Metaspace       used 94815K, committed 95488K, reserved 1179648K
  class space    used 12717K, committed 13056K, reserved 1048576K
}
Event: 24.766 GC heap after
{Heap after GC invocations=53 (full 0):
 garbage-first heap   total 138240K, used 74121K [0x0000000080000000, 0x0000000100000000)
  region size 1024K, 1 young (1024K), 1 survivors (1024K)
 Metaspace       used 94815K, committed 95488K, reserved 1179648K
  class space    used 12717K, committed 13056K, reserved 1048576K
}
Event: 25.300 GC heap before
{Heap before GC invocations=53 (full 0):
 garbage-first heap   total 138240K, used 108937K [0x0000000080000000, 0x0000000100000000)
  region size 1024K, 35 young (35840K), 1 survivors (1024K)
 Metaspace       used 97921K, committed 98560K, reserved 1179648K
  class space    used 13213K, committed 13504K, reserved 1048576K
}
Event: 25.304 GC heap after
{Heap after GC invocations=54 (full 0):
 garbage-first heap   total 138240K, used 75055K [0x0000000080000000, 0x0000000100000000)
  region size 1024K, 2 young (2048K), 2 survivors (2048K)
 Metaspace       used 97921K, committed 98560K, reserved 1179648K
  class space    used 13213K, committed 13504K, reserved 1048576K
}
Event: 26.020 GC heap before
{Heap before GC invocations=55 (full 0):
 garbage-first heap   total 138240K, used 110895K [0x0000000080000000, 0x0000000100000000)
  region size 1024K, 37 young (37888K), 2 survivors (2048K)
 Metaspace       used 100714K, committed 101440K, reserved 1179648K
  class space    used 13576K, committed 13952K, reserved 1048576K
}
Event: 26.025 GC heap after
{Heap after GC invocations=56 (full 0):
 garbage-first heap   total 138240K, used 78136K [0x0000000080000000, 0x0000000100000000)
  region size 1024K, 5 young (5120K), 5 survivors (5120K)
 Metaspace       used 100714K, committed 101440K, reserved 1179648K
  class space    used 13576K, committed 13952K, reserved 1048576K
}
Event: 26.045 GC heap before
{Heap before GC invocations=56 (full 0):
 garbage-first heap   total 138240K, used 79160K [0x0000000080000000, 0x0000000100000000)
  region size 1024K, 6 young (6144K), 5 survivors (5120K)
 Metaspace       used 100751K, committed 101504K, reserved 1179648K
  class space    used 13583K, committed 13952K, reserved 1048576K
}
Event: 26.051 GC heap after
{Heap after GC invocations=57 (full 0):
 garbage-first heap   total 138240K, used 77401K [0x0000000080000000, 0x0000000100000000)
  region size 1024K, 1 young (1024K), 1 survivors (1024K)
 Metaspace       used 100751K, committed 101504K, reserved 1179648K
  class space    used 13583K, committed 13952K, reserved 1048576K
}
Event: 26.592 GC heap before
{Heap before GC invocations=57 (full 0):
 garbage-first heap   total 138240K, used 111193K [0x0000000080000000, 0x0000000100000000)
  region size 1024K, 35 young (35840K), 1 survivors (1024K)
 Metaspace       used 102198K, committed 102976K, reserved 1179648K
  class space    used 13869K, committed 14208K, reserved 1048576K
}
Event: 26.599 GC heap after
{Heap after GC invocations=58 (full 0):
 garbage-first heap   total 138240K, used 80570K [0x0000000080000000, 0x0000000100000000)
  region size 1024K, 4 young (4096K), 4 survivors (4096K)
 Metaspace       used 102198K, committed 102976K, reserved 1179648K
  class space    used 13869K, committed 14208K, reserved 1048576K
}
Event: 26.918 GC heap before
{Heap before GC invocations=59 (full 0):
 garbage-first heap   total 150528K, used 111290K [0x0000000080000000, 0x0000000100000000)
  region size 1024K, 35 young (35840K), 4 survivors (4096K)
 Metaspace       used 102336K, committed 103104K, reserved 1179648K
  class space    used 13870K, committed 14208K, reserved 1048576K
}
Event: 26.923 GC heap after
{Heap after GC invocations=60 (full 0):
 garbage-first heap   total 150528K, used 82487K [0x0000000080000000, 0x0000000100000000)
  region size 1024K, 3 young (3072K), 3 survivors (3072K)
 Metaspace       used 102336K, committed 103104K, reserved 1179648K
  class space    used 13870K, committed 14208K, reserved 1048576K
}
Event: 26.965 GC heap before
{Heap before GC invocations=60 (full 0):
 garbage-first heap   total 150528K, used 85559K [0x0000000080000000, 0x0000000100000000)
  region size 1024K, 7 young (7168K), 3 survivors (3072K)
 Metaspace       used 102402K, committed 103168K, reserved 1179648K
  class space    used 13873K, committed 14272K, reserved 1048576K
}
Event: 26.979 GC heap after
{Heap after GC invocations=61 (full 0):
 garbage-first heap   total 313344K, used 82051K [0x0000000080000000, 0x0000000100000000)
  region size 1024K, 1 young (1024K), 1 survivors (1024K)
 Metaspace       used 102402K, committed 103168K, reserved 1179648K
  class space    used 13873K, committed 14272K, reserved 1048576K
}

