# JRE version: OpenJDK Runtime Environment (17.0.7) (build 17.0.7+0-b2043.56-10550314)
# Java VM: OpenJDK 64-Bit Server VM (17.0.7+0-b2043.56-10550314, mixed mode, tiered, compressed oops, compressed class ptrs, g1 gc, windows-amd64)
GC Precious Log:
 CPUs: 8 total, 8 available
 Memory: 7973M
 Large Page Support: Disabled
 NUMA Support: Disabled
 Compressed Oops: Enabled (32-bit)
 Heap Region Size: 1M
 Heap Min Capacity: 8M
 Heap Initial Capacity: 126M
 Heap Max Capacity: 2G
 Pre-touch: Disabled
 Parallel Workers: 8
 Concurrent Workers: 2
 Concurrent Refinement Workers: 8
 Periodic GC: Disabled
Heap:
 garbage-first heap   total 275456K, used 177204K [0x0000000080000000, 0x0000000100000000)
  region size 1024K, 22 young (22528K), 6 survivors (6144K)
 Metaspace       used 118460K, committed 119296K, reserved 1179648K
  class space    used 15539K, committed 15936K, reserved 1048576K
GC Heap History (20 events):
Event: 23.555 GC heap before
{Heap before GC invocations=35 (full 0):
 garbage-first heap   total 221184K, used 193315K [0x0000000080000000, 0x0000000100000000)
  region size 1024K, 83 young (84992K), 8 survivors (8192K)
 Metaspace       used 105584K, committed 106368K, reserved 1179648K
  class space    used 14134K, committed 14528K, reserved 1048576K
}
Event: 23.577 GC heap after
{Heap after GC invocations=36 (full 0):
 garbage-first heap   total 229376K, used 128554K [0x0000000080000000, 0x0000000100000000)
  region size 1024K, 11 young (11264K), 11 survivors (11264K)
 Metaspace       used 105584K, committed 106368K, reserved 1179648K
  class space    used 14134K, committed 14528K, reserved 1048576K
}
Event: 24.419 GC heap before
{Heap before GC invocations=36 (full 0):
 garbage-first heap   total 229376K, used 203306K [0x0000000080000000, 0x0000000100000000)
  region size 1024K, 61 young (62464K), 11 survivors (11264K)
 Metaspace       used 106039K, committed 106752K, reserved 1179648K
  class space    used 14165K, committed 14528K, reserved 1048576K
}
Event: 24.432 GC heap after
{Heap after GC invocations=37 (full 0):
 garbage-first heap   total 229376K, used 136121K [0x0000000080000000, 0x0000000100000000)
  region size 1024K, 6 young (6144K), 6 survivors (6144K)
 Metaspace       used 106039K, committed 106752K, reserved 1179648K
  class space    used 14165K, committed 14528K, reserved 1048576K
}
Event: 24.835 GC heap before
{Heap before GC invocations=37 (full 0):
 garbage-first heap   total 229376K, used 183225K [0x0000000080000000, 0x0000000100000000)
  region size 1024K, 53 young (54272K), 6 survivors (6144K)
 Metaspace       used 109227K, committed 110016K, reserved 1179648K
  class space    used 14447K, committed 14784K, reserved 1048576K
}
Event: 24.843 GC heap after
{Heap after GC invocations=38 (full 0):
 garbage-first heap   total 229376K, used 141587K [0x0000000080000000, 0x0000000100000000)
  region size 1024K, 6 young (6144K), 6 survivors (6144K)
 Metaspace       used 109227K, committed 110016K, reserved 1179648K
  class space    used 14447K, committed 14784K, reserved 1048576K
}
Event: 25.123 GC heap before
{Heap before GC invocations=38 (full 0):
 garbage-first heap   total 229376K, used 186643K [0x0000000080000000, 0x0000000100000000)
  region size 1024K, 51 young (52224K), 6 survivors (6144K)
 Metaspace       used 109752K, committed 110592K, reserved 1179648K
  class space    used 14476K, committed 14912K, reserved 1048576K
}
Event: 25.130 GC heap after
{Heap after GC invocations=39 (full 0):
 garbage-first heap   total 229376K, used 144505K [0x0000000080000000, 0x0000000100000000)
  region size 1024K, 3 young (3072K), 3 survivors (3072K)
 Metaspace       used 109752K, committed 110592K, reserved 1179648K
  class space    used 14476K, committed 14912K, reserved 1048576K
}
Event: 25.415 GC heap before
{Heap before GC invocations=39 (full 0):
 garbage-first heap   total 229376K, used 193657K [0x0000000080000000, 0x0000000100000000)
  region size 1024K, 48 young (49152K), 3 survivors (3072K)
 Metaspace       used 110231K, committed 111040K, reserved 1179648K
  class space    used 14510K, committed 14912K, reserved 1048576K
}
Event: 25.421 GC heap after
{Heap after GC invocations=40 (full 0):
 garbage-first heap   total 229376K, used 148332K [0x0000000080000000, 0x0000000100000000)
  region size 1024K, 6 young (6144K), 6 survivors (6144K)
 Metaspace       used 110231K, committed 111040K, reserved 1179648K
  class space    used 14510K, committed 14912K, reserved 1048576K
}
Event: 25.768 GC heap before
{Heap before GC invocations=40 (full 0):
 garbage-first heap   total 229376K, used 191340K [0x0000000080000000, 0x0000000100000000)
  region size 1024K, 49 young (50176K), 6 survivors (6144K)
 Metaspace       used 111407K, committed 112192K, reserved 1179648K
  class space    used 14632K, committed 15040K, reserved 1048576K
}
Event: 25.777 GC heap after
{Heap after GC invocations=41 (full 0):
 garbage-first heap   total 275456K, used 148322K [0x0000000080000000, 0x0000000100000000)
  region size 1024K, 2 young (2048K), 2 survivors (2048K)
 Metaspace       used 111407K, committed 112192K, reserved 1179648K
  class space    used 14632K, committed 15040K, reserved 1048576K
}
Event: 27.068 GC heap before
{Heap before GC invocations=41 (full 0):
 garbage-first heap   total 275456K, used 224098K [0x0000000080000000, 0x0000000100000000)
  region size 1024K, 77 young (78848K), 2 survivors (2048K)
 Metaspace       used 113597K, committed 114432K, reserved 1179648K
  class space    used 14891K, committed 15296K, reserved 1048576K
}
Event: 27.075 GC heap after
{Heap after GC invocations=42 (full 0):
 garbage-first heap   total 275456K, used 152418K [0x0000000080000000, 0x0000000100000000)
  region size 1024K, 6 young (6144K), 6 survivors (6144K)
 Metaspace       used 113597K, committed 114432K, reserved 1179648K
  class space    used 14891K, committed 15296K, reserved 1048576K
}
Event: 27.657 GC heap before
{Heap before GC invocations=42 (full 0):
 garbage-first heap   total 275456K, used 226146K [0x0000000080000000, 0x0000000100000000)
  region size 1024K, 79 young (80896K), 6 survivors (6144K)
 Metaspace       used 114781K, committed 115584K, reserved 1179648K
  class space    used 15042K, committed 15424K, reserved 1048576K
}
Event: 27.668 GC heap after
{Heap after GC invocations=43 (full 0):
 garbage-first heap   total 275456K, used 158301K [0x0000000080000000, 0x0000000100000000)
  region size 1024K, 10 young (10240K), 10 survivors (10240K)
 Metaspace       used 114781K, committed 115584K, reserved 1179648K
  class space    used 15042K, committed 15424K, reserved 1048576K
}
Event: 28.164 GC heap before
{Heap before GC invocations=43 (full 0):
 garbage-first heap   total 275456K, used 241245K [0x0000000080000000, 0x0000000100000000)
  region size 1024K, 79 young (80896K), 10 survivors (10240K)
 Metaspace       used 115855K, committed 116672K, reserved 1179648K
  class space    used 15176K, committed 15616K, reserved 1048576K
}
Event: 28.178 GC heap after
{Heap after GC invocations=44 (full 0):
 garbage-first heap   total 275456K, used 183499K [0x0000000080000000, 0x0000000100000000)
  region size 1024K, 10 young (10240K), 10 survivors (10240K)
 Metaspace       used 115855K, committed 116672K, reserved 1179648K
  class space    used 15176K, committed 15616K, reserved 1048576K
}
Event: 28.516 GC heap before
{Heap before GC invocations=44 (full 0):
 garbage-first heap   total 275456K, used 228555K [0x0000000080000000, 0x0000000100000000)
  region size 1024K, 55 young (56320K), 10 survivors (10240K)
 Metaspace       used 117705K, committed 118528K, reserved 1179648K
  class space    used 15422K, committed 15808K, reserved 1048576K
}
Event: 28.526 GC heap after
{Heap after GC invocations=45 (full 0):
 garbage-first heap   total 275456K, used 188468K [0x0000000080000000, 0x0000000100000000)
  region size 1024K, 6 young (6144K), 6 survivors (6144K)
 Metaspace       used 117705K, committed 118528K, reserved 1179648K
  class space    used 15422K, committed 15808K, reserved 1048576K
}

