# JRE version: OpenJDK Runtime Environment (17.0.9) (build 17.0.9+0--11185874)
# Java VM: OpenJDK 64-Bit Server VM (17.0.9+0--11185874, mixed mode, tiered, compressed oops, compressed class ptrs, g1 gc, windows-amd64)
GC Precious Log:
 CPUs: 8 total, 8 available
 Memory: 7973M
 Large Page Support: Disabled
 NUMA Support: Disabled
 Compressed Oops: Enabled (32-bit)
 Heap Region Size: 1M
 Heap Min Capacity: 8M
 Heap Initial Capacity: 126M
 Heap Max Capacity: 2G
 Pre-touch: Disabled
 Parallel Workers: 8
 Concurrent Workers: 2
 Concurrent Refinement Workers: 8
 Periodic GC: Disabled
Heap:
 garbage-first heap   total 322560K, used 163151K [0x0000000080000000, 0x0000000100000000)
  region size 1024K, 9 young (9216K), 9 survivors (9216K)
 Metaspace       used 120118K, committed 121024K, reserved 1179648K
  class space    used 15821K, committed 16256K, reserved 1048576K
GC Heap History (20 events):
Event: 27.162 GC heap after
{Heap after GC invocations=58 (full 0):
 garbage-first heap   total 310272K, used 84066K [0x0000000080000000, 0x0000000100000000)
  region size 1024K, 1 young (1024K), 1 survivors (1024K)
 Metaspace       used 102785K, committed 103616K, reserved 1179648K
  class space    used 13900K, committed 14336K, reserved 1048576K
}
Event: 28.624 GC heap before
{Heap before GC invocations=58 (full 0):
 garbage-first heap   total 310272K, used 147554K [0x0000000080000000, 0x0000000100000000)
  region size 1024K, 65 young (66560K), 1 survivors (1024K)
 Metaspace       used 104871K, committed 105600K, reserved 1179648K
  class space    used 14092K, committed 14464K, reserved 1048576K
}
Event: 28.633 GC heap after
{Heap after GC invocations=59 (full 0):
 garbage-first heap   total 310272K, used 96173K [0x0000000080000000, 0x0000000100000000)
  region size 1024K, 13 young (13312K), 13 survivors (13312K)
 Metaspace       used 104871K, committed 105600K, reserved 1179648K
  class space    used 14092K, committed 14464K, reserved 1048576K
}
Event: 30.665 GC heap before
{Heap before GC invocations=60 (full 0):
 garbage-first heap   total 310272K, used 282541K [0x0000000080000000, 0x0000000100000000)
  region size 1024K, 152 young (155648K), 13 survivors (13312K)
 Metaspace       used 107039K, committed 107840K, reserved 1179648K
  class space    used 14276K, committed 14656K, reserved 1048576K
}
Event: 30.673 GC heap after
{Heap after GC invocations=61 (full 0):
 garbage-first heap   total 310272K, used 94447K [0x0000000080000000, 0x0000000100000000)
  region size 1024K, 10 young (10240K), 10 survivors (10240K)
 Metaspace       used 107039K, committed 107840K, reserved 1179648K
  class space    used 14276K, committed 14656K, reserved 1048576K
}
Event: 30.747 GC heap before
{Heap before GC invocations=61 (full 0):
 garbage-first heap   total 310272K, used 99567K [0x0000000080000000, 0x0000000100000000)
  region size 1024K, 15 young (15360K), 10 survivors (10240K)
 Metaspace       used 107566K, committed 108416K, reserved 1179648K
  class space    used 14322K, committed 14720K, reserved 1048576K
}
Event: 30.752 GC heap after
{Heap after GC invocations=62 (full 0):
 garbage-first heap   total 310272K, used 94752K [0x0000000080000000, 0x0000000100000000)
  region size 1024K, 2 young (2048K), 2 survivors (2048K)
 Metaspace       used 107566K, committed 108416K, reserved 1179648K
  class space    used 14322K, committed 14720K, reserved 1048576K
}
Event: 31.204 GC heap before
{Heap before GC invocations=62 (full 0):
 garbage-first heap   total 310272K, used 173600K [0x0000000080000000, 0x0000000100000000)
  region size 1024K, 81 young (82944K), 2 survivors (2048K)
 Metaspace       used 109565K, committed 110400K, reserved 1179648K
  class space    used 14512K, committed 14912K, reserved 1048576K
}
Event: 31.208 GC heap after
{Heap after GC invocations=63 (full 0):
 garbage-first heap   total 310272K, used 97951K [0x0000000080000000, 0x0000000100000000)
  region size 1024K, 5 young (5120K), 5 survivors (5120K)
 Metaspace       used 109565K, committed 110400K, reserved 1179648K
  class space    used 14512K, committed 14912K, reserved 1048576K
}
Event: 33.560 GC heap before
{Heap before GC invocations=64 (full 0):
 garbage-first heap   total 310272K, used 249503K [0x0000000080000000, 0x0000000100000000)
  region size 1024K, 148 young (151552K), 5 survivors (5120K)
 Metaspace       used 113065K, committed 113856K, reserved 1179648K
  class space    used 14874K, committed 15232K, reserved 1048576K
}
Event: 33.569 GC heap after
{Heap after GC invocations=65 (full 0):
 garbage-first heap   total 310272K, used 103743K [0x0000000080000000, 0x0000000100000000)
  region size 1024K, 11 young (11264K), 11 survivors (11264K)
 Metaspace       used 113065K, committed 113856K, reserved 1179648K
  class space    used 14874K, committed 15232K, reserved 1048576K
}
Event: 33.606 GC heap before
{Heap before GC invocations=65 (full 0):
 garbage-first heap   total 310272K, used 106815K [0x0000000080000000, 0x0000000100000000)
  region size 1024K, 15 young (15360K), 11 survivors (11264K)
 Metaspace       used 113093K, committed 113856K, reserved 1179648K
  class space    used 14874K, committed 15232K, reserved 1048576K
}
Event: 33.614 GC heap after
{Heap after GC invocations=66 (full 0):
 garbage-first heap   total 310272K, used 104200K [0x0000000080000000, 0x0000000100000000)
  region size 1024K, 2 young (2048K), 2 survivors (2048K)
 Metaspace       used 113093K, committed 113856K, reserved 1179648K
  class space    used 14874K, committed 15232K, reserved 1048576K
}
Event: 35.054 GC heap before
{Heap before GC invocations=66 (full 0):
 garbage-first heap   total 310272K, used 221960K [0x0000000080000000, 0x0000000100000000)
  region size 1024K, 119 young (121856K), 2 survivors (2048K)
 Metaspace       used 114716K, committed 115584K, reserved 1179648K
  class space    used 15069K, committed 15488K, reserved 1048576K
}
Event: 35.062 GC heap after
{Heap after GC invocations=67 (full 0):
 garbage-first heap   total 310272K, used 109533K [0x0000000080000000, 0x0000000100000000)
  region size 1024K, 7 young (7168K), 7 survivors (7168K)
 Metaspace       used 114716K, committed 115584K, reserved 1179648K
  class space    used 15069K, committed 15488K, reserved 1048576K
}
Event: 36.483 GC heap before
{Heap before GC invocations=68 (full 0):
 garbage-first heap   total 310272K, used 289423K [0x0000000080000000, 0x0000000100000000)
  region size 1024K, 140 young (143360K), 7 survivors (7168K)
 Metaspace       used 119449K, committed 120320K, reserved 1179648K
  class space    used 15733K, committed 16192K, reserved 1048576K
}
Event: 36.500 GC heap after
{Heap after GC invocations=69 (full 0):
 garbage-first heap   total 322560K, used 156654K [0x0000000080000000, 0x0000000100000000)
  region size 1024K, 18 young (18432K), 18 survivors (18432K)
 Metaspace       used 119449K, committed 120320K, reserved 1179648K
  class space    used 15733K, committed 16192K, reserved 1048576K
}
Event: 36.508 GC heap before
{Heap before GC invocations=69 (full 0):
 garbage-first heap   total 322560K, used 157678K [0x0000000080000000, 0x0000000100000000)
  region size 1024K, 19 young (19456K), 18 survivors (18432K)
 Metaspace       used 119450K, committed 120320K, reserved 1179648K
  class space    used 15733K, committed 16192K, reserved 1048576K
}
Event: 36.520 GC heap after
{Heap after GC invocations=70 (full 0):
 garbage-first heap   total 322560K, used 155886K [0x0000000080000000, 0x0000000100000000)
  region size 1024K, 2 young (2048K), 2 survivors (2048K)
 Metaspace       used 119450K, committed 120320K, reserved 1179648K
  class space    used 15733K, committed 16192K, reserved 1048576K
}
Event: 36.885 GC heap before
{Heap before GC invocations=70 (full 0):
 garbage-first heap   total 322560K, used 197870K [0x0000000080000000, 0x0000000100000000)
  region size 1024K, 45 young (46080K), 2 survivors (2048K)
 Metaspace       used 120118K, committed 121024K, reserved 1179648K
  class space    used 15821K, committed 16256K, reserved 1048576K
}

