# JRE version: OpenJDK Runtime Environment (17.0.9) (build 17.0.9+0--11185874)
# Java VM: OpenJDK 64-Bit Server VM (17.0.9+0--11185874, mixed mode, tiered, compressed oops, compressed class ptrs, g1 gc, windows-amd64)
GC Precious Log:
 CPUs: 8 total, 8 available
 Memory: 7973M
 Large Page Support: Disabled
 NUMA Support: Disabled
 Compressed Oops: Enabled (32-bit)
 Heap Region Size: 1M
 Heap Min Capacity: 8M
 Heap Initial Capacity: 126M
 Heap Max Capacity: 2G
 Pre-touch: Disabled
 Parallel Workers: 8
 Concurrent Workers: 2
 Concurrent Refinement Workers: 8
 Periodic GC: Disabled
Heap:
 garbage-first heap   total 478208K, used 251344K [0x0000000080000000, 0x0000000100000000)
  region size 1024K, 3 young (3072K), 3 survivors (3072K)
 Metaspace       used 209903K, committed 211136K, reserved 1245184K
  class space    used 27096K, committed 27712K, reserved 1048576K
GC Heap History (20 events):
Event: 3258.893 GC heap after
{Heap after GC invocations=108 (full 0):
 garbage-first heap   total 394240K, used 235974K [0x0000000080000000, 0x0000000100000000)
  region size 1024K, 11 young (11264K), 11 survivors (11264K)
 Metaspace       used 188431K, committed 189568K, reserved 1245184K
  class space    used 23987K, committed 24512K, reserved 1048576K
}
Event: 4924.821 GC heap before
{Heap before GC invocations=108 (full 0):
 garbage-first heap   total 394240K, used 328134K [0x0000000080000000, 0x0000000100000000)
  region size 1024K, 101 young (103424K), 11 survivors (11264K)
 Metaspace       used 188573K, committed 189696K, reserved 1245184K
  class space    used 23992K, committed 24512K, reserved 1048576K
}
Event: 4924.847 GC heap after
{Heap after GC invocations=109 (full 0):
 garbage-first heap   total 394240K, used 229924K [0x0000000080000000, 0x0000000100000000)
  region size 1024K, 3 young (3072K), 3 survivors (3072K)
 Metaspace       used 188573K, committed 189696K, reserved 1245184K
  class space    used 23992K, committed 24512K, reserved 1048576K
}
Event: 4927.477 GC heap before
{Heap before GC invocations=109 (full 0):
 garbage-first heap   total 394240K, used 329252K [0x0000000080000000, 0x0000000100000000)
  region size 1024K, 101 young (103424K), 3 survivors (3072K)
 Metaspace       used 191457K, committed 192704K, reserved 1245184K
  class space    used 24445K, committed 25024K, reserved 1048576K
}
Event: 4927.490 GC heap after
{Heap after GC invocations=110 (full 0):
 garbage-first heap   total 394240K, used 238793K [0x0000000080000000, 0x0000000100000000)
  region size 1024K, 11 young (11264K), 11 survivors (11264K)
 Metaspace       used 191457K, committed 192704K, reserved 1245184K
  class space    used 24445K, committed 25024K, reserved 1048576K
}
Event: 4929.146 GC heap before
{Heap before GC invocations=110 (full 0):
 garbage-first heap   total 394240K, used 331977K [0x0000000080000000, 0x0000000100000000)
  region size 1024K, 100 young (102400K), 11 survivors (11264K)
 Metaspace       used 193401K, committed 194624K, reserved 1245184K
  class space    used 24675K, committed 25216K, reserved 1048576K
}
Event: 4929.278 GC heap after
{Heap after GC invocations=111 (full 0):
 garbage-first heap   total 394240K, used 265491K [0x0000000080000000, 0x0000000100000000)
  region size 1024K, 13 young (13312K), 13 survivors (13312K)
 Metaspace       used 193401K, committed 194624K, reserved 1245184K
  class space    used 24675K, committed 25216K, reserved 1048576K
}
Event: 4930.133 GC heap before
{Heap before GC invocations=111 (full 0):
 garbage-first heap   total 394240K, used 345363K [0x0000000080000000, 0x0000000100000000)
  region size 1024K, 64 young (65536K), 13 survivors (13312K)
 Metaspace       used 195489K, committed 196736K, reserved 1245184K
  class space    used 24915K, committed 25472K, reserved 1048576K
}
Event: 4930.152 GC heap after
{Heap after GC invocations=112 (full 0):
 garbage-first heap   total 394240K, used 273191K [0x0000000080000000, 0x0000000100000000)
  region size 1024K, 6 young (6144K), 6 survivors (6144K)
 Metaspace       used 195489K, committed 196736K, reserved 1245184K
  class space    used 24915K, committed 25472K, reserved 1048576K
}
Event: 4931.560 GC heap before
{Heap before GC invocations=113 (full 0):
 garbage-first heap   total 478208K, used 321319K [0x0000000080000000, 0x0000000100000000)
  region size 1024K, 55 young (56320K), 6 survivors (6144K)
 Metaspace       used 196771K, committed 197824K, reserved 1245184K
  class space    used 25032K, committed 25536K, reserved 1048576K
}
Event: 4931.581 GC heap after
{Heap after GC invocations=114 (full 0):
 garbage-first heap   total 478208K, used 276175K [0x0000000080000000, 0x0000000100000000)
  region size 1024K, 4 young (4096K), 4 survivors (4096K)
 Metaspace       used 196771K, committed 197824K, reserved 1245184K
  class space    used 25032K, committed 25536K, reserved 1048576K
}
Event: 4931.821 GC heap before
{Heap before GC invocations=114 (full 0):
 garbage-first heap   total 478208K, used 294607K [0x0000000080000000, 0x0000000100000000)
  region size 1024K, 23 young (23552K), 4 survivors (4096K)
 Metaspace       used 196812K, committed 197888K, reserved 1245184K
  class space    used 25036K, committed 25536K, reserved 1048576K
}
Event: 4931.838 GC heap after
{Heap after GC invocations=115 (full 0):
 garbage-first heap   total 478208K, used 241869K [0x0000000080000000, 0x0000000100000000)
  region size 1024K, 3 young (3072K), 3 survivors (3072K)
 Metaspace       used 196812K, committed 197888K, reserved 1245184K
  class space    used 25036K, committed 25536K, reserved 1048576K
}
Event: 4932.006 GC heap before
{Heap before GC invocations=115 (full 0):
 garbage-first heap   total 478208K, used 261325K [0x0000000080000000, 0x0000000100000000)
  region size 1024K, 23 young (23552K), 3 survivors (3072K)
 Metaspace       used 196863K, committed 197888K, reserved 1245184K
  class space    used 25053K, committed 25536K, reserved 1048576K
}
Event: 4932.058 GC heap after
{Heap after GC invocations=116 (full 0):
 garbage-first heap   total 478208K, used 229757K [0x0000000080000000, 0x0000000100000000)
  region size 1024K, 3 young (3072K), 3 survivors (3072K)
 Metaspace       used 196863K, committed 197888K, reserved 1245184K
  class space    used 25053K, committed 25536K, reserved 1048576K
}
Event: 4933.915 GC heap before
{Heap before GC invocations=116 (full 0):
 garbage-first heap   total 478208K, used 342397K [0x0000000080000000, 0x0000000100000000)
  region size 1024K, 114 young (116736K), 3 survivors (3072K)
 Metaspace       used 199199K, committed 200384K, reserved 1245184K
  class space    used 25399K, committed 25984K, reserved 1048576K
}
Event: 4933.927 GC heap after
{Heap after GC invocations=117 (full 0):
 garbage-first heap   total 478208K, used 238574K [0x0000000080000000, 0x0000000100000000)
  region size 1024K, 11 young (11264K), 11 survivors (11264K)
 Metaspace       used 199199K, committed 200384K, reserved 1245184K
  class space    used 25399K, committed 25984K, reserved 1048576K
}
Event: 4935.248 GC heap before
{Heap before GC invocations=117 (full 0):
 garbage-first heap   total 478208K, used 353262K [0x0000000080000000, 0x0000000100000000)
  region size 1024K, 124 young (126976K), 11 survivors (11264K)
 Metaspace       used 206915K, committed 208064K, reserved 1245184K
  class space    used 26694K, committed 27264K, reserved 1048576K
}
Event: 4935.338 GC heap after
{Heap after GC invocations=118 (full 0):
 garbage-first heap   total 478208K, used 249645K [0x0000000080000000, 0x0000000100000000)
  region size 1024K, 13 young (13312K), 13 survivors (13312K)
 Metaspace       used 206915K, committed 208064K, reserved 1245184K
  class space    used 26694K, committed 27264K, reserved 1048576K
}
Event: 4936.111 GC heap before
{Heap before GC invocations=118 (full 0):
 garbage-first heap   total 478208K, used 363309K [0x0000000080000000, 0x0000000100000000)
  region size 1024K, 125 young (128000K), 13 survivors (13312K)
 Metaspace       used 209903K, committed 211136K, reserved 1245184K
  class space    used 27096K, committed 27712K, reserved 1048576K
}

