# JRE version: OpenJDK Runtime Environment (17.0.9) (build 17.0.9+0--11185874)
# Java VM: OpenJDK 64-Bit Server VM (17.0.9+0--11185874, mixed mode, tiered, compressed oops, compressed class ptrs, g1 gc, windows-amd64)
GC Precious Log:
 CPUs: 8 total, 8 available
 Memory: 7973M
 Large Page Support: Disabled
 NUMA Support: Disabled
 Compressed Oops: Enabled (32-bit)
 Heap Region Size: 1M
 Heap Min Capacity: 8M
 Heap Initial Capacity: 126M
 Heap Max Capacity: 2G
 Pre-touch: Disabled
 Parallel Workers: 8
 Concurrent Workers: 2
 Concurrent Refinement Workers: 8
 Periodic GC: Disabled
Heap:
 garbage-first heap   total 473088K, used 140247K [0x0000000080000000, 0x0000000100000000)
  region size 1024K, 11 young (11264K), 11 survivors (11264K)
 Metaspace       used 154200K, committed 156032K, reserved 1245184K
  class space    used 20537K, committed 21440K, reserved 1048576K
GC Heap History (20 events):
Event: 12454.730 GC heap after
{Heap after GC invocations=104 (full 0):
 garbage-first heap   total 419840K, used 123744K [0x0000000080000000, 0x0000000100000000)
  region size 1024K, 3 young (3072K), 3 survivors (3072K)
 Metaspace       used 152861K, committed 154688K, reserved 1245184K
  class space    used 20476K, committed 21312K, reserved 1048576K
}
Event: 12455.033 GC heap before
{Heap before GC invocations=104 (full 0):
 garbage-first heap   total 419840K, used 146272K [0x0000000080000000, 0x0000000100000000)
  region size 1024K, 27 young (27648K), 3 survivors (3072K)
 Metaspace       used 152952K, committed 154816K, reserved 1245184K
  class space    used 20493K, committed 21376K, reserved 1048576K
}
Event: 12455.038 GC heap after
{Heap after GC invocations=105 (full 0):
 garbage-first heap   total 419840K, used 125408K [0x0000000080000000, 0x0000000100000000)
  region size 1024K, 4 young (4096K), 4 survivors (4096K)
 Metaspace       used 152952K, committed 154816K, reserved 1245184K
  class space    used 20493K, committed 21376K, reserved 1048576K
}
Event: 12594.132 GC heap before
{Heap before GC invocations=106 (full 0):
 garbage-first heap   total 419840K, used 351712K [0x0000000080000000, 0x0000000100000000)
  region size 1024K, 199 young (203776K), 4 survivors (4096K)
 Metaspace       used 153346K, committed 155136K, reserved 1245184K
  class space    used 20524K, committed 21376K, reserved 1048576K
}
Event: 12594.149 GC heap after
{Heap after GC invocations=107 (full 0):
 garbage-first heap   total 419840K, used 144090K [0x0000000080000000, 0x0000000100000000)
  region size 1024K, 19 young (19456K), 19 survivors (19456K)
 Metaspace       used 153346K, committed 155136K, reserved 1245184K
  class space    used 20524K, committed 21376K, reserved 1048576K
}
Event: 12594.159 GC heap before
{Heap before GC invocations=107 (full 0):
 garbage-first heap   total 419840K, used 145114K [0x0000000080000000, 0x0000000100000000)
  region size 1024K, 20 young (20480K), 19 survivors (19456K)
 Metaspace       used 153346K, committed 155136K, reserved 1245184K
  class space    used 20524K, committed 21376K, reserved 1048576K
}
Event: 12594.181 GC heap after
{Heap after GC invocations=108 (full 0):
 garbage-first heap   total 419840K, used 133628K [0x0000000080000000, 0x0000000100000000)
  region size 1024K, 2 young (2048K), 2 survivors (2048K)
 Metaspace       used 153346K, committed 155136K, reserved 1245184K
  class space    used 20524K, committed 21376K, reserved 1048576K
}
Event: 12594.759 GC heap before
{Heap before GC invocations=108 (full 0):
 garbage-first heap   total 419840K, used 198140K [0x0000000080000000, 0x0000000100000000)
  region size 1024K, 67 young (68608K), 2 survivors (2048K)
 Metaspace       used 153695K, committed 155520K, reserved 1245184K
  class space    used 20547K, committed 21440K, reserved 1048576K
}
Event: 12594.769 GC heap after
{Heap after GC invocations=109 (full 0):
 garbage-first heap   total 419840K, used 141966K [0x0000000080000000, 0x0000000100000000)
  region size 1024K, 10 young (10240K), 10 survivors (10240K)
 Metaspace       used 153695K, committed 155520K, reserved 1245184K
  class space    used 20547K, committed 21440K, reserved 1048576K
}
Event: 20283.565 GC heap before
{Heap before GC invocations=110 (full 0):
 garbage-first heap   total 419840K, used 343694K [0x0000000080000000, 0x0000000100000000)
  region size 1024K, 184 young (188416K), 10 survivors (10240K)
 Metaspace       used 153481K, committed 155520K, reserved 1245184K
  class space    used 20523K, committed 21440K, reserved 1048576K
}
Event: 20283.577 GC heap after
{Heap after GC invocations=111 (full 0):
 garbage-first heap   total 419840K, used 145197K [0x0000000080000000, 0x0000000100000000)
  region size 1024K, 13 young (13312K), 13 survivors (13312K)
 Metaspace       used 153481K, committed 155520K, reserved 1245184K
  class space    used 20523K, committed 21440K, reserved 1048576K
}
Event: 20283.721 GC heap before
{Heap before GC invocations=111 (full 0):
 garbage-first heap   total 419840K, used 152365K [0x0000000080000000, 0x0000000100000000)
  region size 1024K, 20 young (20480K), 13 survivors (13312K)
 Metaspace       used 153506K, committed 155520K, reserved 1245184K
  class space    used 20524K, committed 21440K, reserved 1048576K
}
Event: 20283.757 GC heap after
{Heap after GC invocations=112 (full 0):
 garbage-first heap   total 419840K, used 134243K [0x0000000080000000, 0x0000000100000000)
  region size 1024K, 3 young (3072K), 3 survivors (3072K)
 Metaspace       used 153506K, committed 155520K, reserved 1245184K
  class space    used 20524K, committed 21440K, reserved 1048576K
}
Event: 20284.381 GC heap before
{Heap before GC invocations=112 (full 0):
 garbage-first heap   total 419840K, used 168035K [0x0000000080000000, 0x0000000100000000)
  region size 1024K, 38 young (38912K), 3 survivors (3072K)
 Metaspace       used 153536K, committed 155520K, reserved 1245184K
  class space    used 20524K, committed 21440K, reserved 1048576K
}
Event: 20284.388 GC heap after
{Heap after GC invocations=113 (full 0):
 garbage-first heap   total 419840K, used 138499K [0x0000000080000000, 0x0000000100000000)
  region size 1024K, 7 young (7168K), 7 survivors (7168K)
 Metaspace       used 153536K, committed 155520K, reserved 1245184K
  class space    used 20524K, committed 21440K, reserved 1048576K
}
Event: 20470.188 GC heap before
{Heap before GC invocations=114 (full 0):
 garbage-first heap   total 419840K, used 356611K [0x0000000080000000, 0x0000000100000000)
  region size 1024K, 194 young (198656K), 7 survivors (7168K)
 Metaspace       used 153775K, committed 155520K, reserved 1245184K
  class space    used 20512K, committed 21376K, reserved 1048576K
}
Event: 20470.208 GC heap after
{Heap after GC invocations=115 (full 0):
 garbage-first heap   total 419840K, used 155803K [0x0000000080000000, 0x0000000100000000)
  region size 1024K, 20 young (20480K), 20 survivors (20480K)
 Metaspace       used 153775K, committed 155520K, reserved 1245184K
  class space    used 20512K, committed 21376K, reserved 1048576K
}
Event: 20470.210 GC heap before
{Heap before GC invocations=115 (full 0):
 garbage-first heap   total 419840K, used 156827K [0x0000000080000000, 0x0000000100000000)
  region size 1024K, 21 young (21504K), 20 survivors (20480K)
 Metaspace       used 153775K, committed 155520K, reserved 1245184K
  class space    used 20512K, committed 21376K, reserved 1048576K
}
Event: 20470.231 GC heap after
{Heap after GC invocations=116 (full 0):
 garbage-first heap   total 419840K, used 130445K [0x0000000080000000, 0x0000000100000000)
  region size 1024K, 2 young (2048K), 2 survivors (2048K)
 Metaspace       used 153775K, committed 155520K, reserved 1245184K
  class space    used 20512K, committed 21376K, reserved 1048576K
}
Event: 20471.214 GC heap before
{Heap before GC invocations=116 (full 0):
 garbage-first heap   total 419840K, used 211341K [0x0000000080000000, 0x0000000100000000)
  region size 1024K, 83 young (84992K), 2 survivors (2048K)
 Metaspace       used 154200K, committed 156032K, reserved 1245184K
  class space    used 20537K, committed 21440K, reserved 1048576K
}

