# JRE version: OpenJDK Runtime Environment (17.0.7) (build 17.0.7+0-b2043.56-10550314)
# Java VM: OpenJDK 64-Bit Server VM (17.0.7+0-b2043.56-10550314, mixed mode, tiered, compressed oops, compressed class ptrs, g1 gc, windows-amd64)
GC Precious Log:
 CPUs: 8 total, 8 available
 Memory: 7973M
 Large Page Support: Disabled
 NUMA Support: Disabled
 Compressed Oops: Enabled (32-bit)
 Heap Region Size: 1M
 Heap Min Capacity: 8M
 Heap Initial Capacity: 126M
 Heap Max Capacity: 2G
 Pre-touch: Disabled
 Parallel Workers: 8
 Concurrent Workers: 2
 Concurrent Refinement Workers: 8
 Periodic GC: Disabled
Heap:
 garbage-first heap   total 493568K, used 292739K [0x0000000080000000, 0x0000000100000000)
  region size 1024K, 8 young (8192K), 8 survivors (8192K)
 Metaspace       used 189821K, committed 190848K, reserved 1245184K
  class space    used 24105K, committed 24640K, reserved 1048576K
GC Heap History (20 events):
Event: 38.553 GC heap after
{Heap after GC invocations=67 (full 0):
 garbage-first heap   total 420864K, used 219634K [0x0000000080000000, 0x0000000100000000)
  region size 1024K, 3 young (3072K), 3 survivors (3072K)
 Metaspace       used 166756K, committed 167744K, reserved 1245184K
  class space    used 21659K, committed 22144K, reserved 1048576K
}
Event: 40.807 GC heap before
{Heap before GC invocations=67 (full 0):
 garbage-first heap   total 420864K, used 338418K [0x0000000080000000, 0x0000000100000000)
  region size 1024K, 120 young (122880K), 3 survivors (3072K)
 Metaspace       used 169561K, committed 170560K, reserved 1245184K
  class space    used 21976K, committed 22464K, reserved 1048576K
}
Event: 40.820 GC heap after
{Heap after GC invocations=68 (full 0):
 garbage-first heap   total 488448K, used 225722K [0x0000000080000000, 0x0000000100000000)
  region size 1024K, 9 young (9216K), 9 survivors (9216K)
 Metaspace       used 169561K, committed 170560K, reserved 1245184K
  class space    used 21976K, committed 22464K, reserved 1048576K
}
Event: 2483.343 GC heap before
{Heap before GC invocations=69 (full 0):
 garbage-first heap   total 488448K, used 382394K [0x0000000080000000, 0x0000000100000000)
  region size 1024K, 163 young (166912K), 9 survivors (9216K)
 Metaspace       used 177085K, committed 178240K, reserved 1245184K
  class space    used 22754K, committed 23296K, reserved 1048576K
}
Event: 2483.571 GC heap after
{Heap after GC invocations=70 (full 0):
 garbage-first heap   total 488448K, used 231595K [0x0000000080000000, 0x0000000100000000)
  region size 1024K, 14 young (14336K), 14 survivors (14336K)
 Metaspace       used 177085K, committed 178240K, reserved 1245184K
  class space    used 22754K, committed 23296K, reserved 1048576K
}
Event: 2483.699 GC heap before
{Heap before GC invocations=70 (full 0):
 garbage-first heap   total 488448K, used 239786K [0x0000000080000000, 0x0000000100000000)
  region size 1024K, 23 young (23552K), 14 survivors (14336K)
 Metaspace       used 177121K, committed 178240K, reserved 1245184K
  class space    used 22754K, committed 23296K, reserved 1048576K
}
Event: 2484.005 GC heap after
{Heap after GC invocations=71 (full 0):
 garbage-first heap   total 488448K, used 231399K [0x0000000080000000, 0x0000000100000000)
  region size 1024K, 3 young (3072K), 3 survivors (3072K)
 Metaspace       used 177121K, committed 178240K, reserved 1245184K
  class space    used 22754K, committed 23296K, reserved 1048576K
}
Event: 2488.338 GC heap before
{Heap before GC invocations=71 (full 0):
 garbage-first heap   total 488448K, used 371687K [0x0000000080000000, 0x0000000100000000)
  region size 1024K, 142 young (145408K), 3 survivors (3072K)
 Metaspace       used 180711K, committed 181824K, reserved 1245184K
  class space    used 23247K, committed 23808K, reserved 1048576K
}
Event: 2488.371 GC heap after
{Heap after GC invocations=72 (full 0):
 garbage-first heap   total 488448K, used 246945K [0x0000000080000000, 0x0000000100000000)
  region size 1024K, 18 young (18432K), 18 survivors (18432K)
 Metaspace       used 180711K, committed 181824K, reserved 1245184K
  class space    used 23247K, committed 23808K, reserved 1048576K
}
Event: 2493.045 GC heap before
{Heap before GC invocations=73 (full 0):
 garbage-first heap   total 488448K, used 405665K [0x0000000080000000, 0x0000000100000000)
  region size 1024K, 162 young (165888K), 18 survivors (18432K)
 Metaspace       used 183274K, committed 184448K, reserved 1245184K
  class space    used 23453K, committed 24064K, reserved 1048576K
}
Event: 2493.070 GC heap after
{Heap after GC invocations=74 (full 0):
 garbage-first heap   total 488448K, used 250579K [0x0000000080000000, 0x0000000100000000)
  region size 1024K, 4 young (4096K), 4 survivors (4096K)
 Metaspace       used 183274K, committed 184448K, reserved 1245184K
  class space    used 23453K, committed 24064K, reserved 1048576K
}
Event: 2493.485 GC heap before
{Heap before GC invocations=74 (full 0):
 garbage-first heap   total 488448K, used 269011K [0x0000000080000000, 0x0000000100000000)
  region size 1024K, 23 young (23552K), 4 survivors (4096K)
 Metaspace       used 184160K, committed 185088K, reserved 1245184K
  class space    used 23560K, committed 24064K, reserved 1048576K
}
Event: 2493.540 GC heap after
{Heap after GC invocations=75 (full 0):
 garbage-first heap   total 488448K, used 238034K [0x0000000080000000, 0x0000000100000000)
  region size 1024K, 3 young (3072K), 3 survivors (3072K)
 Metaspace       used 184160K, committed 185088K, reserved 1245184K
  class space    used 23560K, committed 24064K, reserved 1048576K
}
Event: 2528.100 GC heap before
{Heap before GC invocations=75 (full 0):
 garbage-first heap   total 488448K, used 396754K [0x0000000080000000, 0x0000000100000000)
  region size 1024K, 159 young (162816K), 3 survivors (3072K)
 Metaspace       used 185914K, committed 186944K, reserved 1245184K
  class space    used 23798K, committed 24320K, reserved 1048576K
}
Event: 2528.124 GC heap after
{Heap after GC invocations=76 (full 0):
 garbage-first heap   total 488448K, used 249691K [0x0000000080000000, 0x0000000100000000)
  region size 1024K, 15 young (15360K), 15 survivors (15360K)
 Metaspace       used 185914K, committed 186944K, reserved 1245184K
  class space    used 23798K, committed 24320K, reserved 1048576K
}
Event: 2530.769 GC heap before
{Heap before GC invocations=77 (full 0):
 garbage-first heap   total 488448K, used 442203K [0x0000000080000000, 0x0000000100000000)
  region size 1024K, 162 young (165888K), 15 survivors (15360K)
 Metaspace       used 186665K, committed 187712K, reserved 1245184K
  class space    used 23844K, committed 24384K, reserved 1048576K
}
Event: 2530.867 GC heap after
{Heap after GC invocations=78 (full 0):
 garbage-first heap   total 493568K, used 286494K [0x0000000080000000, 0x0000000100000000)
  region size 1024K, 21 young (21504K), 21 survivors (21504K)
 Metaspace       used 186665K, committed 187712K, reserved 1245184K
  class space    used 23844K, committed 24384K, reserved 1048576K
}
Event: 2530.876 GC heap before
{Heap before GC invocations=78 (full 0):
 garbage-first heap   total 493568K, used 289566K [0x0000000080000000, 0x0000000100000000)
  region size 1024K, 24 young (24576K), 21 survivors (21504K)
 Metaspace       used 186675K, committed 187776K, reserved 1245184K
  class space    used 23844K, committed 24384K, reserved 1048576K
}
Event: 2530.898 GC heap after
{Heap after GC invocations=79 (full 0):
 garbage-first heap   total 493568K, used 287638K [0x0000000080000000, 0x0000000100000000)
  region size 1024K, 3 young (3072K), 3 survivors (3072K)
 Metaspace       used 186675K, committed 187776K, reserved 1245184K
  class space    used 23844K, committed 24384K, reserved 1048576K
}
Event: 2531.848 GC heap before
{Heap before GC invocations=79 (full 0):
 garbage-first heap   total 493568K, used 398230K [0x0000000080000000, 0x0000000100000000)
  region size 1024K, 112 young (114688K), 3 survivors (3072K)
 Metaspace       used 189821K, committed 190848K, reserved 1245184K
  class space    used 24105K, committed 24640K, reserved 1048576K
}

