# JRE version: OpenJDK Runtime Environment (17.0.7) (build 17.0.7+0-b2043.56-10550314)
# Java VM: OpenJDK 64-Bit Server VM (17.0.7+0-b2043.56-10550314, mixed mode, tiered, compressed oops, compressed class ptrs, g1 gc, windows-amd64)
GC Precious Log:
 CPUs: 8 total, 8 available
 Memory: 7973M
 Large Page Support: Disabled
 NUMA Support: Disabled
 Compressed Oops: Enabled (32-bit)
 Heap Region Size: 1M
 Heap Min Capacity: 8M
 Heap Initial Capacity: 126M
 Heap Max Capacity: 2G
 Pre-touch: Disabled
 Parallel Workers: 8
 Concurrent Workers: 2
 Concurrent Refinement Workers: 8
 Periodic GC: Disabled
Heap:
 garbage-first heap   total 406528K, used 269013K [0x0000000080000000, 0x0000000100000000)
  region size 1024K, 55 young (56320K), 2 survivors (2048K)
 Metaspace       used 160947K, committed 161792K, reserved 1245184K
  class space    used 21025K, committed 21440K, reserved 1048576K
GC Heap History (20 events):
Event: 44.255 GC heap before
{Heap before GC invocations=72 (full 0):
 garbage-first heap   total 270336K, used 256671K [0x0000000080000000, 0x0000000100000000)
  region size 1024K, 75 young (76800K), 1 survivors (1024K)
 Metaspace       used 148522K, committed 149312K, reserved 1179648K
  class space    used 19405K, committed 19776K, reserved 1048576K
}
Event: 44.278 GC heap after
{Heap after GC invocations=73 (full 0):
 garbage-first heap   total 270336K, used 181129K [0x0000000080000000, 0x0000000100000000)
  region size 1024K, 10 young (10240K), 10 survivors (10240K)
 Metaspace       used 148522K, committed 149312K, reserved 1179648K
  class space    used 19405K, committed 19776K, reserved 1048576K
}
Event: 44.888 GC heap before
{Heap before GC invocations=73 (full 0):
 garbage-first heap   total 270336K, used 198537K [0x0000000080000000, 0x0000000100000000)
  region size 1024K, 28 young (28672K), 10 survivors (10240K)
 Metaspace       used 149392K, committed 150272K, reserved 1245184K
  class space    used 19549K, committed 19968K, reserved 1048576K
}
Event: 44.904 GC heap after
{Heap after GC invocations=74 (full 0):
 garbage-first heap   total 270336K, used 181513K [0x0000000080000000, 0x0000000100000000)
  region size 1024K, 2 young (2048K), 2 survivors (2048K)
 Metaspace       used 149392K, committed 150272K, reserved 1245184K
  class space    used 19549K, committed 19968K, reserved 1048576K
}
Event: 46.022 GC heap before
{Heap before GC invocations=75 (full 0):
 garbage-first heap   total 336896K, used 231689K [0x0000000080000000, 0x0000000100000000)
  region size 1024K, 48 young (49152K), 2 survivors (2048K)
 Metaspace       used 149407K, committed 150272K, reserved 1245184K
  class space    used 19551K, committed 19968K, reserved 1048576K
}
Event: 46.165 GC heap after
{Heap after GC invocations=76 (full 0):
 garbage-first heap   total 336896K, used 199173K [0x0000000080000000, 0x0000000100000000)
  region size 1024K, 6 young (6144K), 6 survivors (6144K)
 Metaspace       used 149407K, committed 150272K, reserved 1245184K
  class space    used 19551K, committed 19968K, reserved 1048576K
}
Event: 47.020 GC heap before
{Heap before GC invocations=76 (full 0):
 garbage-first heap   total 336896K, used 208389K [0x0000000080000000, 0x0000000100000000)
  region size 1024K, 16 young (16384K), 6 survivors (6144K)
 Metaspace       used 149423K, committed 150272K, reserved 1245184K
  class space    used 19551K, committed 19968K, reserved 1048576K
}
Event: 47.039 GC heap after
{Heap after GC invocations=77 (full 0):
 garbage-first heap   total 336896K, used 196705K [0x0000000080000000, 0x0000000100000000)
  region size 1024K, 1 young (1024K), 1 survivors (1024K)
 Metaspace       used 149423K, committed 150272K, reserved 1245184K
  class space    used 19551K, committed 19968K, reserved 1048576K
}
Event: 52.194 GC heap before
{Heap before GC invocations=77 (full 0):
 garbage-first heap   total 336896K, used 263265K [0x0000000080000000, 0x0000000100000000)
  region size 1024K, 66 young (67584K), 1 survivors (1024K)
 Metaspace       used 149428K, committed 150272K, reserved 1245184K
  class space    used 19551K, committed 19968K, reserved 1048576K
}
Event: 52.202 GC heap after
{Heap after GC invocations=78 (full 0):
 garbage-first heap   total 336896K, used 199401K [0x0000000080000000, 0x0000000100000000)
  region size 1024K, 4 young (4096K), 4 survivors (4096K)
 Metaspace       used 149428K, committed 150272K, reserved 1245184K
  class space    used 19551K, committed 19968K, reserved 1048576K
}
Event: 59.919 GC heap before
{Heap before GC invocations=78 (full 0):
 garbage-first heap   total 336896K, used 269033K [0x0000000080000000, 0x0000000100000000)
  region size 1024K, 72 young (73728K), 4 survivors (4096K)
 Metaspace       used 149434K, committed 150272K, reserved 1245184K
  class space    used 19552K, committed 19968K, reserved 1048576K
}
Event: 59.934 GC heap after
{Heap after GC invocations=79 (full 0):
 garbage-first heap   total 336896K, used 202345K [0x0000000080000000, 0x0000000100000000)
  region size 1024K, 7 young (7168K), 7 survivors (7168K)
 Metaspace       used 149434K, committed 150272K, reserved 1245184K
  class space    used 19552K, committed 19968K, reserved 1048576K
}
Event: 64.259 GC heap before
{Heap before GC invocations=79 (full 0):
 garbage-first heap   total 336896K, used 274025K [0x0000000080000000, 0x0000000100000000)
  region size 1024K, 77 young (78848K), 7 survivors (7168K)
 Metaspace       used 149434K, committed 150272K, reserved 1245184K
  class space    used 19552K, committed 19968K, reserved 1048576K
}
Event: 64.267 GC heap after
{Heap after GC invocations=80 (full 0):
 garbage-first heap   total 336896K, used 205758K [0x0000000080000000, 0x0000000100000000)
  region size 1024K, 7 young (7168K), 7 survivors (7168K)
 Metaspace       used 149434K, committed 150272K, reserved 1245184K
  class space    used 19552K, committed 19968K, reserved 1048576K
}
Event: 66.404 GC heap before
{Heap before GC invocations=80 (full 0):
 garbage-first heap   total 336896K, used 279486K [0x0000000080000000, 0x0000000100000000)
  region size 1024K, 70 young (71680K), 7 survivors (7168K)
 Metaspace       used 149468K, committed 150336K, reserved 1245184K
  class space    used 19563K, committed 19968K, reserved 1048576K
}
Event: 66.413 GC heap after
{Heap after GC invocations=81 (full 0):
 garbage-first heap   total 336896K, used 219400K [0x0000000080000000, 0x0000000100000000)
  region size 1024K, 7 young (7168K), 7 survivors (7168K)
 Metaspace       used 149468K, committed 150336K, reserved 1245184K
  class space    used 19563K, committed 19968K, reserved 1048576K
}
Event: 67.567 GC heap before
{Heap before GC invocations=82 (full 0):
 garbage-first heap   total 406528K, used 285960K [0x0000000080000000, 0x0000000100000000)
  region size 1024K, 65 young (66560K), 7 survivors (7168K)
 Metaspace       used 154459K, committed 155328K, reserved 1245184K
  class space    used 20182K, committed 20544K, reserved 1048576K
}
Event: 67.583 GC heap after
{Heap after GC invocations=83 (full 0):
 garbage-first heap   total 406528K, used 217159K [0x0000000080000000, 0x0000000100000000)
  region size 1024K, 9 young (9216K), 9 survivors (9216K)
 Metaspace       used 154459K, committed 155328K, reserved 1245184K
  class space    used 20182K, committed 20544K, reserved 1048576K
}
Event: 67.861 GC heap before
{Heap before GC invocations=83 (full 0):
 garbage-first heap   total 406528K, used 227399K [0x0000000080000000, 0x0000000100000000)
  region size 1024K, 19 young (19456K), 9 survivors (9216K)
 Metaspace       used 155254K, committed 156160K, reserved 1245184K
  class space    used 20313K, committed 20736K, reserved 1048576K
}
Event: 67.870 GC heap after
{Heap after GC invocations=84 (full 0):
 garbage-first heap   total 406528K, used 215765K [0x0000000080000000, 0x0000000100000000)
  region size 1024K, 2 young (2048K), 2 survivors (2048K)
 Metaspace       used 155254K, committed 156160K, reserved 1245184K
  class space    used 20313K, committed 20736K, reserved 1048576K
}

