# JRE version: OpenJDK Runtime Environment (17.0.10) (build 17.0.10+0--11609105)
# Java VM: OpenJDK 64-Bit Server VM (17.0.10+0--11609105, mixed mode, tiered, compressed oops, compressed class ptrs, g1 gc, windows-amd64)
GC Precious Log:
 CPUs: 8 total, 8 available
 Memory: 7973M
 Large Page Support: Disabled
 NUMA Support: Disabled
 Compressed Oops: Enabled (32-bit)
 Heap Region Size: 1M
 Heap Min Capacity: 8M
 Heap Initial Capacity: 126M
 Heap Max Capacity: 2G
 Pre-touch: Disabled
 Parallel Workers: 8
 Concurrent Workers: 2
 Concurrent Refinement Workers: 8
 Periodic GC: Disabled
Heap:
 garbage-first heap   total 440320K, used 167480K [0x0000000080000000, 0x0000000100000000)
  region size 1024K, 2 young (2048K), 2 survivors (2048K)
 Metaspace       used 146165K, committed 147136K, reserved 1179648K
  class space    used 19775K, committed 20288K, reserved 1048576K
GC Heap History (20 events):
Event: 29.962 GC heap after
{Heap after GC invocations=57 (full 0):
 garbage-first heap   total 331776K, used 252820K [0x0000000080000000, 0x0000000100000000)
  region size 1024K, 5 young (5120K), 5 survivors (5120K)
 Metaspace       used 139593K, committed 140480K, reserved 1179648K
  class space    used 19168K, committed 19584K, reserved 1048576K
}
Event: 29.964 GC heap before
{Heap before GC invocations=57 (full 0):
 garbage-first heap   total 331776K, used 254868K [0x0000000080000000, 0x0000000100000000)
  region size 1024K, 6 young (6144K), 5 survivors (5120K)
 Metaspace       used 139593K, committed 140480K, reserved 1179648K
  class space    used 19168K, committed 19584K, reserved 1048576K
}
Event: 29.968 GC heap after
{Heap after GC invocations=58 (full 0):
 garbage-first heap   total 398336K, used 253060K [0x0000000080000000, 0x0000000100000000)
  region size 1024K, 1 young (1024K), 1 survivors (1024K)
 Metaspace       used 139593K, committed 140480K, reserved 1179648K
  class space    used 19168K, committed 19584K, reserved 1048576K
}
Event: 29.970 GC heap before
{Heap before GC invocations=58 (full 0):
 garbage-first heap   total 398336K, used 255108K [0x0000000080000000, 0x0000000100000000)
  region size 1024K, 2 young (2048K), 1 survivors (1024K)
 Metaspace       used 139593K, committed 140480K, reserved 1179648K
  class space    used 19168K, committed 19584K, reserved 1048576K
}
Event: 29.972 GC heap after
{Heap after GC invocations=59 (full 0):
 garbage-first heap   total 398336K, used 252571K [0x0000000080000000, 0x0000000100000000)
  region size 1024K, 1 young (1024K), 1 survivors (1024K)
 Metaspace       used 139593K, committed 140480K, reserved 1179648K
  class space    used 19168K, committed 19584K, reserved 1048576K
}
Event: 30.072 GC heap before
{Heap before GC invocations=59 (full 0):
 garbage-first heap   total 398336K, used 393883K [0x0000000080000000, 0x0000000100000000)
  region size 1024K, 2 young (2048K), 1 survivors (1024K)
 Metaspace       used 139593K, committed 140480K, reserved 1179648K
  class space    used 19168K, committed 19584K, reserved 1048576K
}
Event: 30.073 GC heap after
{Heap after GC invocations=60 (full 0):
 garbage-first heap   total 398336K, used 252480K [0x0000000080000000, 0x0000000100000000)
  region size 1024K, 1 young (1024K), 1 survivors (1024K)
 Metaspace       used 139593K, committed 140480K, reserved 1179648K
  class space    used 19168K, committed 19584K, reserved 1048576K
}
Event: 712.141 GC heap before
{Heap before GC invocations=61 (full 0):
 garbage-first heap   total 440320K, used 352832K [0x0000000080000000, 0x0000000100000000)
  region size 1024K, 92 young (94208K), 1 survivors (1024K)
 Metaspace       used 144748K, committed 145600K, reserved 1179648K
  class space    used 19691K, committed 20096K, reserved 1048576K
}
Event: 712.149 GC heap after
{Heap after GC invocations=62 (full 0):
 garbage-first heap   total 440320K, used 217806K [0x0000000080000000, 0x0000000100000000)
  region size 1024K, 3 young (3072K), 3 survivors (3072K)
 Metaspace       used 144748K, committed 145600K, reserved 1179648K
  class space    used 19691K, committed 20096K, reserved 1048576K
}
Event: 712.526 GC heap before
{Heap before GC invocations=62 (full 0):
 garbage-first heap   total 440320K, used 236238K [0x0000000080000000, 0x0000000100000000)
  region size 1024K, 21 young (21504K), 3 survivors (3072K)
 Metaspace       used 144838K, committed 145664K, reserved 1179648K
  class space    used 19692K, committed 20096K, reserved 1048576K
}
Event: 712.540 GC heap after
{Heap after GC invocations=63 (full 0):
 garbage-first heap   total 440320K, used 178040K [0x0000000080000000, 0x0000000100000000)
  region size 1024K, 3 young (3072K), 3 survivors (3072K)
 Metaspace       used 144838K, committed 145664K, reserved 1179648K
  class space    used 19692K, committed 20096K, reserved 1048576K
}
Event: 712.911 GC heap before
{Heap before GC invocations=63 (full 0):
 garbage-first heap   total 440320K, used 196472K [0x0000000080000000, 0x0000000100000000)
  region size 1024K, 21 young (21504K), 3 survivors (3072K)
 Metaspace       used 145087K, committed 145920K, reserved 1179648K
  class space    used 19698K, committed 20096K, reserved 1048576K
}
Event: 712.921 GC heap after
{Heap after GC invocations=64 (full 0):
 garbage-first heap   total 440320K, used 173462K [0x0000000080000000, 0x0000000100000000)
  region size 1024K, 3 young (3072K), 3 survivors (3072K)
 Metaspace       used 145087K, committed 145920K, reserved 1179648K
  class space    used 19698K, committed 20096K, reserved 1048576K
}
Event: 714.513 GC heap before
{Heap before GC invocations=64 (full 0):
 garbage-first heap   total 440320K, used 289174K [0x0000000080000000, 0x0000000100000000)
  region size 1024K, 118 young (120832K), 3 survivors (3072K)
 Metaspace       used 145418K, committed 146368K, reserved 1179648K
  class space    used 19722K, committed 20224K, reserved 1048576K
}
Event: 714.526 GC heap after
{Heap after GC invocations=65 (full 0):
 garbage-first heap   total 440320K, used 187225K [0x0000000080000000, 0x0000000100000000)
  region size 1024K, 17 young (17408K), 17 survivors (17408K)
 Metaspace       used 145418K, committed 146368K, reserved 1179648K
  class space    used 19722K, committed 20224K, reserved 1048576K
}
Event: 716.219 GC heap before
{Heap before GC invocations=66 (full 0):
 garbage-first heap   total 440320K, used 358233K [0x0000000080000000, 0x0000000100000000)
  region size 1024K, 183 young (187392K), 17 survivors (17408K)
 Metaspace       used 146101K, committed 147136K, reserved 1179648K
  class space    used 19773K, committed 20288K, reserved 1048576K
}
Event: 716.234 GC heap after
{Heap after GC invocations=67 (full 0):
 garbage-first heap   total 440320K, used 192701K [0x0000000080000000, 0x0000000100000000)
  region size 1024K, 9 young (9216K), 9 survivors (9216K)
 Metaspace       used 146101K, committed 147136K, reserved 1179648K
  class space    used 19773K, committed 20288K, reserved 1048576K
}
Event: 716.388 GC heap before
{Heap before GC invocations=67 (full 0):
 garbage-first heap   total 440320K, used 203965K [0x0000000080000000, 0x0000000100000000)
  region size 1024K, 21 young (21504K), 9 survivors (9216K)
 Metaspace       used 146163K, committed 147136K, reserved 1179648K
  class space    used 19775K, committed 20288K, reserved 1048576K
}
Event: 716.410 GC heap after
{Heap after GC invocations=68 (full 0):
 garbage-first heap   total 440320K, used 167927K [0x0000000080000000, 0x0000000100000000)
  region size 1024K, 2 young (2048K), 2 survivors (2048K)
 Metaspace       used 146163K, committed 147136K, reserved 1179648K
  class space    used 19775K, committed 20288K, reserved 1048576K
}
Event: 716.435 GC heap before
{Heap before GC invocations=68 (full 0):
 garbage-first heap   total 440320K, used 172023K [0x0000000080000000, 0x0000000100000000)
  region size 1024K, 8 young (8192K), 2 survivors (2048K)
 Metaspace       used 146165K, committed 147136K, reserved 1179648K
  class space    used 19775K, committed 20288K, reserved 1048576K
}

