# JRE version: OpenJDK Runtime Environment (17.0.7) (build 17.0.7+0-b2043.56-10550314)
# Java VM: OpenJDK 64-Bit Server VM (17.0.7+0-b2043.56-10550314, mixed mode, tiered, compressed oops, compressed class ptrs, g1 gc, windows-amd64)
GC Precious Log:
 CPUs: 8 total, 8 available
 Memory: 7973M
 Large Page Support: Disabled
 NUMA Support: Disabled
 Compressed Oops: Enabled (32-bit)
 Heap Region Size: 1M
 Heap Min Capacity: 8M
 Heap Initial Capacity: 126M
 Heap Max Capacity: 2G
 Pre-touch: Disabled
 Parallel Workers: 8
 Concurrent Workers: 2
 Concurrent Refinement Workers: 8
 Periodic GC: Disabled
Heap:
 garbage-first heap   total 394240K, used 200113K [0x0000000080000000, 0x0000000100000000)
  region size 1024K, 13 young (13312K), 13 survivors (13312K)
 Metaspace       used 108874K, committed 109568K, reserved 1179648K
  class space    used 14831K, committed 15168K, reserved 1048576K
GC Heap History (20 events):
Event: 15.183 GC heap after
{Heap after GC invocations=41 (full 0):
 garbage-first heap   total 162816K, used 91829K [0x0000000080000000, 0x0000000100000000)
  region size 1024K, 1 young (1024K), 1 survivors (1024K)
 Metaspace       used 96112K, committed 96768K, reserved 1179648K
  class space    used 13159K, committed 13440K, reserved 1048576K
}
Event: 15.601 GC heap before
{Heap before GC invocations=41 (full 0):
 garbage-first heap   total 162816K, used 131765K [0x0000000080000000, 0x0000000100000000)
  region size 1024K, 40 young (40960K), 1 survivors (1024K)
 Metaspace       used 96321K, committed 96896K, reserved 1179648K
  class space    used 13162K, committed 13440K, reserved 1048576K
}
Event: 15.606 GC heap after
{Heap after GC invocations=42 (full 0):
 garbage-first heap   total 162816K, used 94901K [0x0000000080000000, 0x0000000100000000)
  region size 1024K, 4 young (4096K), 4 survivors (4096K)
 Metaspace       used 96321K, committed 96896K, reserved 1179648K
  class space    used 13162K, committed 13440K, reserved 1048576K
}
Event: 16.280 GC heap before
{Heap before GC invocations=43 (full 0):
 garbage-first heap   total 163840K, used 129717K [0x0000000080000000, 0x0000000100000000)
  region size 1024K, 41 young (41984K), 4 survivors (4096K)
 Metaspace       used 96789K, committed 97472K, reserved 1179648K
  class space    used 13195K, committed 13504K, reserved 1048576K
}
Event: 16.286 GC heap after
{Heap after GC invocations=44 (full 0):
 garbage-first heap   total 163840K, used 95601K [0x0000000080000000, 0x0000000100000000)
  region size 1024K, 4 young (4096K), 4 survivors (4096K)
 Metaspace       used 96789K, committed 97472K, reserved 1179648K
  class space    used 13195K, committed 13504K, reserved 1048576K
}
Event: 16.315 GC heap before
{Heap before GC invocations=44 (full 0):
 garbage-first heap   total 163840K, used 98673K [0x0000000080000000, 0x0000000100000000)
  region size 1024K, 8 young (8192K), 4 survivors (4096K)
 Metaspace       used 96811K, committed 97472K, reserved 1179648K
  class space    used 13195K, committed 13504K, reserved 1048576K
}
Event: 16.320 GC heap after
{Heap after GC invocations=45 (full 0):
 garbage-first heap   total 163840K, used 95213K [0x0000000080000000, 0x0000000100000000)
  region size 1024K, 1 young (1024K), 1 survivors (1024K)
 Metaspace       used 96811K, committed 97472K, reserved 1179648K
  class space    used 13195K, committed 13504K, reserved 1048576K
}
Event: 16.713 GC heap before
{Heap before GC invocations=45 (full 0):
 garbage-first heap   total 163840K, used 133101K [0x0000000080000000, 0x0000000100000000)
  region size 1024K, 39 young (39936K), 1 survivors (1024K)
 Metaspace       used 97233K, committed 97856K, reserved 1179648K
  class space    used 13245K, committed 13568K, reserved 1048576K
}
Event: 16.719 GC heap after
{Heap after GC invocations=46 (full 0):
 garbage-first heap   total 394240K, used 97817K [0x0000000080000000, 0x0000000100000000)
  region size 1024K, 4 young (4096K), 4 survivors (4096K)
 Metaspace       used 97233K, committed 97856K, reserved 1179648K
  class space    used 13245K, committed 13568K, reserved 1048576K
}
Event: 18.004 GC heap before
{Heap before GC invocations=47 (full 0):
 garbage-first heap   total 352256K, used 305689K [0x0000000080000000, 0x0000000100000000)
  region size 1024K, 206 young (210944K), 4 survivors (4096K)
 Metaspace       used 101997K, committed 102720K, reserved 1179648K
  class space    used 13889K, committed 14272K, reserved 1048576K
}
Event: 18.016 GC heap after
{Heap after GC invocations=48 (full 0):
 garbage-first heap   total 352256K, used 129260K [0x0000000080000000, 0x0000000100000000)
  region size 1024K, 26 young (26624K), 26 survivors (26624K)
 Metaspace       used 101997K, committed 102720K, reserved 1179648K
  class space    used 13889K, committed 14272K, reserved 1048576K
}
Event: 18.022 GC heap before
{Heap before GC invocations=48 (full 0):
 garbage-first heap   total 352256K, used 130284K [0x0000000080000000, 0x0000000100000000)
  region size 1024K, 27 young (27648K), 26 survivors (26624K)
 Metaspace       used 102026K, committed 102784K, reserved 1179648K
  class space    used 13891K, committed 14272K, reserved 1048576K
}
Event: 18.031 GC heap after
{Heap after GC invocations=49 (full 0):
 garbage-first heap   total 352256K, used 126645K [0x0000000080000000, 0x0000000100000000)
  region size 1024K, 3 young (3072K), 3 survivors (3072K)
 Metaspace       used 102026K, committed 102784K, reserved 1179648K
  class space    used 13891K, committed 14272K, reserved 1048576K
}
Event: 18.619 GC heap before
{Heap before GC invocations=49 (full 0):
 garbage-first heap   total 352256K, used 243381K [0x0000000080000000, 0x0000000100000000)
  region size 1024K, 118 young (120832K), 3 survivors (3072K)
 Metaspace       used 105082K, committed 105792K, reserved 1179648K
  class space    used 14341K, committed 14720K, reserved 1048576K
}
Event: 18.637 GC heap after
{Heap after GC invocations=50 (full 0):
 garbage-first heap   total 352256K, used 147828K [0x0000000080000000, 0x0000000100000000)
  region size 1024K, 15 young (15360K), 15 survivors (15360K)
 Metaspace       used 105082K, committed 105792K, reserved 1179648K
  class space    used 14341K, committed 14720K, reserved 1048576K
}
Event: 18.926 GC heap before
{Heap before GC invocations=50 (full 0):
 garbage-first heap   total 352256K, used 254324K [0x0000000080000000, 0x0000000100000000)
  region size 1024K, 119 young (121856K), 15 survivors (15360K)
 Metaspace       used 106435K, committed 107200K, reserved 1179648K
  class space    used 14528K, committed 14912K, reserved 1048576K
}
Event: 18.955 GC heap after
{Heap after GC invocations=51 (full 0):
 garbage-first heap   total 352256K, used 167373K [0x0000000080000000, 0x0000000100000000)
  region size 1024K, 15 young (15360K), 15 survivors (15360K)
 Metaspace       used 106435K, committed 107200K, reserved 1179648K
  class space    used 14528K, committed 14912K, reserved 1048576K
}
Event: 19.190 GC heap before
{Heap before GC invocations=51 (full 0):
 garbage-first heap   total 352256K, used 263629K [0x0000000080000000, 0x0000000100000000)
  region size 1024K, 110 young (112640K), 15 survivors (15360K)
 Metaspace       used 107701K, committed 108416K, reserved 1179648K
  class space    used 14676K, committed 15040K, reserved 1048576K
}
Event: 19.217 GC heap after
{Heap after GC invocations=52 (full 0):
 garbage-first heap   total 352256K, used 185124K [0x0000000080000000, 0x0000000100000000)
  region size 1024K, 14 young (14336K), 14 survivors (14336K)
 Metaspace       used 107701K, committed 108416K, reserved 1179648K
  class space    used 14676K, committed 15040K, reserved 1048576K
}
Event: 19.439 GC heap before
{Heap before GC invocations=52 (full 0):
 garbage-first heap   total 352256K, used 273188K [0x0000000080000000, 0x0000000100000000)
  region size 1024K, 101 young (103424K), 14 survivors (14336K)
 Metaspace       used 108874K, committed 109568K, reserved 1179648K
  class space    used 14831K, committed 15168K, reserved 1048576K
}

