# JRE version: OpenJDK Runtime Environment (17.0.9) (build 17.0.9+0--11185874)
# Java VM: OpenJDK 64-Bit Server VM (17.0.9+0--11185874, mixed mode, tiered, compressed oops, compressed class ptrs, g1 gc, windows-amd64)
GC Precious Log:
 CPUs: 8 total, 8 available
 Memory: 7973M
 Large Page Support: Disabled
 NUMA Support: Disabled
 Compressed Oops: Enabled (32-bit)
 Heap Region Size: 1M
 Heap Min Capacity: 8M
 Heap Initial Capacity: 126M
 Heap Max Capacity: 2G
 Pre-touch: Disabled
 Parallel Workers: 8
 Concurrent Workers: 2
 Concurrent Refinement Workers: 8
 Periodic GC: Disabled
Heap:
 garbage-first heap   total 497664K, used 135056K [0x0000000080000000, 0x0000000100000000)
  region size 1024K, 1 young (1024K), 1 survivors (1024K)
 Metaspace       used 152857K, committed 154112K, reserved 1245184K
  class space    used 20054K, committed 20608K, reserved 1048576K
GC Heap History (20 events):
Event: 6244.991 GC heap after
{Heap after GC invocations=91 (full 0):
 garbage-first heap   total 497664K, used 157696K [0x0000000080000000, 0x0000000100000000)
  region size 1024K, 3 young (3072K), 3 survivors (3072K)
 Metaspace       used 151168K, committed 152384K, reserved 1245184K
  class space    used 19947K, committed 20544K, reserved 1048576K
}
Event: 6245.886 GC heap before
{Heap before GC invocations=91 (full 0):
 garbage-first heap   total 497664K, used 235520K [0x0000000080000000, 0x0000000100000000)
  region size 1024K, 80 young (81920K), 3 survivors (3072K)
 Metaspace       used 151374K, committed 152640K, reserved 1245184K
  class space    used 19957K, committed 20544K, reserved 1048576K
}
Event: 6245.897 GC heap after
{Heap after GC invocations=92 (full 0):
 garbage-first heap   total 497664K, used 163008K [0x0000000080000000, 0x0000000100000000)
  region size 1024K, 9 young (9216K), 9 survivors (9216K)
 Metaspace       used 151374K, committed 152640K, reserved 1245184K
  class space    used 19957K, committed 20544K, reserved 1048576K
}
Event: 6247.374 GC heap before
{Heap before GC invocations=93 (full 0):
 garbage-first heap   total 497664K, used 367808K [0x0000000080000000, 0x0000000100000000)
  region size 1024K, 205 young (209920K), 9 survivors (9216K)
 Metaspace       used 151991K, committed 153152K, reserved 1245184K
  class space    used 19991K, committed 20544K, reserved 1048576K
}
Event: 6247.398 GC heap after
{Heap after GC invocations=94 (full 0):
 garbage-first heap   total 497664K, used 170545K [0x0000000080000000, 0x0000000100000000)
  region size 1024K, 16 young (16384K), 16 survivors (16384K)
 Metaspace       used 151991K, committed 153152K, reserved 1245184K
  class space    used 19991K, committed 20544K, reserved 1048576K
}
Event: 6247.525 GC heap before
{Heap before GC invocations=94 (full 0):
 garbage-first heap   total 497664K, used 177713K [0x0000000080000000, 0x0000000100000000)
  region size 1024K, 24 young (24576K), 16 survivors (16384K)
 Metaspace       used 151999K, committed 153152K, reserved 1245184K
  class space    used 19991K, committed 20544K, reserved 1048576K
}
Event: 6247.562 GC heap after
{Heap after GC invocations=95 (full 0):
 garbage-first heap   total 497664K, used 151934K [0x0000000080000000, 0x0000000100000000)
  region size 1024K, 3 young (3072K), 3 survivors (3072K)
 Metaspace       used 151999K, committed 153152K, reserved 1245184K
  class space    used 19991K, committed 20544K, reserved 1048576K
}
Event: 6247.611 GC heap before
{Heap before GC invocations=95 (full 0):
 garbage-first heap   total 497664K, used 158078K [0x0000000080000000, 0x0000000100000000)
  region size 1024K, 10 young (10240K), 3 survivors (3072K)
 Metaspace       used 151999K, committed 153152K, reserved 1245184K
  class space    used 19991K, committed 20544K, reserved 1048576K
}
Event: 6247.614 GC heap after
{Heap after GC invocations=96 (full 0):
 garbage-first heap   total 497664K, used 151966K [0x0000000080000000, 0x0000000100000000)
  region size 1024K, 3 young (3072K), 3 survivors (3072K)
 Metaspace       used 151999K, committed 153152K, reserved 1245184K
  class space    used 19991K, committed 20544K, reserved 1048576K
}
Event: 6390.739 GC heap before
{Heap before GC invocations=97 (full 0):
 garbage-first heap   total 497664K, used 406942K [0x0000000080000000, 0x0000000100000000)
  region size 1024K, 219 young (224256K), 3 survivors (3072K)
 Metaspace       used 152474K, committed 153664K, reserved 1245184K
  class space    used 20048K, committed 20608K, reserved 1048576K
}
Event: 6390.751 GC heap after
{Heap after GC invocations=98 (full 0):
 garbage-first heap   total 497664K, used 165741K [0x0000000080000000, 0x0000000100000000)
  region size 1024K, 15 young (15360K), 15 survivors (15360K)
 Metaspace       used 152474K, committed 153664K, reserved 1245184K
  class space    used 20048K, committed 20608K, reserved 1048576K
}
Event: 6390.797 GC heap before
{Heap before GC invocations=98 (full 0):
 garbage-first heap   total 497664K, used 173933K [0x0000000080000000, 0x0000000100000000)
  region size 1024K, 24 young (24576K), 15 survivors (15360K)
 Metaspace       used 152486K, committed 153664K, reserved 1245184K
  class space    used 20048K, committed 20608K, reserved 1048576K
}
Event: 6390.816 GC heap after
{Heap after GC invocations=99 (full 0):
 garbage-first heap   total 497664K, used 145578K [0x0000000080000000, 0x0000000100000000)
  region size 1024K, 2 young (2048K), 2 survivors (2048K)
 Metaspace       used 152486K, committed 153664K, reserved 1245184K
  class space    used 20048K, committed 20608K, reserved 1048576K
}
Event: 6391.105 GC heap before
{Heap before GC invocations=99 (full 0):
 garbage-first heap   total 497664K, used 187562K [0x0000000080000000, 0x0000000100000000)
  region size 1024K, 45 young (46080K), 2 survivors (2048K)
 Metaspace       used 152639K, committed 153920K, reserved 1245184K
  class space    used 20053K, committed 20608K, reserved 1048576K
}
Event: 6391.108 GC heap after
{Heap after GC invocations=100 (full 0):
 garbage-first heap   total 497664K, used 145578K [0x0000000080000000, 0x0000000100000000)
  region size 1024K, 2 young (2048K), 2 survivors (2048K)
 Metaspace       used 152639K, committed 153920K, reserved 1245184K
  class space    used 20053K, committed 20608K, reserved 1048576K
}
Event: 6503.805 GC heap before
{Heap before GC invocations=101 (full 0):
 garbage-first heap   total 497664K, used 408746K [0x0000000080000000, 0x0000000100000000)
  region size 1024K, 229 young (234496K), 2 survivors (2048K)
 Metaspace       used 152830K, committed 154048K, reserved 1245184K
  class space    used 20053K, committed 20608K, reserved 1048576K
}
Event: 6503.817 GC heap after
{Heap after GC invocations=102 (full 0):
 garbage-first heap   total 497664K, used 158774K [0x0000000080000000, 0x0000000100000000)
  region size 1024K, 14 young (14336K), 14 survivors (14336K)
 Metaspace       used 152830K, committed 154048K, reserved 1245184K
  class space    used 20053K, committed 20608K, reserved 1048576K
}
Event: 6503.916 GC heap before
{Heap before GC invocations=102 (full 0):
 garbage-first heap   total 497664K, used 167990K [0x0000000080000000, 0x0000000100000000)
  region size 1024K, 24 young (24576K), 14 survivors (14336K)
 Metaspace       used 152857K, committed 154112K, reserved 1245184K
  class space    used 20054K, committed 20608K, reserved 1048576K
}
Event: 6503.935 GC heap after
{Heap after GC invocations=103 (full 0):
 garbage-first heap   total 497664K, used 136244K [0x0000000080000000, 0x0000000100000000)
  region size 1024K, 2 young (2048K), 2 survivors (2048K)
 Metaspace       used 152857K, committed 154112K, reserved 1245184K
  class space    used 20054K, committed 20608K, reserved 1048576K
}
Event: 6503.937 GC heap before
{Heap before GC invocations=103 (full 0):
 garbage-first heap   total 497664K, used 136244K [0x0000000080000000, 0x0000000100000000)
  region size 1024K, 3 young (3072K), 2 survivors (2048K)
 Metaspace       used 152857K, committed 154112K, reserved 1245184K
  class space    used 20054K, committed 20608K, reserved 1048576K
}

