# JRE version: OpenJDK Runtime Environment (17.0.9) (build 17.0.9+0--11185874)
# Java VM: OpenJDK 64-Bit Server VM (17.0.9+0--11185874, mixed mode, tiered, compressed oops, compressed class ptrs, g1 gc, windows-amd64)
GC Precious Log:
 CPUs: 8 total, 8 available
 Memory: 7973M
 Large Page Support: Disabled
 NUMA Support: Disabled
 Compressed Oops: Enabled (32-bit)
 Heap Region Size: 1M
 Heap Min Capacity: 8M
 Heap Initial Capacity: 126M
 Heap Max Capacity: 2G
 Pre-touch: Disabled
 Parallel Workers: 8
 Concurrent Workers: 2
 Concurrent Refinement Workers: 8
 Periodic GC: Disabled
Heap:
 garbage-first heap   total 522240K, used 161073K [0x0000000080000000, 0x0000000100000000)
  region size 1024K, 11 young (11264K), 11 survivors (11264K)
 Metaspace       used 145997K, committed 147072K, reserved 1179648K
  class space    used 19539K, committed 20032K, reserved 1048576K
GC Heap History (20 events):
Event: 10507.357 GC heap after
{Heap after GC invocations=62 (full 0):
 garbage-first heap   total 522240K, used 130658K [0x0000000080000000, 0x0000000100000000)
  region size 1024K, 3 young (3072K), 3 survivors (3072K)
 Metaspace       used 141451K, committed 142848K, reserved 1179648K
  class space    used 19158K, committed 19776K, reserved 1048576K
}
Event: 10507.767 GC heap before
{Heap before GC invocations=62 (full 0):
 garbage-first heap   total 522240K, used 171618K [0x0000000080000000, 0x0000000100000000)
  region size 1024K, 44 young (45056K), 3 survivors (3072K)
 Metaspace       used 141591K, committed 142848K, reserved 1179648K
  class space    used 19181K, committed 19776K, reserved 1048576K
}
Event: 10507.777 GC heap after
{Heap after GC invocations=63 (full 0):
 garbage-first heap   total 522240K, used 135807K [0x0000000080000000, 0x0000000100000000)
  region size 1024K, 8 young (8192K), 8 survivors (8192K)
 Metaspace       used 141591K, committed 142848K, reserved 1179648K
  class space    used 19181K, committed 19776K, reserved 1048576K
}
Event: 10820.503 GC heap before
{Heap before GC invocations=64 (full 0):
 garbage-first heap   total 505856K, used 445055K [0x0000000080000000, 0x0000000100000000)
  region size 1024K, 280 young (286720K), 8 survivors (8192K)
 Metaspace       used 142677K, committed 143680K, reserved 1179648K
  class space    used 19240K, committed 19776K, reserved 1048576K
}
Event: 10820.527 GC heap after
{Heap after GC invocations=65 (full 0):
 garbage-first heap   total 505856K, used 163802K [0x0000000080000000, 0x0000000100000000)
  region size 1024K, 33 young (33792K), 33 survivors (33792K)
 Metaspace       used 142677K, committed 143680K, reserved 1179648K
  class space    used 19240K, committed 19776K, reserved 1048576K
}
Event: 10820.534 GC heap before
{Heap before GC invocations=65 (full 0):
 garbage-first heap   total 505856K, used 164826K [0x0000000080000000, 0x0000000100000000)
  region size 1024K, 34 young (34816K), 33 survivors (33792K)
 Metaspace       used 142680K, committed 143680K, reserved 1179648K
  class space    used 19240K, committed 19776K, reserved 1048576K
}
Event: 10820.563 GC heap after
{Heap after GC invocations=66 (full 0):
 garbage-first heap   total 505856K, used 155609K [0x0000000080000000, 0x0000000100000000)
  region size 1024K, 4 young (4096K), 4 survivors (4096K)
 Metaspace       used 142680K, committed 143680K, reserved 1179648K
  class space    used 19240K, committed 19776K, reserved 1048576K
}
Event: 10821.196 GC heap before
{Heap before GC invocations=66 (full 0):
 garbage-first heap   total 505856K, used 215001K [0x0000000080000000, 0x0000000100000000)
  region size 1024K, 64 young (65536K), 4 survivors (4096K)
 Metaspace       used 143008K, committed 144000K, reserved 1179648K
  class space    used 19243K, committed 19776K, reserved 1048576K
}
Event: 10821.202 GC heap after
{Heap after GC invocations=67 (full 0):
 garbage-first heap   total 505856K, used 156311K [0x0000000080000000, 0x0000000100000000)
  region size 1024K, 5 young (5120K), 5 survivors (5120K)
 Metaspace       used 143008K, committed 144000K, reserved 1179648K
  class space    used 19243K, committed 19776K, reserved 1048576K
}
Event: 11230.576 GC heap before
{Heap before GC invocations=68 (full 0):
 garbage-first heap   total 505856K, used 407191K [0x0000000080000000, 0x0000000100000000)
  region size 1024K, 221 young (226304K), 5 survivors (5120K)
 Metaspace       used 143505K, committed 144512K, reserved 1179648K
  class space    used 19269K, committed 19776K, reserved 1048576K
}
Event: 11230.592 GC heap after
{Heap after GC invocations=69 (full 0):
 garbage-first heap   total 505856K, used 170216K [0x0000000080000000, 0x0000000100000000)
  region size 1024K, 17 young (17408K), 17 survivors (17408K)
 Metaspace       used 143505K, committed 144512K, reserved 1179648K
  class space    used 19269K, committed 19776K, reserved 1048576K
}
Event: 11230.760 GC heap before
{Heap before GC invocations=69 (full 0):
 garbage-first heap   total 505856K, used 205032K [0x0000000080000000, 0x0000000100000000)
  region size 1024K, 24 young (24576K), 17 survivors (17408K)
 Metaspace       used 143532K, committed 144512K, reserved 1179648K
  class space    used 19270K, committed 19776K, reserved 1048576K
}
Event: 11230.787 GC heap after
{Heap after GC invocations=70 (full 0):
 garbage-first heap   total 505856K, used 150231K [0x0000000080000000, 0x0000000100000000)
  region size 1024K, 2 young (2048K), 2 survivors (2048K)
 Metaspace       used 143532K, committed 144512K, reserved 1179648K
  class space    used 19270K, committed 19776K, reserved 1048576K
}
Event: 11303.366 GC heap before
{Heap before GC invocations=70 (full 0):
 garbage-first heap   total 505856K, used 250583K [0x0000000080000000, 0x0000000100000000)
  region size 1024K, 102 young (104448K), 2 survivors (2048K)
 Metaspace       used 143713K, committed 144768K, reserved 1179648K
  class space    used 19271K, committed 19776K, reserved 1048576K
}
Event: 11303.377 GC heap after
{Heap after GC invocations=71 (full 0):
 garbage-first heap   total 505856K, used 161347K [0x0000000080000000, 0x0000000100000000)
  region size 1024K, 13 young (13312K), 13 survivors (13312K)
 Metaspace       used 143713K, committed 144768K, reserved 1179648K
  class space    used 19271K, committed 19776K, reserved 1048576K
}
Event: 12420.191 GC heap before
{Heap before GC invocations=72 (full 0):
 garbage-first heap   total 505856K, used 420419K [0x0000000080000000, 0x0000000100000000)
  region size 1024K, 238 young (243712K), 13 survivors (13312K)
 Metaspace       used 145569K, committed 146688K, reserved 1179648K
  class space    used 19501K, committed 20032K, reserved 1048576K
}
Event: 12420.217 GC heap after
{Heap after GC invocations=73 (full 0):
 garbage-first heap   total 505856K, used 176831K [0x0000000080000000, 0x0000000100000000)
  region size 1024K, 30 young (30720K), 30 survivors (30720K)
 Metaspace       used 145569K, committed 146688K, reserved 1179648K
  class space    used 19501K, committed 20032K, reserved 1048576K
}
Event: 12420.228 GC heap before
{Heap before GC invocations=73 (full 0):
 garbage-first heap   total 505856K, used 177855K [0x0000000080000000, 0x0000000100000000)
  region size 1024K, 31 young (31744K), 30 survivors (30720K)
 Metaspace       used 145571K, committed 146688K, reserved 1179648K
  class space    used 19501K, committed 20032K, reserved 1048576K
}
Event: 12420.346 GC heap after
{Heap after GC invocations=74 (full 0):
 garbage-first heap   total 505856K, used 153088K [0x0000000080000000, 0x0000000100000000)
  region size 1024K, 3 young (3072K), 3 survivors (3072K)
 Metaspace       used 145571K, committed 146688K, reserved 1179648K
  class space    used 19501K, committed 20032K, reserved 1048576K
}
Event: 12420.844 GC heap before
{Heap before GC invocations=74 (full 0):
 garbage-first heap   total 505856K, used 177664K [0x0000000080000000, 0x0000000100000000)
  region size 1024K, 29 young (29696K), 3 survivors (3072K)
 Metaspace       used 145997K, committed 147072K, reserved 1179648K
  class space    used 19539K, committed 20032K, reserved 1048576K
}

