# JRE version: OpenJDK Runtime Environment (17.0.9) (build 17.0.9+0--11185874)
# Java VM: OpenJDK 64-Bit Server VM (17.0.9+0--11185874, mixed mode, tiered, compressed oops, compressed class ptrs, g1 gc, windows-amd64)
GC Precious Log:
 CPUs: 8 total, 8 available
 Memory: 7973M
 Large Page Support: Disabled
 NUMA Support: Disabled
 Compressed Oops: Enabled (32-bit)
 Heap Region Size: 1M
 Heap Min Capacity: 8M
 Heap Initial Capacity: 126M
 Heap Max Capacity: 2G
 Pre-touch: Disabled
 Parallel Workers: 8
 Concurrent Workers: 2
 Concurrent Refinement Workers: 8
 Periodic GC: Disabled
Heap:
 garbage-first heap   total 464896K, used 144772K [0x0000000080000000, 0x0000000100000000)
  region size 1024K, 10 young (10240K), 10 survivors (10240K)
 Metaspace       used 145591K, committed 147264K, reserved 1179648K
  class space    used 19179K, committed 19968K, reserved 1048576K
GC Heap History (20 events):
Event: 9776.240 GC heap after
{Heap after GC invocations=94 (full 0):
 garbage-first heap   total 460800K, used 116681K [0x0000000080000000, 0x0000000100000000)
  region size 1024K, 2 young (2048K), 2 survivors (2048K)
 Metaspace       used 144696K, committed 146368K, reserved 1179648K
  class space    used 19142K, committed 19904K, reserved 1048576K
}
Event: 9776.374 GC heap before
{Heap before GC invocations=94 (full 0):
 garbage-first heap   total 460800K, used 131017K [0x0000000080000000, 0x0000000100000000)
  region size 1024K, 18 young (18432K), 2 survivors (2048K)
 Metaspace       used 144754K, committed 146432K, reserved 1179648K
  class space    used 19143K, committed 19904K, reserved 1048576K
}
Event: 9776.376 GC heap after
{Heap after GC invocations=95 (full 0):
 garbage-first heap   total 460800K, used 115821K [0x0000000080000000, 0x0000000100000000)
  region size 1024K, 2 young (2048K), 2 survivors (2048K)
 Metaspace       used 144754K, committed 146432K, reserved 1179648K
  class space    used 19143K, committed 19904K, reserved 1048576K
}
Event: 9816.028 GC heap before
{Heap before GC invocations=96 (full 0):
 garbage-first heap   total 460800K, used 387181K [0x0000000080000000, 0x0000000100000000)
  region size 1024K, 244 young (249856K), 2 survivors (2048K)
 Metaspace       used 144777K, committed 146496K, reserved 1179648K
  class space    used 19150K, committed 19968K, reserved 1048576K
}
Event: 9816.037 GC heap after
{Heap after GC invocations=97 (full 0):
 garbage-first heap   total 460800K, used 127737K [0x0000000080000000, 0x0000000100000000)
  region size 1024K, 11 young (11264K), 11 survivors (11264K)
 Metaspace       used 144777K, committed 146496K, reserved 1179648K
  class space    used 19150K, committed 19968K, reserved 1048576K
}
Event: 9816.073 GC heap before
{Heap before GC invocations=97 (full 0):
 garbage-first heap   total 460800K, used 139001K [0x0000000080000000, 0x0000000100000000)
  region size 1024K, 22 young (22528K), 11 survivors (11264K)
 Metaspace       used 144781K, committed 146496K, reserved 1179648K
  class space    used 19150K, committed 19968K, reserved 1048576K
}
Event: 9816.085 GC heap after
{Heap after GC invocations=98 (full 0):
 garbage-first heap   total 460800K, used 122031K [0x0000000080000000, 0x0000000100000000)
  region size 1024K, 2 young (2048K), 2 survivors (2048K)
 Metaspace       used 144781K, committed 146496K, reserved 1179648K
  class space    used 19150K, committed 19968K, reserved 1048576K
}
Event: 9816.228 GC heap before
{Heap before GC invocations=98 (full 0):
 garbage-first heap   total 460800K, used 136367K [0x0000000080000000, 0x0000000100000000)
  region size 1024K, 18 young (18432K), 2 survivors (2048K)
 Metaspace       used 144805K, committed 146496K, reserved 1179648K
  class space    used 19151K, committed 19968K, reserved 1048576K
}
Event: 9816.230 GC heap after
{Heap after GC invocations=99 (full 0):
 garbage-first heap   total 460800K, used 121972K [0x0000000080000000, 0x0000000100000000)
  region size 1024K, 2 young (2048K), 2 survivors (2048K)
 Metaspace       used 144805K, committed 146496K, reserved 1179648K
  class space    used 19151K, committed 19968K, reserved 1048576K
}
Event: 10134.960 GC heap before
{Heap before GC invocations=100 (full 0):
 garbage-first heap   total 460800K, used 420980K [0x0000000080000000, 0x0000000100000000)
  region size 1024K, 250 young (256000K), 2 survivors (2048K)
 Metaspace       used 145008K, committed 146816K, reserved 1179648K
  class space    used 19153K, committed 19968K, reserved 1048576K
}
Event: 10134.970 GC heap after
{Heap after GC invocations=101 (full 0):
 garbage-first heap   total 460800K, used 130809K [0x0000000080000000, 0x0000000100000000)
  region size 1024K, 10 young (10240K), 10 survivors (10240K)
 Metaspace       used 145008K, committed 146816K, reserved 1179648K
  class space    used 19153K, committed 19968K, reserved 1048576K
}
Event: 10135.038 GC heap before
{Heap before GC invocations=101 (full 0):
 garbage-first heap   total 460800K, used 143097K [0x0000000080000000, 0x0000000100000000)
  region size 1024K, 22 young (22528K), 10 survivors (10240K)
 Metaspace       used 145015K, committed 146816K, reserved 1179648K
  class space    used 19153K, committed 19968K, reserved 1048576K
}
Event: 10135.049 GC heap after
{Heap after GC invocations=102 (full 0):
 garbage-first heap   total 460800K, used 122383K [0x0000000080000000, 0x0000000100000000)
  region size 1024K, 2 young (2048K), 2 survivors (2048K)
 Metaspace       used 145015K, committed 146816K, reserved 1179648K
  class space    used 19153K, committed 19968K, reserved 1048576K
}
Event: 10135.206 GC heap before
{Heap before GC invocations=102 (full 0):
 garbage-first heap   total 460800K, used 137743K [0x0000000080000000, 0x0000000100000000)
  region size 1024K, 18 young (18432K), 2 survivors (2048K)
 Metaspace       used 145034K, committed 146816K, reserved 1179648K
  class space    used 19154K, committed 19968K, reserved 1048576K
}
Event: 10135.211 GC heap after
{Heap after GC invocations=103 (full 0):
 garbage-first heap   total 460800K, used 125301K [0x0000000080000000, 0x0000000100000000)
  region size 1024K, 5 young (5120K), 5 survivors (5120K)
 Metaspace       used 145034K, committed 146816K, reserved 1179648K
  class space    used 19154K, committed 19968K, reserved 1048576K
}
Event: 10357.133 GC heap before
{Heap before GC invocations=104 (full 0):
 garbage-first heap   total 460800K, used 358773K [0x0000000080000000, 0x0000000100000000)
  region size 1024K, 208 young (212992K), 5 survivors (5120K)
 Metaspace       used 145148K, committed 146880K, reserved 1179648K
  class space    used 19154K, committed 19968K, reserved 1048576K
}
Event: 10357.146 GC heap after
{Heap after GC invocations=105 (full 0):
 garbage-first heap   total 460800K, used 147194K [0x0000000080000000, 0x0000000100000000)
  region size 1024K, 22 young (22528K), 22 survivors (22528K)
 Metaspace       used 145148K, committed 146880K, reserved 1179648K
  class space    used 19154K, committed 19968K, reserved 1048576K
}
Event: 10357.150 GC heap before
{Heap before GC invocations=105 (full 0):
 garbage-first heap   total 460800K, used 148218K [0x0000000080000000, 0x0000000100000000)
  region size 1024K, 23 young (23552K), 22 survivors (22528K)
 Metaspace       used 145148K, committed 146880K, reserved 1179648K
  class space    used 19154K, committed 19968K, reserved 1048576K
}
Event: 10357.172 GC heap after
{Heap after GC invocations=106 (full 0):
 garbage-first heap   total 460800K, used 136850K [0x0000000080000000, 0x0000000100000000)
  region size 1024K, 2 young (2048K), 2 survivors (2048K)
 Metaspace       used 145148K, committed 146880K, reserved 1179648K
  class space    used 19154K, committed 19968K, reserved 1048576K
}
Event: 10357.875 GC heap before
{Heap before GC invocations=106 (full 0):
 garbage-first heap   total 460800K, used 267922K [0x0000000080000000, 0x0000000100000000)
  region size 1024K, 132 young (135168K), 2 survivors (2048K)
 Metaspace       used 145591K, committed 147264K, reserved 1179648K
  class space    used 19179K, committed 19968K, reserved 1048576K
}

