# JRE version: OpenJDK Runtime Environment (17.0.7) (build 17.0.7+0-b2043.56-10550314)
# Java VM: OpenJDK 64-Bit Server VM (17.0.7+0-b2043.56-10550314, mixed mode, tiered, compressed oops, compressed class ptrs, g1 gc, windows-amd64)
GC Precious Log:
 CPUs: 8 total, 8 available
 Memory: 7973M
 Large Page Support: Disabled
 NUMA Support: Disabled
 Compressed Oops: Enabled (32-bit)
 Heap Region Size: 1M
 Heap Min Capacity: 8M
 Heap Initial Capacity: 126M
 Heap Max Capacity: 2G
 Pre-touch: Disabled
 Parallel Workers: 8
 Concurrent Workers: 2
 Concurrent Refinement Workers: 8
 Periodic GC: Disabled
Heap:
 garbage-first heap   total 198656K, used 119268K [0x0000000080000000, 0x0000000100000000)
  region size 1024K, 4 young (4096K), 4 survivors (4096K)
 Metaspace       used 90807K, committed 91520K, reserved 1179648K
  class space    used 12381K, committed 12672K, reserved 1048576K
GC Heap History (20 events):
Event: 14.447 GC heap after
{Heap after GC invocations=34 (full 0):
 garbage-first heap   total 146432K, used 79907K [0x0000000080000000, 0x0000000100000000)
  region size 1024K, 6 young (6144K), 6 survivors (6144K)
 Metaspace       used 78885K, committed 79616K, reserved 1179648K
  class space    used 10582K, committed 10880K, reserved 1048576K
}
Event: 14.764 GC heap before
{Heap before GC invocations=34 (full 0):
 garbage-first heap   total 146432K, used 99363K [0x0000000080000000, 0x0000000100000000)
  region size 1024K, 26 young (26624K), 6 survivors (6144K)
 Metaspace       used 80399K, committed 81152K, reserved 1179648K
  class space    used 10797K, committed 11136K, reserved 1048576K
}
Event: 14.771 GC heap after
{Heap after GC invocations=35 (full 0):
 garbage-first heap   total 146432K, used 81098K [0x0000000080000000, 0x0000000100000000)
  region size 1024K, 2 young (2048K), 2 survivors (2048K)
 Metaspace       used 80399K, committed 81152K, reserved 1179648K
  class space    used 10797K, committed 11136K, reserved 1048576K
}
Event: 15.493 GC heap before
{Heap before GC invocations=36 (full 0):
 garbage-first heap   total 146432K, used 121034K [0x0000000080000000, 0x0000000100000000)
  region size 1024K, 40 young (40960K), 2 survivors (2048K)
 Metaspace       used 83463K, committed 84160K, reserved 1179648K
  class space    used 11406K, committed 11712K, reserved 1048576K
}
Event: 15.496 GC heap after
{Heap after GC invocations=37 (full 0):
 garbage-first heap   total 146432K, used 81887K [0x0000000080000000, 0x0000000100000000)
  region size 1024K, 3 young (3072K), 3 survivors (3072K)
 Metaspace       used 83463K, committed 84160K, reserved 1179648K
  class space    used 11406K, committed 11712K, reserved 1048576K
}
Event: 15.580 GC heap before
{Heap before GC invocations=37 (full 0):
 garbage-first heap   total 146432K, used 85983K [0x0000000080000000, 0x0000000100000000)
  region size 1024K, 7 young (7168K), 3 survivors (3072K)
 Metaspace       used 83809K, committed 84480K, reserved 1179648K
  class space    used 11468K, committed 11776K, reserved 1048576K
}
Event: 15.585 GC heap after
{Heap after GC invocations=38 (full 0):
 garbage-first heap   total 146432K, used 81599K [0x0000000080000000, 0x0000000100000000)
  region size 1024K, 1 young (1024K), 1 survivors (1024K)
 Metaspace       used 83809K, committed 84480K, reserved 1179648K
  class space    used 11468K, committed 11776K, reserved 1048576K
}
Event: 16.217 GC heap before
{Heap before GC invocations=38 (full 0):
 garbage-first heap   total 146432K, used 120511K [0x0000000080000000, 0x0000000100000000)
  region size 1024K, 40 young (40960K), 1 survivors (1024K)
 Metaspace       used 86739K, committed 87424K, reserved 1179648K
  class space    used 11851K, committed 12160K, reserved 1048576K
}
Event: 16.223 GC heap after
{Heap after GC invocations=39 (full 0):
 garbage-first heap   total 176128K, used 85547K [0x0000000080000000, 0x0000000100000000)
  region size 1024K, 5 young (5120K), 5 survivors (5120K)
 Metaspace       used 86739K, committed 87424K, reserved 1179648K
  class space    used 11851K, committed 12160K, reserved 1048576K
}
Event: 17.111 GC heap before
{Heap before GC invocations=40 (full 0):
 garbage-first heap   total 176128K, used 157227K [0x0000000080000000, 0x0000000100000000)
  region size 1024K, 60 young (61440K), 5 survivors (5120K)
 Metaspace       used 90779K, committed 91520K, reserved 1179648K
  class space    used 12380K, committed 12672K, reserved 1048576K
}
Event: 17.125 GC heap after
{Heap after GC invocations=41 (full 0):
 garbage-first heap   total 176128K, used 107738K [0x0000000080000000, 0x0000000100000000)
  region size 1024K, 8 young (8192K), 8 survivors (8192K)
 Metaspace       used 90779K, committed 91520K, reserved 1179648K
  class space    used 12380K, committed 12672K, reserved 1048576K
}
Event: 17.132 GC heap before
{Heap before GC invocations=41 (full 0):
 garbage-first heap   total 176128K, used 108762K [0x0000000080000000, 0x0000000100000000)
  region size 1024K, 9 young (9216K), 8 survivors (8192K)
 Metaspace       used 90779K, committed 91520K, reserved 1179648K
  class space    used 12380K, committed 12672K, reserved 1048576K
}
Event: 17.139 GC heap after
{Heap after GC invocations=42 (full 0):
 garbage-first heap   total 176128K, used 108617K [0x0000000080000000, 0x0000000100000000)
  region size 1024K, 1 young (1024K), 1 survivors (1024K)
 Metaspace       used 90779K, committed 91520K, reserved 1179648K
  class space    used 12380K, committed 12672K, reserved 1048576K
}
Event: 17.507 GC heap before
{Heap before GC invocations=42 (full 0):
 garbage-first heap   total 176128K, used 141385K [0x0000000080000000, 0x0000000100000000)
  region size 1024K, 34 young (34816K), 1 survivors (1024K)
 Metaspace       used 90790K, committed 91520K, reserved 1179648K
  class space    used 12381K, committed 12672K, reserved 1048576K
}
Event: 17.518 GC heap after
{Heap after GC invocations=43 (full 0):
 garbage-first heap   total 176128K, used 120488K [0x0000000080000000, 0x0000000100000000)
  region size 1024K, 5 young (5120K), 5 survivors (5120K)
 Metaspace       used 90790K, committed 91520K, reserved 1179648K
  class space    used 12381K, committed 12672K, reserved 1048576K
}
Event: 17.996 GC heap before
{Heap before GC invocations=44 (full 0):
 garbage-first heap   total 198656K, used 134823K [0x0000000080000000, 0x0000000100000000)
  region size 1024K, 24 young (24576K), 5 survivors (5120K)
 Metaspace       used 90804K, committed 91520K, reserved 1179648K
  class space    used 12381K, committed 12672K, reserved 1048576K
}
Event: 18.002 GC heap after
{Heap after GC invocations=45 (full 0):
 garbage-first heap   total 198656K, used 118027K [0x0000000080000000, 0x0000000100000000)
  region size 1024K, 3 young (3072K), 3 survivors (3072K)
 Metaspace       used 90804K, committed 91520K, reserved 1179648K
  class space    used 12381K, committed 12672K, reserved 1048576K
}
Event: 18.142 GC heap before
{Heap before GC invocations=45 (full 0):
 garbage-first heap   total 198656K, used 124171K [0x0000000080000000, 0x0000000100000000)
  region size 1024K, 9 young (9216K), 3 survivors (3072K)
 Metaspace       used 90805K, committed 91520K, reserved 1179648K
  class space    used 12381K, committed 12672K, reserved 1048576K
}
Event: 18.146 GC heap after
{Heap after GC invocations=46 (full 0):
 garbage-first heap   total 198656K, used 117370K [0x0000000080000000, 0x0000000100000000)
  region size 1024K, 2 young (2048K), 2 survivors (2048K)
 Metaspace       used 90805K, committed 91520K, reserved 1179648K
  class space    used 12381K, committed 12672K, reserved 1048576K
}
Event: 18.790 GC heap before
{Heap before GC invocations=46 (full 0):
 garbage-first heap   total 198656K, used 157306K [0x0000000080000000, 0x0000000100000000)
  region size 1024K, 41 young (41984K), 2 survivors (2048K)
 Metaspace       used 90807K, committed 91520K, reserved 1179648K
  class space    used 12381K, committed 12672K, reserved 1048576K
}

