# JRE version: OpenJDK Runtime Environment (17.0.9) (build 17.0.9+0--11185874)
# Java VM: OpenJDK 64-Bit Server VM (17.0.9+0--11185874, mixed mode, tiered, compressed oops, compressed class ptrs, g1 gc, windows-amd64)
GC Precious Log:
 CPUs: 8 total, 8 available
 Memory: 7973M
 Large Page Support: Disabled
 NUMA Support: Disabled
 Compressed Oops: Enabled (32-bit)
 Heap Region Size: 1M
 Heap Min Capacity: 8M
 Heap Initial Capacity: 126M
 Heap Max Capacity: 2G
 Pre-touch: Disabled
 Parallel Workers: 8
 Concurrent Workers: 2
 Concurrent Refinement Workers: 8
 Periodic GC: Disabled
Heap:
 garbage-first heap   total 386048K, used 215262K [0x0000000080000000, 0x0000000100000000)
  region size 1024K, 16 young (16384K), 16 survivors (16384K)
 Metaspace       used 212851K, committed 214080K, reserved 1245184K
  class space    used 27862K, committed 28416K, reserved 1048576K
GC Heap History (20 events):
Event: 2853.612 GC heap after
{Heap after GC invocations=57 (full 0):
 garbage-first heap   total 376832K, used 193885K [0x0000000080000000, 0x0000000100000000)
  region size 1024K, 12 young (12288K), 12 survivors (12288K)
 Metaspace       used 154642K, committed 155904K, reserved 1245184K
  class space    used 20698K, committed 21312K, reserved 1048576K
}
Event: 2855.857 GC heap before
{Heap before GC invocations=57 (full 0):
 garbage-first heap   total 376832K, used 302429K [0x0000000080000000, 0x0000000100000000)
  region size 1024K, 119 young (121856K), 12 survivors (12288K)
 Metaspace       used 166047K, committed 167296K, reserved 1245184K
  class space    used 22639K, committed 23232K, reserved 1048576K
}
Event: 2855.876 GC heap after
{Heap after GC invocations=58 (full 0):
 garbage-first heap   total 376832K, used 200427K [0x0000000080000000, 0x0000000100000000)
  region size 1024K, 7 young (7168K), 7 survivors (7168K)
 Metaspace       used 166047K, committed 167296K, reserved 1245184K
  class space    used 22639K, committed 23232K, reserved 1048576K
}
Event: 2857.076 GC heap before
{Heap before GC invocations=58 (full 0):
 garbage-first heap   total 376832K, used 315115K [0x0000000080000000, 0x0000000100000000)
  region size 1024K, 112 young (114688K), 7 survivors (7168K)
 Metaspace       used 172063K, committed 173376K, reserved 1245184K
  class space    used 23325K, committed 23936K, reserved 1048576K
}
Event: 2857.138 GC heap after
{Heap after GC invocations=59 (full 0):
 garbage-first heap   total 376832K, used 220152K [0x0000000080000000, 0x0000000100000000)
  region size 1024K, 14 young (14336K), 14 survivors (14336K)
 Metaspace       used 172063K, committed 173376K, reserved 1245184K
  class space    used 23325K, committed 23936K, reserved 1048576K
}
Event: 2857.693 GC heap before
{Heap before GC invocations=59 (full 0):
 garbage-first heap   total 376832K, used 267256K [0x0000000080000000, 0x0000000100000000)
  region size 1024K, 54 young (55296K), 14 survivors (14336K)
 Metaspace       used 175844K, committed 177088K, reserved 1245184K
  class space    used 23735K, committed 24320K, reserved 1048576K
}
Event: 2857.712 GC heap after
{Heap after GC invocations=60 (full 0):
 garbage-first heap   total 376832K, used 232977K [0x0000000080000000, 0x0000000100000000)
  region size 1024K, 4 young (4096K), 4 survivors (4096K)
 Metaspace       used 175844K, committed 177088K, reserved 1245184K
  class space    used 23735K, committed 24320K, reserved 1048576K
}
Event: 2859.280 GC heap before
{Heap before GC invocations=61 (full 0):
 garbage-first heap   total 386048K, used 288273K [0x0000000080000000, 0x0000000100000000)
  region size 1024K, 76 young (77824K), 4 survivors (4096K)
 Metaspace       used 183133K, committed 184192K, reserved 1245184K
  class space    used 24586K, committed 25088K, reserved 1048576K
}
Event: 2859.289 GC heap after
{Heap after GC invocations=62 (full 0):
 garbage-first heap   total 386048K, used 218919K [0x0000000080000000, 0x0000000100000000)
  region size 1024K, 8 young (8192K), 8 survivors (8192K)
 Metaspace       used 183133K, committed 184192K, reserved 1245184K
  class space    used 24586K, committed 25088K, reserved 1048576K
}
Event: 2859.488 GC heap before
{Heap before GC invocations=62 (full 0):
 garbage-first heap   total 386048K, used 229159K [0x0000000080000000, 0x0000000100000000)
  region size 1024K, 18 young (18432K), 8 survivors (8192K)
 Metaspace       used 184610K, committed 185728K, reserved 1245184K
  class space    used 24755K, committed 25280K, reserved 1048576K
}
Event: 2859.505 GC heap after
{Heap after GC invocations=63 (full 0):
 garbage-first heap   total 386048K, used 182924K [0x0000000080000000, 0x0000000100000000)
  region size 1024K, 2 young (2048K), 2 survivors (2048K)
 Metaspace       used 184610K, committed 185728K, reserved 1245184K
  class space    used 24755K, committed 25280K, reserved 1048576K
}
Event: 2859.645 GC heap before
{Heap before GC invocations=63 (full 0):
 garbage-first heap   total 386048K, used 199308K [0x0000000080000000, 0x0000000100000000)
  region size 1024K, 18 young (18432K), 2 survivors (2048K)
 Metaspace       used 185266K, committed 186368K, reserved 1245184K
  class space    used 24820K, committed 25344K, reserved 1048576K
}
Event: 2859.671 GC heap after
{Heap after GC invocations=64 (full 0):
 garbage-first heap   total 386048K, used 174946K [0x0000000080000000, 0x0000000100000000)
  region size 1024K, 3 young (3072K), 3 survivors (3072K)
 Metaspace       used 185266K, committed 186368K, reserved 1245184K
  class space    used 24820K, committed 25344K, reserved 1048576K
}
Event: 2861.530 GC heap before
{Heap before GC invocations=64 (full 0):
 garbage-first heap   total 386048K, used 300898K [0x0000000080000000, 0x0000000100000000)
  region size 1024K, 127 young (130048K), 3 survivors (3072K)
 Metaspace       used 193482K, committed 194624K, reserved 1245184K
  class space    used 25666K, committed 26176K, reserved 1048576K
}
Event: 2861.542 GC heap after
{Heap after GC invocations=65 (full 0):
 garbage-first heap   total 386048K, used 183797K [0x0000000080000000, 0x0000000100000000)
  region size 1024K, 12 young (12288K), 12 survivors (12288K)
 Metaspace       used 193482K, committed 194624K, reserved 1245184K
  class space    used 25666K, committed 26176K, reserved 1048576K
}
Event: 2863.665 GC heap before
{Heap before GC invocations=66 (full 0):
 garbage-first heap   total 386048K, used 302581K [0x0000000080000000, 0x0000000100000000)
  region size 1024K, 131 young (134144K), 12 survivors (12288K)
 Metaspace       used 209232K, committed 210368K, reserved 1245184K
  class space    used 27367K, committed 27904K, reserved 1048576K
}
Event: 2863.683 GC heap after
{Heap after GC invocations=67 (full 0):
 garbage-first heap   total 386048K, used 186260K [0x0000000080000000, 0x0000000100000000)
  region size 1024K, 5 young (5120K), 5 survivors (5120K)
 Metaspace       used 209232K, committed 210368K, reserved 1245184K
  class space    used 27367K, committed 27904K, reserved 1048576K
}
Event: 2863.998 GC heap before
{Heap before GC invocations=67 (full 0):
 garbage-first heap   total 386048K, used 206740K [0x0000000080000000, 0x0000000100000000)
  region size 1024K, 18 young (18432K), 5 survivors (5120K)
 Metaspace       used 210127K, committed 211264K, reserved 1245184K
  class space    used 27489K, committed 28032K, reserved 1048576K
}
Event: 2864.044 GC heap after
{Heap after GC invocations=68 (full 0):
 garbage-first heap   total 386048K, used 186248K [0x0000000080000000, 0x0000000100000000)
  region size 1024K, 3 young (3072K), 3 survivors (3072K)
 Metaspace       used 210127K, committed 211264K, reserved 1245184K
  class space    used 27489K, committed 28032K, reserved 1048576K
}
Event: 2866.156 GC heap before
{Heap before GC invocations=68 (full 0):
 garbage-first heap   total 386048K, used 316296K [0x0000000080000000, 0x0000000100000000)
  region size 1024K, 124 young (126976K), 3 survivors (3072K)
 Metaspace       used 212851K, committed 214080K, reserved 1245184K
  class space    used 27862K, committed 28416K, reserved 1048576K
}

