# JRE version: OpenJDK Runtime Environment (17.0.9) (build 17.0.9+0--11185874)
# Java VM: OpenJDK 64-Bit Server VM (17.0.9+0--11185874, mixed mode, tiered, compressed oops, compressed class ptrs, g1 gc, windows-amd64)
GC Precious Log:
 CPUs: 8 total, 8 available
 Memory: 7973M
 Large Page Support: Disabled
 NUMA Support: Disabled
 Compressed Oops: Enabled (32-bit)
 Heap Region Size: 1M
 Heap Min Capacity: 8M
 Heap Initial Capacity: 126M
 Heap Max Capacity: 2G
 Pre-touch: Disabled
 Parallel Workers: 8
 Concurrent Workers: 2
 Concurrent Refinement Workers: 8
 Periodic GC: Disabled
Heap:
 garbage-first heap   total 508928K, used 146748K [0x0000000080000000, 0x0000000100000000)
  region size 1024K, 12 young (12288K), 12 survivors (12288K)
 Metaspace       used 147836K, committed 149248K, reserved 1179648K
  class space    used 19559K, committed 20288K, reserved 1048576K
GC Heap History (20 events):
Event: 1724.739 GC heap after
{Heap after GC invocations=83 (full 0):
 garbage-first heap   total 508928K, used 156571K [0x0000000080000000, 0x0000000100000000)
  region size 1024K, 4 young (4096K), 4 survivors (4096K)
 Metaspace       used 146629K, committed 147904K, reserved 1179648K
  class space    used 19563K, committed 20160K, reserved 1048576K
}
Event: 1725.374 GC heap before
{Heap before GC invocations=83 (full 0):
 garbage-first heap   total 508928K, used 221083K [0x0000000080000000, 0x0000000100000000)
  region size 1024K, 69 young (70656K), 4 survivors (4096K)
 Metaspace       used 147001K, committed 148352K, reserved 1179648K
  class space    used 19606K, committed 20224K, reserved 1048576K
}
Event: 1725.380 GC heap after
{Heap after GC invocations=84 (full 0):
 garbage-first heap   total 508928K, used 157605K [0x0000000080000000, 0x0000000100000000)
  region size 1024K, 5 young (5120K), 5 survivors (5120K)
 Metaspace       used 147001K, committed 148352K, reserved 1179648K
  class space    used 19606K, committed 20224K, reserved 1048576K
}
Event: 5614.599 GC heap before
{Heap before GC invocations=85 (full 0):
 garbage-first heap   total 508928K, used 415653K [0x0000000080000000, 0x0000000100000000)
  region size 1024K, 237 young (242688K), 5 survivors (5120K)
 Metaspace       used 147382K, committed 148800K, reserved 1179648K
  class space    used 19646K, committed 20288K, reserved 1048576K
}
Event: 5614.612 GC heap after
{Heap after GC invocations=86 (full 0):
 garbage-first heap   total 508928K, used 166466K [0x0000000080000000, 0x0000000100000000)
  region size 1024K, 15 young (15360K), 15 survivors (15360K)
 Metaspace       used 147382K, committed 148800K, reserved 1179648K
  class space    used 19646K, committed 20288K, reserved 1048576K
}
Event: 5614.652 GC heap before
{Heap before GC invocations=86 (full 0):
 garbage-first heap   total 508928K, used 174658K [0x0000000080000000, 0x0000000100000000)
  region size 1024K, 24 young (24576K), 15 survivors (15360K)
 Metaspace       used 147394K, committed 148800K, reserved 1179648K
  class space    used 19646K, committed 20288K, reserved 1048576K
}
Event: 5614.666 GC heap after
{Heap after GC invocations=87 (full 0):
 garbage-first heap   total 508928K, used 155469K [0x0000000080000000, 0x0000000100000000)
  region size 1024K, 3 young (3072K), 3 survivors (3072K)
 Metaspace       used 147394K, committed 148800K, reserved 1179648K
  class space    used 19646K, committed 20288K, reserved 1048576K
}
Event: 5615.151 GC heap before
{Heap before GC invocations=87 (full 0):
 garbage-first heap   total 508928K, used 245581K [0x0000000080000000, 0x0000000100000000)
  region size 1024K, 93 young (95232K), 3 survivors (3072K)
 Metaspace       used 147530K, committed 148928K, reserved 1179648K
  class space    used 19647K, committed 20288K, reserved 1048576K
}
Event: 5615.154 GC heap after
{Heap after GC invocations=88 (full 0):
 garbage-first heap   total 508928K, used 154510K [0x0000000080000000, 0x0000000100000000)
  region size 1024K, 2 young (2048K), 2 survivors (2048K)
 Metaspace       used 147530K, committed 148928K, reserved 1179648K
  class space    used 19647K, committed 20288K, reserved 1048576K
}
Event: 5864.796 GC heap before
{Heap before GC invocations=89 (full 0):
 garbage-first heap   total 508928K, used 427918K [0x0000000080000000, 0x0000000100000000)
  region size 1024K, 249 young (254976K), 2 survivors (2048K)
 Metaspace       used 147198K, committed 148608K, reserved 1179648K
  class space    used 19534K, committed 20288K, reserved 1048576K
}
Event: 5864.809 GC heap after
{Heap after GC invocations=90 (full 0):
 garbage-first heap   total 508928K, used 165032K [0x0000000080000000, 0x0000000100000000)
  region size 1024K, 13 young (13312K), 13 survivors (13312K)
 Metaspace       used 147198K, committed 148608K, reserved 1179648K
  class space    used 19534K, committed 20288K, reserved 1048576K
}
Event: 5864.885 GC heap before
{Heap before GC invocations=90 (full 0):
 garbage-first heap   total 508928K, used 175272K [0x0000000080000000, 0x0000000100000000)
  region size 1024K, 24 young (24576K), 13 survivors (13312K)
 Metaspace       used 147229K, committed 148608K, reserved 1179648K
  class space    used 19534K, committed 20288K, reserved 1048576K
}
Event: 5864.906 GC heap after
{Heap after GC invocations=91 (full 0):
 garbage-first heap   total 508928K, used 133410K [0x0000000080000000, 0x0000000100000000)
  region size 1024K, 3 young (3072K), 3 survivors (3072K)
 Metaspace       used 147229K, committed 148608K, reserved 1179648K
  class space    used 19534K, committed 20288K, reserved 1048576K
}
Event: 5864.965 GC heap before
{Heap before GC invocations=91 (full 0):
 garbage-first heap   total 508928K, used 139554K [0x0000000080000000, 0x0000000100000000)
  region size 1024K, 10 young (10240K), 3 survivors (3072K)
 Metaspace       used 147241K, committed 148608K, reserved 1179648K
  class space    used 19534K, committed 20288K, reserved 1048576K
}
Event: 5864.967 GC heap after
{Heap after GC invocations=92 (full 0):
 garbage-first heap   total 508928K, used 131824K [0x0000000080000000, 0x0000000100000000)
  region size 1024K, 2 young (2048K), 2 survivors (2048K)
 Metaspace       used 147241K, committed 148608K, reserved 1179648K
  class space    used 19534K, committed 20288K, reserved 1048576K
}
Event: 5950.399 GC heap before
{Heap before GC invocations=93 (full 0):
 garbage-first heap   total 508928K, used 463600K [0x0000000080000000, 0x0000000100000000)
  region size 1024K, 279 young (285696K), 2 survivors (2048K)
 Metaspace       used 147511K, committed 148928K, reserved 1179648K
  class space    used 19536K, committed 20288K, reserved 1048576K
}
Event: 5950.410 GC heap after
{Heap after GC invocations=94 (full 0):
 garbage-first heap   total 508928K, used 149949K [0x0000000080000000, 0x0000000100000000)
  region size 1024K, 15 young (15360K), 15 survivors (15360K)
 Metaspace       used 147511K, committed 148928K, reserved 1179648K
  class space    used 19536K, committed 20288K, reserved 1048576K
}
Event: 5950.472 GC heap before
{Heap before GC invocations=94 (full 0):
 garbage-first heap   total 508928K, used 158141K [0x0000000080000000, 0x0000000100000000)
  region size 1024K, 24 young (24576K), 15 survivors (15360K)
 Metaspace       used 147511K, committed 148928K, reserved 1179648K
  class space    used 19536K, committed 20288K, reserved 1048576K
}
Event: 5950.534 GC heap after
{Heap after GC invocations=95 (full 0):
 garbage-first heap   total 508928K, used 138044K [0x0000000080000000, 0x0000000100000000)
  region size 1024K, 3 young (3072K), 3 survivors (3072K)
 Metaspace       used 147511K, committed 148928K, reserved 1179648K
  class space    used 19536K, committed 20288K, reserved 1048576K
}
Event: 5951.236 GC heap before
{Heap before GC invocations=95 (full 0):
 garbage-first heap   total 508928K, used 218940K [0x0000000080000000, 0x0000000100000000)
  region size 1024K, 84 young (86016K), 3 survivors (3072K)
 Metaspace       used 147836K, committed 149248K, reserved 1179648K
  class space    used 19559K, committed 20288K, reserved 1048576K
}

