# JRE version: OpenJDK Runtime Environment (17.0.7) (build 17.0.7+0-b2043.56-10550314)
# Java VM: OpenJDK 64-Bit Server VM (17.0.7+0-b2043.56-10550314, mixed mode, tiered, compressed oops, compressed class ptrs, g1 gc, windows-amd64)
GC Precious Log:
 CPUs: 8 total, 8 available
 Memory: 7973M
 Large Page Support: Disabled
 NUMA Support: Disabled
 Compressed Oops: Enabled (32-bit)
 Heap Region Size: 1M
 Heap Min Capacity: 8M
 Heap Initial Capacity: 126M
 Heap Max Capacity: 2G
 Pre-touch: Disabled
 Parallel Workers: 8
 Concurrent Workers: 2
 Concurrent Refinement Workers: 8
 Periodic GC: Disabled
Heap:
 garbage-first heap   total 373760K, used 233684K [0x0000000080000000, 0x0000000100000000)
  region size 1024K, 12 young (12288K), 12 survivors (12288K)
 Metaspace       used 147205K, committed 148224K, reserved 1179648K
  class space    used 19518K, committed 20032K, reserved 1048576K
GC Heap History (20 events):
Event: 536.636 GC heap after
{Heap after GC invocations=61 (full 0):
 garbage-first heap   total 290816K, used 173338K [0x0000000080000000, 0x0000000100000000)
  region size 1024K, 6 young (6144K), 6 survivors (6144K)
 Metaspace       used 137519K, committed 138368K, reserved 1179648K
  class space    used 18514K, committed 18944K, reserved 1048576K
}
Event: 536.996 GC heap before
{Heap before GC invocations=61 (full 0):
 garbage-first heap   total 290816K, used 180506K [0x0000000080000000, 0x0000000100000000)
  region size 1024K, 14 young (14336K), 6 survivors (6144K)
 Metaspace       used 137523K, committed 138432K, reserved 1179648K
  class space    used 18514K, committed 18944K, reserved 1048576K
}
Event: 537.019 GC heap after
{Heap after GC invocations=62 (full 0):
 garbage-first heap   total 290816K, used 155797K [0x0000000080000000, 0x0000000100000000)
  region size 1024K, 1 young (1024K), 1 survivors (1024K)
 Metaspace       used 137523K, committed 138432K, reserved 1179648K
  class space    used 18514K, committed 18944K, reserved 1048576K
}
Event: 537.916 GC heap before
{Heap before GC invocations=62 (full 0):
 garbage-first heap   total 290816K, used 232597K [0x0000000080000000, 0x0000000100000000)
  region size 1024K, 60 young (61440K), 1 survivors (1024K)
 Metaspace       used 139382K, committed 140352K, reserved 1179648K
  class space    used 18677K, committed 19136K, reserved 1048576K
}
Event: 537.923 GC heap after
{Heap after GC invocations=63 (full 0):
 garbage-first heap   total 290816K, used 162317K [0x0000000080000000, 0x0000000100000000)
  region size 1024K, 8 young (8192K), 8 survivors (8192K)
 Metaspace       used 139382K, committed 140352K, reserved 1179648K
  class space    used 18677K, committed 19136K, reserved 1048576K
}
Event: 538.421 GC heap before
{Heap before GC invocations=63 (full 0):
 garbage-first heap   total 290816K, used 220685K [0x0000000080000000, 0x0000000100000000)
  region size 1024K, 66 young (67584K), 8 survivors (8192K)
 Metaspace       used 141247K, committed 142144K, reserved 1179648K
  class space    used 18834K, committed 19264K, reserved 1048576K
}
Event: 538.431 GC heap after
{Heap after GC invocations=64 (full 0):
 garbage-first heap   total 290816K, used 165713K [0x0000000080000000, 0x0000000100000000)
  region size 1024K, 4 young (4096K), 4 survivors (4096K)
 Metaspace       used 141247K, committed 142144K, reserved 1179648K
  class space    used 18834K, committed 19264K, reserved 1048576K
}
Event: 538.838 GC heap before
{Heap before GC invocations=64 (full 0):
 garbage-first heap   total 290816K, used 226129K [0x0000000080000000, 0x0000000100000000)
  region size 1024K, 64 young (65536K), 4 survivors (4096K)
 Metaspace       used 142631K, committed 143616K, reserved 1179648K
  class space    used 18985K, committed 19456K, reserved 1048576K
}
Event: 538.845 GC heap after
{Heap after GC invocations=65 (full 0):
 garbage-first heap   total 290816K, used 170058K [0x0000000080000000, 0x0000000100000000)
  region size 1024K, 8 young (8192K), 8 survivors (8192K)
 Metaspace       used 142631K, committed 143616K, reserved 1179648K
  class space    used 18985K, committed 19456K, reserved 1048576K
}
Event: 539.570 GC heap before
{Heap before GC invocations=65 (full 0):
 garbage-first heap   total 290816K, used 230474K [0x0000000080000000, 0x0000000100000000)
  region size 1024K, 68 young (69632K), 8 survivors (8192K)
 Metaspace       used 144294K, committed 145280K, reserved 1179648K
  class space    used 19178K, committed 19648K, reserved 1048576K
}
Event: 539.579 GC heap after
{Heap after GC invocations=66 (full 0):
 garbage-first heap   total 290816K, used 170323K [0x0000000080000000, 0x0000000100000000)
  region size 1024K, 4 young (4096K), 4 survivors (4096K)
 Metaspace       used 144294K, committed 145280K, reserved 1179648K
  class space    used 19178K, committed 19648K, reserved 1048576K
}
Event: 540.385 GC heap before
{Heap before GC invocations=66 (full 0):
 garbage-first heap   total 290816K, used 244051K [0x0000000080000000, 0x0000000100000000)
  region size 1024K, 67 young (68608K), 4 survivors (4096K)
 Metaspace       used 146697K, committed 147712K, reserved 1179648K
  class space    used 19467K, committed 19968K, reserved 1048576K
}
Event: 540.393 GC heap after
{Heap after GC invocations=67 (full 0):
 garbage-first heap   total 290816K, used 189223K [0x0000000080000000, 0x0000000100000000)
  region size 1024K, 9 young (9216K), 9 survivors (9216K)
 Metaspace       used 146697K, committed 147712K, reserved 1179648K
  class space    used 19467K, committed 19968K, reserved 1048576K
}
Event: 540.444 GC heap before
{Heap before GC invocations=67 (full 0):
 garbage-first heap   total 290816K, used 240423K [0x0000000080000000, 0x0000000100000000)
  region size 1024K, 30 young (30720K), 9 survivors (9216K)
 Metaspace       used 146704K, committed 147712K, reserved 1179648K
  class space    used 19468K, committed 19968K, reserved 1048576K
}
Event: 540.451 GC heap after
{Heap after GC invocations=68 (full 0):
 garbage-first heap   total 290816K, used 214016K [0x0000000080000000, 0x0000000100000000)
  region size 1024K, 8 young (8192K), 8 survivors (8192K)
 Metaspace       used 146704K, committed 147712K, reserved 1179648K
  class space    used 19468K, committed 19968K, reserved 1048576K
}
Event: 540.452 GC heap before
{Heap before GC invocations=68 (full 0):
 garbage-first heap   total 290816K, used 217088K [0x0000000080000000, 0x0000000100000000)
  region size 1024K, 9 young (9216K), 8 survivors (8192K)
 Metaspace       used 146704K, committed 147712K, reserved 1179648K
  class space    used 19468K, committed 19968K, reserved 1048576K
}
Event: 540.454 GC heap after
{Heap after GC invocations=69 (full 0):
 garbage-first heap   total 290816K, used 217230K [0x0000000080000000, 0x0000000100000000)
  region size 1024K, 1 young (1024K), 1 survivors (1024K)
 Metaspace       used 146704K, committed 147712K, reserved 1179648K
  class space    used 19468K, committed 19968K, reserved 1048576K
}
Event: 540.727 GC heap before
{Heap before GC invocations=69 (full 0):
 garbage-first heap   total 373760K, used 229518K [0x0000000080000000, 0x0000000100000000)
  region size 1024K, 29 young (29696K), 1 survivors (1024K)
 Metaspace       used 146840K, committed 147840K, reserved 1179648K
  class space    used 19478K, committed 19968K, reserved 1048576K
}
Event: 540.740 GC heap after
{Heap after GC invocations=70 (full 0):
 garbage-first heap   total 373760K, used 205824K [0x0000000080000000, 0x0000000100000000)
  region size 1024K, 4 young (4096K), 4 survivors (4096K)
 Metaspace       used 146840K, committed 147840K, reserved 1179648K
  class space    used 19478K, committed 19968K, reserved 1048576K
}
Event: 541.292 GC heap before
{Heap before GC invocations=71 (full 0):
 garbage-first heap   total 373760K, used 297984K [0x0000000080000000, 0x0000000100000000)
  region size 1024K, 92 young (94208K), 4 survivors (4096K)
 Metaspace       used 147205K, committed 148224K, reserved 1179648K
  class space    used 19518K, committed 20032K, reserved 1048576K
}

