# JRE version: OpenJDK Runtime Environment (17.0.9) (build 17.0.9+0--11185874)
# Java VM: OpenJDK 64-Bit Server VM (17.0.9+0--11185874, mixed mode, tiered, compressed oops, compressed class ptrs, g1 gc, windows-amd64)
GC Precious Log:
 CPUs: 8 total, 8 available
 Memory: 7973M
 Large Page Support: Disabled
 NUMA Support: Disabled
 Compressed Oops: Enabled (32-bit)
 Heap Region Size: 1M
 Heap Min Capacity: 8M
 Heap Initial Capacity: 126M
 Heap Max Capacity: 2G
 Pre-touch: Disabled
 Parallel Workers: 8
 Concurrent Workers: 2
 Concurrent Refinement Workers: 8
 Periodic GC: Disabled
Heap:
 garbage-first heap   total 471040K, used 117526K [0x0000000080000000, 0x0000000100000000)
  region size 1024K, 4 young (4096K), 4 survivors (4096K)
 Metaspace       used 147874K, committed 149696K, reserved 1179648K
  class space    used 19714K, committed 20608K, reserved 1048576K
GC Heap History (20 events):
Event: 13171.795 GC heap after
{Heap after GC invocations=88 (full 0):
 garbage-first heap   total 471040K, used 115005K [0x0000000080000000, 0x0000000100000000)
  region size 1024K, 3 young (3072K), 3 survivors (3072K)
 Metaspace       used 146663K, committed 148352K, reserved 1179648K
  class space    used 19624K, committed 20416K, reserved 1048576K
}
Event: 13171.936 GC heap before
{Heap before GC invocations=88 (full 0):
 garbage-first heap   total 471040K, used 120125K [0x0000000080000000, 0x0000000100000000)
  region size 1024K, 9 young (9216K), 3 survivors (3072K)
 Metaspace       used 146675K, committed 148352K, reserved 1179648K
  class space    used 19624K, committed 20416K, reserved 1048576K
}
Event: 13171.940 GC heap after
{Heap after GC invocations=89 (full 0):
 garbage-first heap   total 471040K, used 116221K [0x0000000080000000, 0x0000000100000000)
  region size 1024K, 5 young (5120K), 5 survivors (5120K)
 Metaspace       used 146675K, committed 148352K, reserved 1179648K
  class space    used 19624K, committed 20416K, reserved 1048576K
}
Event: 13201.599 GC heap before
{Heap before GC invocations=90 (full 0):
 garbage-first heap   total 444416K, used 343549K [0x0000000080000000, 0x0000000100000000)
  region size 1024K, 203 young (207872K), 5 survivors (5120K)
 Metaspace       used 146863K, committed 148544K, reserved 1179648K
  class space    used 19627K, committed 20416K, reserved 1048576K
}
Event: 13201.617 GC heap after
{Heap after GC invocations=91 (full 0):
 garbage-first heap   total 444416K, used 140772K [0x0000000080000000, 0x0000000100000000)
  region size 1024K, 25 young (25600K), 25 survivors (25600K)
 Metaspace       used 146863K, committed 148544K, reserved 1179648K
  class space    used 19627K, committed 20416K, reserved 1048576K
}
Event: 13201.619 GC heap before
{Heap before GC invocations=91 (full 0):
 garbage-first heap   total 444416K, used 141796K [0x0000000080000000, 0x0000000100000000)
  region size 1024K, 26 young (26624K), 25 survivors (25600K)
 Metaspace       used 146863K, committed 148544K, reserved 1179648K
  class space    used 19627K, committed 20416K, reserved 1048576K
}
Event: 13201.634 GC heap after
{Heap after GC invocations=92 (full 0):
 garbage-first heap   total 444416K, used 135687K [0x0000000080000000, 0x0000000100000000)
  region size 1024K, 3 young (3072K), 3 survivors (3072K)
 Metaspace       used 146863K, committed 148544K, reserved 1179648K
  class space    used 19627K, committed 20416K, reserved 1048576K
}
Event: 13202.083 GC heap before
{Heap before GC invocations=92 (full 0):
 garbage-first heap   total 444416K, used 182791K [0x0000000080000000, 0x0000000100000000)
  region size 1024K, 51 young (52224K), 3 survivors (3072K)
 Metaspace       used 147254K, committed 148992K, reserved 1179648K
  class space    used 19654K, committed 20480K, reserved 1048576K
}
Event: 13202.091 GC heap after
{Heap after GC invocations=93 (full 0):
 garbage-first heap   total 444416K, used 138361K [0x0000000080000000, 0x0000000100000000)
  region size 1024K, 6 young (6144K), 6 survivors (6144K)
 Metaspace       used 147254K, committed 148992K, reserved 1179648K
  class space    used 19654K, committed 20480K, reserved 1048576K
}
Event: 13242.786 GC heap before
{Heap before GC invocations=94 (full 0):
 garbage-first heap   total 444416K, used 329849K [0x0000000080000000, 0x0000000100000000)
  region size 1024K, 171 young (175104K), 6 survivors (6144K)
 Metaspace       used 147388K, committed 149120K, reserved 1179648K
  class space    used 19660K, committed 20480K, reserved 1048576K
}
Event: 13242.800 GC heap after
{Heap after GC invocations=95 (full 0):
 garbage-first heap   total 444416K, used 149958K [0x0000000080000000, 0x0000000100000000)
  region size 1024K, 15 young (15360K), 15 survivors (15360K)
 Metaspace       used 147388K, committed 149120K, reserved 1179648K
  class space    used 19660K, committed 20480K, reserved 1048576K
}
Event: 13242.954 GC heap before
{Heap before GC invocations=95 (full 0):
 garbage-first heap   total 444416K, used 177606K [0x0000000080000000, 0x0000000100000000)
  region size 1024K, 21 young (21504K), 15 survivors (15360K)
 Metaspace       used 147390K, committed 149120K, reserved 1179648K
  class space    used 19661K, committed 20480K, reserved 1048576K
}
Event: 13242.966 GC heap after
{Heap after GC invocations=96 (full 0):
 garbage-first heap   total 444416K, used 129192K [0x0000000080000000, 0x0000000100000000)
  region size 1024K, 2 young (2048K), 2 survivors (2048K)
 Metaspace       used 147390K, committed 149120K, reserved 1179648K
  class space    used 19661K, committed 20480K, reserved 1048576K
}
Event: 13264.282 GC heap before
{Heap before GC invocations=96 (full 0):
 garbage-first heap   total 444416K, used 209064K [0x0000000080000000, 0x0000000100000000)
  region size 1024K, 82 young (83968K), 2 survivors (2048K)
 Metaspace       used 147892K, committed 149696K, reserved 1179648K
  class space    used 19736K, committed 20608K, reserved 1048576K
}
Event: 13264.292 GC heap after
{Heap after GC invocations=97 (full 0):
 garbage-first heap   total 444416K, used 138029K [0x0000000080000000, 0x0000000100000000)
  region size 1024K, 11 young (11264K), 11 survivors (11264K)
 Metaspace       used 147892K, committed 149696K, reserved 1179648K
  class space    used 19736K, committed 20608K, reserved 1048576K
}
Event: 14223.837 GC heap before
{Heap before GC invocations=98 (full 0):
 garbage-first heap   total 444416K, used 338733K [0x0000000080000000, 0x0000000100000000)
  region size 1024K, 190 young (194560K), 11 survivors (11264K)
 Metaspace       used 147866K, committed 149696K, reserved 1179648K
  class space    used 19713K, committed 20608K, reserved 1048576K
}
Event: 14223.845 GC heap after
{Heap after GC invocations=99 (full 0):
 garbage-first heap   total 444416K, used 132947K [0x0000000080000000, 0x0000000100000000)
  region size 1024K, 9 young (9216K), 9 survivors (9216K)
 Metaspace       used 147866K, committed 149696K, reserved 1179648K
  class space    used 19713K, committed 20608K, reserved 1048576K
}
Event: 14223.920 GC heap before
{Heap before GC invocations=99 (full 0):
 garbage-first heap   total 444416K, used 145235K [0x0000000080000000, 0x0000000100000000)
  region size 1024K, 21 young (21504K), 9 survivors (9216K)
 Metaspace       used 147868K, committed 149696K, reserved 1179648K
  class space    used 19714K, committed 20608K, reserved 1048576K
}
Event: 14223.932 GC heap after
{Heap after GC invocations=100 (full 0):
 garbage-first heap   total 444416K, used 116215K [0x0000000080000000, 0x0000000100000000)
  region size 1024K, 3 young (3072K), 3 survivors (3072K)
 Metaspace       used 147868K, committed 149696K, reserved 1179648K
  class space    used 19714K, committed 20608K, reserved 1048576K
}
Event: 14224.071 GC heap before
{Heap before GC invocations=100 (full 0):
 garbage-first heap   total 444416K, used 125431K [0x0000000080000000, 0x0000000100000000)
  region size 1024K, 13 young (13312K), 3 survivors (3072K)
 Metaspace       used 147874K, committed 149696K, reserved 1179648K
  class space    used 19714K, committed 20608K, reserved 1048576K
}

