# JRE version: OpenJDK Runtime Environment (17.0.10) (build 17.0.10+0--11609105)
# Java VM: OpenJDK 64-Bit Server VM (17.0.10+0--11609105, mixed mode, tiered, compressed oops, compressed class ptrs, g1 gc, windows-amd64)
GC Precious Log:
 CPUs: 8 total, 8 available
 Memory: 7973M
 Large Page Support: Disabled
 NUMA Support: Disabled
 Compressed Oops: Enabled (32-bit)
 Heap Region Size: 1M
 Heap Min Capacity: 8M
 Heap Initial Capacity: 126M
 Heap Max Capacity: 2G
 Pre-touch: Disabled
 Parallel Workers: 8
 Concurrent Workers: 2
 Concurrent Refinement Workers: 8
 Periodic GC: Disabled
Heap:
 garbage-first heap   total 449536K, used 263391K [0x0000000080000000, 0x0000000100000000)
  region size 1024K, 12 young (12288K), 12 survivors (12288K)
 Metaspace       used 195560K, committed 196736K, reserved 1245184K
  class space    used 24959K, committed 25536K, reserved 1048576K
GC Heap History (20 events):
Event: 509.410 GC heap after
{Heap after GC invocations=61 (full 0):
 garbage-first heap   total 418816K, used 214388K [0x0000000080000000, 0x0000000100000000)
  region size 1024K, 2 young (2048K), 2 survivors (2048K)
 Metaspace       used 138788K, committed 139904K, reserved 1179648K
  class space    used 18738K, committed 19264K, reserved 1048576K
}
Event: 509.606 GC heap before
{Heap before GC invocations=61 (full 0):
 garbage-first heap   total 418816K, used 231796K [0x0000000080000000, 0x0000000100000000)
  region size 1024K, 20 young (20480K), 2 survivors (2048K)
 Metaspace       used 141727K, committed 142784K, reserved 1179648K
  class space    used 19132K, committed 19648K, reserved 1048576K
}
Event: 509.608 GC heap after
{Heap after GC invocations=62 (full 0):
 garbage-first heap   total 418816K, used 213113K [0x0000000080000000, 0x0000000100000000)
  region size 1024K, 1 young (1024K), 1 survivors (1024K)
 Metaspace       used 141727K, committed 142784K, reserved 1179648K
  class space    used 19132K, committed 19648K, reserved 1048576K
}
Event: 510.643 GC heap before
{Heap before GC invocations=63 (full 0):
 garbage-first heap   total 418816K, used 370809K [0x0000000080000000, 0x0000000100000000)
  region size 1024K, 141 young (144384K), 1 survivors (1024K)
 Metaspace       used 146312K, committed 147392K, reserved 1179648K
  class space    used 19655K, committed 20160K, reserved 1048576K
}
Event: 510.665 GC heap after
{Heap after GC invocations=64 (full 0):
 garbage-first heap   total 418816K, used 250836K [0x0000000080000000, 0x0000000100000000)
  region size 1024K, 18 young (18432K), 18 survivors (18432K)
 Metaspace       used 146312K, committed 147392K, reserved 1179648K
  class space    used 19655K, committed 20160K, reserved 1048576K
}
Event: 510.705 GC heap before
{Heap before GC invocations=64 (full 0):
 garbage-first heap   total 418816K, used 251860K [0x0000000080000000, 0x0000000100000000)
  region size 1024K, 20 young (20480K), 18 survivors (18432K)
 Metaspace       used 146507K, committed 147584K, reserved 1179648K
  class space    used 19678K, committed 20160K, reserved 1048576K
}
Event: 510.720 GC heap after
{Heap after GC invocations=65 (full 0):
 garbage-first heap   total 418816K, used 243007K [0x0000000080000000, 0x0000000100000000)
  region size 1024K, 3 young (3072K), 3 survivors (3072K)
 Metaspace       used 146507K, committed 147584K, reserved 1179648K
  class space    used 19678K, committed 20160K, reserved 1048576K
}
Event: 511.981 GC heap before
{Heap before GC invocations=65 (full 0):
 garbage-first heap   total 418816K, used 345407K [0x0000000080000000, 0x0000000100000000)
  region size 1024K, 103 young (105472K), 3 survivors (3072K)
 Metaspace       used 158692K, committed 159744K, reserved 1245184K
  class space    used 21037K, committed 21568K, reserved 1048576K
}
Event: 511.987 GC heap after
{Heap after GC invocations=66 (full 0):
 garbage-first heap   total 418816K, used 246510K [0x0000000080000000, 0x0000000100000000)
  region size 1024K, 6 young (6144K), 6 survivors (6144K)
 Metaspace       used 158692K, committed 159744K, reserved 1245184K
  class space    used 21037K, committed 21568K, reserved 1048576K
}
Event: 513.293 GC heap before
{Heap before GC invocations=67 (full 0):
 garbage-first heap   total 423936K, used 349934K [0x0000000080000000, 0x0000000100000000)
  region size 1024K, 106 young (108544K), 6 survivors (6144K)
 Metaspace       used 162816K, committed 163904K, reserved 1245184K
  class space    used 21502K, committed 22080K, reserved 1048576K
}
Event: 513.304 GC heap after
{Heap after GC invocations=68 (full 0):
 garbage-first heap   total 423936K, used 253925K [0x0000000080000000, 0x0000000100000000)
  region size 1024K, 13 young (13312K), 13 survivors (13312K)
 Metaspace       used 162816K, committed 163904K, reserved 1245184K
  class space    used 21502K, committed 22080K, reserved 1048576K
}
Event: 513.346 GC heap before
{Heap before GC invocations=68 (full 0):
 garbage-first heap   total 423936K, used 261093K [0x0000000080000000, 0x0000000100000000)
  region size 1024K, 20 young (20480K), 13 survivors (13312K)
 Metaspace       used 162943K, committed 164032K, reserved 1245184K
  class space    used 21515K, committed 22080K, reserved 1048576K
}
Event: 513.360 GC heap after
{Heap after GC invocations=69 (full 0):
 garbage-first heap   total 423936K, used 251530K [0x0000000080000000, 0x0000000100000000)
  region size 1024K, 3 young (3072K), 3 survivors (3072K)
 Metaspace       used 162943K, committed 164032K, reserved 1245184K
  class space    used 21515K, committed 22080K, reserved 1048576K
}
Event: 515.498 GC heap before
{Heap before GC invocations=69 (full 0):
 garbage-first heap   total 423936K, used 352906K [0x0000000080000000, 0x0000000100000000)
  region size 1024K, 102 young (104448K), 3 survivors (3072K)
 Metaspace       used 173458K, committed 174656K, reserved 1245184K
  class space    used 22580K, committed 23168K, reserved 1048576K
}
Event: 515.505 GC heap after
{Heap after GC invocations=70 (full 0):
 garbage-first heap   total 423936K, used 257733K [0x0000000080000000, 0x0000000100000000)
  region size 1024K, 9 young (9216K), 9 survivors (9216K)
 Metaspace       used 173458K, committed 174656K, reserved 1245184K
  class space    used 22580K, committed 23168K, reserved 1048576K
}
Event: 517.019 GC heap before
{Heap before GC invocations=71 (full 0):
 garbage-first heap   total 449536K, used 355013K [0x0000000080000000, 0x0000000100000000)
  region size 1024K, 104 young (106496K), 9 survivors (9216K)
 Metaspace       used 185730K, committed 186880K, reserved 1245184K
  class space    used 23832K, committed 24384K, reserved 1048576K
}
Event: 517.033 GC heap after
{Heap after GC invocations=72 (full 0):
 garbage-first heap   total 449536K, used 254379K [0x0000000080000000, 0x0000000100000000)
  region size 1024K, 5 young (5120K), 5 survivors (5120K)
 Metaspace       used 185730K, committed 186880K, reserved 1245184K
  class space    used 23832K, committed 24384K, reserved 1048576K
}
Event: 517.366 GC heap before
{Heap before GC invocations=72 (full 0):
 garbage-first heap   total 449536K, used 277931K [0x0000000080000000, 0x0000000100000000)
  region size 1024K, 21 young (21504K), 5 survivors (5120K)
 Metaspace       used 186426K, committed 187584K, reserved 1245184K
  class space    used 23926K, committed 24512K, reserved 1048576K
}
Event: 517.381 GC heap after
{Heap after GC invocations=73 (full 0):
 garbage-first heap   total 449536K, used 252223K [0x0000000080000000, 0x0000000100000000)
  region size 1024K, 1 young (1024K), 1 survivors (1024K)
 Metaspace       used 186426K, committed 187584K, reserved 1245184K
  class space    used 23926K, committed 24512K, reserved 1048576K
}
Event: 548.631 GC heap before
{Heap before GC invocations=73 (full 0):
 garbage-first heap   total 449536K, used 376127K [0x0000000080000000, 0x0000000100000000)
  region size 1024K, 123 young (125952K), 1 survivors (1024K)
 Metaspace       used 195560K, committed 196736K, reserved 1245184K
  class space    used 24959K, committed 25536K, reserved 1048576K
}

