# JRE version: OpenJDK Runtime Environment (17.0.9) (build 17.0.9+0--11185874)
# Java VM: OpenJDK 64-Bit Server VM (17.0.9+0--11185874, mixed mode, tiered, compressed oops, compressed class ptrs, g1 gc, windows-amd64)
GC Precious Log:
 CPUs: 8 total, 8 available
 Memory: 7973M
 Large Page Support: Disabled
 NUMA Support: Disabled
 Compressed Oops: Enabled (32-bit)
 Heap Region Size: 1M
 Heap Min Capacity: 8M
 Heap Initial Capacity: 126M
 Heap Max Capacity: 2G
 Pre-touch: Disabled
 Parallel Workers: 8
 Concurrent Workers: 2
 Concurrent Refinement Workers: 8
 Periodic GC: Disabled
Heap:
 garbage-first heap   total 477184K, used 153856K [0x0000000080000000, 0x0000000100000000)
  region size 1024K, 4 young (4096K), 4 survivors (4096K)
 Metaspace       used 139742K, committed 140800K, reserved 1179648K
  class space    used 18720K, committed 19200K, reserved 1048576K
GC Heap History (20 events):
Event: 98.515 GC heap after
{Heap after GC invocations=57 (full 0):
 garbage-first heap   total 477184K, used 128026K [0x0000000080000000, 0x0000000100000000)
  region size 1024K, 2 young (2048K), 2 survivors (2048K)
 Metaspace       used 136434K, committed 137216K, reserved 1179648K
  class space    used 18633K, committed 19008K, reserved 1048576K
}
Event: 98.866 GC heap before
{Heap before GC invocations=57 (full 0):
 garbage-first heap   total 477184K, used 162842K [0x0000000080000000, 0x0000000100000000)
  region size 1024K, 37 young (37888K), 2 survivors (2048K)
 Metaspace       used 136862K, committed 137792K, reserved 1179648K
  class space    used 18648K, committed 19072K, reserved 1048576K
}
Event: 98.870 GC heap after
{Heap after GC invocations=58 (full 0):
 garbage-first heap   total 477184K, used 128414K [0x0000000080000000, 0x0000000100000000)
  region size 1024K, 2 young (2048K), 2 survivors (2048K)
 Metaspace       used 136862K, committed 137792K, reserved 1179648K
  class space    used 18648K, committed 19072K, reserved 1048576K
}
Event: 453.166 GC heap before
{Heap before GC invocations=59 (full 0):
 garbage-first heap   total 477184K, used 325022K [0x0000000080000000, 0x0000000100000000)
  region size 1024K, 173 young (177152K), 2 survivors (2048K)
 Metaspace       used 137667K, committed 138624K, reserved 1179648K
  class space    used 18681K, committed 19136K, reserved 1048576K
}
Event: 453.178 GC heap after
{Heap after GC invocations=60 (full 0):
 garbage-first heap   total 477184K, used 140437K [0x0000000080000000, 0x0000000100000000)
  region size 1024K, 14 young (14336K), 14 survivors (14336K)
 Metaspace       used 137667K, committed 138624K, reserved 1179648K
  class space    used 18681K, committed 19136K, reserved 1048576K
}
Event: 453.254 GC heap before
{Heap before GC invocations=60 (full 0):
 garbage-first heap   total 477184K, used 149653K [0x0000000080000000, 0x0000000100000000)
  region size 1024K, 23 young (23552K), 14 survivors (14336K)
 Metaspace       used 137684K, committed 138624K, reserved 1179648K
  class space    used 18682K, committed 19136K, reserved 1048576K
}
Event: 453.264 GC heap after
{Heap after GC invocations=61 (full 0):
 garbage-first heap   total 477184K, used 131229K [0x0000000080000000, 0x0000000100000000)
  region size 1024K, 2 young (2048K), 2 survivors (2048K)
 Metaspace       used 137684K, committed 138624K, reserved 1179648K
  class space    used 18682K, committed 19136K, reserved 1048576K
}
Event: 453.548 GC heap before
{Heap before GC invocations=61 (full 0):
 garbage-first heap   total 477184K, used 159901K [0x0000000080000000, 0x0000000100000000)
  region size 1024K, 32 young (32768K), 2 survivors (2048K)
 Metaspace       used 137942K, committed 138880K, reserved 1179648K
  class space    used 18692K, committed 19136K, reserved 1048576K
}
Event: 453.552 GC heap after
{Heap after GC invocations=62 (full 0):
 garbage-first heap   total 477184K, used 131065K [0x0000000080000000, 0x0000000100000000)
  region size 1024K, 2 young (2048K), 2 survivors (2048K)
 Metaspace       used 137942K, committed 138880K, reserved 1179648K
  class space    used 18692K, committed 19136K, reserved 1048576K
}
Event: 618.201 GC heap before
{Heap before GC invocations=63 (full 0):
 garbage-first heap   total 477184K, used 377849K [0x0000000080000000, 0x0000000100000000)
  region size 1024K, 223 young (228352K), 2 survivors (2048K)
 Metaspace       used 138490K, committed 139456K, reserved 1179648K
  class space    used 18698K, committed 19136K, reserved 1048576K
}
Event: 618.218 GC heap after
{Heap after GC invocations=64 (full 0):
 garbage-first heap   total 477184K, used 142528K [0x0000000080000000, 0x0000000100000000)
  region size 1024K, 14 young (14336K), 14 survivors (14336K)
 Metaspace       used 138490K, committed 139456K, reserved 1179648K
  class space    used 18698K, committed 19136K, reserved 1048576K
}
Event: 618.286 GC heap before
{Heap before GC invocations=64 (full 0):
 garbage-first heap   total 477184K, used 151744K [0x0000000080000000, 0x0000000100000000)
  region size 1024K, 23 young (23552K), 14 survivors (14336K)
 Metaspace       used 138543K, committed 139520K, reserved 1179648K
  class space    used 18698K, committed 19136K, reserved 1048576K
}
Event: 618.296 GC heap after
{Heap after GC invocations=65 (full 0):
 garbage-first heap   total 477184K, used 133038K [0x0000000080000000, 0x0000000100000000)
  region size 1024K, 2 young (2048K), 2 survivors (2048K)
 Metaspace       used 138543K, committed 139520K, reserved 1179648K
  class space    used 18698K, committed 19136K, reserved 1048576K
}
Event: 618.572 GC heap before
{Heap before GC invocations=65 (full 0):
 garbage-first heap   total 477184K, used 161710K [0x0000000080000000, 0x0000000100000000)
  region size 1024K, 32 young (32768K), 2 survivors (2048K)
 Metaspace       used 138732K, committed 139712K, reserved 1179648K
  class space    used 18700K, committed 19136K, reserved 1048576K
}
Event: 618.575 GC heap after
{Heap after GC invocations=66 (full 0):
 garbage-first heap   total 477184K, used 132735K [0x0000000080000000, 0x0000000100000000)
  region size 1024K, 2 young (2048K), 2 survivors (2048K)
 Metaspace       used 138732K, committed 139712K, reserved 1179648K
  class space    used 18700K, committed 19136K, reserved 1048576K
}
Event: 903.530 GC heap before
{Heap before GC invocations=67 (full 0):
 garbage-first heap   total 477184K, used 395903K [0x0000000080000000, 0x0000000100000000)
  region size 1024K, 236 young (241664K), 2 survivors (2048K)
 Metaspace       used 139286K, committed 140288K, reserved 1179648K
  class space    used 18719K, committed 19200K, reserved 1048576K
}
Event: 903.556 GC heap after
{Heap after GC invocations=68 (full 0):
 garbage-first heap   total 477184K, used 157510K [0x0000000080000000, 0x0000000100000000)
  region size 1024K, 24 young (24576K), 24 survivors (24576K)
 Metaspace       used 139286K, committed 140288K, reserved 1179648K
  class space    used 18719K, committed 19200K, reserved 1048576K
}
Event: 903.571 GC heap before
{Heap before GC invocations=68 (full 0):
 garbage-first heap   total 477184K, used 158534K [0x0000000080000000, 0x0000000100000000)
  region size 1024K, 25 young (25600K), 24 survivors (24576K)
 Metaspace       used 139289K, committed 140288K, reserved 1179648K
  class space    used 18719K, committed 19200K, reserved 1048576K
}
Event: 903.587 GC heap after
{Heap after GC invocations=69 (full 0):
 garbage-first heap   total 477184K, used 152996K [0x0000000080000000, 0x0000000100000000)
  region size 1024K, 3 young (3072K), 3 survivors (3072K)
 Metaspace       used 139289K, committed 140288K, reserved 1179648K
  class space    used 18719K, committed 19200K, reserved 1048576K
}
Event: 904.379 GC heap before
{Heap before GC invocations=69 (full 0):
 garbage-first heap   total 477184K, used 262564K [0x0000000080000000, 0x0000000100000000)
  region size 1024K, 112 young (114688K), 3 survivors (3072K)
 Metaspace       used 139742K, committed 140800K, reserved 1179648K
  class space    used 18720K, committed 19200K, reserved 1048576K
}

