# JRE version: OpenJDK Runtime Environment (17.0.9) (build 17.0.9+0--11185874)
# Java VM: OpenJDK 64-Bit Server VM (17.0.9+0--11185874, mixed mode, tiered, compressed oops, compressed class ptrs, g1 gc, windows-amd64)
GC Precious Log:
 CPUs: 8 total, 8 available
 Memory: 7973M
 Large Page Support: Disabled
 NUMA Support: Disabled
 Compressed Oops: Enabled (32-bit)
 Heap Region Size: 1M
 Heap Min Capacity: 8M
 Heap Initial Capacity: 126M
 Heap Max Capacity: 2G
 Pre-touch: Disabled
 Parallel Workers: 8
 Concurrent Workers: 2
 Concurrent Refinement Workers: 8
 Periodic GC: Disabled
Heap:
 garbage-first heap   total 387072K, used 181446K [0x0000000080000000, 0x0000000100000000)
  region size 1024K, 18 young (18432K), 18 survivors (18432K)
 Metaspace       used 138258K, committed 139072K, reserved 1179648K
  class space    used 18884K, committed 19264K, reserved 1048576K
GC Heap History (20 events):
Event: 23.569 GC heap after
{Heap after GC invocations=49 (full 0):
 garbage-first heap   total 387072K, used 158232K [0x0000000080000000, 0x0000000100000000)
  region size 1024K, 2 young (2048K), 2 survivors (2048K)
 Metaspace       used 113239K, committed 113984K, reserved 1179648K
  class space    used 15286K, committed 15616K, reserved 1048576K
}
Event: 78.173 GC heap before
{Heap before GC invocations=49 (full 0):
 garbage-first heap   total 387072K, used 308760K [0x0000000080000000, 0x0000000100000000)
  region size 1024K, 150 young (153600K), 2 survivors (2048K)
 Metaspace       used 118336K, committed 119168K, reserved 1179648K
  class space    used 15734K, committed 16128K, reserved 1048576K
}
Event: 78.185 GC heap after
{Heap after GC invocations=50 (full 0):
 garbage-first heap   total 387072K, used 168867K [0x0000000080000000, 0x0000000100000000)
  region size 1024K, 13 young (13312K), 13 survivors (13312K)
 Metaspace       used 118336K, committed 119168K, reserved 1179648K
  class space    used 15734K, committed 16128K, reserved 1048576K
}
Event: 79.564 GC heap before
{Heap before GC invocations=51 (full 0):
 garbage-first heap   total 387072K, used 310179K [0x0000000080000000, 0x0000000100000000)
  region size 1024K, 152 young (155648K), 13 survivors (13312K)
 Metaspace       used 118871K, committed 119616K, reserved 1179648K
  class space    used 15766K, committed 16128K, reserved 1048576K
}
Event: 79.575 GC heap after
{Heap after GC invocations=52 (full 0):
 garbage-first heap   total 387072K, used 174790K [0x0000000080000000, 0x0000000100000000)
  region size 1024K, 8 young (8192K), 8 survivors (8192K)
 Metaspace       used 118871K, committed 119616K, reserved 1179648K
  class space    used 15766K, committed 16128K, reserved 1048576K
}
Event: 79.629 GC heap before
{Heap before GC invocations=52 (full 0):
 garbage-first heap   total 387072K, used 184006K [0x0000000080000000, 0x0000000100000000)
  region size 1024K, 18 young (18432K), 8 survivors (8192K)
 Metaspace       used 118881K, committed 119616K, reserved 1179648K
  class space    used 15766K, committed 16128K, reserved 1048576K
}
Event: 79.636 GC heap after
{Heap after GC invocations=53 (full 0):
 garbage-first heap   total 387072K, used 164498K [0x0000000080000000, 0x0000000100000000)
  region size 1024K, 2 young (2048K), 2 survivors (2048K)
 Metaspace       used 118881K, committed 119616K, reserved 1179648K
  class space    used 15766K, committed 16128K, reserved 1048576K
}
Event: 81.167 GC heap before
{Heap before GC invocations=53 (full 0):
 garbage-first heap   total 387072K, used 311954K [0x0000000080000000, 0x0000000100000000)
  region size 1024K, 147 young (150528K), 2 survivors (2048K)
 Metaspace       used 132822K, committed 133696K, reserved 1179648K
  class space    used 18054K, committed 18432K, reserved 1048576K
}
Event: 81.174 GC heap after
{Heap after GC invocations=54 (full 0):
 garbage-first heap   total 387072K, used 169634K [0x0000000080000000, 0x0000000100000000)
  region size 1024K, 7 young (7168K), 7 survivors (7168K)
 Metaspace       used 132822K, committed 133696K, reserved 1179648K
  class space    used 18054K, committed 18432K, reserved 1048576K
}
Event: 82.221 GC heap before
{Heap before GC invocations=54 (full 0):
 garbage-first heap   total 387072K, used 339618K [0x0000000080000000, 0x0000000100000000)
  region size 1024K, 133 young (136192K), 7 survivors (7168K)
 Metaspace       used 137781K, committed 138688K, reserved 1179648K
  class space    used 18859K, committed 19264K, reserved 1048576K
}
Event: 82.227 GC heap after
{Heap after GC invocations=55 (full 0):
 garbage-first heap   total 387072K, used 194021K [0x0000000080000000, 0x0000000100000000)
  region size 1024K, 7 young (7168K), 7 survivors (7168K)
 Metaspace       used 137781K, committed 138688K, reserved 1179648K
  class space    used 18859K, committed 19264K, reserved 1048576K
}
Event: 82.242 GC heap before
{Heap before GC invocations=55 (full 0):
 garbage-first heap   total 387072K, used 229861K [0x0000000080000000, 0x0000000100000000)
  region size 1024K, 10 young (10240K), 7 survivors (7168K)
 Metaspace       used 137781K, committed 138688K, reserved 1179648K
  class space    used 18859K, committed 19264K, reserved 1048576K
}
Event: 82.248 GC heap after
{Heap after GC invocations=56 (full 0):
 garbage-first heap   total 387072K, used 191998K [0x0000000080000000, 0x0000000100000000)
  region size 1024K, 7 young (7168K), 7 survivors (7168K)
 Metaspace       used 137781K, committed 138688K, reserved 1179648K
  class space    used 18859K, committed 19264K, reserved 1048576K
}
Event: 82.274 GC heap before
{Heap before GC invocations=56 (full 0):
 garbage-first heap   total 387072K, used 223742K [0x0000000080000000, 0x0000000100000000)
  region size 1024K, 10 young (10240K), 7 survivors (7168K)
 Metaspace       used 137781K, committed 138688K, reserved 1179648K
  class space    used 18859K, committed 19264K, reserved 1048576K
}
Event: 82.279 GC heap after
{Heap after GC invocations=57 (full 0):
 garbage-first heap   total 387072K, used 192277K [0x0000000080000000, 0x0000000100000000)
  region size 1024K, 7 young (7168K), 7 survivors (7168K)
 Metaspace       used 137781K, committed 138688K, reserved 1179648K
  class space    used 18859K, committed 19264K, reserved 1048576K
}
Event: 82.289 GC heap before
{Heap before GC invocations=57 (full 0):
 garbage-first heap   total 387072K, used 220949K [0x0000000080000000, 0x0000000100000000)
  region size 1024K, 10 young (10240K), 7 survivors (7168K)
 Metaspace       used 137781K, committed 138688K, reserved 1179648K
  class space    used 18859K, committed 19264K, reserved 1048576K
}
Event: 82.295 GC heap after
{Heap after GC invocations=58 (full 0):
 garbage-first heap   total 387072K, used 192139K [0x0000000080000000, 0x0000000100000000)
  region size 1024K, 7 young (7168K), 7 survivors (7168K)
 Metaspace       used 137781K, committed 138688K, reserved 1179648K
  class space    used 18859K, committed 19264K, reserved 1048576K
}
Event: 82.304 GC heap before
{Heap before GC invocations=58 (full 0):
 garbage-first heap   total 387072K, used 218763K [0x0000000080000000, 0x0000000100000000)
  region size 1024K, 10 young (10240K), 7 survivors (7168K)
 Metaspace       used 137781K, committed 138688K, reserved 1179648K
  class space    used 18859K, committed 19264K, reserved 1048576K
}
Event: 82.310 GC heap after
{Heap after GC invocations=59 (full 0):
 garbage-first heap   total 387072K, used 192145K [0x0000000080000000, 0x0000000100000000)
  region size 1024K, 7 young (7168K), 7 survivors (7168K)
 Metaspace       used 137781K, committed 138688K, reserved 1179648K
  class space    used 18859K, committed 19264K, reserved 1048576K
}
Event: 255.262 GC heap before
{Heap before GC invocations=59 (full 0):
 garbage-first heap   total 387072K, used 350865K [0x0000000080000000, 0x0000000100000000)
  region size 1024K, 148 young (151552K), 7 survivors (7168K)
 Metaspace       used 138258K, committed 139072K, reserved 1179648K
  class space    used 18884K, committed 19264K, reserved 1048576K
}

