# JRE version: OpenJDK Runtime Environment (17.0.9) (build 17.0.9+0--11185874)
# Java VM: OpenJDK 64-Bit Server VM (17.0.9+0--11185874, mixed mode, tiered, compressed oops, compressed class ptrs, g1 gc, windows-amd64)
GC Precious Log:
 CPUs: 8 total, 8 available
 Memory: 7973M
 Large Page Support: Disabled
 NUMA Support: Disabled
 Compressed Oops: Enabled (32-bit)
 Heap Region Size: 1M
 Heap Min Capacity: 8M
 Heap Initial Capacity: 126M
 Heap Max Capacity: 2G
 Pre-touch: Disabled
 Parallel Workers: 8
 Concurrent Workers: 2
 Concurrent Refinement Workers: 8
 Periodic GC: Disabled
Heap:
 garbage-first heap   total 173056K, used 98218K [0x0000000080000000, 0x0000000100000000)
  region size 1024K, 1 young (1024K), 1 survivors (1024K)
 Metaspace       used 100782K, committed 101568K, reserved 1179648K
  class space    used 13709K, committed 14080K, reserved 1048576K
GC Heap History (20 events):
Event: 14.606 GC heap after
{Heap after GC invocations=38 (full 0):
 garbage-first heap   total 117760K, used 72805K [0x0000000080000000, 0x0000000100000000)
  region size 1024K, 5 young (5120K), 5 survivors (5120K)
 Metaspace       used 92079K, committed 92800K, reserved 1179648K
  class space    used 12668K, committed 12992K, reserved 1048576K
}
Event: 15.423 GC heap before
{Heap before GC invocations=39 (full 0):
 garbage-first heap   total 135168K, used 100453K [0x0000000080000000, 0x0000000100000000)
  region size 1024K, 27 young (27648K), 5 survivors (5120K)
 Metaspace       used 94448K, committed 95168K, reserved 1179648K
  class space    used 12962K, committed 13312K, reserved 1048576K
}
Event: 15.430 GC heap after
{Heap after GC invocations=40 (full 0):
 garbage-first heap   total 162816K, used 75251K [0x0000000080000000, 0x0000000100000000)
  region size 1024K, 3 young (3072K), 3 survivors (3072K)
 Metaspace       used 94448K, committed 95168K, reserved 1179648K
  class space    used 12962K, committed 13312K, reserved 1048576K
}
Event: 16.367 GC heap before
{Heap before GC invocations=40 (full 0):
 garbage-first heap   total 162816K, used 130547K [0x0000000080000000, 0x0000000100000000)
  region size 1024K, 58 young (59392K), 3 survivors (3072K)
 Metaspace       used 95233K, committed 95936K, reserved 1179648K
  class space    used 13085K, committed 13440K, reserved 1048576K
}
Event: 16.377 GC heap after
{Heap after GC invocations=41 (full 0):
 garbage-first heap   total 162816K, used 79070K [0x0000000080000000, 0x0000000100000000)
  region size 1024K, 7 young (7168K), 7 survivors (7168K)
 Metaspace       used 95233K, committed 95936K, reserved 1179648K
  class space    used 13085K, committed 13440K, reserved 1048576K
}
Event: 17.328 GC heap before
{Heap before GC invocations=42 (full 0):
 garbage-first heap   total 162816K, used 129246K [0x0000000080000000, 0x0000000100000000)
  region size 1024K, 57 young (58368K), 7 survivors (7168K)
 Metaspace       used 97179K, committed 97920K, reserved 1179648K
  class space    used 13274K, committed 13632K, reserved 1048576K
}
Event: 17.337 GC heap after
{Heap after GC invocations=43 (full 0):
 garbage-first heap   total 162816K, used 82135K [0x0000000080000000, 0x0000000100000000)
  region size 1024K, 8 young (8192K), 8 survivors (8192K)
 Metaspace       used 97179K, committed 97920K, reserved 1179648K
  class space    used 13274K, committed 13632K, reserved 1048576K
}
Event: 17.361 GC heap before
{Heap before GC invocations=43 (full 0):
 garbage-first heap   total 162816K, used 83159K [0x0000000080000000, 0x0000000100000000)
  region size 1024K, 9 young (9216K), 8 survivors (8192K)
 Metaspace       used 97327K, committed 98048K, reserved 1179648K
  class space    used 13288K, committed 13632K, reserved 1048576K
}
Event: 17.367 GC heap after
{Heap after GC invocations=44 (full 0):
 garbage-first heap   total 162816K, used 82304K [0x0000000080000000, 0x0000000100000000)
  region size 1024K, 1 young (1024K), 1 survivors (1024K)
 Metaspace       used 97327K, committed 98048K, reserved 1179648K
  class space    used 13288K, committed 13632K, reserved 1048576K
}
Event: 18.116 GC heap before
{Heap before GC invocations=44 (full 0):
 garbage-first heap   total 162816K, used 131456K [0x0000000080000000, 0x0000000100000000)
  region size 1024K, 50 young (51200K), 1 survivors (1024K)
 Metaspace       used 98701K, committed 99456K, reserved 1179648K
  class space    used 13473K, committed 13824K, reserved 1048576K
}
Event: 18.123 GC heap after
{Heap after GC invocations=45 (full 0):
 garbage-first heap   total 162816K, used 85627K [0x0000000080000000, 0x0000000100000000)
  region size 1024K, 5 young (5120K), 5 survivors (5120K)
 Metaspace       used 98701K, committed 99456K, reserved 1179648K
  class space    used 13473K, committed 13824K, reserved 1048576K
}
Event: 18.691 GC heap before
{Heap before GC invocations=46 (full 0):
 garbage-first heap   total 162816K, used 132731K [0x0000000080000000, 0x0000000100000000)
  region size 1024K, 52 young (53248K), 5 survivors (5120K)
 Metaspace       used 98844K, committed 99584K, reserved 1179648K
  class space    used 13483K, committed 13824K, reserved 1048576K
}
Event: 18.697 GC heap after
{Heap after GC invocations=47 (full 0):
 garbage-first heap   total 162816K, used 88585K [0x0000000080000000, 0x0000000100000000)
  region size 1024K, 4 young (4096K), 4 survivors (4096K)
 Metaspace       used 98844K, committed 99584K, reserved 1179648K
  class space    used 13483K, committed 13824K, reserved 1048576K
}
Event: 18.720 GC heap before
{Heap before GC invocations=47 (full 0):
 garbage-first heap   total 162816K, used 90633K [0x0000000080000000, 0x0000000100000000)
  region size 1024K, 7 young (7168K), 4 survivors (4096K)
 Metaspace       used 98844K, committed 99584K, reserved 1179648K
  class space    used 13483K, committed 13824K, reserved 1048576K
}
Event: 18.725 GC heap after
{Heap after GC invocations=48 (full 0):
 garbage-first heap   total 162816K, used 89152K [0x0000000080000000, 0x0000000100000000)
  region size 1024K, 1 young (1024K), 1 survivors (1024K)
 Metaspace       used 98844K, committed 99584K, reserved 1179648K
  class space    used 13483K, committed 13824K, reserved 1048576K
}
Event: 21.119 GC heap before
{Heap before GC invocations=48 (full 0):
 garbage-first heap   total 162816K, used 134208K [0x0000000080000000, 0x0000000100000000)
  region size 1024K, 46 young (47104K), 1 survivors (1024K)
 Metaspace       used 100301K, committed 101056K, reserved 1179648K
  class space    used 13662K, committed 14016K, reserved 1048576K
}
Event: 21.124 GC heap after
{Heap after GC invocations=49 (full 0):
 garbage-first heap   total 162816K, used 92409K [0x0000000080000000, 0x0000000100000000)
  region size 1024K, 4 young (4096K), 4 survivors (4096K)
 Metaspace       used 100301K, committed 101056K, reserved 1179648K
  class space    used 13662K, committed 14016K, reserved 1048576K
}
Event: 21.470 GC heap before
{Heap before GC invocations=50 (full 0):
 garbage-first heap   total 173056K, used 134393K [0x0000000080000000, 0x0000000100000000)
  region size 1024K, 46 young (47104K), 4 survivors (4096K)
 Metaspace       used 100768K, committed 101504K, reserved 1179648K
  class space    used 13709K, committed 14080K, reserved 1048576K
}
Event: 21.478 GC heap after
{Heap after GC invocations=51 (full 0):
 garbage-first heap   total 173056K, used 98193K [0x0000000080000000, 0x0000000100000000)
  region size 1024K, 6 young (6144K), 6 survivors (6144K)
 Metaspace       used 100768K, committed 101504K, reserved 1179648K
  class space    used 13709K, committed 14080K, reserved 1048576K
}
Event: 21.489 GC heap before
{Heap before GC invocations=51 (full 0):
 garbage-first heap   total 173056K, used 100241K [0x0000000080000000, 0x0000000100000000)
  region size 1024K, 8 young (8192K), 6 survivors (6144K)
 Metaspace       used 100782K, committed 101568K, reserved 1179648K
  class space    used 13709K, committed 14080K, reserved 1048576K
}

