# JRE version: OpenJDK Runtime Environment (17.0.9) (build 17.0.9+0--11185874)
# Java VM: OpenJDK 64-Bit Server VM (17.0.9+0--11185874, mixed mode, tiered, compressed oops, compressed class ptrs, g1 gc, windows-amd64)
GC Precious Log:
 CPUs: 8 total, 8 available
 Memory: 7973M
 Large Page Support: Disabled
 NUMA Support: Disabled
 Compressed Oops: Enabled (32-bit)
 Heap Region Size: 1M
 Heap Min Capacity: 8M
 Heap Initial Capacity: 126M
 Heap Max Capacity: 2G
 Pre-touch: Disabled
 Parallel Workers: 8
 Concurrent Workers: 2
 Concurrent Refinement Workers: 8
 Periodic GC: Disabled
Heap:
 garbage-first heap   total 339968K, used 164766K [0x0000000080000000, 0x0000000100000000)
  region size 1024K, 11 young (11264K), 11 survivors (11264K)
 Metaspace       used 144828K, committed 145856K, reserved 1179648K
  class space    used 19787K, committed 20288K, reserved 1048576K
GC Heap History (20 events):
Event: 108.524 GC heap after
{Heap after GC invocations=53 (full 0):
 garbage-first heap   total 334848K, used 156296K [0x0000000080000000, 0x0000000100000000)
  region size 1024K, 2 young (2048K), 2 survivors (2048K)
 Metaspace       used 140530K, committed 141376K, reserved 1179648K
  class space    used 19378K, committed 19776K, reserved 1048576K
}
Event: 111.109 GC heap before
{Heap before GC invocations=53 (full 0):
 garbage-first heap   total 334848K, used 290440K [0x0000000080000000, 0x0000000100000000)
  region size 1024K, 106 young (108544K), 2 survivors (2048K)
 Metaspace       used 143912K, committed 144896K, reserved 1179648K
  class space    used 19750K, committed 20224K, reserved 1048576K
}
Event: 111.123 GC heap after
{Heap after GC invocations=54 (full 0):
 garbage-first heap   total 334848K, used 175065K [0x0000000080000000, 0x0000000100000000)
  region size 1024K, 14 young (14336K), 14 survivors (14336K)
 Metaspace       used 143912K, committed 144896K, reserved 1179648K
  class space    used 19750K, committed 20224K, reserved 1048576K
}
Event: 149.238 GC heap before
{Heap before GC invocations=55 (full 0):
 garbage-first heap   total 334848K, used 294873K [0x0000000080000000, 0x0000000100000000)
  region size 1024K, 105 young (107520K), 14 survivors (14336K)
 Metaspace       used 144031K, committed 145024K, reserved 1179648K
  class space    used 19746K, committed 20224K, reserved 1048576K
}
Event: 149.249 GC heap after
{Heap after GC invocations=56 (full 0):
 garbage-first heap   total 334848K, used 172907K [0x0000000080000000, 0x0000000100000000)
  region size 1024K, 5 young (5120K), 5 survivors (5120K)
 Metaspace       used 144031K, committed 145024K, reserved 1179648K
  class space    used 19746K, committed 20224K, reserved 1048576K
}
Event: 149.412 GC heap before
{Heap before GC invocations=56 (full 0):
 garbage-first heap   total 334848K, used 184171K [0x0000000080000000, 0x0000000100000000)
  region size 1024K, 16 young (16384K), 5 survivors (5120K)
 Metaspace       used 144137K, committed 145088K, reserved 1179648K
  class space    used 19749K, committed 20224K, reserved 1048576K
}
Event: 149.427 GC heap after
{Heap after GC invocations=57 (full 0):
 garbage-first heap   total 334848K, used 150096K [0x0000000080000000, 0x0000000100000000)
  region size 1024K, 2 young (2048K), 2 survivors (2048K)
 Metaspace       used 144137K, committed 145088K, reserved 1179648K
  class space    used 19749K, committed 20224K, reserved 1048576K
}
Event: 150.232 GC heap before
{Heap before GC invocations=57 (full 0):
 garbage-first heap   total 334848K, used 227920K [0x0000000080000000, 0x0000000100000000)
  region size 1024K, 74 young (75776K), 2 survivors (2048K)
 Metaspace       used 144306K, committed 145216K, reserved 1179648K
  class space    used 19752K, committed 20224K, reserved 1048576K
}
Event: 150.250 GC heap after
{Heap after GC invocations=58 (full 0):
 garbage-first heap   total 334848K, used 181836K [0x0000000080000000, 0x0000000100000000)
  region size 1024K, 14 young (14336K), 14 survivors (14336K)
 Metaspace       used 144306K, committed 145216K, reserved 1179648K
  class space    used 19752K, committed 20224K, reserved 1048576K
}
Event: 152.211 GC heap before
{Heap before GC invocations=59 (full 0):
 garbage-first heap   total 339968K, used 265804K [0x0000000080000000, 0x0000000100000000)
  region size 1024K, 84 young (86016K), 14 survivors (14336K)
 Metaspace       used 144489K, committed 145472K, reserved 1179648K
  class space    used 19772K, committed 20224K, reserved 1048576K
}
Event: 152.231 GC heap after
{Heap after GC invocations=60 (full 0):
 garbage-first heap   total 339968K, used 179622K [0x0000000080000000, 0x0000000100000000)
  region size 1024K, 11 young (11264K), 11 survivors (11264K)
 Metaspace       used 144489K, committed 145472K, reserved 1179648K
  class space    used 19772K, committed 20224K, reserved 1048576K
}
Event: 152.244 GC heap before
{Heap before GC invocations=60 (full 0):
 garbage-first heap   total 339968K, used 183718K [0x0000000080000000, 0x0000000100000000)
  region size 1024K, 16 young (16384K), 11 survivors (11264K)
 Metaspace       used 144497K, committed 145472K, reserved 1179648K
  class space    used 19772K, committed 20224K, reserved 1048576K
}
Event: 152.265 GC heap after
{Heap after GC invocations=61 (full 0):
 garbage-first heap   total 339968K, used 160429K [0x0000000080000000, 0x0000000100000000)
  region size 1024K, 2 young (2048K), 2 survivors (2048K)
 Metaspace       used 144497K, committed 145472K, reserved 1179648K
  class space    used 19772K, committed 20224K, reserved 1048576K
}
Event: 152.567 GC heap before
{Heap before GC invocations=61 (full 0):
 garbage-first heap   total 339968K, used 183981K [0x0000000080000000, 0x0000000100000000)
  region size 1024K, 27 young (27648K), 2 survivors (2048K)
 Metaspace       used 144581K, committed 145600K, reserved 1179648K
  class space    used 19785K, committed 20288K, reserved 1048576K
}
Event: 152.571 GC heap after
{Heap after GC invocations=62 (full 0):
 garbage-first heap   total 339968K, used 160413K [0x0000000080000000, 0x0000000100000000)
  region size 1024K, 2 young (2048K), 2 survivors (2048K)
 Metaspace       used 144581K, committed 145600K, reserved 1179648K
  class space    used 19785K, committed 20288K, reserved 1048576K
}
Event: 371.725 GC heap before
{Heap before GC invocations=63 (full 0):
 garbage-first heap   total 339968K, used 277149K [0x0000000080000000, 0x0000000100000000)
  region size 1024K, 101 young (103424K), 2 survivors (2048K)
 Metaspace       used 144811K, committed 145856K, reserved 1179648K
  class space    used 19787K, committed 20288K, reserved 1048576K
}
Event: 371.743 GC heap after
{Heap after GC invocations=64 (full 0):
 garbage-first heap   total 339968K, used 167993K [0x0000000080000000, 0x0000000100000000)
  region size 1024K, 13 young (13312K), 13 survivors (13312K)
 Metaspace       used 144811K, committed 145856K, reserved 1179648K
  class space    used 19787K, committed 20288K, reserved 1048576K
}
Event: 371.752 GC heap before
{Heap before GC invocations=64 (full 0):
 garbage-first heap   total 339968K, used 171065K [0x0000000080000000, 0x0000000100000000)
  region size 1024K, 16 young (16384K), 13 survivors (13312K)
 Metaspace       used 144813K, committed 145856K, reserved 1179648K
  class space    used 19787K, committed 20288K, reserved 1048576K
}
Event: 371.768 GC heap after
{Heap after GC invocations=65 (full 0):
 garbage-first heap   total 339968K, used 155754K [0x0000000080000000, 0x0000000100000000)
  region size 1024K, 2 young (2048K), 2 survivors (2048K)
 Metaspace       used 144813K, committed 145856K, reserved 1179648K
  class space    used 19787K, committed 20288K, reserved 1048576K
}
Event: 371.886 GC heap before
{Heap before GC invocations=65 (full 0):
 garbage-first heap   total 339968K, used 174186K [0x0000000080000000, 0x0000000100000000)
  region size 1024K, 22 young (22528K), 2 survivors (2048K)
 Metaspace       used 144828K, committed 145856K, reserved 1179648K
  class space    used 19787K, committed 20288K, reserved 1048576K
}

