# JRE version: OpenJDK Runtime Environment (17.0.9) (build 17.0.9+0--11185874)
# Java VM: OpenJDK 64-Bit Server VM (17.0.9+0--11185874, mixed mode, tiered, compressed oops, compressed class ptrs, g1 gc, windows-amd64)
GC Precious Log:
 CPUs: 8 total, 8 available
 Memory: 7973M
 Large Page Support: Disabled
 NUMA Support: Disabled
 Compressed Oops: Enabled (32-bit)
 Heap Region Size: 1M
 Heap Min Capacity: 8M
 Heap Initial Capacity: 126M
 Heap Max Capacity: 2G
 Pre-touch: Disabled
 Parallel Workers: 8
 Concurrent Workers: 2
 Concurrent Refinement Workers: 8
 Periodic GC: Disabled
Heap:
 garbage-first heap   total 485376K, used 237757K [0x0000000080000000, 0x0000000100000000)
  region size 1024K, 4 young (4096K), 4 survivors (4096K)
 Metaspace       used 211265K, committed 212480K, reserved 1245184K
  class space    used 26039K, committed 26624K, reserved 1048576K
GC Heap History (20 events):
Event: 1011.047 GC heap after
{Heap after GC invocations=145 (full 0):
 garbage-first heap   total 465920K, used 211722K [0x0000000080000000, 0x0000000100000000)
  region size 1024K, 1 young (1024K), 1 survivors (1024K)
 Metaspace       used 193833K, committed 194816K, reserved 1245184K
  class space    used 24029K, committed 24512K, reserved 1048576K
}
Event: 1011.407 GC heap before
{Heap before GC invocations=145 (full 0):
 garbage-first heap   total 465920K, used 322314K [0x0000000080000000, 0x0000000100000000)
  region size 1024K, 110 young (112640K), 1 survivors (1024K)
 Metaspace       used 193876K, committed 194880K, reserved 1245184K
  class space    used 24035K, committed 24512K, reserved 1048576K
}
Event: 1011.411 GC heap after
{Heap after GC invocations=146 (full 0):
 garbage-first heap   total 465920K, used 210674K [0x0000000080000000, 0x0000000100000000)
  region size 1024K, 2 young (2048K), 2 survivors (2048K)
 Metaspace       used 193876K, committed 194880K, reserved 1245184K
  class space    used 24035K, committed 24512K, reserved 1048576K
}
Event: 1012.666 GC heap before
{Heap before GC invocations=147 (full 0):
 garbage-first heap   total 465920K, used 392946K [0x0000000080000000, 0x0000000100000000)
  region size 1024K, 178 young (182272K), 2 survivors (2048K)
 Metaspace       used 194240K, committed 195264K, reserved 1245184K
  class space    used 24056K, committed 24512K, reserved 1048576K
}
Event: 1012.670 GC heap after
{Heap after GC invocations=148 (full 0):
 garbage-first heap   total 465920K, used 214404K [0x0000000080000000, 0x0000000100000000)
  region size 1024K, 4 young (4096K), 4 survivors (4096K)
 Metaspace       used 194240K, committed 195264K, reserved 1245184K
  class space    used 24056K, committed 24512K, reserved 1048576K
}
Event: 1012.769 GC heap before
{Heap before GC invocations=148 (full 0):
 garbage-first heap   total 465920K, used 231812K [0x0000000080000000, 0x0000000100000000)
  region size 1024K, 22 young (22528K), 4 survivors (4096K)
 Metaspace       used 194247K, committed 195264K, reserved 1245184K
  class space    used 24057K, committed 24512K, reserved 1048576K
}
Event: 1012.777 GC heap after
{Heap after GC invocations=149 (full 0):
 garbage-first heap   total 465920K, used 211124K [0x0000000080000000, 0x0000000100000000)
  region size 1024K, 1 young (1024K), 1 survivors (1024K)
 Metaspace       used 194247K, committed 195264K, reserved 1245184K
  class space    used 24057K, committed 24512K, reserved 1048576K
}
Event: 1014.875 GC heap before
{Heap before GC invocations=149 (full 0):
 garbage-first heap   total 465920K, used 391348K [0x0000000080000000, 0x0000000100000000)
  region size 1024K, 177 young (181248K), 1 survivors (1024K)
 Metaspace       used 197102K, committed 198144K, reserved 1245184K
  class space    used 24352K, committed 24832K, reserved 1048576K
}
Event: 1014.882 GC heap after
{Heap after GC invocations=150 (full 0):
 garbage-first heap   total 465920K, used 212120K [0x0000000080000000, 0x0000000100000000)
  region size 1024K, 4 young (4096K), 4 survivors (4096K)
 Metaspace       used 197102K, committed 198144K, reserved 1245184K
  class space    used 24352K, committed 24832K, reserved 1048576K
}
Event: 1016.599 GC heap before
{Heap before GC invocations=151 (full 0):
 garbage-first heap   total 465920K, used 391730K [0x0000000080000000, 0x0000000100000000)
  region size 1024K, 181 young (185344K), 4 survivors (4096K)
 Metaspace       used 197277K, committed 198272K, reserved 1245184K
  class space    used 24358K, committed 24832K, reserved 1048576K
}
Event: 1016.606 GC heap after
{Heap after GC invocations=152 (full 0):
 garbage-first heap   total 465920K, used 213753K [0x0000000080000000, 0x0000000100000000)
  region size 1024K, 6 young (6144K), 6 survivors (6144K)
 Metaspace       used 197277K, committed 198272K, reserved 1245184K
  class space    used 24358K, committed 24832K, reserved 1048576K
}
Event: 1016.895 GC heap before
{Heap before GC invocations=152 (full 0):
 garbage-first heap   total 465920K, used 229113K [0x0000000080000000, 0x0000000100000000)
  region size 1024K, 22 young (22528K), 6 survivors (6144K)
 Metaspace       used 197599K, committed 198592K, reserved 1245184K
  class space    used 24396K, committed 24832K, reserved 1048576K
}
Event: 1016.913 GC heap after
{Heap after GC invocations=153 (full 0):
 garbage-first heap   total 465920K, used 210712K [0x0000000080000000, 0x0000000100000000)
  region size 1024K, 2 young (2048K), 2 survivors (2048K)
 Metaspace       used 197599K, committed 198592K, reserved 1245184K
  class space    used 24396K, committed 24832K, reserved 1048576K
}
Event: 1151.501 GC heap before
{Heap before GC invocations=153 (full 0):
 garbage-first heap   total 465920K, used 392984K [0x0000000080000000, 0x0000000100000000)
  region size 1024K, 181 young (185344K), 2 survivors (2048K)
 Metaspace       used 206062K, committed 207168K, reserved 1245184K
  class space    used 25342K, committed 25856K, reserved 1048576K
}
Event: 1151.513 GC heap after
{Heap after GC invocations=154 (full 0):
 garbage-first heap   total 465920K, used 219548K [0x0000000080000000, 0x0000000100000000)
  region size 1024K, 10 young (10240K), 10 survivors (10240K)
 Metaspace       used 206062K, committed 207168K, reserved 1245184K
  class space    used 25342K, committed 25856K, reserved 1048576K
}
Event: 1154.977 GC heap before
{Heap before GC invocations=155 (full 0):
 garbage-first heap   total 465920K, used 394652K [0x0000000080000000, 0x0000000100000000)
  region size 1024K, 182 young (186368K), 10 survivors (10240K)
 Metaspace       used 211260K, committed 212480K, reserved 1245184K
  class space    used 26037K, committed 26624K, reserved 1048576K
}
Event: 1155.038 GC heap after
{Heap after GC invocations=156 (full 0):
 garbage-first heap   total 465920K, used 236259K [0x0000000080000000, 0x0000000100000000)
  region size 1024K, 23 young (23552K), 23 survivors (23552K)
 Metaspace       used 211260K, committed 212480K, reserved 1245184K
  class space    used 26037K, committed 26624K, reserved 1048576K
}
Event: 1155.058 GC heap before
{Heap before GC invocations=156 (full 0):
 garbage-first heap   total 465920K, used 236259K [0x0000000080000000, 0x0000000100000000)
  region size 1024K, 24 young (24576K), 23 survivors (23552K)
 Metaspace       used 211260K, committed 212480K, reserved 1245184K
  class space    used 26037K, committed 26624K, reserved 1048576K
}
Event: 1155.078 GC heap after
{Heap after GC invocations=157 (full 0):
 garbage-first heap   total 465920K, used 235433K [0x0000000080000000, 0x0000000100000000)
  region size 1024K, 2 young (2048K), 2 survivors (2048K)
 Metaspace       used 211260K, committed 212480K, reserved 1245184K
  class space    used 26037K, committed 26624K, reserved 1048576K
}
Event: 1155.212 GC heap before
{Heap before GC invocations=157 (full 0):
 garbage-first heap   total 465920K, used 243625K [0x0000000080000000, 0x0000000100000000)
  region size 1024K, 11 young (11264K), 2 survivors (2048K)
 Metaspace       used 211265K, committed 212480K, reserved 1245184K
  class space    used 26039K, committed 26624K, reserved 1048576K
}

