# JRE version: OpenJDK Runtime Environment (17.0.7) (build 17.0.7+0-b2043.56-10550314)
# Java VM: OpenJDK 64-Bit Server VM (17.0.7+0-b2043.56-10550314, mixed mode, tiered, compressed oops, compressed class ptrs, g1 gc, windows-amd64)
GC Precious Log:
 CPUs: 8 total, 8 available
 Memory: 7973M
 Large Page Support: Disabled
 NUMA Support: Disabled
 Compressed Oops: Enabled (32-bit)
 Heap Region Size: 1M
 Heap Min Capacity: 8M
 Heap Initial Capacity: 126M
 Heap Max Capacity: 2G
 Pre-touch: Disabled
 Parallel Workers: 8
 Concurrent Workers: 2
 Concurrent Refinement Workers: 8
 Periodic GC: Disabled
Heap:
 garbage-first heap   total 498688K, used 169491K [0x0000000080000000, 0x0000000100000000)
  region size 1024K, 12 young (12288K), 12 survivors (12288K)
 Metaspace       used 137958K, committed 139264K, reserved 1179648K
  class space    used 18328K, committed 18944K, reserved 1048576K
GC Heap History (20 events):
Event: 6608.376 GC heap after
{Heap after GC invocations=63 (full 0):
 garbage-first heap   total 324608K, used 272932K [0x0000000080000000, 0x0000000100000000)
  region size 1024K, 3 young (3072K), 3 survivors (3072K)
 Metaspace       used 137827K, committed 138944K, reserved 1179648K
  class space    used 18298K, committed 18816K, reserved 1048576K
}
Event: 6608.392 GC heap before
{Heap before GC invocations=63 (full 0):
 garbage-first heap   total 324608K, used 279076K [0x0000000080000000, 0x0000000100000000)
  region size 1024K, 4 young (4096K), 3 survivors (3072K)
 Metaspace       used 137827K, committed 138944K, reserved 1179648K
  class space    used 18298K, committed 18816K, reserved 1048576K
}
Event: 6608.397 GC heap after
{Heap after GC invocations=64 (full 0):
 garbage-first heap   total 390144K, used 272676K [0x0000000080000000, 0x0000000100000000)
  region size 1024K, 1 young (1024K), 1 survivors (1024K)
 Metaspace       used 137827K, committed 138944K, reserved 1179648K
  class space    used 18298K, committed 18816K, reserved 1048576K
}
Event: 6681.079 GC heap before
{Heap before GC invocations=64 (full 0):
 garbage-first heap   total 390144K, used 328996K [0x0000000080000000, 0x0000000100000000)
  region size 1024K, 56 young (57344K), 1 survivors (1024K)
 Metaspace       used 137963K, committed 139072K, reserved 1179648K
  class space    used 18299K, committed 18816K, reserved 1048576K
}
Event: 6681.087 GC heap after
{Heap after GC invocations=65 (full 0):
 garbage-first heap   total 390144K, used 261768K [0x0000000080000000, 0x0000000100000000)
  region size 1024K, 7 young (7168K), 7 survivors (7168K)
 Metaspace       used 137963K, committed 139072K, reserved 1179648K
  class space    used 18299K, committed 18816K, reserved 1048576K
}
Event: 6681.641 GC heap before
{Heap before GC invocations=65 (full 0):
 garbage-first heap   total 390144K, used 327304K [0x0000000080000000, 0x0000000100000000)
  region size 1024K, 70 young (71680K), 7 survivors (7168K)
 Metaspace       used 138002K, committed 139072K, reserved 1179648K
  class space    used 18300K, committed 18816K, reserved 1048576K
}
Event: 6681.659 GC heap after
{Heap after GC invocations=66 (full 0):
 garbage-first heap   total 390144K, used 278475K [0x0000000080000000, 0x0000000100000000)
  region size 1024K, 9 young (9216K), 9 survivors (9216K)
 Metaspace       used 138002K, committed 139072K, reserved 1179648K
  class space    used 18300K, committed 18816K, reserved 1048576K
}
Event: 6682.123 GC heap before
{Heap before GC invocations=66 (full 0):
 garbage-first heap   total 390144K, used 325579K [0x0000000080000000, 0x0000000100000000)
  region size 1024K, 55 young (56320K), 9 survivors (9216K)
 Metaspace       used 138506K, committed 139648K, reserved 1179648K
  class space    used 18323K, committed 18880K, reserved 1048576K
}
Event: 6682.134 GC heap after
{Heap after GC invocations=67 (full 0):
 garbage-first heap   total 390144K, used 282748K [0x0000000080000000, 0x0000000100000000)
  region size 1024K, 6 young (6144K), 6 survivors (6144K)
 Metaspace       used 138506K, committed 139648K, reserved 1179648K
  class space    used 18323K, committed 18880K, reserved 1048576K
}
Event: 6682.256 GC heap before
{Heap before GC invocations=67 (full 0):
 garbage-first heap   total 390144K, used 307324K [0x0000000080000000, 0x0000000100000000)
  region size 1024K, 16 young (16384K), 6 survivors (6144K)
 Metaspace       used 138588K, committed 139712K, reserved 1179648K
  class space    used 18323K, committed 18880K, reserved 1048576K
}
Event: 6682.262 GC heap after
{Heap after GC invocations=68 (full 0):
 garbage-first heap   total 390144K, used 300106K [0x0000000080000000, 0x0000000100000000)
  region size 1024K, 2 young (2048K), 2 survivors (2048K)
 Metaspace       used 138588K, committed 139712K, reserved 1179648K
  class space    used 18323K, committed 18880K, reserved 1048576K
}
Event: 6858.795 GC heap before
{Heap before GC invocations=69 (full 0):
 garbage-first heap   total 498688K, used 326730K [0x0000000080000000, 0x0000000100000000)
  region size 1024K, 36 young (36864K), 2 survivors (2048K)
 Metaspace       used 136788K, committed 138752K, reserved 1179648K
  class space    used 18123K, committed 18880K, reserved 1048576K
}
Event: 6858.802 GC heap after
{Heap after GC invocations=70 (full 0):
 garbage-first heap   total 498688K, used 270915K [0x0000000080000000, 0x0000000100000000)
  region size 1024K, 3 young (3072K), 3 survivors (3072K)
 Metaspace       used 136788K, committed 138752K, reserved 1179648K
  class space    used 18123K, committed 18880K, reserved 1048576K
}
Event: 6859.162 GC heap before
{Heap before GC invocations=70 (full 0):
 garbage-first heap   total 498688K, used 292419K [0x0000000080000000, 0x0000000100000000)
  region size 1024K, 24 young (24576K), 3 survivors (3072K)
 Metaspace       used 137064K, committed 138752K, reserved 1179648K
  class space    used 18174K, committed 18880K, reserved 1048576K
}
Event: 6859.168 GC heap after
{Heap after GC invocations=71 (full 0):
 garbage-first heap   total 498688K, used 222343K [0x0000000080000000, 0x0000000100000000)
  region size 1024K, 3 young (3072K), 3 survivors (3072K)
 Metaspace       used 137064K, committed 138752K, reserved 1179648K
  class space    used 18174K, committed 18880K, reserved 1048576K
}
Event: 6859.360 GC heap before
{Heap before GC invocations=71 (full 0):
 garbage-first heap   total 498688K, used 243847K [0x0000000080000000, 0x0000000100000000)
  region size 1024K, 24 young (24576K), 3 survivors (3072K)
 Metaspace       used 137274K, committed 138752K, reserved 1179648K
  class space    used 18231K, committed 18880K, reserved 1048576K
}
Event: 6859.370 GC heap after
{Heap after GC invocations=72 (full 0):
 garbage-first heap   total 498688K, used 171379K [0x0000000080000000, 0x0000000100000000)
  region size 1024K, 3 young (3072K), 3 survivors (3072K)
 Metaspace       used 137274K, committed 138752K, reserved 1179648K
  class space    used 18231K, committed 18880K, reserved 1048576K
}
Event: 6859.604 GC heap before
{Heap before GC invocations=72 (full 0):
 garbage-first heap   total 498688K, used 193907K [0x0000000080000000, 0x0000000100000000)
  region size 1024K, 24 young (24576K), 3 survivors (3072K)
 Metaspace       used 137324K, committed 138752K, reserved 1179648K
  class space    used 18242K, committed 18880K, reserved 1048576K
}
Event: 6859.618 GC heap after
{Heap after GC invocations=73 (full 0):
 garbage-first heap   total 498688K, used 160524K [0x0000000080000000, 0x0000000100000000)
  region size 1024K, 3 young (3072K), 3 survivors (3072K)
 Metaspace       used 137324K, committed 138752K, reserved 1179648K
  class space    used 18242K, committed 18880K, reserved 1048576K
}
Event: 6860.454 GC heap before
{Heap before GC invocations=73 (full 0):
 garbage-first heap   total 498688K, used 242444K [0x0000000080000000, 0x0000000100000000)
  region size 1024K, 85 young (87040K), 3 survivors (3072K)
 Metaspace       used 137958K, committed 139264K, reserved 1179648K
  class space    used 18328K, committed 18944K, reserved 1048576K
}

