# JRE version: OpenJDK Runtime Environment (17.0.9) (build 17.0.9+0--11185874)
# Java VM: OpenJDK 64-Bit Server VM (17.0.9+0--11185874, mixed mode, tiered, compressed oops, compressed class ptrs, g1 gc, windows-amd64)
GC Precious Log:
 CPUs: 8 total, 8 available
 Memory: 7973M
 Large Page Support: Disabled
 NUMA Support: Disabled
 Compressed Oops: Enabled (32-bit)
 Heap Region Size: 1M
 Heap Min Capacity: 8M
 Heap Initial Capacity: 126M
 Heap Max Capacity: 2G
 Pre-touch: Disabled
 Parallel Workers: 8
 Concurrent Workers: 2
 Concurrent Refinement Workers: 8
 Periodic GC: Disabled
Heap:
 garbage-first heap   total 330752K, used 223307K [0x0000000080000000, 0x0000000100000000)
  region size 1024K, 71 young (72704K), 1 survivors (1024K)
 Metaspace       used 109287K, committed 110208K, reserved 1179648K
  class space    used 14719K, committed 15168K, reserved 1048576K
GC Heap History (20 events):
Event: 31.209 GC heap before
{Heap before GC invocations=31 (full 0):
 garbage-first heap   total 211968K, used 166428K [0x0000000080000000, 0x0000000100000000)
  region size 1024K, 44 young (45056K), 7 survivors (7168K)
 Metaspace       used 100102K, committed 100864K, reserved 1179648K
  class space    used 13513K, committed 13888K, reserved 1048576K
}
Event: 31.223 GC heap after
{Heap after GC invocations=32 (full 0):
 garbage-first heap   total 211968K, used 132115K [0x0000000080000000, 0x0000000100000000)
  region size 1024K, 2 young (2048K), 2 survivors (2048K)
 Metaspace       used 100102K, committed 100864K, reserved 1179648K
  class space    used 13513K, committed 13888K, reserved 1048576K
}
Event: 33.352 GC heap before
{Heap before GC invocations=33 (full 0):
 garbage-first heap   total 227328K, used 171027K [0x0000000080000000, 0x0000000100000000)
  region size 1024K, 40 young (40960K), 2 survivors (2048K)
 Metaspace       used 100106K, committed 100928K, reserved 1179648K
  class space    used 13514K, committed 13888K, reserved 1048576K
}
Event: 33.361 GC heap after
{Heap after GC invocations=34 (full 0):
 garbage-first heap   total 227328K, used 133708K [0x0000000080000000, 0x0000000100000000)
  region size 1024K, 4 young (4096K), 4 survivors (4096K)
 Metaspace       used 100106K, committed 100928K, reserved 1179648K
  class space    used 13514K, committed 13888K, reserved 1048576K
}
Event: 33.625 GC heap before
{Heap before GC invocations=34 (full 0):
 garbage-first heap   total 227328K, used 140876K [0x0000000080000000, 0x0000000100000000)
  region size 1024K, 11 young (11264K), 4 survivors (4096K)
 Metaspace       used 100106K, committed 100928K, reserved 1179648K
  class space    used 13514K, committed 13888K, reserved 1048576K
}
Event: 33.632 GC heap after
{Heap after GC invocations=35 (full 0):
 garbage-first heap   total 227328K, used 134135K [0x0000000080000000, 0x0000000100000000)
  region size 1024K, 1 young (1024K), 1 survivors (1024K)
 Metaspace       used 100106K, committed 100928K, reserved 1179648K
  class space    used 13514K, committed 13888K, reserved 1048576K
}
Event: 36.616 GC heap before
{Heap before GC invocations=35 (full 0):
 garbage-first heap   total 227328K, used 184311K [0x0000000080000000, 0x0000000100000000)
  region size 1024K, 50 young (51200K), 1 survivors (1024K)
 Metaspace       used 100106K, committed 100928K, reserved 1179648K
  class space    used 13514K, committed 13888K, reserved 1048576K
}
Event: 36.622 GC heap after
{Heap after GC invocations=36 (full 0):
 garbage-first heap   total 227328K, used 136373K [0x0000000080000000, 0x0000000100000000)
  region size 1024K, 3 young (3072K), 3 survivors (3072K)
 Metaspace       used 100106K, committed 100928K, reserved 1179648K
  class space    used 13514K, committed 13888K, reserved 1048576K
}
Event: 39.829 GC heap before
{Heap before GC invocations=37 (full 0):
 garbage-first heap   total 234496K, used 186549K [0x0000000080000000, 0x0000000100000000)
  region size 1024K, 52 young (53248K), 3 survivors (3072K)
 Metaspace       used 100107K, committed 100928K, reserved 1179648K
  class space    used 13514K, committed 13888K, reserved 1048576K
}
Event: 39.843 GC heap after
{Heap after GC invocations=38 (full 0):
 garbage-first heap   total 234496K, used 138873K [0x0000000080000000, 0x0000000100000000)
  region size 1024K, 6 young (6144K), 6 survivors (6144K)
 Metaspace       used 100107K, committed 100928K, reserved 1179648K
  class space    used 13514K, committed 13888K, reserved 1048576K
}
Event: 40.048 GC heap before
{Heap before GC invocations=38 (full 0):
 garbage-first heap   total 234496K, used 142969K [0x0000000080000000, 0x0000000100000000)
  region size 1024K, 11 young (11264K), 6 survivors (6144K)
 Metaspace       used 100107K, committed 100928K, reserved 1179648K
  class space    used 13514K, committed 13888K, reserved 1048576K
}
Event: 40.057 GC heap after
{Heap after GC invocations=39 (full 0):
 garbage-first heap   total 234496K, used 138969K [0x0000000080000000, 0x0000000100000000)
  region size 1024K, 1 young (1024K), 1 survivors (1024K)
 Metaspace       used 100107K, committed 100928K, reserved 1179648K
  class space    used 13514K, committed 13888K, reserved 1048576K
}
Event: 42.058 GC heap before
{Heap before GC invocations=39 (full 0):
 garbage-first heap   total 234496K, used 194265K [0x0000000080000000, 0x0000000100000000)
  region size 1024K, 55 young (56320K), 1 survivors (1024K)
 Metaspace       used 100107K, committed 100928K, reserved 1179648K
  class space    used 13514K, committed 13888K, reserved 1048576K
}
Event: 42.070 GC heap after
{Heap after GC invocations=40 (full 0):
 garbage-first heap   total 234496K, used 141271K [0x0000000080000000, 0x0000000100000000)
  region size 1024K, 3 young (3072K), 3 survivors (3072K)
 Metaspace       used 100107K, committed 100928K, reserved 1179648K
  class space    used 13514K, committed 13888K, reserved 1048576K
}
Event: 43.817 GC heap before
{Heap before GC invocations=41 (full 0):
 garbage-first heap   total 242688K, used 211927K [0x0000000080000000, 0x0000000100000000)
  region size 1024K, 57 young (58368K), 3 survivors (3072K)
 Metaspace       used 100315K, committed 101120K, reserved 1179648K
  class space    used 13546K, committed 13888K, reserved 1048576K
}
Event: 43.843 GC heap after
{Heap after GC invocations=42 (full 0):
 garbage-first heap   total 242688K, used 149984K [0x0000000080000000, 0x0000000100000000)
  region size 1024K, 8 young (8192K), 8 survivors (8192K)
 Metaspace       used 100315K, committed 101120K, reserved 1179648K
  class space    used 13546K, committed 13888K, reserved 1048576K
}
Event: 43.951 GC heap before
{Heap before GC invocations=42 (full 0):
 garbage-first heap   total 242688K, used 152032K [0x0000000080000000, 0x0000000100000000)
  region size 1024K, 11 young (11264K), 8 survivors (8192K)
 Metaspace       used 100775K, committed 101632K, reserved 1179648K
  class space    used 13616K, committed 14016K, reserved 1048576K
}
Event: 43.961 GC heap after
{Heap after GC invocations=43 (full 0):
 garbage-first heap   total 242688K, used 150665K [0x0000000080000000, 0x0000000100000000)
  region size 1024K, 1 young (1024K), 1 survivors (1024K)
 Metaspace       used 100775K, committed 101632K, reserved 1179648K
  class space    used 13616K, committed 14016K, reserved 1048576K
}
Event: 44.028 GC heap before
{Heap before GC invocations=43 (full 0):
 garbage-first heap   total 242688K, used 151689K [0x0000000080000000, 0x0000000100000000)
  region size 1024K, 4 young (4096K), 1 survivors (1024K)
 Metaspace       used 101105K, committed 101888K, reserved 1179648K
  class space    used 13638K, committed 14016K, reserved 1048576K
}
Event: 44.034 GC heap after
{Heap after GC invocations=44 (full 0):
 garbage-first heap   total 330752K, used 150603K [0x0000000080000000, 0x0000000100000000)
  region size 1024K, 1 young (1024K), 1 survivors (1024K)
 Metaspace       used 101105K, committed 101888K, reserved 1179648K
  class space    used 13638K, committed 14016K, reserved 1048576K
}

