# JRE version: OpenJDK Runtime Environment (17.0.10) (build 17.0.10+0--11609105)
# Java VM: OpenJDK 64-Bit Server VM (17.0.10+0--11609105, mixed mode, tiered, compressed oops, compressed class ptrs, g1 gc, windows-amd64)
GC Precious Log:
 CPUs: 8 total, 8 available
 Memory: 7973M
 Large Page Support: Disabled
 NUMA Support: Disabled
 Compressed Oops: Enabled (32-bit)
 Heap Region Size: 1M
 Heap Min Capacity: 8M
 Heap Initial Capacity: 126M
 Heap Max Capacity: 2G
 Pre-touch: Disabled
 Parallel Workers: 8
 Concurrent Workers: 2
 Concurrent Refinement Workers: 8
 Periodic GC: Disabled
Heap:
 garbage-first heap   total 137216K, used 79773K [0x0000000080000000, 0x0000000100000000)
  region size 1024K, 2 young (2048K), 2 survivors (2048K)
 Metaspace       used 64430K, committed 65024K, reserved 1114112K
  class space    used 9202K, committed 9472K, reserved 1048576K
GC Heap History (20 events):
Event: 5.738 GC heap after
{Heap after GC invocations=19 (full 0):
 garbage-first heap   total 96256K, used 50658K [0x0000000080000000, 0x0000000100000000)
  region size 1024K, 1 young (1024K), 1 survivors (1024K)
 Metaspace       used 48280K, committed 48704K, reserved 1114112K
  class space    used 6474K, committed 6656K, reserved 1048576K
}
Event: 6.017 GC heap before
{Heap before GC invocations=19 (full 0):
 garbage-first heap   total 96256K, used 69090K [0x0000000080000000, 0x0000000100000000)
  region size 1024K, 21 young (21504K), 1 survivors (1024K)
 Metaspace       used 50127K, committed 50624K, reserved 1114112K
  class space    used 6781K, committed 6976K, reserved 1048576K
}
Event: 6.020 GC heap after
{Heap after GC invocations=20 (full 0):
 garbage-first heap   total 96256K, used 52653K [0x0000000080000000, 0x0000000100000000)
  region size 1024K, 3 young (3072K), 3 survivors (3072K)
 Metaspace       used 50127K, committed 50624K, reserved 1114112K
  class space    used 6781K, committed 6976K, reserved 1048576K
}
Event: 6.335 GC heap before
{Heap before GC invocations=21 (full 0):
 garbage-first heap   total 107520K, used 90541K [0x0000000080000000, 0x0000000100000000)
  region size 1024K, 26 young (26624K), 3 survivors (3072K)
 Metaspace       used 52475K, committed 52992K, reserved 1114112K
  class space    used 7004K, committed 7232K, reserved 1048576K
}
Event: 6.339 GC heap after
{Heap after GC invocations=22 (full 0):
 garbage-first heap   total 107520K, used 70061K [0x0000000080000000, 0x0000000100000000)
  region size 1024K, 4 young (4096K), 4 survivors (4096K)
 Metaspace       used 52475K, committed 52992K, reserved 1114112K
  class space    used 7004K, committed 7232K, reserved 1048576K
}
Event: 6.360 GC heap before
{Heap before GC invocations=22 (full 0):
 garbage-first heap   total 107520K, used 71085K [0x0000000080000000, 0x0000000100000000)
  region size 1024K, 5 young (5120K), 4 survivors (4096K)
 Metaspace       used 52604K, committed 53184K, reserved 1114112K
  class space    used 7032K, committed 7296K, reserved 1048576K
}
Event: 6.363 GC heap after
{Heap after GC invocations=23 (full 0):
 garbage-first heap   total 131072K, used 69424K [0x0000000080000000, 0x0000000100000000)
  region size 1024K, 1 young (1024K), 1 survivors (1024K)
 Metaspace       used 52604K, committed 53184K, reserved 1114112K
  class space    used 7032K, committed 7296K, reserved 1048576K
}
Event: 6.713 GC heap before
{Heap before GC invocations=23 (full 0):
 garbage-first heap   total 131072K, used 99120K [0x0000000080000000, 0x0000000100000000)
  region size 1024K, 30 young (30720K), 1 survivors (1024K)
 Metaspace       used 54649K, committed 55296K, reserved 1114112K
  class space    used 7374K, committed 7680K, reserved 1048576K
}
Event: 6.715 GC heap after
{Heap after GC invocations=24 (full 0):
 garbage-first heap   total 131072K, used 70442K [0x0000000080000000, 0x0000000100000000)
  region size 1024K, 2 young (2048K), 2 survivors (2048K)
 Metaspace       used 54649K, committed 55296K, reserved 1114112K
  class space    used 7374K, committed 7680K, reserved 1048576K
}
Event: 7.195 GC heap before
{Heap before GC invocations=25 (full 0):
 garbage-first heap   total 131072K, used 101162K [0x0000000080000000, 0x0000000100000000)
  region size 1024K, 32 young (32768K), 2 survivors (2048K)
 Metaspace       used 57519K, committed 58176K, reserved 1114112K
  class space    used 7878K, committed 8192K, reserved 1048576K
}
Event: 7.198 GC heap after
{Heap after GC invocations=26 (full 0):
 garbage-first heap   total 131072K, used 72597K [0x0000000080000000, 0x0000000100000000)
  region size 1024K, 4 young (4096K), 4 survivors (4096K)
 Metaspace       used 57519K, committed 58176K, reserved 1114112K
  class space    used 7878K, committed 8192K, reserved 1048576K
}
Event: 7.224 GC heap before
{Heap before GC invocations=26 (full 0):
 garbage-first heap   total 131072K, used 74645K [0x0000000080000000, 0x0000000100000000)
  region size 1024K, 6 young (6144K), 4 survivors (4096K)
 Metaspace       used 57714K, committed 58368K, reserved 1114112K
  class space    used 7911K, committed 8192K, reserved 1048576K
}
Event: 7.229 GC heap after
{Heap after GC invocations=27 (full 0):
 garbage-first heap   total 131072K, used 72523K [0x0000000080000000, 0x0000000100000000)
  region size 1024K, 1 young (1024K), 1 survivors (1024K)
 Metaspace       used 57714K, committed 58368K, reserved 1114112K
  class space    used 7911K, committed 8192K, reserved 1048576K
}
Event: 7.684 GC heap before
{Heap before GC invocations=27 (full 0):
 garbage-first heap   total 131072K, used 103243K [0x0000000080000000, 0x0000000100000000)
  region size 1024K, 31 young (31744K), 1 survivors (1024K)
 Metaspace       used 59504K, committed 60160K, reserved 1114112K
  class space    used 8138K, committed 8448K, reserved 1048576K
}
Event: 7.689 GC heap after
{Heap after GC invocations=28 (full 0):
 garbage-first heap   total 131072K, used 76291K [0x0000000080000000, 0x0000000100000000)
  region size 1024K, 4 young (4096K), 4 survivors (4096K)
 Metaspace       used 59504K, committed 60160K, reserved 1114112K
  class space    used 8138K, committed 8448K, reserved 1048576K
}
Event: 7.927 GC heap before
{Heap before GC invocations=29 (full 0):
 garbage-first heap   total 137216K, used 103939K [0x0000000080000000, 0x0000000100000000)
  region size 1024K, 32 young (32768K), 4 survivors (4096K)
 Metaspace       used 59723K, committed 60416K, reserved 1114112K
  class space    used 8138K, committed 8448K, reserved 1048576K
}
Event: 7.933 GC heap after
{Heap after GC invocations=30 (full 0):
 garbage-first heap   total 137216K, used 79053K [0x0000000080000000, 0x0000000100000000)
  region size 1024K, 4 young (4096K), 4 survivors (4096K)
 Metaspace       used 59723K, committed 60416K, reserved 1114112K
  class space    used 8138K, committed 8448K, reserved 1048576K
}
Event: 7.950 GC heap before
{Heap before GC invocations=30 (full 0):
 garbage-first heap   total 137216K, used 81101K [0x0000000080000000, 0x0000000100000000)
  region size 1024K, 6 young (6144K), 4 survivors (4096K)
 Metaspace       used 59744K, committed 60416K, reserved 1114112K
  class space    used 8138K, committed 8448K, reserved 1048576K
}
Event: 7.953 GC heap after
{Heap after GC invocations=31 (full 0):
 garbage-first heap   total 137216K, used 79024K [0x0000000080000000, 0x0000000100000000)
  region size 1024K, 1 young (1024K), 1 survivors (1024K)
 Metaspace       used 59744K, committed 60416K, reserved 1114112K
  class space    used 8138K, committed 8448K, reserved 1048576K
}
Event: 8.352 GC heap before
{Heap before GC invocations=31 (full 0):
 garbage-first heap   total 137216K, used 108720K [0x0000000080000000, 0x0000000100000000)
  region size 1024K, 31 young (31744K), 1 survivors (1024K)
 Metaspace       used 64430K, committed 65024K, reserved 1114112K
  class space    used 9202K, committed 9472K, reserved 1048576K
}

