# JRE version: OpenJDK Runtime Environment (17.0.7) (build 17.0.7+0-b2043.56-10550314)
# Java VM: OpenJDK 64-Bit Server VM (17.0.7+0-b2043.56-10550314, mixed mode, tiered, compressed oops, compressed class ptrs, g1 gc, windows-amd64)
GC Precious Log:
 CPUs: 8 total, 8 available
 Memory: 7973M
 Large Page Support: Disabled
 NUMA Support: Disabled
 Compressed Oops: Enabled (32-bit)
 Heap Region Size: 1M
 Heap Min Capacity: 8M
 Heap Initial Capacity: 126M
 Heap Max Capacity: 2G
 Pre-touch: Disabled
 Parallel Workers: 8
 Concurrent Workers: 2
 Concurrent Refinement Workers: 8
 Periodic GC: Disabled
Heap:
 garbage-first heap   total 155648K, used 102125K [0x0000000080000000, 0x0000000100000000)
  region size 1024K, 40 young (40960K), 2 survivors (2048K)
 Metaspace       used 85620K, committed 86208K, reserved 1179648K
  class space    used 11704K, committed 11968K, reserved 1048576K
GC Heap History (20 events):
Event: 10.666 GC heap before
{Heap before GC invocations=28 (full 0):
 garbage-first heap   total 110592K, used 83156K [0x0000000080000000, 0x0000000100000000)
  region size 1024K, 27 young (27648K), 5 survivors (5120K)
 Metaspace       used 67922K, committed 68544K, reserved 1114112K
  class space    used 9057K, committed 9344K, reserved 1048576K
}
Event: 10.670 GC heap after
{Heap after GC invocations=29 (full 0):
 garbage-first heap   total 110592K, used 56341K [0x0000000080000000, 0x0000000100000000)
  region size 1024K, 3 young (3072K), 3 survivors (3072K)
 Metaspace       used 67922K, committed 68544K, reserved 1114112K
  class space    used 9057K, committed 9344K, reserved 1048576K
}
Event: 11.081 GC heap before
{Heap before GC invocations=29 (full 0):
 garbage-first heap   total 110592K, used 79893K [0x0000000080000000, 0x0000000100000000)
  region size 1024K, 27 young (27648K), 3 survivors (3072K)
 Metaspace       used 69751K, committed 70400K, reserved 1114112K
  class space    used 9295K, committed 9600K, reserved 1048576K
}
Event: 11.085 GC heap after
{Heap after GC invocations=30 (full 0):
 garbage-first heap   total 110592K, used 57171K [0x0000000080000000, 0x0000000100000000)
  region size 1024K, 4 young (4096K), 4 survivors (4096K)
 Metaspace       used 69751K, committed 70400K, reserved 1114112K
  class space    used 9295K, committed 9600K, reserved 1048576K
}
Event: 11.565 GC heap before
{Heap before GC invocations=31 (full 0):
 garbage-first heap   total 110592K, used 81747K [0x0000000080000000, 0x0000000100000000)
  region size 1024K, 29 young (29696K), 4 survivors (4096K)
 Metaspace       used 72573K, committed 73152K, reserved 1114112K
  class space    used 9702K, committed 9984K, reserved 1048576K
}
Event: 11.569 GC heap after
{Heap after GC invocations=32 (full 0):
 garbage-first heap   total 110592K, used 58128K [0x0000000080000000, 0x0000000100000000)
  region size 1024K, 3 young (3072K), 3 survivors (3072K)
 Metaspace       used 72573K, committed 73152K, reserved 1114112K
  class space    used 9702K, committed 9984K, reserved 1048576K
}
Event: 11.933 GC heap before
{Heap before GC invocations=32 (full 0):
 garbage-first heap   total 110592K, used 83728K [0x0000000080000000, 0x0000000100000000)
  region size 1024K, 29 young (29696K), 3 survivors (3072K)
 Metaspace       used 74956K, committed 75520K, reserved 1179648K
  class space    used 10005K, committed 10304K, reserved 1048576K
}
Event: 11.939 GC heap after
{Heap after GC invocations=33 (full 0):
 garbage-first heap   total 110592K, used 61226K [0x0000000080000000, 0x0000000100000000)
  region size 1024K, 4 young (4096K), 4 survivors (4096K)
 Metaspace       used 74956K, committed 75520K, reserved 1179648K
  class space    used 10005K, committed 10304K, reserved 1048576K
}
Event: 12.424 GC heap before
{Heap before GC invocations=34 (full 0):
 garbage-first heap   total 110592K, used 85802K [0x0000000080000000, 0x0000000100000000)
  region size 1024K, 29 young (29696K), 4 survivors (4096K)
 Metaspace       used 76794K, committed 77312K, reserved 1179648K
  class space    used 10256K, committed 10496K, reserved 1048576K
}
Event: 12.430 GC heap after
{Heap after GC invocations=35 (full 0):
 garbage-first heap   total 110592K, used 62244K [0x0000000080000000, 0x0000000100000000)
  region size 1024K, 2 young (2048K), 2 survivors (2048K)
 Metaspace       used 76794K, committed 77312K, reserved 1179648K
  class space    used 10256K, committed 10496K, reserved 1048576K
}
Event: 12.463 GC heap before
{Heap before GC invocations=35 (full 0):
 garbage-first heap   total 110592K, used 65316K [0x0000000080000000, 0x0000000100000000)
  region size 1024K, 5 young (5120K), 2 survivors (2048K)
 Metaspace       used 76964K, committed 77504K, reserved 1179648K
  class space    used 10282K, committed 10560K, reserved 1048576K
}
Event: 12.466 GC heap after
{Heap after GC invocations=36 (full 0):
 garbage-first heap   total 110592K, used 62474K [0x0000000080000000, 0x0000000100000000)
  region size 1024K, 1 young (1024K), 1 survivors (1024K)
 Metaspace       used 76964K, committed 77504K, reserved 1179648K
  class space    used 10282K, committed 10560K, reserved 1048576K
}
Event: 12.679 GC heap before
{Heap before GC invocations=36 (full 0):
 garbage-first heap   total 110592K, used 71690K [0x0000000080000000, 0x0000000100000000)
  region size 1024K, 12 young (12288K), 1 survivors (1024K)
 Metaspace       used 77865K, committed 78464K, reserved 1179648K
  class space    used 10400K, committed 10688K, reserved 1048576K
}
Event: 12.682 GC heap after
{Heap after GC invocations=37 (full 0):
 garbage-first heap   total 110592K, used 62938K [0x0000000080000000, 0x0000000100000000)
  region size 1024K, 1 young (1024K), 1 survivors (1024K)
 Metaspace       used 77865K, committed 78464K, reserved 1179648K
  class space    used 10400K, committed 10688K, reserved 1048576K
}
Event: 13.341 GC heap before
{Heap before GC invocations=38 (full 0):
 garbage-first heap   total 112640K, used 90586K [0x0000000080000000, 0x0000000100000000)
  region size 1024K, 27 young (27648K), 1 survivors (1024K)
 Metaspace       used 79902K, committed 80512K, reserved 1179648K
  class space    used 10787K, committed 11072K, reserved 1048576K
}
Event: 13.344 GC heap after
{Heap after GC invocations=39 (full 0):
 garbage-first heap   total 112640K, used 63294K [0x0000000080000000, 0x0000000100000000)
  region size 1024K, 2 young (2048K), 2 survivors (2048K)
 Metaspace       used 79902K, committed 80512K, reserved 1179648K
  class space    used 10787K, committed 11072K, reserved 1048576K
}
Event: 13.434 GC heap before
{Heap before GC invocations=39 (full 0):
 garbage-first heap   total 112640K, used 66366K [0x0000000080000000, 0x0000000100000000)
  region size 1024K, 5 young (5120K), 2 survivors (2048K)
 Metaspace       used 80186K, committed 80768K, reserved 1179648K
  class space    used 10861K, committed 11136K, reserved 1048576K
}
Event: 13.437 GC heap after
{Heap after GC invocations=40 (full 0):
 garbage-first heap   total 112640K, used 62892K [0x0000000080000000, 0x0000000100000000)
  region size 1024K, 1 young (1024K), 1 survivors (1024K)
 Metaspace       used 80186K, committed 80768K, reserved 1179648K
  class space    used 10861K, committed 11136K, reserved 1048576K
}
Event: 14.100 GC heap before
{Heap before GC invocations=40 (full 0):
 garbage-first heap   total 112640K, used 91564K [0x0000000080000000, 0x0000000100000000)
  region size 1024K, 29 young (29696K), 1 survivors (1024K)
 Metaspace       used 82425K, committed 83008K, reserved 1179648K
  class space    used 11237K, committed 11520K, reserved 1048576K
}
Event: 14.105 GC heap after
{Heap after GC invocations=41 (full 0):
 garbage-first heap   total 155648K, used 64237K [0x0000000080000000, 0x0000000100000000)
  region size 1024K, 2 young (2048K), 2 survivors (2048K)
 Metaspace       used 82425K, committed 83008K, reserved 1179648K
  class space    used 11237K, committed 11520K, reserved 1048576K
}

