# JRE version: OpenJDK Runtime Environment (17.0.9) (build 17.0.9+0--11185874)
# Java VM: OpenJDK 64-Bit Server VM (17.0.9+0--11185874, mixed mode, tiered, compressed oops, compressed class ptrs, g1 gc, windows-amd64)
GC Precious Log:
 CPUs: 8 total, 8 available
 Memory: 7973M
 Large Page Support: Disabled
 NUMA Support: Disabled
 Compressed Oops: Enabled (32-bit)
 Heap Region Size: 1M
 Heap Min Capacity: 8M
 Heap Initial Capacity: 126M
 Heap Max Capacity: 2G
 Pre-touch: Disabled
 Parallel Workers: 8
 Concurrent Workers: 2
 Concurrent Refinement Workers: 8
 Periodic GC: Disabled
Heap:
 garbage-first heap   total 536576K, used 140192K [0x0000000080000000, 0x0000000100000000)
  region size 1024K, 6 young (6144K), 6 survivors (6144K)
 Metaspace       used 150327K, committed 152384K, reserved 1245184K
  class space    used 19942K, committed 20992K, reserved 1048576K
GC Heap History (20 events):
Event: 924.790 GC heap after
{Heap after GC invocations=114 (full 0):
 garbage-first heap   total 481280K, used 130011K [0x0000000080000000, 0x0000000100000000)
  region size 1024K, 2 young (2048K), 2 survivors (2048K)
 Metaspace       used 148728K, committed 150144K, reserved 1179648K
  class space    used 19773K, committed 20416K, reserved 1048576K
}
Event: 925.024 GC heap before
{Heap before GC invocations=114 (full 0):
 garbage-first heap   total 481280K, used 181211K [0x0000000080000000, 0x0000000100000000)
  region size 1024K, 54 young (55296K), 2 survivors (2048K)
 Metaspace       used 148738K, committed 150144K, reserved 1179648K
  class space    used 19773K, committed 20416K, reserved 1048576K
}
Event: 925.030 GC heap after
{Heap after GC invocations=115 (full 0):
 garbage-first heap   total 481280K, used 133317K [0x0000000080000000, 0x0000000100000000)
  region size 1024K, 6 young (6144K), 6 survivors (6144K)
 Metaspace       used 148738K, committed 150144K, reserved 1179648K
  class space    used 19773K, committed 20416K, reserved 1048576K
}
Event: 4987.097 GC heap before
{Heap before GC invocations=116 (full 0):
 garbage-first heap   total 481280K, used 406686K [0x0000000080000000, 0x0000000100000000)
  region size 1024K, 225 young (230400K), 6 survivors (6144K)
 Metaspace       used 150364K, committed 152256K, reserved 1245184K
  class space    used 20093K, committed 20992K, reserved 1048576K
}
Event: 4987.109 GC heap after
{Heap after GC invocations=117 (full 0):
 garbage-first heap   total 481280K, used 139783K [0x0000000080000000, 0x0000000100000000)
  region size 1024K, 12 young (12288K), 12 survivors (12288K)
 Metaspace       used 150364K, committed 152256K, reserved 1245184K
  class space    used 20093K, committed 20992K, reserved 1048576K
}
Event: 4987.127 GC heap before
{Heap before GC invocations=117 (full 0):
 garbage-first heap   total 481280K, used 151047K [0x0000000080000000, 0x0000000100000000)
  region size 1024K, 23 young (23552K), 12 survivors (12288K)
 Metaspace       used 150364K, committed 152256K, reserved 1245184K
  class space    used 20093K, committed 20992K, reserved 1048576K
}
Event: 4987.140 GC heap after
{Heap after GC invocations=118 (full 0):
 garbage-first heap   total 481280K, used 134704K [0x0000000080000000, 0x0000000100000000)
  region size 1024K, 3 young (3072K), 3 survivors (3072K)
 Metaspace       used 150364K, committed 152256K, reserved 1245184K
  class space    used 20093K, committed 20992K, reserved 1048576K
}
Event: 4987.321 GC heap before
{Heap before GC invocations=118 (full 0):
 garbage-first heap   total 481280K, used 177712K [0x0000000080000000, 0x0000000100000000)
  region size 1024K, 47 young (48128K), 3 survivors (3072K)
 Metaspace       used 150380K, committed 152256K, reserved 1245184K
  class space    used 20093K, committed 20992K, reserved 1048576K
}
Event: 4987.326 GC heap after
{Heap after GC invocations=119 (full 0):
 garbage-first heap   total 481280K, used 136530K [0x0000000080000000, 0x0000000100000000)
  region size 1024K, 5 young (5120K), 5 survivors (5120K)
 Metaspace       used 150380K, committed 152256K, reserved 1245184K
  class space    used 20093K, committed 20992K, reserved 1048576K
}
Event: 5208.167 GC heap before
{Heap before GC invocations=120 (full 0):
 garbage-first heap   total 481280K, used 411037K [0x0000000080000000, 0x0000000100000000)
  region size 1024K, 224 young (229376K), 5 survivors (5120K)
 Metaspace       used 149893K, committed 152320K, reserved 1245184K
  class space    used 19961K, committed 20992K, reserved 1048576K
}
Event: 5208.227 GC heap after
{Heap after GC invocations=121 (full 0):
 garbage-first heap   total 481280K, used 155481K [0x0000000080000000, 0x0000000100000000)
  region size 1024K, 23 young (23552K), 23 survivors (23552K)
 Metaspace       used 149893K, committed 152320K, reserved 1245184K
  class space    used 19961K, committed 20992K, reserved 1048576K
}
Event: 5208.235 GC heap before
{Heap before GC invocations=121 (full 0):
 garbage-first heap   total 481280K, used 156505K [0x0000000080000000, 0x0000000100000000)
  region size 1024K, 24 young (24576K), 23 survivors (23552K)
 Metaspace       used 149893K, committed 152320K, reserved 1245184K
  class space    used 19961K, committed 20992K, reserved 1048576K
}
Event: 5208.323 GC heap after
{Heap after GC invocations=122 (full 0):
 garbage-first heap   total 481280K, used 138534K [0x0000000080000000, 0x0000000100000000)
  region size 1024K, 2 young (2048K), 2 survivors (2048K)
 Metaspace       used 149893K, committed 152320K, reserved 1245184K
  class space    used 19961K, committed 20992K, reserved 1048576K
}
Event: 5209.037 GC heap before
{Heap before GC invocations=122 (full 0):
 garbage-first heap   total 481280K, used 212262K [0x0000000080000000, 0x0000000100000000)
  region size 1024K, 75 young (76800K), 2 survivors (2048K)
 Metaspace       used 150285K, committed 152384K, reserved 1245184K
  class space    used 19987K, committed 20992K, reserved 1048576K
}
Event: 5209.048 GC heap after
{Heap after GC invocations=123 (full 0):
 garbage-first heap   total 481280K, used 148101K [0x0000000080000000, 0x0000000100000000)
  region size 1024K, 11 young (11264K), 11 survivors (11264K)
 Metaspace       used 150285K, committed 152384K, reserved 1245184K
  class space    used 19987K, committed 20992K, reserved 1048576K
}
Event: 5411.259 GC heap before
{Heap before GC invocations=124 (full 0):
 garbage-first heap   total 481280K, used 391813K [0x0000000080000000, 0x0000000100000000)
  region size 1024K, 218 young (223232K), 11 survivors (11264K)
 Metaspace       used 150245K, committed 152384K, reserved 1245184K
  class space    used 19939K, committed 20992K, reserved 1048576K
}
Event: 5411.269 GC heap after
{Heap after GC invocations=125 (full 0):
 garbage-first heap   total 481280K, used 149220K [0x0000000080000000, 0x0000000100000000)
  region size 1024K, 13 young (13312K), 13 survivors (13312K)
 Metaspace       used 150245K, committed 152384K, reserved 1245184K
  class space    used 19939K, committed 20992K, reserved 1048576K
}
Event: 5411.328 GC heap before
{Heap before GC invocations=125 (full 0):
 garbage-first heap   total 481280K, used 158436K [0x0000000080000000, 0x0000000100000000)
  region size 1024K, 23 young (23552K), 13 survivors (13312K)
 Metaspace       used 150264K, committed 152384K, reserved 1245184K
  class space    used 19941K, committed 20992K, reserved 1048576K
}
Event: 5411.428 GC heap after
{Heap after GC invocations=126 (full 0):
 garbage-first heap   total 481280K, used 137244K [0x0000000080000000, 0x0000000100000000)
  region size 1024K, 3 young (3072K), 3 survivors (3072K)
 Metaspace       used 150264K, committed 152384K, reserved 1245184K
  class space    used 19941K, committed 20992K, reserved 1048576K
}
Event: 5411.704 GC heap before
{Heap before GC invocations=126 (full 0):
 garbage-first heap   total 481280K, used 165916K [0x0000000080000000, 0x0000000100000000)
  region size 1024K, 33 young (33792K), 3 survivors (3072K)
 Metaspace       used 150327K, committed 152384K, reserved 1245184K
  class space    used 19942K, committed 20992K, reserved 1048576K
}

