# JRE version: OpenJDK Runtime Environment (17.0.10) (build 17.0.10+0--11609105)
# Java VM: OpenJDK 64-Bit Server VM (17.0.10+0--11609105, mixed mode, tiered, compressed oops, compressed class ptrs, g1 gc, windows-amd64)
GC Precious Log:
 CPUs: 8 total, 8 available
 Memory: 7973M
 Large Page Support: Disabled
 NUMA Support: Disabled
 Compressed Oops: Enabled (32-bit)
 Heap Region Size: 1M
 Heap Min Capacity: 8M
 Heap Initial Capacity: 126M
 Heap Max Capacity: 2G
 Pre-touch: Disabled
 Parallel Workers: 8
 Concurrent Workers: 2
 Concurrent Refinement Workers: 8
 Periodic GC: Disabled
Heap:
 garbage-first heap   total 124928K, used 91010K [0x0000000080000000, 0x0000000100000000)
  region size 1024K, 24 young (24576K), 3 survivors (3072K)
 Metaspace       used 59426K, committed 60160K, reserved 1114112K
  class space    used 8124K, committed 8448K, reserved 1048576K
GC Heap History (20 events):
Event: 5.466 GC heap before
{Heap before GC invocations=14 (full 0):
 garbage-first heap   total 75776K, used 57335K [0x0000000080000000, 0x0000000100000000)
  region size 1024K, 18 young (18432K), 3 survivors (3072K)
 Metaspace       used 44485K, committed 44928K, reserved 1114112K
  class space    used 6019K, committed 6208K, reserved 1048576K
}
Event: 5.470 GC heap after
{Heap after GC invocations=15 (full 0):
 garbage-first heap   total 91136K, used 45332K [0x0000000080000000, 0x0000000100000000)
  region size 1024K, 3 young (3072K), 3 survivors (3072K)
 Metaspace       used 44485K, committed 44928K, reserved 1114112K
  class space    used 6019K, committed 6208K, reserved 1048576K
}
Event: 5.612 GC heap before
{Heap before GC invocations=15 (full 0):
 garbage-first heap   total 91136K, used 66836K [0x0000000080000000, 0x0000000100000000)
  region size 1024K, 26 young (26624K), 3 survivors (3072K)
 Metaspace       used 45030K, committed 45440K, reserved 1114112K
  class space    used 6068K, committed 6272K, reserved 1048576K
}
Event: 5.615 GC heap after
{Heap after GC invocations=16 (full 0):
 garbage-first heap   total 91136K, used 46853K [0x0000000080000000, 0x0000000100000000)
  region size 1024K, 4 young (4096K), 4 survivors (4096K)
 Metaspace       used 45030K, committed 45440K, reserved 1114112K
  class space    used 6068K, committed 6272K, reserved 1048576K
}
Event: 6.017 GC heap before
{Heap before GC invocations=17 (full 0):
 garbage-first heap   total 91136K, used 76549K [0x0000000080000000, 0x0000000100000000)
  region size 1024K, 28 young (28672K), 4 survivors (4096K)
 Metaspace       used 48544K, committed 49024K, reserved 1114112K
  class space    used 6510K, committed 6720K, reserved 1048576K
}
Event: 6.021 GC heap after
{Heap after GC invocations=18 (full 0):
 garbage-first heap   total 91136K, used 48176K [0x0000000080000000, 0x0000000100000000)
  region size 1024K, 2 young (2048K), 2 survivors (2048K)
 Metaspace       used 48544K, committed 49024K, reserved 1114112K
  class space    used 6510K, committed 6720K, reserved 1048576K
}
Event: 6.314 GC heap before
{Heap before GC invocations=18 (full 0):
 garbage-first heap   total 91136K, used 65584K [0x0000000080000000, 0x0000000100000000)
  region size 1024K, 20 young (20480K), 2 survivors (2048K)
 Metaspace       used 50111K, committed 50560K, reserved 1114112K
  class space    used 6776K, committed 6976K, reserved 1048576K
}
Event: 6.318 GC heap after
{Heap after GC invocations=19 (full 0):
 garbage-first heap   total 91136K, used 50307K [0x0000000080000000, 0x0000000100000000)
  region size 1024K, 4 young (4096K), 4 survivors (4096K)
 Metaspace       used 50111K, committed 50560K, reserved 1114112K
  class space    used 6776K, committed 6976K, reserved 1048576K
}
Event: 6.440 GC heap before
{Heap before GC invocations=20 (full 0):
 garbage-first heap   total 102400K, used 63619K [0x0000000080000000, 0x0000000100000000)
  region size 1024K, 11 young (11264K), 4 survivors (4096K)
 Metaspace       used 50361K, committed 50880K, reserved 1114112K
  class space    used 6824K, committed 7040K, reserved 1048576K
}
Event: 6.444 GC heap after
{Heap after GC invocations=21 (full 0):
 garbage-first heap   total 102400K, used 60763K [0x0000000080000000, 0x0000000100000000)
  region size 1024K, 3 young (3072K), 3 survivors (3072K)
 Metaspace       used 50361K, committed 50880K, reserved 1114112K
  class space    used 6824K, committed 7040K, reserved 1048576K
}
Event: 6.520 GC heap before
{Heap before GC invocations=22 (full 0):
 garbage-first heap   total 116736K, used 69979K [0x0000000080000000, 0x0000000100000000)
  region size 1024K, 9 young (9216K), 3 survivors (3072K)
 Metaspace       used 50711K, committed 51200K, reserved 1114112K
  class space    used 6848K, committed 7040K, reserved 1048576K
}
Event: 6.522 GC heap after
{Heap after GC invocations=23 (full 0):
 garbage-first heap   total 116736K, used 67426K [0x0000000080000000, 0x0000000100000000)
  region size 1024K, 2 young (2048K), 2 survivors (2048K)
 Metaspace       used 50711K, committed 51200K, reserved 1114112K
  class space    used 6848K, committed 7040K, reserved 1048576K
}
Event: 6.790 GC heap before
{Heap before GC invocations=24 (full 0):
 garbage-first heap   total 121856K, used 84834K [0x0000000080000000, 0x0000000100000000)
  region size 1024K, 18 young (18432K), 2 survivors (2048K)
 Metaspace       used 52996K, committed 53504K, reserved 1114112K
  class space    used 7084K, committed 7296K, reserved 1048576K
}
Event: 6.793 GC heap after
{Heap after GC invocations=25 (full 0):
 garbage-first heap   total 121856K, used 67791K [0x0000000080000000, 0x0000000100000000)
  region size 1024K, 2 young (2048K), 2 survivors (2048K)
 Metaspace       used 52996K, committed 53504K, reserved 1114112K
  class space    used 7084K, committed 7296K, reserved 1048576K
}
Event: 6.993 GC heap before
{Heap before GC invocations=25 (full 0):
 garbage-first heap   total 121856K, used 88271K [0x0000000080000000, 0x0000000100000000)
  region size 1024K, 22 young (22528K), 2 survivors (2048K)
 Metaspace       used 53864K, committed 54464K, reserved 1114112K
  class space    used 7236K, committed 7488K, reserved 1048576K
}
Event: 6.995 GC heap after
{Heap after GC invocations=26 (full 0):
 garbage-first heap   total 121856K, used 68454K [0x0000000080000000, 0x0000000100000000)
  region size 1024K, 2 young (2048K), 2 survivors (2048K)
 Metaspace       used 53864K, committed 54464K, reserved 1114112K
  class space    used 7236K, committed 7488K, reserved 1048576K
}
Event: 7.344 GC heap before
{Heap before GC invocations=27 (full 0):
 garbage-first heap   total 121856K, used 90982K [0x0000000080000000, 0x0000000100000000)
  region size 1024K, 24 young (24576K), 2 survivors (2048K)
 Metaspace       used 55977K, committed 56640K, reserved 1114112K
  class space    used 7591K, committed 7872K, reserved 1048576K
}
Event: 7.348 GC heap after
{Heap after GC invocations=28 (full 0):
 garbage-first heap   total 121856K, used 70365K [0x0000000080000000, 0x0000000100000000)
  region size 1024K, 3 young (3072K), 3 survivors (3072K)
 Metaspace       used 55977K, committed 56640K, reserved 1114112K
  class space    used 7591K, committed 7872K, reserved 1048576K
}
Event: 7.665 GC heap before
{Heap before GC invocations=28 (full 0):
 garbage-first heap   total 121856K, used 92893K [0x0000000080000000, 0x0000000100000000)
  region size 1024K, 25 young (25600K), 3 survivors (3072K)
 Metaspace       used 58505K, committed 59200K, reserved 1114112K
  class space    used 8015K, committed 8320K, reserved 1048576K
}
Event: 7.669 GC heap after
{Heap after GC invocations=29 (full 0):
 garbage-first heap   total 121856K, used 71554K [0x0000000080000000, 0x0000000100000000)
  region size 1024K, 3 young (3072K), 3 survivors (3072K)
 Metaspace       used 58505K, committed 59200K, reserved 1114112K
  class space    used 8015K, committed 8320K, reserved 1048576K
}

