# JRE version: OpenJDK Runtime Environment (17.0.9) (build 17.0.9+0--11185874)
# Java VM: OpenJDK 64-Bit Server VM (17.0.9+0--11185874, mixed mode, tiered, compressed oops, compressed class ptrs, g1 gc, windows-amd64)
GC Precious Log:
 CPUs: 8 total, 8 available
 Memory: 7973M
 Large Page Support: Disabled
 NUMA Support: Disabled
 Compressed Oops: Enabled (32-bit)
 Heap Region Size: 1M
 Heap Min Capacity: 8M
 Heap Initial Capacity: 126M
 Heap Max Capacity: 2G
 Pre-touch: Disabled
 Parallel Workers: 8
 Concurrent Workers: 2
 Concurrent Refinement Workers: 8
 Periodic GC: Disabled
Heap:
 garbage-first heap   total 447488K, used 145113K [0x0000000080000000, 0x0000000100000000)
  region size 1024K, 8 young (8192K), 8 survivors (8192K)
 Metaspace       used 138455K, committed 139520K, reserved 1179648K
  class space    used 18415K, committed 18944K, reserved 1048576K
GC Heap History (20 events):
Event: 9546.696 GC heap after
{Heap after GC invocations=60 (full 0):
 garbage-first heap   total 370688K, used 193137K [0x0000000080000000, 0x0000000100000000)
  region size 1024K, 1 young (1024K), 1 survivors (1024K)
 Metaspace       used 136477K, committed 138048K, reserved 1179648K
  class space    used 18349K, committed 18944K, reserved 1048576K
}
Event: 9546.796 GC heap before
{Heap before GC invocations=60 (full 0):
 garbage-first heap   total 370688K, used 210545K [0x0000000080000000, 0x0000000100000000)
  region size 1024K, 18 young (18432K), 1 survivors (1024K)
 Metaspace       used 136477K, committed 138048K, reserved 1179648K
  class space    used 18349K, committed 18944K, reserved 1048576K
}
Event: 9546.804 GC heap after
{Heap after GC invocations=61 (full 0):
 garbage-first heap   total 370688K, used 160255K [0x0000000080000000, 0x0000000100000000)
  region size 1024K, 3 young (3072K), 3 survivors (3072K)
 Metaspace       used 136477K, committed 138048K, reserved 1179648K
  class space    used 18349K, committed 18944K, reserved 1048576K
}
Event: 9546.923 GC heap before
{Heap before GC invocations=61 (full 0):
 garbage-first heap   total 370688K, used 174591K [0x0000000080000000, 0x0000000100000000)
  region size 1024K, 18 young (18432K), 3 survivors (3072K)
 Metaspace       used 136513K, committed 138048K, reserved 1179648K
  class space    used 18349K, committed 18944K, reserved 1048576K
}
Event: 9546.953 GC heap after
{Heap after GC invocations=62 (full 0):
 garbage-first heap   total 447488K, used 136431K [0x0000000080000000, 0x0000000100000000)
  region size 1024K, 2 young (2048K), 2 survivors (2048K)
 Metaspace       used 136513K, committed 138048K, reserved 1179648K
  class space    used 18349K, committed 18944K, reserved 1048576K
}
Event: 9547.242 GC heap before
{Heap before GC invocations=62 (full 0):
 garbage-first heap   total 447488K, used 155887K [0x0000000080000000, 0x0000000100000000)
  region size 1024K, 21 young (21504K), 2 survivors (2048K)
 Metaspace       used 136567K, committed 138048K, reserved 1179648K
  class space    used 18350K, committed 18944K, reserved 1048576K
}
Event: 9547.257 GC heap after
{Heap after GC invocations=63 (full 0):
 garbage-first heap   total 447488K, used 137536K [0x0000000080000000, 0x0000000100000000)
  region size 1024K, 3 young (3072K), 3 survivors (3072K)
 Metaspace       used 136567K, committed 138048K, reserved 1179648K
  class space    used 18350K, committed 18944K, reserved 1048576K
}
Event: 9547.707 GC heap before
{Heap before GC invocations=63 (full 0):
 garbage-first heap   total 447488K, used 170304K [0x0000000080000000, 0x0000000100000000)
  region size 1024K, 36 young (36864K), 3 survivors (3072K)
 Metaspace       used 136617K, committed 138048K, reserved 1179648K
  class space    used 18351K, committed 18944K, reserved 1048576K
}
Event: 9547.715 GC heap after
{Heap after GC invocations=64 (full 0):
 garbage-first heap   total 447488K, used 142183K [0x0000000080000000, 0x0000000100000000)
  region size 1024K, 8 young (8192K), 8 survivors (8192K)
 Metaspace       used 136617K, committed 138048K, reserved 1179648K
  class space    used 18351K, committed 18944K, reserved 1048576K
}
Event: 9810.401 GC heap before
{Heap before GC invocations=65 (full 0):
 garbage-first heap   total 447488K, used 369511K [0x0000000080000000, 0x0000000100000000)
  region size 1024K, 212 young (217088K), 8 survivors (8192K)
 Metaspace       used 137373K, committed 138368K, reserved 1179648K
  class space    used 18383K, committed 18944K, reserved 1048576K
}
Event: 9810.419 GC heap after
{Heap after GC invocations=66 (full 0):
 garbage-first heap   total 447488K, used 147092K [0x0000000080000000, 0x0000000100000000)
  region size 1024K, 16 young (16384K), 16 survivors (16384K)
 Metaspace       used 137373K, committed 138368K, reserved 1179648K
  class space    used 18383K, committed 18944K, reserved 1048576K
}
Event: 9810.450 GC heap before
{Heap before GC invocations=66 (full 0):
 garbage-first heap   total 447488K, used 152212K [0x0000000080000000, 0x0000000100000000)
  region size 1024K, 21 young (21504K), 16 survivors (16384K)
 Metaspace       used 137386K, committed 138368K, reserved 1179648K
  class space    used 18385K, committed 18944K, reserved 1048576K
}
Event: 9810.471 GC heap after
{Heap after GC invocations=67 (full 0):
 garbage-first heap   total 447488K, used 128849K [0x0000000080000000, 0x0000000100000000)
  region size 1024K, 3 young (3072K), 3 survivors (3072K)
 Metaspace       used 137386K, committed 138368K, reserved 1179648K
  class space    used 18385K, committed 18944K, reserved 1048576K
}
Event: 9810.638 GC heap before
{Heap before GC invocations=67 (full 0):
 garbage-first heap   total 447488K, used 140113K [0x0000000080000000, 0x0000000100000000)
  region size 1024K, 15 young (15360K), 3 survivors (3072K)
 Metaspace       used 137408K, committed 138368K, reserved 1179648K
  class space    used 18386K, committed 18944K, reserved 1048576K
}
Event: 9810.641 GC heap after
{Heap after GC invocations=68 (full 0):
 garbage-first heap   total 447488K, used 129523K [0x0000000080000000, 0x0000000100000000)
  region size 1024K, 4 young (4096K), 4 survivors (4096K)
 Metaspace       used 137408K, committed 138368K, reserved 1179648K
  class space    used 18386K, committed 18944K, reserved 1048576K
}
Event: 10229.275 GC heap before
{Heap before GC invocations=69 (full 0):
 garbage-first heap   total 447488K, used 380403K [0x0000000080000000, 0x0000000100000000)
  region size 1024K, 226 young (231424K), 4 survivors (4096K)
 Metaspace       used 137847K, committed 138880K, reserved 1179648K
  class space    used 18390K, committed 18944K, reserved 1048576K
}
Event: 10229.292 GC heap after
{Heap after GC invocations=70 (full 0):
 garbage-first heap   total 447488K, used 151011K [0x0000000080000000, 0x0000000100000000)
  region size 1024K, 23 young (23552K), 23 survivors (23552K)
 Metaspace       used 137847K, committed 138880K, reserved 1179648K
  class space    used 18390K, committed 18944K, reserved 1048576K
}
Event: 10229.296 GC heap before
{Heap before GC invocations=70 (full 0):
 garbage-first heap   total 447488K, used 152035K [0x0000000080000000, 0x0000000100000000)
  region size 1024K, 24 young (24576K), 23 survivors (23552K)
 Metaspace       used 137847K, committed 138880K, reserved 1179648K
  class space    used 18390K, committed 18944K, reserved 1048576K
}
Event: 10229.327 GC heap after
{Heap after GC invocations=71 (full 0):
 garbage-first heap   total 447488K, used 139070K [0x0000000080000000, 0x0000000100000000)
  region size 1024K, 2 young (2048K), 2 survivors (2048K)
 Metaspace       used 137847K, committed 138880K, reserved 1179648K
  class space    used 18390K, committed 18944K, reserved 1048576K
}
Event: 10230.017 GC heap before
{Heap before GC invocations=71 (full 0):
 garbage-first heap   total 447488K, used 213822K [0x0000000080000000, 0x0000000100000000)
  region size 1024K, 77 young (78848K), 2 survivors (2048K)
 Metaspace       used 138455K, committed 139520K, reserved 1179648K
  class space    used 18415K, committed 18944K, reserved 1048576K
}

