# JRE version: OpenJDK Runtime Environment (17.0.9) (build 17.0.9+0--11185874)
# Java VM: OpenJDK 64-Bit Server VM (17.0.9+0--11185874, mixed mode, tiered, compressed oops, compressed class ptrs, g1 gc, windows-amd64)
GC Precious Log:
 CPUs: 8 total, 8 available
 Memory: 7973M
 Large Page Support: Disabled
 NUMA Support: Disabled
 Compressed Oops: Enabled (32-bit)
 Heap Region Size: 1M
 Heap Min Capacity: 8M
 Heap Initial Capacity: 126M
 Heap Max Capacity: 2G
 Pre-touch: Disabled
 Parallel Workers: 8
 Concurrent Workers: 2
 Concurrent Refinement Workers: 8
 Periodic GC: Disabled
Heap:
 garbage-first heap   total 368640K, used 148976K [0x0000000080000000, 0x0000000100000000)
  region size 1024K, 3 young (3072K), 3 survivors (3072K)
 Metaspace       used 147845K, committed 149184K, reserved 1179648K
  class space    used 19626K, committed 20224K, reserved 1048576K
GC Heap History (20 events):
Event: 5547.169 GC heap after
{Heap after GC invocations=96 (full 0):
 garbage-first heap   total 368640K, used 135878K [0x0000000080000000, 0x0000000100000000)
  region size 1024K, 2 young (2048K), 2 survivors (2048K)
 Metaspace       used 146168K, committed 147456K, reserved 1179648K
  class space    used 19580K, committed 20224K, reserved 1048576K
}
Event: 5547.748 GC heap before
{Heap before GC invocations=96 (full 0):
 garbage-first heap   total 368640K, used 215750K [0x0000000080000000, 0x0000000100000000)
  region size 1024K, 82 young (83968K), 2 survivors (2048K)
 Metaspace       used 146813K, committed 148160K, reserved 1179648K
  class space    used 19588K, committed 20224K, reserved 1048576K
}
Event: 5547.752 GC heap after
{Heap after GC invocations=97 (full 0):
 garbage-first heap   total 368640K, used 136961K [0x0000000080000000, 0x0000000100000000)
  region size 1024K, 3 young (3072K), 3 survivors (3072K)
 Metaspace       used 146813K, committed 148160K, reserved 1179648K
  class space    used 19588K, committed 20224K, reserved 1048576K
}
Event: 5939.174 GC heap before
{Heap before GC invocations=98 (full 0):
 garbage-first heap   total 368640K, used 329473K [0x0000000080000000, 0x0000000100000000)
  region size 1024K, 155 young (158720K), 3 survivors (3072K)
 Metaspace       used 147031K, committed 148288K, reserved 1179648K
  class space    used 19602K, committed 20224K, reserved 1048576K
}
Event: 5939.185 GC heap after
{Heap after GC invocations=99 (full 0):
 garbage-first heap   total 368640K, used 151488K [0x0000000080000000, 0x0000000100000000)
  region size 1024K, 14 young (14336K), 14 survivors (14336K)
 Metaspace       used 147031K, committed 148288K, reserved 1179648K
  class space    used 19602K, committed 20224K, reserved 1048576K
}
Event: 5939.212 GC heap before
{Heap before GC invocations=99 (full 0):
 garbage-first heap   total 368640K, used 155584K [0x0000000080000000, 0x0000000100000000)
  region size 1024K, 18 young (18432K), 14 survivors (14336K)
 Metaspace       used 147039K, committed 148288K, reserved 1179648K
  class space    used 19602K, committed 20224K, reserved 1048576K
}
Event: 5939.267 GC heap after
{Heap after GC invocations=100 (full 0):
 garbage-first heap   total 368640K, used 146891K [0x0000000080000000, 0x0000000100000000)
  region size 1024K, 3 young (3072K), 3 survivors (3072K)
 Metaspace       used 147039K, committed 148288K, reserved 1179648K
  class space    used 19602K, committed 20224K, reserved 1048576K
}
Event: 5939.545 GC heap before
{Heap before GC invocations=100 (full 0):
 garbage-first heap   total 368640K, used 181707K [0x0000000080000000, 0x0000000100000000)
  region size 1024K, 38 young (38912K), 3 survivors (3072K)
 Metaspace       used 147079K, committed 148416K, reserved 1179648K
  class space    used 19602K, committed 20224K, reserved 1048576K
}
Event: 5939.557 GC heap after
{Heap after GC invocations=101 (full 0):
 garbage-first heap   total 368640K, used 166206K [0x0000000080000000, 0x0000000100000000)
  region size 1024K, 18 young (18432K), 18 survivors (18432K)
 Metaspace       used 147079K, committed 148416K, reserved 1179648K
  class space    used 19602K, committed 20224K, reserved 1048576K
}
Event: 5941.457 GC heap before
{Heap before GC invocations=102 (full 0):
 garbage-first heap   total 368640K, used 276798K [0x0000000080000000, 0x0000000100000000)
  region size 1024K, 101 young (103424K), 18 survivors (18432K)
 Metaspace       used 147216K, committed 148480K, reserved 1179648K
  class space    used 19602K, committed 20224K, reserved 1048576K
}
Event: 5941.474 GC heap after
{Heap after GC invocations=103 (full 0):
 garbage-first heap   total 368640K, used 174945K [0x0000000080000000, 0x0000000100000000)
  region size 1024K, 11 young (11264K), 11 survivors (11264K)
 Metaspace       used 147216K, committed 148480K, reserved 1179648K
  class space    used 19602K, committed 20224K, reserved 1048576K
}
Event: 5941.588 GC heap before
{Heap before GC invocations=103 (full 0):
 garbage-first heap   total 368640K, used 181089K [0x0000000080000000, 0x0000000100000000)
  region size 1024K, 18 young (18432K), 11 survivors (11264K)
 Metaspace       used 147219K, committed 148480K, reserved 1179648K
  class space    used 19602K, committed 20224K, reserved 1048576K
}
Event: 5941.599 GC heap after
{Heap after GC invocations=104 (full 0):
 garbage-first heap   total 368640K, used 151917K [0x0000000080000000, 0x0000000100000000)
  region size 1024K, 2 young (2048K), 2 survivors (2048K)
 Metaspace       used 147219K, committed 148480K, reserved 1179648K
  class space    used 19602K, committed 20224K, reserved 1048576K
}
Event: 5942.109 GC heap before
{Heap before GC invocations=104 (full 0):
 garbage-first heap   total 368640K, used 194925K [0x0000000080000000, 0x0000000100000000)
  region size 1024K, 46 young (47104K), 2 survivors (2048K)
 Metaspace       used 147321K, committed 148608K, reserved 1179648K
  class space    used 19603K, committed 20224K, reserved 1048576K
}
Event: 5942.116 GC heap after
{Heap after GC invocations=105 (full 0):
 garbage-first heap   total 368640K, used 154989K [0x0000000080000000, 0x0000000100000000)
  region size 1024K, 5 young (5120K), 5 survivors (5120K)
 Metaspace       used 147321K, committed 148608K, reserved 1179648K
  class space    used 19603K, committed 20224K, reserved 1048576K
}
Event: 5943.133 GC heap before
{Heap before GC invocations=106 (full 0):
 garbage-first heap   total 368640K, used 248173K [0x0000000080000000, 0x0000000100000000)
  region size 1024K, 111 young (113664K), 5 survivors (5120K)
 Metaspace       used 147725K, committed 148992K, reserved 1179648K
  class space    used 19626K, committed 20224K, reserved 1048576K
}
Event: 5943.149 GC heap after
{Heap after GC invocations=107 (full 0):
 garbage-first heap   total 368640K, used 157498K [0x0000000080000000, 0x0000000100000000)
  region size 1024K, 14 young (14336K), 14 survivors (14336K)
 Metaspace       used 147725K, committed 148992K, reserved 1179648K
  class space    used 19626K, committed 20224K, reserved 1048576K
}
Event: 5943.214 GC heap before
{Heap before GC invocations=107 (full 0):
 garbage-first heap   total 368640K, used 161594K [0x0000000080000000, 0x0000000100000000)
  region size 1024K, 18 young (18432K), 14 survivors (14336K)
 Metaspace       used 147734K, committed 148992K, reserved 1179648K
  class space    used 19626K, committed 20224K, reserved 1048576K
}
Event: 5943.228 GC heap after
{Heap after GC invocations=108 (full 0):
 garbage-first heap   total 368640K, used 148761K [0x0000000080000000, 0x0000000100000000)
  region size 1024K, 2 young (2048K), 2 survivors (2048K)
 Metaspace       used 147734K, committed 148992K, reserved 1179648K
  class space    used 19626K, committed 20224K, reserved 1048576K
}
Event: 5943.987 GC heap before
{Heap before GC invocations=108 (full 0):
 garbage-first heap   total 368640K, used 200985K [0x0000000080000000, 0x0000000100000000)
  region size 1024K, 54 young (55296K), 2 survivors (2048K)
 Metaspace       used 147845K, committed 149184K, reserved 1179648K
  class space    used 19626K, committed 20224K, reserved 1048576K
}

