# JRE version: OpenJDK Runtime Environment (17.0.9) (build 17.0.9+0--11185874)
# Java VM: OpenJDK 64-Bit Server VM (17.0.9+0--11185874, mixed mode, tiered, compressed oops, compressed class ptrs, g1 gc, windows-amd64)
GC Precious Log:
 CPUs: 8 total, 8 available
 Memory: 7973M
 Large Page Support: Disabled
 NUMA Support: Disabled
 Compressed Oops: Enabled (32-bit)
 Heap Region Size: 1M
 Heap Min Capacity: 8M
 Heap Initial Capacity: 126M
 Heap Max Capacity: 2G
 Pre-touch: Disabled
 Parallel Workers: 8
 Concurrent Workers: 2
 Concurrent Refinement Workers: 8
 Periodic GC: Disabled
Heap:
 garbage-first heap   total 309248K, used 230708K [0x0000000080000000, 0x0000000100000000)
  region size 1024K, 100 young (102400K), 5 survivors (5120K)
 Metaspace       used 129417K, committed 130240K, reserved 1179648K
  class space    used 17842K, committed 18240K, reserved 1048576K
GC Heap History (20 events):
Event: 14.368 GC heap before
{Heap before GC invocations=23 (full 0):
 garbage-first heap   total 154624K, used 124153K [0x0000000080000000, 0x0000000100000000)
  region size 1024K, 59 young (60416K), 8 survivors (8192K)
 Metaspace       used 95160K, committed 95872K, reserved 1179648K
  class space    used 13097K, committed 13440K, reserved 1048576K
}
Event: 14.378 GC heap after
{Heap after GC invocations=24 (full 0):
 garbage-first heap   total 154624K, used 78139K [0x0000000080000000, 0x0000000100000000)
  region size 1024K, 5 young (5120K), 5 survivors (5120K)
 Metaspace       used 95160K, committed 95872K, reserved 1179648K
  class space    used 13097K, committed 13440K, reserved 1048576K
}
Event: 14.995 GC heap before
{Heap before GC invocations=24 (full 0):
 garbage-first heap   total 154624K, used 125243K [0x0000000080000000, 0x0000000100000000)
  region size 1024K, 52 young (53248K), 5 survivors (5120K)
 Metaspace       used 95769K, committed 96448K, reserved 1179648K
  class space    used 13138K, committed 13504K, reserved 1048576K
}
Event: 15.003 GC heap after
{Heap after GC invocations=25 (full 0):
 garbage-first heap   total 154624K, used 81800K [0x0000000080000000, 0x0000000100000000)
  region size 1024K, 4 young (4096K), 4 survivors (4096K)
 Metaspace       used 95769K, committed 96448K, reserved 1179648K
  class space    used 13138K, committed 13504K, reserved 1048576K
}
Event: 15.449 GC heap before
{Heap before GC invocations=26 (full 0):
 garbage-first heap   total 154624K, used 126856K [0x0000000080000000, 0x0000000100000000)
  region size 1024K, 49 young (50176K), 4 survivors (4096K)
 Metaspace       used 96553K, committed 97280K, reserved 1179648K
  class space    used 13261K, committed 13632K, reserved 1048576K
}
Event: 15.455 GC heap after
{Heap after GC invocations=27 (full 0):
 garbage-first heap   total 154624K, used 84712K [0x0000000080000000, 0x0000000100000000)
  region size 1024K, 7 young (7168K), 7 survivors (7168K)
 Metaspace       used 96553K, committed 97280K, reserved 1179648K
  class space    used 13261K, committed 13632K, reserved 1048576K
}
Event: 15.467 GC heap before
{Heap before GC invocations=27 (full 0):
 garbage-first heap   total 154624K, used 84712K [0x0000000080000000, 0x0000000100000000)
  region size 1024K, 8 young (8192K), 7 survivors (7168K)
 Metaspace       used 96642K, committed 97344K, reserved 1179648K
  class space    used 13275K, committed 13632K, reserved 1048576K
}
Event: 15.476 GC heap after
{Heap after GC invocations=28 (full 0):
 garbage-first heap   total 154624K, used 84878K [0x0000000080000000, 0x0000000100000000)
  region size 1024K, 1 young (1024K), 1 survivors (1024K)
 Metaspace       used 96642K, committed 97344K, reserved 1179648K
  class space    used 13275K, committed 13632K, reserved 1048576K
}
Event: 15.771 GC heap before
{Heap before GC invocations=28 (full 0):
 garbage-first heap   total 154624K, used 125838K [0x0000000080000000, 0x0000000100000000)
  region size 1024K, 42 young (43008K), 1 survivors (1024K)
 Metaspace       used 97054K, committed 97792K, reserved 1179648K
  class space    used 13325K, committed 13696K, reserved 1048576K
}
Event: 15.776 GC heap after
{Heap after GC invocations=29 (full 0):
 garbage-first heap   total 309248K, used 87849K [0x0000000080000000, 0x0000000100000000)
  region size 1024K, 4 young (4096K), 4 survivors (4096K)
 Metaspace       used 97054K, committed 97792K, reserved 1179648K
  class space    used 13325K, committed 13696K, reserved 1048576K
}
Event: 18.762 GC heap before
{Heap before GC invocations=30 (full 0):
 garbage-first heap   total 309248K, used 241449K [0x0000000080000000, 0x0000000100000000)
  region size 1024K, 155 young (158720K), 4 survivors (4096K)
 Metaspace       used 100140K, committed 100864K, reserved 1179648K
  class space    used 13696K, committed 14016K, reserved 1048576K
}
Event: 18.773 GC heap after
{Heap after GC invocations=31 (full 0):
 garbage-first heap   total 309248K, used 97781K [0x0000000080000000, 0x0000000100000000)
  region size 1024K, 14 young (14336K), 14 survivors (14336K)
 Metaspace       used 100140K, committed 100864K, reserved 1179648K
  class space    used 13696K, committed 14016K, reserved 1048576K
}
Event: 18.777 GC heap before
{Heap before GC invocations=31 (full 0):
 garbage-first heap   total 309248K, used 98805K [0x0000000080000000, 0x0000000100000000)
  region size 1024K, 15 young (15360K), 14 survivors (14336K)
 Metaspace       used 100142K, committed 100864K, reserved 1179648K
  class space    used 13696K, committed 14016K, reserved 1048576K
}
Event: 18.787 GC heap after
{Heap after GC invocations=32 (full 0):
 garbage-first heap   total 309248K, used 99045K [0x0000000080000000, 0x0000000100000000)
  region size 1024K, 2 young (2048K), 2 survivors (2048K)
 Metaspace       used 100142K, committed 100864K, reserved 1179648K
  class space    used 13696K, committed 14016K, reserved 1048576K
}
Event: 21.252 GC heap before
{Heap before GC invocations=32 (full 0):
 garbage-first heap   total 309248K, used 241381K [0x0000000080000000, 0x0000000100000000)
  region size 1024K, 140 young (143360K), 2 survivors (2048K)
 Metaspace       used 110754K, committed 111488K, reserved 1179648K
  class space    used 14968K, committed 15360K, reserved 1048576K
}
Event: 21.267 GC heap after
{Heap after GC invocations=33 (full 0):
 garbage-first heap   total 309248K, used 119286K [0x0000000080000000, 0x0000000100000000)
  region size 1024K, 18 young (18432K), 18 survivors (18432K)
 Metaspace       used 110754K, committed 111488K, reserved 1179648K
  class space    used 14968K, committed 15360K, reserved 1048576K
}
Event: 22.689 GC heap before
{Heap before GC invocations=33 (full 0):
 garbage-first heap   total 309248K, used 242166K [0x0000000080000000, 0x0000000100000000)
  region size 1024K, 135 young (138240K), 18 survivors (18432K)
 Metaspace       used 117945K, committed 118784K, reserved 1179648K
  class space    used 16046K, committed 16448K, reserved 1048576K
}
Event: 22.708 GC heap after
{Heap after GC invocations=34 (full 0):
 garbage-first heap   total 309248K, used 127257K [0x0000000080000000, 0x0000000100000000)
  region size 1024K, 13 young (13312K), 13 survivors (13312K)
 Metaspace       used 117945K, committed 118784K, reserved 1179648K
  class space    used 16046K, committed 16448K, reserved 1048576K
}
Event: 23.807 GC heap before
{Heap before GC invocations=34 (full 0):
 garbage-first heap   total 309248K, used 238873K [0x0000000080000000, 0x0000000100000000)
  region size 1024K, 123 young (125952K), 13 survivors (13312K)
 Metaspace       used 126064K, committed 126912K, reserved 1179648K
  class space    used 17245K, committed 17664K, reserved 1048576K
}
Event: 23.820 GC heap after
{Heap after GC invocations=35 (full 0):
 garbage-first heap   total 309248K, used 131380K [0x0000000080000000, 0x0000000100000000)
  region size 1024K, 5 young (5120K), 5 survivors (5120K)
 Metaspace       used 126064K, committed 126912K, reserved 1179648K
  class space    used 17245K, committed 17664K, reserved 1048576K
}

