# JRE version: OpenJDK Runtime Environment (17.0.7) (build 17.0.7+0-b2043.56-10550314)
# Java VM: OpenJDK 64-Bit Server VM (17.0.7+0-b2043.56-10550314, mixed mode, tiered, compressed oops, compressed class ptrs, g1 gc, windows-amd64)
GC Precious Log:
 CPUs: 8 total, 8 available
 Memory: 7973M
 Large Page Support: Disabled
 NUMA Support: Disabled
 Compressed Oops: Enabled (32-bit)
 Heap Region Size: 1M
 Heap Min Capacity: 8M
 Heap Initial Capacity: 126M
 Heap Max Capacity: 2G
 Pre-touch: Disabled
 Parallel Workers: 8
 Concurrent Workers: 2
 Concurrent Refinement Workers: 8
 Periodic GC: Disabled
Heap:
 garbage-first heap   total 240640K, used 109931K [0x0000000080000000, 0x0000000100000000)
  region size 1024K, 1 young (1024K), 1 survivors (1024K)
 Metaspace       used 103630K, committed 104384K, reserved 1179648K
  class space    used 14023K, committed 14400K, reserved 1048576K
GC Heap History (20 events):
Event: 12.834 GC heap after
{Heap after GC invocations=36 (full 0):
 garbage-first heap   total 138240K, used 69336K [0x0000000080000000, 0x0000000100000000)
  region size 1024K, 3 young (3072K), 3 survivors (3072K)
 Metaspace       used 88744K, committed 89344K, reserved 1179648K
  class space    used 12223K, committed 12480K, reserved 1048576K
}
Event: 13.438 GC heap before
{Heap before GC invocations=37 (full 0):
 garbage-first heap   total 138240K, used 112344K [0x0000000080000000, 0x0000000100000000)
  region size 1024K, 45 young (46080K), 3 survivors (3072K)
 Metaspace       used 91790K, committed 92480K, reserved 1179648K
  class space    used 12617K, committed 12928K, reserved 1048576K
}
Event: 13.446 GC heap after
{Heap after GC invocations=38 (full 0):
 garbage-first heap   total 138240K, used 73334K [0x0000000080000000, 0x0000000100000000)
  region size 1024K, 6 young (6144K), 6 survivors (6144K)
 Metaspace       used 91790K, committed 92480K, reserved 1179648K
  class space    used 12617K, committed 12928K, reserved 1048576K
}
Event: 13.455 GC heap before
{Heap before GC invocations=38 (full 0):
 garbage-first heap   total 138240K, used 74358K [0x0000000080000000, 0x0000000100000000)
  region size 1024K, 7 young (7168K), 6 survivors (6144K)
 Metaspace       used 91798K, committed 92480K, reserved 1179648K
  class space    used 12617K, committed 12928K, reserved 1048576K
}
Event: 13.494 GC heap after
{Heap after GC invocations=39 (full 0):
 garbage-first heap   total 201728K, used 73503K [0x0000000080000000, 0x0000000100000000)
  region size 1024K, 1 young (1024K), 1 survivors (1024K)
 Metaspace       used 91798K, committed 92480K, reserved 1179648K
  class space    used 12617K, committed 12928K, reserved 1048576K
}
Event: 14.627 GC heap before
{Heap before GC invocations=39 (full 0):
 garbage-first heap   total 201728K, used 163615K [0x0000000080000000, 0x0000000100000000)
  region size 1024K, 85 young (87040K), 1 survivors (1024K)
 Metaspace       used 95573K, committed 96256K, reserved 1179648K
  class space    used 13104K, committed 13440K, reserved 1048576K
}
Event: 14.636 GC heap after
{Heap after GC invocations=40 (full 0):
 garbage-first heap   total 201728K, used 85683K [0x0000000080000000, 0x0000000100000000)
  region size 1024K, 11 young (11264K), 11 survivors (11264K)
 Metaspace       used 95573K, committed 96256K, reserved 1179648K
  class space    used 13104K, committed 13440K, reserved 1048576K
}
Event: 15.659 GC heap before
{Heap before GC invocations=40 (full 0):
 garbage-first heap   total 201728K, used 154290K [0x0000000080000000, 0x0000000100000000)
  region size 1024K, 76 young (77824K), 11 survivors (11264K)
 Metaspace       used 97221K, committed 97856K, reserved 1179648K
  class space    used 13325K, committed 13632K, reserved 1048576K
}
Event: 15.669 GC heap after
{Heap after GC invocations=41 (full 0):
 garbage-first heap   total 201728K, used 94309K [0x0000000080000000, 0x0000000100000000)
  region size 1024K, 6 young (6144K), 6 survivors (6144K)
 Metaspace       used 97221K, committed 97856K, reserved 1179648K
  class space    used 13325K, committed 13632K, reserved 1048576K
}
Event: 16.422 GC heap before
{Heap before GC invocations=41 (full 0):
 garbage-first heap   total 201728K, used 148581K [0x0000000080000000, 0x0000000100000000)
  region size 1024K, 60 young (61440K), 6 survivors (6144K)
 Metaspace       used 99238K, committed 99968K, reserved 1179648K
  class space    used 13563K, committed 13952K, reserved 1048576K
}
Event: 16.437 GC heap after
{Heap after GC invocations=42 (full 0):
 garbage-first heap   total 201728K, used 116529K [0x0000000080000000, 0x0000000100000000)
  region size 1024K, 9 young (9216K), 9 survivors (9216K)
 Metaspace       used 99238K, committed 99968K, reserved 1179648K
  class space    used 13563K, committed 13952K, reserved 1048576K
}
Event: 17.006 GC heap before
{Heap before GC invocations=43 (full 0):
 garbage-first heap   total 240640K, used 175921K [0x0000000080000000, 0x0000000100000000)
  region size 1024K, 44 young (45056K), 9 survivors (9216K)
 Metaspace       used 101734K, committed 102464K, reserved 1179648K
  class space    used 13832K, committed 14144K, reserved 1048576K
}
Event: 17.018 GC heap after
{Heap after GC invocations=44 (full 0):
 garbage-first heap   total 240640K, used 119474K [0x0000000080000000, 0x0000000100000000)
  region size 1024K, 3 young (3072K), 3 survivors (3072K)
 Metaspace       used 101734K, committed 102464K, reserved 1179648K
  class space    used 13832K, committed 14144K, reserved 1048576K
}
Event: 17.110 GC heap before
{Heap before GC invocations=44 (full 0):
 garbage-first heap   total 240640K, used 126642K [0x0000000080000000, 0x0000000100000000)
  region size 1024K, 11 young (11264K), 3 survivors (3072K)
 Metaspace       used 101791K, committed 102464K, reserved 1179648K
  class space    used 13832K, committed 14144K, reserved 1048576K
}
Event: 17.117 GC heap after
{Heap after GC invocations=45 (full 0):
 garbage-first heap   total 240640K, used 119679K [0x0000000080000000, 0x0000000100000000)
  region size 1024K, 1 young (1024K), 1 survivors (1024K)
 Metaspace       used 101791K, committed 102464K, reserved 1179648K
  class space    used 13832K, committed 14144K, reserved 1048576K
}
Event: 17.861 GC heap before
{Heap before GC invocations=45 (full 0):
 garbage-first heap   total 240640K, used 183167K [0x0000000080000000, 0x0000000100000000)
  region size 1024K, 64 young (65536K), 1 survivors (1024K)
 Metaspace       used 102826K, committed 103552K, reserved 1179648K
  class space    used 13937K, committed 14272K, reserved 1048576K
}
Event: 17.870 GC heap after
{Heap after GC invocations=46 (full 0):
 garbage-first heap   total 240640K, used 126049K [0x0000000080000000, 0x0000000100000000)
  region size 1024K, 8 young (8192K), 8 survivors (8192K)
 Metaspace       used 102826K, committed 103552K, reserved 1179648K
  class space    used 13937K, committed 14272K, reserved 1048576K
}
Event: 18.679 GC heap before
{Heap before GC invocations=47 (full 0):
 garbage-first heap   total 240640K, used 172129K [0x0000000080000000, 0x0000000100000000)
  region size 1024K, 67 young (68608K), 8 survivors (8192K)
 Metaspace       used 103507K, committed 104192K, reserved 1179648K
  class space    used 14008K, committed 14336K, reserved 1048576K
}
Event: 18.691 GC heap after
{Heap after GC invocations=48 (full 0):
 garbage-first heap   total 240640K, used 116876K [0x0000000080000000, 0x0000000100000000)
  region size 1024K, 6 young (6144K), 6 survivors (6144K)
 Metaspace       used 103507K, committed 104192K, reserved 1179648K
  class space    used 14008K, committed 14336K, reserved 1048576K
}
Event: 19.655 GC heap before
{Heap before GC invocations=48 (full 0):
 garbage-first heap   total 240640K, used 120972K [0x0000000080000000, 0x0000000100000000)
  region size 1024K, 11 young (11264K), 6 survivors (6144K)
 Metaspace       used 103630K, committed 104384K, reserved 1179648K
  class space    used 14023K, committed 14400K, reserved 1048576K
}

