# JRE version: OpenJDK Runtime Environment (17.0.7) (build 17.0.7+0-b2043.56-10550314)
# Java VM: OpenJDK 64-Bit Server VM (17.0.7+0-b2043.56-10550314, mixed mode, tiered, compressed oops, compressed class ptrs, g1 gc, windows-amd64)
GC Precious Log:
 CPUs: 8 total, 8 available
 Memory: 7973M
 Large Page Support: Disabled
 NUMA Support: Disabled
 Compressed Oops: Enabled (32-bit)
 Heap Region Size: 1M
 Heap Min Capacity: 8M
 Heap Initial Capacity: 126M
 Heap Max Capacity: 2G
 Pre-touch: Disabled
 Parallel Workers: 8
 Concurrent Workers: 2
 Concurrent Refinement Workers: 8
 Periodic GC: Disabled
Heap:
 garbage-first heap   total 245760K, used 166189K [0x0000000080000000, 0x0000000100000000)
  region size 1024K, 18 young (18432K), 2 survivors (2048K)
 Metaspace       used 92840K, committed 93568K, reserved 1179648K
  class space    used 12647K, committed 12992K, reserved 1048576K
GC Heap History (20 events):
Event: 14.100 GC heap before
{Heap before GC invocations=41 (full 0):
 garbage-first heap   total 202752K, used 94502K [0x0000000080000000, 0x0000000100000000)
  region size 1024K, 9 young (9216K), 4 survivors (4096K)
 Metaspace       used 70348K, committed 71104K, reserved 1114112K
  class space    used 9457K, committed 9792K, reserved 1048576K
}
Event: 14.104 GC heap after
{Heap after GC invocations=42 (full 0):
 garbage-first heap   total 202752K, used 89679K [0x0000000080000000, 0x0000000100000000)
  region size 1024K, 1 young (1024K), 1 survivors (1024K)
 Metaspace       used 70348K, committed 71104K, reserved 1114112K
  class space    used 9457K, committed 9792K, reserved 1048576K
}
Event: 14.989 GC heap before
{Heap before GC invocations=42 (full 0):
 garbage-first heap   total 202752K, used 143951K [0x0000000080000000, 0x0000000100000000)
  region size 1024K, 54 young (55296K), 1 survivors (1024K)
 Metaspace       used 75414K, committed 76160K, reserved 1179648K
  class space    used 10148K, committed 10496K, reserved 1048576K
}
Event: 14.992 GC heap after
{Heap after GC invocations=43 (full 0):
 garbage-first heap   total 202752K, used 91612K [0x0000000080000000, 0x0000000100000000)
  region size 1024K, 3 young (3072K), 3 survivors (3072K)
 Metaspace       used 75414K, committed 76160K, reserved 1179648K
  class space    used 10148K, committed 10496K, reserved 1048576K
}
Event: 16.004 GC heap before
{Heap before GC invocations=43 (full 0):
 garbage-first heap   total 202752K, used 153052K [0x0000000080000000, 0x0000000100000000)
  region size 1024K, 64 young (65536K), 3 survivors (3072K)
 Metaspace       used 80104K, committed 80896K, reserved 1179648K
  class space    used 10772K, committed 11136K, reserved 1048576K
}
Event: 16.010 GC heap after
{Heap after GC invocations=44 (full 0):
 garbage-first heap   total 202752K, used 95721K [0x0000000080000000, 0x0000000100000000)
  region size 1024K, 7 young (7168K), 7 survivors (7168K)
 Metaspace       used 80104K, committed 80896K, reserved 1179648K
  class space    used 10772K, committed 11136K, reserved 1048576K
}
Event: 17.040 GC heap before
{Heap before GC invocations=45 (full 0):
 garbage-first heap   total 202752K, used 157161K [0x0000000080000000, 0x0000000100000000)
  region size 1024K, 66 young (67584K), 7 survivors (7168K)
 Metaspace       used 84869K, committed 85632K, reserved 1179648K
  class space    used 11625K, committed 11968K, reserved 1048576K
}
Event: 17.046 GC heap after
{Heap after GC invocations=46 (full 0):
 garbage-first heap   total 202752K, used 97887K [0x0000000080000000, 0x0000000100000000)
  region size 1024K, 7 young (7168K), 7 survivors (7168K)
 Metaspace       used 84869K, committed 85632K, reserved 1179648K
  class space    used 11625K, committed 11968K, reserved 1048576K
}
Event: 17.069 GC heap before
{Heap before GC invocations=46 (full 0):
 garbage-first heap   total 202752K, used 99935K [0x0000000080000000, 0x0000000100000000)
  region size 1024K, 9 young (9216K), 7 survivors (7168K)
 Metaspace       used 84936K, committed 85696K, reserved 1179648K
  class space    used 11633K, committed 11968K, reserved 1048576K
}
Event: 17.074 GC heap after
{Heap after GC invocations=47 (full 0):
 garbage-first heap   total 202752K, used 98320K [0x0000000080000000, 0x0000000100000000)
  region size 1024K, 2 young (2048K), 2 survivors (2048K)
 Metaspace       used 84936K, committed 85696K, reserved 1179648K
  class space    used 11633K, committed 11968K, reserved 1048576K
}
Event: 18.102 GC heap before
{Heap before GC invocations=47 (full 0):
 garbage-first heap   total 202752K, used 185360K [0x0000000080000000, 0x0000000100000000)
  region size 1024K, 62 young (63488K), 2 survivors (2048K)
 Metaspace       used 90914K, committed 91648K, reserved 1179648K
  class space    used 12382K, committed 12736K, reserved 1048576K
}
Event: 18.108 GC heap after
{Heap after GC invocations=48 (full 0):
 garbage-first heap   total 202752K, used 128912K [0x0000000080000000, 0x0000000100000000)
  region size 1024K, 8 young (8192K), 8 survivors (8192K)
 Metaspace       used 90914K, committed 91648K, reserved 1179648K
  class space    used 12382K, committed 12736K, reserved 1048576K
}
Event: 18.734 GC heap before
{Heap before GC invocations=48 (full 0):
 garbage-first heap   total 202752K, used 165776K [0x0000000080000000, 0x0000000100000000)
  region size 1024K, 44 young (45056K), 8 survivors (8192K)
 Metaspace       used 92408K, committed 93184K, reserved 1179648K
  class space    used 12583K, committed 12928K, reserved 1048576K
}
Event: 18.739 GC heap after
{Heap after GC invocations=49 (full 0):
 garbage-first heap   total 202752K, used 132325K [0x0000000080000000, 0x0000000100000000)
  region size 1024K, 3 young (3072K), 3 survivors (3072K)
 Metaspace       used 92408K, committed 93184K, reserved 1179648K
  class space    used 12583K, committed 12928K, reserved 1048576K
}
Event: 18.844 GC heap before
{Heap before GC invocations=49 (full 0):
 garbage-first heap   total 202752K, used 136421K [0x0000000080000000, 0x0000000100000000)
  region size 1024K, 8 young (8192K), 3 survivors (3072K)
 Metaspace       used 92809K, committed 93568K, reserved 1179648K
  class space    used 12646K, committed 12992K, reserved 1048576K
}
Event: 18.848 GC heap after
{Heap after GC invocations=50 (full 0):
 garbage-first heap   total 202752K, used 132514K [0x0000000080000000, 0x0000000100000000)
  region size 1024K, 3 young (3072K), 3 survivors (3072K)
 Metaspace       used 92809K, committed 93568K, reserved 1179648K
  class space    used 12646K, committed 12992K, reserved 1048576K
}
Event: 19.062 GC heap before
{Heap before GC invocations=51 (full 0):
 garbage-first heap   total 245760K, used 174498K [0x0000000080000000, 0x0000000100000000)
  region size 1024K, 40 young (40960K), 3 survivors (3072K)
 Metaspace       used 92822K, committed 93568K, reserved 1179648K
  class space    used 12647K, committed 12992K, reserved 1048576K
}
Event: 19.073 GC heap after
{Heap after GC invocations=52 (full 0):
 garbage-first heap   total 245760K, used 148558K [0x0000000080000000, 0x0000000100000000)
  region size 1024K, 5 young (5120K), 5 survivors (5120K)
 Metaspace       used 92822K, committed 93568K, reserved 1179648K
  class space    used 12647K, committed 12992K, reserved 1048576K
}
Event: 19.098 GC heap before
{Heap before GC invocations=52 (full 0):
 garbage-first heap   total 245760K, used 154702K [0x0000000080000000, 0x0000000100000000)
  region size 1024K, 12 young (12288K), 5 survivors (5120K)
 Metaspace       used 92822K, committed 93568K, reserved 1179648K
  class space    used 12647K, committed 12992K, reserved 1048576K
}
Event: 19.105 GC heap after
{Heap after GC invocations=53 (full 0):
 garbage-first heap   total 245760K, used 151853K [0x0000000080000000, 0x0000000100000000)
  region size 1024K, 2 young (2048K), 2 survivors (2048K)
 Metaspace       used 92822K, committed 93568K, reserved 1179648K
  class space    used 12647K, committed 12992K, reserved 1048576K
}

