# JRE version: OpenJDK Runtime Environment (17.0.7) (build 17.0.7+0-b2043.56-10550314)
# Java VM: OpenJDK 64-Bit Server VM (17.0.7+0-b2043.56-10550314, mixed mode, tiered, compressed oops, compressed class ptrs, g1 gc, windows-amd64)
GC Precious Log:
 CPUs: 8 total, 8 available
 Memory: 7973M
 Large Page Support: Disabled
 NUMA Support: Disabled
 Compressed Oops: Enabled (32-bit)
 Heap Region Size: 1M
 Heap Min Capacity: 8M
 Heap Initial Capacity: 126M
 Heap Max Capacity: 2G
 Pre-touch: Disabled
 Parallel Workers: 8
 Concurrent Workers: 2
 Concurrent Refinement Workers: 8
 Periodic GC: Disabled
Heap:
 garbage-first heap   total 584704K, used 352667K [0x0000000080000000, 0x0000000100000000)
  region size 1024K, 49 young (50176K), 13 survivors (13312K)
 Metaspace       used 160114K, committed 161536K, reserved 1245184K
  class space    used 21523K, committed 22144K, reserved 1048576K
GC Heap History (20 events):
Event: 2998.554 GC heap before
{Heap before GC invocations=98 (full 0):
 garbage-first heap   total 386048K, used 330908K [0x0000000080000000, 0x0000000100000000)
  region size 1024K, 44 young (45056K), 6 survivors (6144K)
 Metaspace       used 144367K, committed 145600K, reserved 1179648K
  class space    used 19073K, committed 19648K, reserved 1048576K
}
Event: 2998.568 GC heap after
{Heap after GC invocations=99 (full 0):
 garbage-first heap   total 386048K, used 300344K [0x0000000080000000, 0x0000000100000000)
  region size 1024K, 6 young (6144K), 6 survivors (6144K)
 Metaspace       used 144367K, committed 145600K, reserved 1179648K
  class space    used 19073K, committed 19648K, reserved 1048576K
}
Event: 2998.937 GC heap before
{Heap before GC invocations=99 (full 0):
 garbage-first heap   total 386048K, used 327992K [0x0000000080000000, 0x0000000100000000)
  region size 1024K, 35 young (35840K), 6 survivors (6144K)
 Metaspace       used 147622K, committed 148864K, reserved 1179648K
  class space    used 19711K, committed 20288K, reserved 1048576K
}
Event: 2998.959 GC heap after
{Heap after GC invocations=100 (full 0):
 garbage-first heap   total 386048K, used 302959K [0x0000000080000000, 0x0000000100000000)
  region size 1024K, 3 young (3072K), 3 survivors (3072K)
 Metaspace       used 147622K, committed 148864K, reserved 1179648K
  class space    used 19711K, committed 20288K, reserved 1048576K
}
Event: 2999.546 GC heap before
{Heap before GC invocations=100 (full 0):
 garbage-first heap   total 386048K, used 333679K [0x0000000080000000, 0x0000000100000000)
  region size 1024K, 34 young (34816K), 3 survivors (3072K)
 Metaspace       used 151524K, committed 152704K, reserved 1245184K
  class space    used 20434K, committed 20992K, reserved 1048576K
}
Event: 2999.554 GC heap after
{Heap after GC invocations=101 (full 0):
 garbage-first heap   total 386048K, used 303584K [0x0000000080000000, 0x0000000100000000)
  region size 1024K, 3 young (3072K), 3 survivors (3072K)
 Metaspace       used 151524K, committed 152704K, reserved 1245184K
  class space    used 20434K, committed 20992K, reserved 1048576K
}
Event: 3000.470 GC heap before
{Heap before GC invocations=102 (full 0):
 garbage-first heap   total 495616K, used 322016K [0x0000000080000000, 0x0000000100000000)
  region size 1024K, 35 young (35840K), 3 survivors (3072K)
 Metaspace       used 151879K, committed 152896K, reserved 1245184K
  class space    used 20517K, committed 20992K, reserved 1048576K
}
Event: 3000.478 GC heap after
{Heap after GC invocations=103 (full 0):
 garbage-first heap   total 495616K, used 291085K [0x0000000080000000, 0x0000000100000000)
  region size 1024K, 4 young (4096K), 4 survivors (4096K)
 Metaspace       used 151879K, committed 152896K, reserved 1245184K
  class space    used 20517K, committed 20992K, reserved 1048576K
}
Event: 3000.644 GC heap before
{Heap before GC invocations=103 (full 0):
 garbage-first heap   total 495616K, used 311565K [0x0000000080000000, 0x0000000100000000)
  region size 1024K, 24 young (24576K), 4 survivors (4096K)
 Metaspace       used 152885K, committed 153792K, reserved 1245184K
  class space    used 20697K, committed 21120K, reserved 1048576K
}
Event: 3000.660 GC heap after
{Heap after GC invocations=104 (full 0):
 garbage-first heap   total 584704K, used 247986K [0x0000000080000000, 0x0000000100000000)
  region size 1024K, 1 young (1024K), 1 survivors (1024K)
 Metaspace       used 152885K, committed 153792K, reserved 1245184K
  class space    used 20697K, committed 21120K, reserved 1048576K
}
Event: 3000.911 GC heap before
{Heap before GC invocations=104 (full 0):
 garbage-first heap   total 584704K, used 274610K [0x0000000080000000, 0x0000000100000000)
  region size 1024K, 28 young (28672K), 1 survivors (1024K)
 Metaspace       used 153976K, committed 154880K, reserved 1245184K
  class space    used 20825K, committed 21248K, reserved 1048576K
}
Event: 3000.929 GC heap after
{Heap after GC invocations=105 (full 0):
 garbage-first heap   total 584704K, used 244994K [0x0000000080000000, 0x0000000100000000)
  region size 1024K, 2 young (2048K), 2 survivors (2048K)
 Metaspace       used 153976K, committed 154880K, reserved 1245184K
  class space    used 20825K, committed 21248K, reserved 1048576K
}
Event: 3561.749 GC heap before
{Heap before GC invocations=105 (full 0):
 garbage-first heap   total 584704K, used 483586K [0x0000000080000000, 0x0000000100000000)
  region size 1024K, 207 young (211968K), 2 survivors (2048K)
 Metaspace       used 158612K, committed 159744K, reserved 1245184K
  class space    used 21527K, committed 22080K, reserved 1048576K
}
Event: 3561.762 GC heap after
{Heap after GC invocations=106 (full 0):
 garbage-first heap   total 584704K, used 252091K [0x0000000080000000, 0x0000000100000000)
  region size 1024K, 9 young (9216K), 9 survivors (9216K)
 Metaspace       used 158612K, committed 159744K, reserved 1245184K
  class space    used 21527K, committed 22080K, reserved 1048576K
}
Event: 4989.288 GC heap before
{Heap before GC invocations=107 (full 0):
 garbage-first heap   total 584704K, used 518331K [0x0000000080000000, 0x0000000100000000)
  region size 1024K, 243 young (248832K), 9 survivors (9216K)
 Metaspace       used 159802K, committed 160832K, reserved 1245184K
  class space    used 21551K, committed 22080K, reserved 1048576K
}
Event: 4989.309 GC heap after
{Heap after GC invocations=108 (full 0):
 garbage-first heap   total 584704K, used 261861K [0x0000000080000000, 0x0000000100000000)
  region size 1024K, 15 young (15360K), 15 survivors (15360K)
 Metaspace       used 159802K, committed 160832K, reserved 1245184K
  class space    used 21551K, committed 22080K, reserved 1048576K
}
Event: 4989.477 GC heap before
{Heap before GC invocations=108 (full 0):
 garbage-first heap   total 584704K, used 275173K [0x0000000080000000, 0x0000000100000000)
  region size 1024K, 28 young (28672K), 15 survivors (15360K)
 Metaspace       used 159802K, committed 160832K, reserved 1245184K
  class space    used 21551K, committed 22080K, reserved 1048576K
}
Event: 4989.796 GC heap after
{Heap after GC invocations=109 (full 0):
 garbage-first heap   total 584704K, used 254567K [0x0000000080000000, 0x0000000100000000)
  region size 1024K, 4 young (4096K), 4 survivors (4096K)
 Metaspace       used 159802K, committed 160832K, reserved 1245184K
  class space    used 21551K, committed 22080K, reserved 1048576K
}
Event: 4990.722 GC heap before
{Heap before GC invocations=109 (full 0):
 garbage-first heap   total 584704K, used 329319K [0x0000000080000000, 0x0000000100000000)
  region size 1024K, 79 young (80896K), 4 survivors (4096K)
 Metaspace       used 160497K, committed 161600K, reserved 1245184K
  class space    used 21598K, committed 22144K, reserved 1048576K
}
Event: 4990.737 GC heap after
{Heap after GC invocations=110 (full 0):
 garbage-first heap   total 584704K, used 263579K [0x0000000080000000, 0x0000000100000000)
  region size 1024K, 13 young (13312K), 13 survivors (13312K)
 Metaspace       used 160497K, committed 161600K, reserved 1245184K
  class space    used 21598K, committed 22144K, reserved 1048576K
}

