# JRE version: OpenJDK Runtime Environment (17.0.9) (build 17.0.9+0--11185874)
# Java VM: OpenJDK 64-Bit Server VM (17.0.9+0--11185874, mixed mode, tiered, compressed oops, compressed class ptrs, g1 gc, windows-amd64)
GC Precious Log:
 CPUs: 8 total, 8 available
 Memory: 7973M
 Large Page Support: Disabled
 NUMA Support: Disabled
 Compressed Oops: Enabled (32-bit)
 Heap Region Size: 1M
 Heap Min Capacity: 8M
 Heap Initial Capacity: 126M
 Heap Max Capacity: 2G
 Pre-touch: Disabled
 Parallel Workers: 8
 Concurrent Workers: 2
 Concurrent Refinement Workers: 8
 Periodic GC: Disabled
Heap:
 garbage-first heap   total 419840K, used 302080K [0x0000000080000000, 0x0000000100000000)
  region size 1024K, 9 young (9216K), 9 survivors (9216K)
 Metaspace       used 122195K, committed 123008K, reserved 1179648K
  class space    used 16788K, committed 17216K, reserved 1048576K
GC Heap History (20 events):
Event: 26.633 GC heap after
{Heap after GC invocations=51 (full 0):
 garbage-first heap   total 276480K, used 118133K [0x0000000080000000, 0x0000000100000000)
  region size 1024K, 6 young (6144K), 6 survivors (6144K)
 Metaspace       used 118321K, committed 119040K, reserved 1179648K
  class space    used 16369K, committed 16704K, reserved 1048576K
}
Event: 27.226 GC heap before
{Heap before GC invocations=51 (full 0):
 garbage-first heap   total 276480K, used 235893K [0x0000000080000000, 0x0000000100000000)
  region size 1024K, 122 young (124928K), 6 survivors (6144K)
 Metaspace       used 118788K, committed 119552K, reserved 1179648K
  class space    used 16405K, committed 16768K, reserved 1048576K
}
Event: 27.235 GC heap after
{Heap after GC invocations=52 (full 0):
 garbage-first heap   total 276480K, used 122123K [0x0000000080000000, 0x0000000100000000)
  region size 1024K, 9 young (9216K), 9 survivors (9216K)
 Metaspace       used 118788K, committed 119552K, reserved 1179648K
  class space    used 16405K, committed 16768K, reserved 1048576K
}
Event: 27.940 GC heap before
{Heap before GC invocations=52 (full 0):
 garbage-first heap   total 276480K, used 233739K [0x0000000080000000, 0x0000000100000000)
  region size 1024K, 119 young (121856K), 9 survivors (9216K)
 Metaspace       used 118875K, committed 119616K, reserved 1179648K
  class space    used 16408K, committed 16768K, reserved 1048576K
}
Event: 27.947 GC heap after
{Heap after GC invocations=53 (full 0):
 garbage-first heap   total 276480K, used 119660K [0x0000000080000000, 0x0000000100000000)
  region size 1024K, 5 young (5120K), 5 survivors (5120K)
 Metaspace       used 118875K, committed 119616K, reserved 1179648K
  class space    used 16408K, committed 16768K, reserved 1048576K
}
Event: 28.606 GC heap before
{Heap before GC invocations=53 (full 0):
 garbage-first heap   total 276480K, used 237420K [0x0000000080000000, 0x0000000100000000)
  region size 1024K, 120 young (122880K), 5 survivors (5120K)
 Metaspace       used 118918K, committed 119680K, reserved 1179648K
  class space    used 16412K, committed 16768K, reserved 1048576K
}
Event: 28.612 GC heap after
{Heap after GC invocations=54 (full 0):
 garbage-first heap   total 276480K, used 119660K [0x0000000080000000, 0x0000000100000000)
  region size 1024K, 5 young (5120K), 5 survivors (5120K)
 Metaspace       used 118918K, committed 119680K, reserved 1179648K
  class space    used 16412K, committed 16768K, reserved 1048576K
}
Event: 29.506 GC heap before
{Heap before GC invocations=54 (full 0):
 garbage-first heap   total 276480K, used 227180K [0x0000000080000000, 0x0000000100000000)
  region size 1024K, 94 young (96256K), 5 survivors (5120K)
 Metaspace       used 119540K, committed 120320K, reserved 1179648K
  class space    used 16484K, committed 16832K, reserved 1048576K
}
Event: 29.515 GC heap after
{Heap after GC invocations=55 (full 0):
 garbage-first heap   total 276480K, used 145619K [0x0000000080000000, 0x0000000100000000)
  region size 1024K, 14 young (14336K), 14 survivors (14336K)
 Metaspace       used 119540K, committed 120320K, reserved 1179648K
  class space    used 16484K, committed 16832K, reserved 1048576K
}
Event: 29.719 GC heap before
{Heap before GC invocations=55 (full 0):
 garbage-first heap   total 276480K, used 200915K [0x0000000080000000, 0x0000000100000000)
  region size 1024K, 47 young (48128K), 14 survivors (14336K)
 Metaspace       used 120042K, committed 120768K, reserved 1179648K
  class space    used 16559K, committed 16896K, reserved 1048576K
}
Event: 29.728 GC heap after
{Heap after GC invocations=56 (full 0):
 garbage-first heap   total 276480K, used 165599K [0x0000000080000000, 0x0000000100000000)
  region size 1024K, 7 young (7168K), 7 survivors (7168K)
 Metaspace       used 120042K, committed 120768K, reserved 1179648K
  class space    used 16559K, committed 16896K, reserved 1048576K
}
Event: 30.035 GC heap before
{Heap before GC invocations=57 (full 0):
 garbage-first heap   total 419840K, used 272095K [0x0000000080000000, 0x0000000100000000)
  region size 1024K, 66 young (67584K), 7 survivors (7168K)
 Metaspace       used 120311K, committed 121088K, reserved 1179648K
  class space    used 16595K, committed 16960K, reserved 1048576K
}
Event: 30.048 GC heap after
{Heap after GC invocations=58 (full 0):
 garbage-first heap   total 419840K, used 200364K [0x0000000080000000, 0x0000000100000000)
  region size 1024K, 9 young (9216K), 9 survivors (9216K)
 Metaspace       used 120311K, committed 121088K, reserved 1179648K
  class space    used 16595K, committed 16960K, reserved 1048576K
}
Event: 30.104 GC heap before
{Heap before GC invocations=58 (full 0):
 garbage-first heap   total 419840K, used 210604K [0x0000000080000000, 0x0000000100000000)
  region size 1024K, 20 young (20480K), 9 survivors (9216K)
 Metaspace       used 120545K, committed 121280K, reserved 1179648K
  class space    used 16621K, committed 16960K, reserved 1048576K
}
Event: 30.116 GC heap after
{Heap after GC invocations=59 (full 0):
 garbage-first heap   total 419840K, used 200338K [0x0000000080000000, 0x0000000100000000)
  region size 1024K, 3 young (3072K), 3 survivors (3072K)
 Metaspace       used 120545K, committed 121280K, reserved 1179648K
  class space    used 16621K, committed 16960K, reserved 1048576K
}
Event: 30.734 GC heap before
{Heap before GC invocations=59 (full 0):
 garbage-first heap   total 419840K, used 321170K [0x0000000080000000, 0x0000000100000000)
  region size 1024K, 118 young (120832K), 3 survivors (3072K)
 Metaspace       used 121606K, committed 122368K, reserved 1179648K
  class space    used 16724K, committed 17088K, reserved 1048576K
}
Event: 30.770 GC heap after
{Heap after GC invocations=60 (full 0):
 garbage-first heap   total 419840K, used 231424K [0x0000000080000000, 0x0000000100000000)
  region size 1024K, 15 young (15360K), 15 survivors (15360K)
 Metaspace       used 121606K, committed 122368K, reserved 1179648K
  class space    used 16724K, committed 17088K, reserved 1048576K
}
Event: 31.361 GC heap before
{Heap before GC invocations=60 (full 0):
 garbage-first heap   total 419840K, used 327680K [0x0000000080000000, 0x0000000100000000)
  region size 1024K, 107 young (109568K), 15 survivors (15360K)
 Metaspace       used 122190K, committed 123008K, reserved 1179648K
  class space    used 16788K, committed 17216K, reserved 1048576K
}
Event: 31.408 GC heap after
{Heap after GC invocations=61 (full 0):
 garbage-first heap   total 419840K, used 270915K [0x0000000080000000, 0x0000000100000000)
  region size 1024K, 14 young (14336K), 14 survivors (14336K)
 Metaspace       used 122190K, committed 123008K, reserved 1179648K
  class space    used 16788K, committed 17216K, reserved 1048576K
}
Event: 31.645 GC heap before
{Heap before GC invocations=61 (full 0):
 garbage-first heap   total 419840K, used 330307K [0x0000000080000000, 0x0000000100000000)
  region size 1024K, 72 young (73728K), 14 survivors (14336K)
 Metaspace       used 122195K, committed 123008K, reserved 1179648K
  class space    used 16788K, committed 17216K, reserved 1048576K
}

