# JRE version: OpenJDK Runtime Environment (17.0.9) (build 17.0.9+0--11185874)
# Java VM: OpenJDK 64-Bit Server VM (17.0.9+0--11185874, mixed mode, tiered, compressed oops, compressed class ptrs, g1 gc, windows-amd64)
GC Precious Log:
 CPUs: 8 total, 8 available
 Memory: 7973M
 Large Page Support: Disabled
 NUMA Support: Disabled
 Compressed Oops: Enabled (32-bit)
 Heap Region Size: 1M
 Heap Min Capacity: 8M
 Heap Initial Capacity: 126M
 Heap Max Capacity: 2G
 Pre-touch: Disabled
 Parallel Workers: 8
 Concurrent Workers: 2
 Concurrent Refinement Workers: 8
 Periodic GC: Disabled
Heap:
 garbage-first heap   total 451584K, used 380800K [0x0000000080000000, 0x0000000100000000)
  region size 1024K, 3 young (3072K), 3 survivors (3072K)
 Metaspace       used 154940K, committed 156480K, reserved 1245184K
  class space    used 20683K, committed 21376K, reserved 1048576K
GC Heap History (20 events):
Event: 1571.769 GC heap after
{Heap after GC invocations=82 (full 0):
 garbage-first heap   total 451584K, used 332881K [0x0000000080000000, 0x0000000100000000)
  region size 1024K, 10 young (10240K), 10 survivors (10240K)
 Metaspace       used 154238K, committed 155712K, reserved 1245184K
  class space    used 20658K, committed 21376K, reserved 1048576K
}
Event: 1571.891 GC heap before
{Heap before GC invocations=82 (full 0):
 garbage-first heap   total 451584K, used 373841K [0x0000000080000000, 0x0000000100000000)
  region size 1024K, 51 young (52224K), 10 survivors (10240K)
 Metaspace       used 154238K, committed 155712K, reserved 1245184K
  class space    used 20658K, committed 21376K, reserved 1048576K
}
Event: 1571.900 GC heap after
{Heap after GC invocations=83 (full 0):
 garbage-first heap   total 451584K, used 339074K [0x0000000080000000, 0x0000000100000000)
  region size 1024K, 5 young (5120K), 5 survivors (5120K)
 Metaspace       used 154238K, committed 155712K, reserved 1245184K
  class space    used 20658K, committed 21376K, reserved 1048576K
}
Event: 1573.917 GC heap before
{Heap before GC invocations=83 (full 0):
 garbage-first heap   total 451584K, used 407682K [0x0000000080000000, 0x0000000100000000)
  region size 1024K, 45 young (46080K), 5 survivors (5120K)
 Metaspace       used 154257K, committed 155712K, reserved 1245184K
  class space    used 20658K, committed 21376K, reserved 1048576K
}
Event: 1573.925 GC heap after
{Heap after GC invocations=84 (full 0):
 garbage-first heap   total 451584K, used 342016K [0x0000000080000000, 0x0000000100000000)
  region size 1024K, 6 young (6144K), 6 survivors (6144K)
 Metaspace       used 154257K, committed 155712K, reserved 1245184K
  class space    used 20658K, committed 21376K, reserved 1048576K
}
Event: 1574.023 GC heap before
{Heap before GC invocations=84 (full 0):
 garbage-first heap   total 451584K, used 380928K [0x0000000080000000, 0x0000000100000000)
  region size 1024K, 45 young (46080K), 6 survivors (6144K)
 Metaspace       used 154257K, committed 155712K, reserved 1245184K
  class space    used 20658K, committed 21376K, reserved 1048576K
}
Event: 1574.032 GC heap after
{Heap after GC invocations=85 (full 0):
 garbage-first heap   total 451584K, used 347982K [0x0000000080000000, 0x0000000100000000)
  region size 1024K, 6 young (6144K), 6 survivors (6144K)
 Metaspace       used 154257K, committed 155712K, reserved 1245184K
  class space    used 20658K, committed 21376K, reserved 1048576K
}
Event: 1574.251 GC heap before
{Heap before GC invocations=85 (full 0):
 garbage-first heap   total 451584K, used 382798K [0x0000000080000000, 0x0000000100000000)
  region size 1024K, 41 young (41984K), 6 survivors (6144K)
 Metaspace       used 154272K, committed 155776K, reserved 1245184K
  class space    used 20658K, committed 21376K, reserved 1048576K
}
Event: 1574.257 GC heap after
{Heap after GC invocations=86 (full 0):
 garbage-first heap   total 451584K, used 348113K [0x0000000080000000, 0x0000000100000000)
  region size 1024K, 3 young (3072K), 3 survivors (3072K)
 Metaspace       used 154272K, committed 155776K, reserved 1245184K
  class space    used 20658K, committed 21376K, reserved 1048576K
}
Event: 1574.944 GC heap before
{Heap before GC invocations=86 (full 0):
 garbage-first heap   total 451584K, used 387025K [0x0000000080000000, 0x0000000100000000)
  region size 1024K, 40 young (40960K), 3 survivors (3072K)
 Metaspace       used 154339K, committed 155840K, reserved 1245184K
  class space    used 20659K, committed 21376K, reserved 1048576K
}
Event: 1574.954 GC heap after
{Heap after GC invocations=87 (full 0):
 garbage-first heap   total 451584K, used 360160K [0x0000000080000000, 0x0000000100000000)
  region size 1024K, 5 young (5120K), 5 survivors (5120K)
 Metaspace       used 154339K, committed 155840K, reserved 1245184K
  class space    used 20659K, committed 21376K, reserved 1048576K
}
Event: 1575.368 GC heap before
{Heap before GC invocations=87 (full 0):
 garbage-first heap   total 451584K, used 387808K [0x0000000080000000, 0x0000000100000000)
  region size 1024K, 32 young (32768K), 5 survivors (5120K)
 Metaspace       used 154664K, committed 156160K, reserved 1245184K
  class space    used 20682K, committed 21376K, reserved 1048576K
}
Event: 1575.376 GC heap after
{Heap after GC invocations=88 (full 0):
 garbage-first heap   total 451584K, used 365982K [0x0000000080000000, 0x0000000100000000)
  region size 1024K, 4 young (4096K), 4 survivors (4096K)
 Metaspace       used 154664K, committed 156160K, reserved 1245184K
  class space    used 20682K, committed 21376K, reserved 1048576K
}
Event: 1575.702 GC heap before
{Heap before GC invocations=88 (full 0):
 garbage-first heap   total 451584K, used 392606K [0x0000000080000000, 0x0000000100000000)
  region size 1024K, 27 young (27648K), 4 survivors (4096K)
 Metaspace       used 154738K, committed 156224K, reserved 1245184K
  class space    used 20683K, committed 21376K, reserved 1048576K
}
Event: 1575.709 GC heap after
{Heap after GC invocations=89 (full 0):
 garbage-first heap   total 451584K, used 367756K [0x0000000080000000, 0x0000000100000000)
  region size 1024K, 2 young (2048K), 2 survivors (2048K)
 Metaspace       used 154738K, committed 156224K, reserved 1245184K
  class space    used 20683K, committed 21376K, reserved 1048576K
}
Event: 1575.804 GC heap before
{Heap before GC invocations=89 (full 0):
 garbage-first heap   total 451584K, used 390284K [0x0000000080000000, 0x0000000100000000)
  region size 1024K, 25 young (25600K), 2 survivors (2048K)
 Metaspace       used 154770K, committed 156288K, reserved 1245184K
  class space    used 20683K, committed 21376K, reserved 1048576K
}
Event: 1575.812 GC heap after
{Heap after GC invocations=90 (full 0):
 garbage-first heap   total 451584K, used 374095K [0x0000000080000000, 0x0000000100000000)
  region size 1024K, 4 young (4096K), 4 survivors (4096K)
 Metaspace       used 154770K, committed 156288K, reserved 1245184K
  class space    used 20683K, committed 21376K, reserved 1048576K
}
Event: 1575.879 GC heap before
{Heap before GC invocations=90 (full 0):
 garbage-first heap   total 451584K, used 392527K [0x0000000080000000, 0x0000000100000000)
  region size 1024K, 22 young (22528K), 4 survivors (4096K)
 Metaspace       used 154917K, committed 156416K, reserved 1245184K
  class space    used 20683K, committed 21376K, reserved 1048576K
}
Event: 1575.886 GC heap after
{Heap after GC invocations=91 (full 0):
 garbage-first heap   total 451584K, used 377561K [0x0000000080000000, 0x0000000100000000)
  region size 1024K, 3 young (3072K), 3 survivors (3072K)
 Metaspace       used 154917K, committed 156416K, reserved 1245184K
  class space    used 20683K, committed 21376K, reserved 1048576K
}
Event: 1575.963 GC heap before
{Heap before GC invocations=91 (full 0):
 garbage-first heap   total 451584K, used 397017K [0x0000000080000000, 0x0000000100000000)
  region size 1024K, 22 young (22528K), 3 survivors (3072K)
 Metaspace       used 154940K, committed 156480K, reserved 1245184K
  class space    used 20683K, committed 21376K, reserved 1048576K
}

